# JRE version: Java(TM) SE Runtime Environment (8.0_73-b02) (build 1.8.0_73-b02)
# Java VM: Java HotSpot(TM) 64-Bit Server VM (25.73-b02 mixed mode linux-amd64 compressed oops)
Heap:
 PSYoungGen      total 587776K, used 69544K [0x00000000d5580000, 0x0000000100000000, 0x0000000100000000)
  eden space 476672K, 0% used [0x00000000d5580000,0x00000000d5580000,0x00000000f2700000)
  from space 111104K, 62% used [0x00000000f2700000,0x00000000f6aea060,0x00000000f9380000)
  to   space 111104K, 0% used [0x00000000f9380000,0x00000000f9380000,0x0000000100000000)
 ParOldGen       total 656896K, used 656744K [0x0000000080000000, 0x00000000a8180000, 0x00000000d5580000)
  object space 656896K, 99% used [0x0000000080000000,0x00000000a815a278,0x00000000a8180000)
 Metaspace       used 6595K, capacity 7320K, committed 7680K, reserved 1056768K
  class space    used 616K, capacity 656K, committed 768K, reserved 1048576K
GC Heap History (10 events):
Event: 48.133 GC heap after
Heap after GC invocations=25 (full 5):
 PSYoungGen      total 538112K, used 55565K [0x00000000d5580000, 0x00000000fcd00000, 0x0000000100000000)
  eden space 434688K, 0% used [0x00000000d5580000,0x00000000d5580000,0x00000000efe00000)
  from space 103424K, 53% used [0x00000000f6280000,0x00000000f98c34b0,0x00000000fc780000)
  to   space 102912K, 0% used [0x00000000efe00000,0x00000000efe00000,0x00000000f6280000)
 ParOldGen       total 479232K, used 358100K [0x0000000080000000, 0x000000009d400000, 0x00000000d5580000)
  object space 479232K, 74% used [0x0000000080000000,0x0000000095db5018,0x000000009d400000)
 Metaspace       used 6583K, capacity 7320K, committed 7680K, reserved 1056768K
  class space    used 615K, capacity 656K, committed 768K, reserved 1048576K
}
Event: 52.748 GC heap before
{Heap before GC invocations=26 (full 5):
 PSYoungGen      total 538112K, used 490253K [0x00000000d5580000, 0x00000000fcd00000, 0x0000000100000000)
  eden space 434688K, 100% used [0x00000000d5580000,0x00000000efe00000,0x00000000efe00000)
  from space 103424K, 53% used [0x00000000f6280000,0x00000000f98c34b0,0x00000000fc780000)
  to   space 102912K, 0% used [0x00000000efe00000,0x00000000efe00000,0x00000000f6280000)
 ParOldGen       total 479232K, used 358100K [0x0000000080000000, 0x000000009d400000, 0x00000000d5580000)
  object space 479232K, 74% used [0x0000000080000000,0x0000000095db5018,0x000000009d400000)
 Metaspace       used 6585K, capacity 7320K, committed 7680K, reserved 1056768K
  class space    used 615K, capacity 656K, committed 768K, reserved 1048576K
Event: 58.063 GC heap after
Heap after GC invocations=26 (full 5):
 PSYoungGen      total 537600K, used 72750K [0x00000000d5580000, 0x0000000100000000, 0x0000000100000000)
  eden space 434688K, 0% used [0x00000000d5580000,0x00000000d5580000,0x00000000efe00000)
  from space 102912K, 70% used [0x00000000efe00000,0x00000000f450bbd0,0x00000000f6280000)
  to   space 108544K, 0% used [0x00000000f9600000,0x00000000f9600000,0x0000000100000000)
 ParOldGen       total 479232K, used 411182K [0x0000000080000000, 0x000000009d400000, 0x00000000d5580000)
  object space 479232K, 85% used [0x0000000080000000,0x000000009918b970,0x000000009d400000)
 Metaspace       used 6585K, capacity 7320K, committed 7680K, reserved 1056768K
  class space    used 615K, capacity 656K, committed 768K, reserved 1048576K
}
Event: 61.287 GC heap before
{Heap before GC invocations=27 (full 5):
 PSYoungGen      total 537600K, used 507438K [0x00000000d5580000, 0x0000000100000000, 0x0000000100000000)
  eden space 434688K, 100% used [0x00000000d5580000,0x00000000efe00000,0x00000000efe00000)
  from space 102912K, 70% used [0x00000000efe00000,0x00000000f450bbd0,0x00000000f6280000)
  to   space 108544K, 0% used [0x00000000f9600000,0x00000000f9600000,0x0000000100000000)
 ParOldGen       total 479232K, used 411182K [0x0000000080000000, 0x000000009d400000, 0x00000000d5580000)
  object space 479232K, 85% used [0x0000000080000000,0x000000009918b970,0x000000009d400000)
 Metaspace       used 6595K, capacity 7320K, committed 7680K, reserved 1056768K
  class space    used 616K, capacity 656K, committed 768K, reserved 1048576K
Event: 70.266 GC heap after
Heap after GC invocations=27 (full 5):
 PSYoungGen      total 585216K, used 68724K [0x00000000d5580000, 0x0000000100000000, 0x0000000100000000)
  eden space 476672K, 0% used [0x00000000d5580000,0x00000000d5580000,0x00000000f2700000)
  from space 108544K, 63% used [0x00000000f9600000,0x00000000fd91d270,0x0000000100000000)
  to   space 111104K, 0% used [0x00000000f2700000,0x00000000f2700000,0x00000000f9380000)
 ParOldGen       total 481280K, used 480785K [0x0000000080000000, 0x000000009d600000, 0x00000000d5580000)
  object space 481280K, 99% used [0x0000000080000000,0x000000009d5844a0,0x000000009d600000)
 Metaspace       used 6595K, capacity 7320K, committed 7680K, reserved 1056768K
  class space    used 616K, capacity 656K, committed 768K, reserved 1048576K
}
Event: 70.266 GC heap before
{Heap before GC invocations=28 (full 6):
 PSYoungGen      total 585216K, used 68724K [0x00000000d5580000, 0x0000000100000000, 0x0000000100000000)
  eden space 476672K, 0% used [0x00000000d5580000,0x00000000d5580000,0x00000000f2700000)
  from space 108544K, 63% used [0x00000000f9600000,0x00000000fd91d270,0x0000000100000000)
  to   space 111104K, 0% used [0x00000000f2700000,0x00000000f2700000,0x00000000f9380000)
 ParOldGen       total 481280K, used 480785K [0x0000000080000000, 0x000000009d600000, 0x00000000d5580000)
  object space 481280K, 99% used [0x0000000080000000,0x000000009d5844a0,0x000000009d600000)
 Metaspace       used 6595K, capacity 7320K, committed 7680K, reserved 1056768K
  class space    used 616K, capacity 656K, committed 768K, reserved 1048576K
Event: 73.789 GC heap after
Heap after GC invocations=28 (full 6):
 PSYoungGen      total 585216K, used 66260K [0x00000000d5580000, 0x0000000100000000, 0x0000000100000000)
  eden space 476672K, 0% used [0x00000000d5580000,0x00000000d5580000,0x00000000f2700000)
  from space 108544K, 61% used [0x00000000f9600000,0x00000000fd6b5160,0x0000000100000000)
  to   space 111104K, 0% used [0x00000000f2700000,0x00000000f2700000,0x00000000f9380000)
 ParOldGen       total 656896K, used 480881K [0x0000000080000000, 0x00000000a8180000, 0x00000000d5580000)
  object space 656896K, 73% used [0x0000000080000000,0x000000009d59c768,0x00000000a8180000)
 Metaspace       used 6595K, capacity 7320K, committed 7680K, reserved 1056768K
  class space    used 616K, capacity 656K, committed 768K, reserved 1048576K
}
Event: 77.377 GC heap before
{Heap before GC invocations=29 (full 6):
 PSYoungGen      total 585216K, used 542932K [0x00000000d5580000, 0x0000000100000000, 0x0000000100000000)
  eden space 476672K, 100% used [0x00000000d5580000,0x00000000f2700000,0x00000000f2700000)
  from space 108544K, 61% used [0x00000000f9600000,0x00000000fd6b5160,0x0000000100000000)
  to   space 111104K, 0% used [0x00000000f2700000,0x00000000f2700000,0x00000000f9380000)
 ParOldGen       total 656896K, used 480881K [0x0000000080000000, 0x00000000a8180000, 0x00000000d5580000)
  object space 656896K, 73% used [0x0000000080000000,0x000000009d59c768,0x00000000a8180000)
 Metaspace       used 6595K, capacity 7320K, committed 7680K, reserved 1056768K
  class space    used 616K, capacity 656K, committed 768K, reserved 1048576K
Event: 83.797 GC heap after
Heap after GC invocations=29 (full 6):
 PSYoungGen      total 587776K, used 111081K [0x00000000d5580000, 0x0000000100000000, 0x0000000100000000)
  eden space 476672K, 0% used [0x00000000d5580000,0x00000000d5580000,0x00000000f2700000)
  from space 111104K, 99% used [0x00000000f2700000,0x00000000f937a720,0x00000000f9380000)
  to   space 111104K, 0% used [0x00000000f9380000,0x00000000f9380000,0x0000000100000000)
 ParOldGen       total 656896K, used 618899K [0x0000000080000000, 0x00000000a8180000, 0x00000000d5580000)
  object space 656896K, 94% used [0x0000000080000000,0x00000000a5c64e88,0x00000000a8180000)
 Metaspace       used 6595K, capacity 7320K, committed 7680K, reserved 1056768K
  class space    used 616K, capacity 656K, committed 768K, reserved 1048576K
}
Event: 83.975 GC heap before
{Heap before GC invocations=30 (full 7):
 PSYoungGen      total 587776K, used 111081K [0x00000000d5580000, 0x0000000100000000, 0x0000000100000000)
  eden space 476672K, 0% used [0x00000000d5580000,0x00000000d5580000,0x00000000f2700000)
  from space 111104K, 99% used [0x00000000f2700000,0x00000000f937a720,0x00000000f9380000)
  to   space 111104K, 0% used [0x00000000f9380000,0x00000000f9380000,0x0000000100000000)
 ParOldGen       total 656896K, used 618899K [0x0000000080000000, 0x00000000a8180000, 0x00000000d5580000)
  object space 656896K, 94% used [0x0000000080000000,0x00000000a5c64e88,0x00000000a8180000)
 Metaspace       used 6595K, capacity 7320K, committed 7680K, reserved 1056768K
  class space    used 616K, capacity 656K, committed 768K, reserved 1048576K

