# JRE version: Java(TM) SE Runtime Environment (8.0_73-b02) (build 1.8.0_73-b02)
# Java VM: Java HotSpot(TM) 64-Bit Server VM (25.73-b02 mixed mode linux-amd64 compressed oops)
Heap:
 PSYoungGen      total 465920K, used 0K [0x00000000d5580000, 0x0000000100000000, 0x0000000100000000)
  eden space 232960K, 0% used [0x00000000d5580000,0x00000000d5580000,0x00000000e3900000)
  from space 232960K, 0% used [0x00000000e3900000,0x00000000e3900000,0x00000000f1c80000)
  to   space 232960K, 0% used [0x00000000f1c80000,0x00000000f1c80000,0x0000000100000000)
 ParOldGen       total 850944K, used 802532K [0x0000000080000000, 0x00000000b3f00000, 0x00000000d5580000)
  object space 850944K, 94% used [0x0000000080000000,0x00000000b0fb9168,0x00000000b3f00000)
 Metaspace       used 6954K, capacity 7608K, committed 7936K, reserved 1056768K
  class space    used 635K, capacity 688K, committed 768K, reserved 1048576K
GC Heap History (10 events):
Event: 62.348 GC heap after
Heap after GC invocations=31 (full 6):
 PSYoungGen      total 488448K, used 143417K [0x00000000d5580000, 0x0000000100000000, 0x0000000100000000)
  eden space 303616K, 0% used [0x00000000d5580000,0x00000000d5580000,0x00000000e7e00000)
  from space 184832K, 77% used [0x00000000e7e00000,0x00000000f0a0e610,0x00000000f3280000)
  to   space 198144K, 0% used [0x00000000f3e80000,0x00000000f3e80000,0x0000000100000000)
 ParOldGen       total 850944K, used 684522K [0x0000000080000000, 0x00000000b3f00000, 0x00000000d5580000)
  object space 850944K, 80% used [0x0000000080000000,0x00000000a9c7a9c0,0x00000000b3f00000)
 Metaspace       used 6591K, capacity 7320K, committed 7680K, reserved 1056768K
  class space    used 616K, capacity 656K, committed 768K, reserved 1048576K
}
Event: 63.519 GC heap before
{Heap before GC invocations=32 (full 6):
 PSYoungGen      total 488448K, used 447033K [0x00000000d5580000, 0x0000000100000000, 0x0000000100000000)
  eden space 303616K, 100% used [0x00000000d5580000,0x00000000e7e00000,0x00000000e7e00000)
  from space 184832K, 77% used [0x00000000e7e00000,0x00000000f0a0e610,0x00000000f3280000)
  to   space 198144K, 0% used [0x00000000f3e80000,0x00000000f3e80000,0x0000000100000000)
 ParOldGen       total 850944K, used 684522K [0x0000000080000000, 0x00000000b3f00000, 0x00000000d5580000)
  object space 850944K, 80% used [0x0000000080000000,0x00000000a9c7a9c0,0x00000000b3f00000)
 Metaspace       used 6648K, capacity 7320K, committed 7680K, reserved 1056768K
  class space    used 620K, capacity 656K, committed 768K, reserved 1048576K
Event: 63.842 GC heap after
Heap after GC invocations=32 (full 6):
 PSYoungGen      total 448512K, used 186892K [0x00000000d5580000, 0x0000000100000000, 0x0000000100000000)
  eden space 250368K, 0% used [0x00000000d5580000,0x00000000d5580000,0x00000000e4a00000)
  from space 198144K, 94% used [0x00000000f3e80000,0x00000000ff503190,0x0000000100000000)
  to   space 224256K, 0% used [0x00000000e4a00000,0x00000000e4a00000,0x00000000f2500000)
 ParOldGen       total 850944K, used 684530K [0x0000000080000000, 0x00000000b3f00000, 0x00000000d5580000)
  object space 850944K, 80% used [0x0000000080000000,0x00000000a9c7c9c0,0x00000000b3f00000)
 Metaspace       used 6648K, capacity 7320K, committed 7680K, reserved 1056768K
  class space    used 620K, capacity 656K, committed 768K, reserved 1048576K
}
Event: 64.767 GC heap before
{Heap before GC invocations=33 (full 6):
 PSYoungGen      total 448512K, used 437260K [0x00000000d5580000, 0x0000000100000000, 0x0000000100000000)
  eden space 250368K, 100% used [0x00000000d5580000,0x00000000e4a00000,0x00000000e4a00000)
  from space 198144K, 94% used [0x00000000f3e80000,0x00000000ff503190,0x0000000100000000)
  to   space 224256K, 0% used [0x00000000e4a00000,0x00000000e4a00000,0x00000000f2500000)
 ParOldGen       total 850944K, used 684530K [0x0000000080000000, 0x00000000b3f00000, 0x00000000d5580000)
  object space 850944K, 80% used [0x0000000080000000,0x00000000a9c7c9c0,0x00000000b3f00000)
 Metaspace       used 6699K, capacity 7384K, committed 7680K, reserved 1056768K
  class space    used 622K, capacity 656K, committed 768K, reserved 1048576K
Event: 65.383 GC heap after
Heap after GC invocations=33 (full 6):
 PSYoungGen      total 473600K, used 222993K [0x00000000d5580000, 0x0000000100000000, 0x0000000100000000)
  eden space 250368K, 0% used [0x00000000d5580000,0x00000000d5580000,0x00000000e4a00000)
  from space 223232K, 99% used [0x00000000e4a00000,0x00000000f23c4558,0x00000000f2400000)
  to   space 225280K, 0% used [0x00000000f2400000,0x00000000f2400000,0x0000000100000000)
 ParOldGen       total 850944K, used 684538K [0x0000000080000000, 0x00000000b3f00000, 0x00000000d5580000)
  object space 850944K, 80% used [0x0000000080000000,0x00000000a9c7e9c0,0x00000000b3f00000)
 Metaspace       used 6699K, capacity 7384K, committed 7680K, reserved 1056768K
  class space    used 622K, capacity 656K, committed 768K, reserved 1048576K
}
Event: 66.208 GC heap before
{Heap before GC invocations=34 (full 6):
 PSYoungGen      total 473600K, used 473361K [0x00000000d5580000, 0x0000000100000000, 0x0000000100000000)
  eden space 250368K, 100% used [0x00000000d5580000,0x00000000e4a00000,0x00000000e4a00000)
  from space 223232K, 99% used [0x00000000e4a00000,0x00000000f23c4558,0x00000000f2400000)
  to   space 225280K, 0% used [0x00000000f2400000,0x00000000f2400000,0x0000000100000000)
 ParOldGen       total 850944K, used 684538K [0x0000000080000000, 0x00000000b3f00000, 0x00000000d5580000)
  object space 850944K, 80% used [0x0000000080000000,0x00000000a9c7e9c0,0x00000000b3f00000)
 Metaspace       used 6699K, capacity 7384K, committed 7680K, reserved 1056768K
  class space    used 622K, capacity 656K, committed 768K, reserved 1048576K
Event: 69.383 GC heap after
Heap after GC invocations=34 (full 6):
 PSYoungGen      total 458240K, used 218195K [0x00000000d5580000, 0x0000000100000000, 0x0000000100000000)
  eden space 232960K, 0% used [0x00000000d5580000,0x00000000d5580000,0x00000000e3900000)
  from space 225280K, 96% used [0x00000000f2400000,0x00000000ff914d30,0x0000000100000000)
  to   space 232960K, 0% used [0x00000000e3900000,0x00000000e3900000,0x00000000f1c80000)
 ParOldGen       total 850944K, used 728654K [0x0000000080000000, 0x00000000b3f00000, 0x00000000d5580000)
  object space 850944K, 85% used [0x0000000080000000,0x00000000ac793bc0,0x00000000b3f00000)
 Metaspace       used 6699K, capacity 7384K, committed 7680K, reserved 1056768K
  class space    used 622K, capacity 656K, committed 768K, reserved 1048576K
}
Event: 72.826 GC heap before
{Heap before GC invocations=35 (full 6):
 PSYoungGen      total 458240K, used 451155K [0x00000000d5580000, 0x0000000100000000, 0x0000000100000000)
  eden space 232960K, 100% used [0x00000000d5580000,0x00000000e3900000,0x00000000e3900000)
  from space 225280K, 96% used [0x00000000f2400000,0x00000000ff914d30,0x0000000100000000)
  to   space 232960K, 0% used [0x00000000e3900000,0x00000000e3900000,0x00000000f1c80000)
 ParOldGen       total 850944K, used 728654K [0x0000000080000000, 0x00000000b3f00000, 0x00000000d5580000)
  object space 850944K, 85% used [0x0000000080000000,0x00000000ac793bc0,0x00000000b3f00000)
 Metaspace       used 6954K, capacity 7608K, committed 7936K, reserved 1056768K
  class space    used 635K, capacity 688K, committed 768K, reserved 1048576K
Event: 78.654 GC heap after
Heap after GC invocations=35 (full 6):
 PSYoungGen      total 465920K, used 170032K [0x00000000d5580000, 0x0000000100000000, 0x0000000100000000)
  eden space 232960K, 0% used [0x00000000d5580000,0x00000000d5580000,0x00000000e3900000)
  from space 232960K, 72% used [0x00000000e3900000,0x00000000edf0c290,0x00000000f1c80000)
  to   space 232960K, 0% used [0x00000000f1c80000,0x00000000f1c80000,0x0000000100000000)
 ParOldGen       total 850944K, used 824851K [0x0000000080000000, 0x00000000b3f00000, 0x00000000d5580000)
  object space 850944K, 96% used [0x0000000080000000,0x00000000b2584fe8,0x00000000b3f00000)
 Metaspace       used 6954K, capacity 7608K, committed 7936K, reserved 1056768K
  class space    used 635K, capacity 688K, committed 768K, reserved 1048576K
}
Event: 78.734 GC heap before
{Heap before GC invocations=36 (full 7):
 PSYoungGen      total 465920K, used 170032K [0x00000000d5580000, 0x0000000100000000, 0x0000000100000000)
  eden space 232960K, 0% used [0x00000000d5580000,0x00000000d5580000,0x00000000e3900000)
  from space 232960K, 72% used [0x00000000e3900000,0x00000000edf0c290,0x00000000f1c80000)
  to   space 232960K, 0% used [0x00000000f1c80000,0x00000000f1c80000,0x0000000100000000)
 ParOldGen       total 850944K, used 824851K [0x0000000080000000, 0x00000000b3f00000, 0x00000000d5580000)
  object space 850944K, 96% used [0x0000000080000000,0x00000000b2584fe8,0x00000000b3f00000)
 Metaspace       used 6954K, capacity 7608K, committed 7936K, reserved 1056768K
  class space    used 635K, capacity 688K, committed 768K, reserved 1048576K

