# JRE version: Java(TM) SE Runtime Environment (8.0_73-b02) (build 1.8.0_73-b02)
# Java VM: Java HotSpot(TM) 64-Bit Server VM (25.73-b02 mixed mode linux-amd64 compressed oops)
Heap:
 PSYoungGen      total 463360K, used 0K [0x00000000d5580000, 0x0000000100000000, 0x0000000100000000)
  eden space 232960K, 0% used [0x00000000d5580000,0x00000000d5580000,0x00000000e3900000)
  from space 230400K, 0% used [0x00000000f1f00000,0x00000000f1f00000,0x0000000100000000)
  to   space 232960K, 0% used [0x00000000e3900000,0x00000000e3900000,0x00000000f1c80000)
 ParOldGen       total 680448K, used 675329K [0x0000000080000000, 0x00000000a9880000, 0x00000000d5580000)
  object space 680448K, 99% used [0x0000000080000000,0x00000000a9380528,0x00000000a9880000)
 Metaspace       used 6575K, capacity 7320K, committed 7680K, reserved 1056768K
  class space    used 616K, capacity 656K, committed 768K, reserved 1048576K
GC Heap History (10 events):
Event: 29.046 GC heap after
Heap after GC invocations=26 (full 5):
 PSYoungGen      total 547328K, used 120289K [0x00000000d5580000, 0x0000000100000000, 0x0000000100000000)
  eden space 427008K, 0% used [0x00000000d5580000,0x00000000d5580000,0x00000000ef680000)
  from space 120320K, 99% used [0x00000000ef680000,0x00000000f6bf8590,0x00000000f6c00000)
  to   space 151552K, 0% used [0x00000000f6c00000,0x00000000f6c00000,0x0000000100000000)
 ParOldGen       total 482816K, used 378414K [0x0000000080000000, 0x000000009d780000, 0x00000000d5580000)
  object space 482816K, 78% used [0x0000000080000000,0x000000009718b978,0x000000009d780000)
 Metaspace       used 6565K, capacity 7320K, committed 7680K, reserved 1056768K
  class space    used 615K, capacity 656K, committed 768K, reserved 1048576K
}
Event: 32.343 GC heap before
{Heap before GC invocations=27 (full 5):
 PSYoungGen      total 547328K, used 547297K [0x00000000d5580000, 0x0000000100000000, 0x0000000100000000)
  eden space 427008K, 100% used [0x00000000d5580000,0x00000000ef680000,0x00000000ef680000)
  from space 120320K, 99% used [0x00000000ef680000,0x00000000f6bf8590,0x00000000f6c00000)
  to   space 151552K, 0% used [0x00000000f6c00000,0x00000000f6c00000,0x0000000100000000)
 ParOldGen       total 482816K, used 378414K [0x0000000080000000, 0x000000009d780000, 0x00000000d5580000)
  object space 482816K, 78% used [0x0000000080000000,0x000000009718b978,0x000000009d780000)
 Metaspace       used 6575K, capacity 7320K, committed 7680K, reserved 1056768K
  class space    used 616K, capacity 656K, committed 768K, reserved 1048576K
Event: 39.942 GC heap after
Heap after GC invocations=27 (full 5):
 PSYoungGen      total 408064K, used 151550K [0x00000000d5580000, 0x0000000100000000, 0x0000000100000000)
  eden space 256512K, 0% used [0x00000000d5580000,0x00000000d5580000,0x00000000e5000000)
  from space 151552K, 99% used [0x00000000f6c00000,0x00000000fffff878,0x0000000100000000)
  to   space 221184K, 0% used [0x00000000e5000000,0x00000000e5000000,0x00000000f2800000)
 ParOldGen       total 484352K, used 483994K [0x0000000080000000, 0x000000009d900000, 0x00000000d5580000)
  object space 484352K, 99% used [0x0000000080000000,0x000000009d8a6b10,0x000000009d900000)
 Metaspace       used 6575K, capacity 7320K, committed 7680K, reserved 1056768K
  class space    used 616K, capacity 656K, committed 768K, reserved 1048576K
}
Event: 39.945 GC heap before
{Heap before GC invocations=28 (full 6):
 PSYoungGen      total 408064K, used 151550K [0x00000000d5580000, 0x0000000100000000, 0x0000000100000000)
  eden space 256512K, 0% used [0x00000000d5580000,0x00000000d5580000,0x00000000e5000000)
  from space 151552K, 99% used [0x00000000f6c00000,0x00000000fffff878,0x0000000100000000)
  to   space 221184K, 0% used [0x00000000e5000000,0x00000000e5000000,0x00000000f2800000)
 ParOldGen       total 484352K, used 483994K [0x0000000080000000, 0x000000009d900000, 0x00000000d5580000)
  object space 484352K, 99% used [0x0000000080000000,0x000000009d8a6b10,0x000000009d900000)
 Metaspace       used 6575K, capacity 7320K, committed 7680K, reserved 1056768K
  class space    used 616K, capacity 656K, committed 768K, reserved 1048576K
Event: 45.183 GC heap after
Heap after GC invocations=28 (full 6):
 PSYoungGen      total 408064K, used 137362K [0x00000000d5580000, 0x0000000100000000, 0x0000000100000000)
  eden space 256512K, 0% used [0x00000000d5580000,0x00000000d5580000,0x00000000e5000000)
  from space 151552K, 90% used [0x00000000f6c00000,0x00000000ff224bc8,0x0000000100000000)
  to   space 221184K, 0% used [0x00000000e5000000,0x00000000e5000000,0x00000000f2800000)
 ParOldGen       total 680448K, used 484095K [0x0000000080000000, 0x00000000a9880000, 0x00000000d5580000)
  object space 680448K, 71% used [0x0000000080000000,0x000000009d8bfc90,0x00000000a9880000)
 Metaspace       used 6575K, capacity 7320K, committed 7680K, reserved 1056768K
  class space    used 616K, capacity 656K, committed 768K, reserved 1048576K
}
Event: 46.066 GC heap before
{Heap before GC invocations=29 (full 6):
 PSYoungGen      total 408064K, used 393874K [0x00000000d5580000, 0x0000000100000000, 0x0000000100000000)
  eden space 256512K, 100% used [0x00000000d5580000,0x00000000e5000000,0x00000000e5000000)
  from space 151552K, 90% used [0x00000000f6c00000,0x00000000ff224bc8,0x0000000100000000)
  to   space 221184K, 0% used [0x00000000e5000000,0x00000000e5000000,0x00000000f2800000)
 ParOldGen       total 680448K, used 484095K [0x0000000080000000, 0x00000000a9880000, 0x00000000d5580000)
  object space 680448K, 71% used [0x0000000080000000,0x000000009d8bfc90,0x00000000a9880000)
 Metaspace       used 6575K, capacity 7320K, committed 7680K, reserved 1056768K
  class space    used 616K, capacity 656K, committed 768K, reserved 1048576K
Event: 53.137 GC heap after
Heap after GC invocations=29 (full 6):
 PSYoungGen      total 396800K, used 140010K [0x00000000d5580000, 0x0000000100000000, 0x0000000100000000)
  eden space 256512K, 0% used [0x00000000d5580000,0x00000000d5580000,0x00000000e5000000)
  from space 140288K, 99% used [0x00000000e5000000,0x00000000ed8ba890,0x00000000ed900000)
  to   space 230400K, 0% used [0x00000000f1f00000,0x00000000f1f00000,0x0000000100000000)
 ParOldGen       total 680448K, used 566590K [0x0000000080000000, 0x00000000a9880000, 0x00000000d5580000)
  object space 680448K, 83% used [0x0000000080000000,0x00000000a294f9e0,0x00000000a9880000)
 Metaspace       used 6575K, capacity 7320K, committed 7680K, reserved 1056768K
  class space    used 616K, capacity 656K, committed 768K, reserved 1048576K
}
Event: 54.484 GC heap before
{Heap before GC invocations=30 (full 6):
 PSYoungGen      total 396800K, used 396522K [0x00000000d5580000, 0x0000000100000000, 0x0000000100000000)
  eden space 256512K, 100% used [0x00000000d5580000,0x00000000e5000000,0x00000000e5000000)
  from space 140288K, 99% used [0x00000000e5000000,0x00000000ed8ba890,0x00000000ed900000)
  to   space 230400K, 0% used [0x00000000f1f00000,0x00000000f1f00000,0x0000000100000000)
 ParOldGen       total 680448K, used 566590K [0x0000000080000000, 0x00000000a9880000, 0x00000000d5580000)
  object space 680448K, 83% used [0x0000000080000000,0x00000000a294f9e0,0x00000000a9880000)
 Metaspace       used 6575K, capacity 7320K, committed 7680K, reserved 1056768K
  class space    used 616K, capacity 656K, committed 768K, reserved 1048576K
Event: 59.193 GC heap after
Heap after GC invocations=30 (full 6):
 PSYoungGen      total 463360K, used 143389K [0x00000000d5580000, 0x0000000100000000, 0x0000000100000000)
  eden space 232960K, 0% used [0x00000000d5580000,0x00000000d5580000,0x00000000e3900000)
  from space 230400K, 62% used [0x00000000f1f00000,0x00000000fab07488,0x0000000100000000)
  to   space 232960K, 0% used [0x00000000e3900000,0x00000000e3900000,0x00000000f1c80000)
 ParOldGen       total 680448K, used 615592K [0x0000000080000000, 0x00000000a9880000, 0x00000000d5580000)
  object space 680448K, 90% used [0x0000000080000000,0x00000000a592a2a8,0x00000000a9880000)
 Metaspace       used 6575K, capacity 7320K, committed 7680K, reserved 1056768K
  class space    used 616K, capacity 656K, committed 768K, reserved 1048576K
}
Event: 59.363 GC heap before
{Heap before GC invocations=31 (full 7):
 PSYoungGen      total 463360K, used 143389K [0x00000000d5580000, 0x0000000100000000, 0x0000000100000000)
  eden space 232960K, 0% used [0x00000000d5580000,0x00000000d5580000,0x00000000e3900000)
  from space 230400K, 62% used [0x00000000f1f00000,0x00000000fab07488,0x0000000100000000)
  to   space 232960K, 0% used [0x00000000e3900000,0x00000000e3900000,0x00000000f1c80000)
 ParOldGen       total 680448K, used 615592K [0x0000000080000000, 0x00000000a9880000, 0x00000000d5580000)
  object space 680448K, 90% used [0x0000000080000000,0x00000000a592a2a8,0x00000000a9880000)
 Metaspace       used 6575K, capacity 7320K, committed 7680K, reserved 1056768K
  class space    used 616K, capacity 656K, committed 768K, reserved 1048576K

