# JRE version: Java(TM) SE Runtime Environment (8.0_73-b02) (build 1.8.0_73-b02)
# Java VM: Java HotSpot(TM) 64-Bit Server VM (25.73-b02 mixed mode linux-amd64 compressed oops)
Heap:
 PSYoungGen      total 465920K, used 0K [0x00000000d5580000, 0x0000000100000000, 0x0000000100000000)
  eden space 232960K, 0% used [0x00000000d5580000,0x00000000d5580000,0x00000000e3900000)
  from space 232960K, 0% used [0x00000000f1c80000,0x00000000f1c80000,0x0000000100000000)
  to   space 232960K, 0% used [0x00000000e3900000,0x00000000e3900000,0x00000000f1c80000)
 ParOldGen       total 858624K, used 844982K [0x0000000080000000, 0x00000000b4680000, 0x00000000d5580000)
  object space 858624K, 98% used [0x0000000080000000,0x00000000b392d848,0x00000000b4680000)
 Metaspace       used 6956K, capacity 7608K, committed 7936K, reserved 1056768K
  class space    used 635K, capacity 688K, committed 768K, reserved 1048576K
GC Heap History (10 events):
Event: 56.308 GC heap after
Heap after GC invocations=32 (full 6):
 PSYoungGen      total 446976K, used 72910K [0x00000000d5580000, 0x00000000fe280000, 0x0000000100000000)
  eden space 244736K, 0% used [0x00000000d5580000,0x00000000d5580000,0x00000000e4480000)
  from space 202240K, 36% used [0x00000000f1d00000,0x00000000f6433bf0,0x00000000fe280000)
  to   space 211968K, 0% used [0x00000000e4480000,0x00000000e4480000,0x00000000f1380000)
 ParOldGen       total 858624K, used 740944K [0x0000000080000000, 0x00000000b4680000, 0x00000000d5580000)
  object space 858624K, 86% used [0x0000000080000000,0x00000000ad3940f0,0x00000000b4680000)
 Metaspace       used 6590K, capacity 7320K, committed 7680K, reserved 1056768K
  class space    used 616K, capacity 656K, committed 768K, reserved 1048576K
}
Event: 57.436 GC heap before
{Heap before GC invocations=33 (full 6):
 PSYoungGen      total 446976K, used 317646K [0x00000000d5580000, 0x00000000fe280000, 0x0000000100000000)
  eden space 244736K, 100% used [0x00000000d5580000,0x00000000e4480000,0x00000000e4480000)
  from space 202240K, 36% used [0x00000000f1d00000,0x00000000f6433bf0,0x00000000fe280000)
  to   space 211968K, 0% used [0x00000000e4480000,0x00000000e4480000,0x00000000f1380000)
 ParOldGen       total 858624K, used 740944K [0x0000000080000000, 0x00000000b4680000, 0x00000000d5580000)
  object space 858624K, 86% used [0x0000000080000000,0x00000000ad3940f0,0x00000000b4680000)
 Metaspace       used 6591K, capacity 7320K, committed 7680K, reserved 1056768K
  class space    used 616K, capacity 656K, committed 768K, reserved 1048576K
Event: 57.603 GC heap after
Heap after GC invocations=33 (full 6):
 PSYoungGen      total 456704K, used 109277K [0x00000000d5580000, 0x00000000ffb00000, 0x0000000100000000)
  eden space 244736K, 0% used [0x00000000d5580000,0x00000000d5580000,0x00000000e4480000)
  from space 211968K, 51% used [0x00000000e4480000,0x00000000eaf37448,0x00000000f1380000)
  to   space 208896K, 0% used [0x00000000f2f00000,0x00000000f2f00000,0x00000000ffb00000)
 ParOldGen       total 858624K, used 740944K [0x0000000080000000, 0x00000000b4680000, 0x00000000d5580000)
  object space 858624K, 86% used [0x0000000080000000,0x00000000ad3940f0,0x00000000b4680000)
 Metaspace       used 6591K, capacity 7320K, committed 7680K, reserved 1056768K
  class space    used 616K, capacity 656K, committed 768K, reserved 1048576K
}
Event: 58.584 GC heap before
{Heap before GC invocations=34 (full 6):
 PSYoungGen      total 456704K, used 354013K [0x00000000d5580000, 0x00000000ffb00000, 0x0000000100000000)
  eden space 244736K, 100% used [0x00000000d5580000,0x00000000e4480000,0x00000000e4480000)
  from space 211968K, 51% used [0x00000000e4480000,0x00000000eaf37448,0x00000000f1380000)
  to   space 208896K, 0% used [0x00000000f2f00000,0x00000000f2f00000,0x00000000ffb00000)
 ParOldGen       total 858624K, used 740944K [0x0000000080000000, 0x00000000b4680000, 0x00000000d5580000)
  object space 858624K, 86% used [0x0000000080000000,0x00000000ad3940f0,0x00000000b4680000)
 Metaspace       used 6670K, capacity 7320K, committed 7680K, reserved 1056768K
  class space    used 620K, capacity 656K, committed 768K, reserved 1048576K
Event: 58.816 GC heap after
Heap after GC invocations=34 (full 6):
 PSYoungGen      total 468480K, used 146413K [0x00000000d5580000, 0x0000000100000000, 0x0000000100000000)
  eden space 259584K, 0% used [0x00000000d5580000,0x00000000d5580000,0x00000000e5300000)
  from space 208896K, 70% used [0x00000000f2f00000,0x00000000fbdfb5e0,0x00000000ffb00000)
  to   space 219648K, 0% used [0x00000000e5300000,0x00000000e5300000,0x00000000f2980000)
 ParOldGen       total 858624K, used 740952K [0x0000000080000000, 0x00000000b4680000, 0x00000000d5580000)
  object space 858624K, 86% used [0x0000000080000000,0x00000000ad3960f0,0x00000000b4680000)
 Metaspace       used 6670K, capacity 7320K, committed 7680K, reserved 1056768K
  class space    used 620K, capacity 656K, committed 768K, reserved 1048576K
}
Event: 59.702 GC heap before
{Heap before GC invocations=35 (full 6):
 PSYoungGen      total 468480K, used 405997K [0x00000000d5580000, 0x0000000100000000, 0x0000000100000000)
  eden space 259584K, 100% used [0x00000000d5580000,0x00000000e5300000,0x00000000e5300000)
  from space 208896K, 70% used [0x00000000f2f00000,0x00000000fbdfb5e0,0x00000000ffb00000)
  to   space 219648K, 0% used [0x00000000e5300000,0x00000000e5300000,0x00000000f2980000)
 ParOldGen       total 858624K, used 740952K [0x0000000080000000, 0x00000000b4680000, 0x00000000d5580000)
  object space 858624K, 86% used [0x0000000080000000,0x00000000ad3960f0,0x00000000b4680000)
 Metaspace       used 6700K, capacity 7384K, committed 7680K, reserved 1056768K
  class space    used 622K, capacity 656K, committed 768K, reserved 1048576K
Event: 60.046 GC heap after
Heap after GC invocations=35 (full 6):
 PSYoungGen      total 444928K, used 184891K [0x00000000d5580000, 0x0000000100000000, 0x0000000100000000)
  eden space 259584K, 0% used [0x00000000d5580000,0x00000000d5580000,0x00000000e5300000)
  from space 185344K, 99% used [0x00000000e5300000,0x00000000f078ec68,0x00000000f0800000)
  to   space 232960K, 0% used [0x00000000f1c80000,0x00000000f1c80000,0x0000000100000000)
 ParOldGen       total 858624K, used 740952K [0x0000000080000000, 0x00000000b4680000, 0x00000000d5580000)
  object space 858624K, 86% used [0x0000000080000000,0x00000000ad3960f0,0x00000000b4680000)
 Metaspace       used 6700K, capacity 7384K, committed 7680K, reserved 1056768K
  class space    used 622K, capacity 656K, committed 768K, reserved 1048576K
}
Event: 62.337 GC heap before
{Heap before GC invocations=36 (full 6):
 PSYoungGen      total 444928K, used 444475K [0x00000000d5580000, 0x0000000100000000, 0x0000000100000000)
  eden space 259584K, 100% used [0x00000000d5580000,0x00000000e5300000,0x00000000e5300000)
  from space 185344K, 99% used [0x00000000e5300000,0x00000000f078ec68,0x00000000f0800000)
  to   space 232960K, 0% used [0x00000000f1c80000,0x00000000f1c80000,0x0000000100000000)
 ParOldGen       total 858624K, used 740952K [0x0000000080000000, 0x00000000b4680000, 0x00000000d5580000)
  object space 858624K, 86% used [0x0000000080000000,0x00000000ad3960f0,0x00000000b4680000)
 Metaspace       used 6956K, capacity 7608K, committed 7936K, reserved 1056768K
  class space    used 635K, capacity 688K, committed 768K, reserved 1048576K
Event: 63.665 GC heap after
Heap after GC invocations=36 (full 6):
 PSYoungGen      total 465920K, used 160088K [0x00000000d5580000, 0x0000000100000000, 0x0000000100000000)
  eden space 232960K, 0% used [0x00000000d5580000,0x00000000d5580000,0x00000000e3900000)
  from space 232960K, 68% used [0x00000000f1c80000,0x00000000fb8d63a8,0x0000000100000000)
  to   space 232960K, 0% used [0x00000000e3900000,0x00000000e3900000,0x00000000f1c80000)
 ParOldGen       total 858624K, used 811816K [0x0000000080000000, 0x00000000b4680000, 0x00000000d5580000)
  object space 858624K, 94% used [0x0000000080000000,0x00000000b18ca178,0x00000000b4680000)
 Metaspace       used 6956K, capacity 7608K, committed 7936K, reserved 1056768K
  class space    used 635K, capacity 688K, committed 768K, reserved 1048576K
}
Event: 63.665 GC heap before
{Heap before GC invocations=37 (full 7):
 PSYoungGen      total 465920K, used 160088K [0x00000000d5580000, 0x0000000100000000, 0x0000000100000000)
  eden space 232960K, 0% used [0x00000000d5580000,0x00000000d5580000,0x00000000e3900000)
  from space 232960K, 68% used [0x00000000f1c80000,0x00000000fb8d63a8,0x0000000100000000)
  to   space 232960K, 0% used [0x00000000e3900000,0x00000000e3900000,0x00000000f1c80000)
 ParOldGen       total 858624K, used 811816K [0x0000000080000000, 0x00000000b4680000, 0x00000000d5580000)
  object space 858624K, 94% used [0x0000000080000000,0x00000000b18ca178,0x00000000b4680000)
 Metaspace       used 6956K, capacity 7608K, committed 7936K, reserved 1056768K
  class space    used 635K, capacity 688K, committed 768K, reserved 1048576K

