# JRE version: Java(TM) SE Runtime Environment (8.0_73-b02) (build 1.8.0_73-b02)
# Java VM: Java HotSpot(TM) 64-Bit Server VM (25.73-b02 mixed mode linux-amd64 compressed oops)
Heap:
 PSYoungGen      total 570368K, used 23628K [0x00000000d5580000, 0x0000000100000000, 0x0000000100000000)
  eden space 448512K, 0% used [0x00000000d5580000,0x00000000d5580000,0x00000000f0b80000)
  from space 121856K, 19% used [0x00000000f0b80000,0x00000000f2293250,0x00000000f8280000)
  to   space 123392K, 0% used [0x00000000f8780000,0x00000000f8780000,0x0000000100000000)
 ParOldGen       total 487424K, used 487004K [0x0000000080000000, 0x000000009dc00000, 0x00000000d5580000)
  object space 487424K, 99% used [0x0000000080000000,0x000000009db972d0,0x000000009dc00000)
 Metaspace       used 6583K, capacity 7320K, committed 7680K, reserved 1056768K
  class space    used 616K, capacity 656K, committed 768K, reserved 1048576K
GC Heap History (10 events):
Event: 27.788 GC heap after
Heap after GC invocations=22 (full 4):
 PSYoungGen      total 496640K, used 101879K [0x00000000d5580000, 0x00000000ffc00000, 0x0000000100000000)
  eden space 394752K, 0% used [0x00000000d5580000,0x00000000d5580000,0x00000000ed700000)
  from space 101888K, 99% used [0x00000000f5280000,0x00000000fb5fdd00,0x00000000fb600000)
  to   space 126464K, 0% used [0x00000000ed700000,0x00000000ed700000,0x00000000f5280000)
 ParOldGen       total 325632K, used 229755K [0x0000000080000000, 0x0000000093e00000, 0x00000000d5580000)
  object space 325632K, 70% used [0x0000000080000000,0x000000008e05ef18,0x0000000093e00000)
 Metaspace       used 6579K, capacity 7320K, committed 7680K, reserved 1056768K
  class space    used 615K, capacity 656K, committed 768K, reserved 1048576K
}
Event: 29.748 GC heap before
{Heap before GC invocations=23 (full 4):
 PSYoungGen      total 496640K, used 496631K [0x00000000d5580000, 0x00000000ffc00000, 0x0000000100000000)
  eden space 394752K, 100% used [0x00000000d5580000,0x00000000ed700000,0x00000000ed700000)
  from space 101888K, 99% used [0x00000000f5280000,0x00000000fb5fdd00,0x00000000fb600000)
  to   space 126464K, 0% used [0x00000000ed700000,0x00000000ed700000,0x00000000f5280000)
 ParOldGen       total 325632K, used 229755K [0x0000000080000000, 0x0000000093e00000, 0x00000000d5580000)
  object space 325632K, 70% used [0x0000000080000000,0x000000008e05ef18,0x0000000093e00000)
 Metaspace       used 6580K, capacity 7320K, committed 7680K, reserved 1056768K
  class space    used 615K, capacity 656K, committed 768K, reserved 1048576K
Event: 30.653 GC heap after
Heap after GC invocations=23 (full 4):
 PSYoungGen      total 521216K, used 59145K [0x00000000d5580000, 0x0000000100000000, 0x0000000100000000)
  eden space 394752K, 0% used [0x00000000d5580000,0x00000000d5580000,0x00000000ed700000)
  from space 126464K, 46% used [0x00000000ed700000,0x00000000f10c2508,0x00000000f5280000)
  to   space 123904K, 0% used [0x00000000f8700000,0x00000000f8700000,0x0000000100000000)
 ParOldGen       total 332288K, used 332114K [0x0000000080000000, 0x0000000094480000, 0x00000000d5580000)
  object space 332288K, 99% used [0x0000000080000000,0x0000000094454a80,0x0000000094480000)
 Metaspace       used 6580K, capacity 7320K, committed 7680K, reserved 1056768K
  class space    used 615K, capacity 656K, committed 768K, reserved 1048576K
}
Event: 30.653 GC heap before
{Heap before GC invocations=24 (full 5):
 PSYoungGen      total 521216K, used 59145K [0x00000000d5580000, 0x0000000100000000, 0x0000000100000000)
  eden space 394752K, 0% used [0x00000000d5580000,0x00000000d5580000,0x00000000ed700000)
  from space 126464K, 46% used [0x00000000ed700000,0x00000000f10c2508,0x00000000f5280000)
  to   space 123904K, 0% used [0x00000000f8700000,0x00000000f8700000,0x0000000100000000)
 ParOldGen       total 332288K, used 332114K [0x0000000080000000, 0x0000000094480000, 0x00000000d5580000)
  object space 332288K, 99% used [0x0000000080000000,0x0000000094454a80,0x0000000094480000)
 Metaspace       used 6580K, capacity 7320K, committed 7680K, reserved 1056768K
  class space    used 615K, capacity 656K, committed 768K, reserved 1048576K
Event: 33.444 GC heap after
Heap after GC invocations=24 (full 5):
 PSYoungGen      total 521216K, used 52734K [0x00000000d5580000, 0x0000000100000000, 0x0000000100000000)
  eden space 394752K, 0% used [0x00000000d5580000,0x00000000d5580000,0x00000000ed700000)
  from space 126464K, 41% used [0x00000000ed700000,0x00000000f0a7f938,0x00000000f5280000)
  to   space 123904K, 0% used [0x00000000f8700000,0x00000000f8700000,0x0000000100000000)
 ParOldGen       total 487424K, used 331820K [0x0000000080000000, 0x000000009dc00000, 0x00000000d5580000)
  object space 487424K, 68% used [0x0000000080000000,0x000000009440b270,0x000000009dc00000)
 Metaspace       used 6580K, capacity 7320K, committed 7680K, reserved 1056768K
  class space    used 615K, capacity 656K, committed 768K, reserved 1048576K
}
Event: 34.884 GC heap before
{Heap before GC invocations=25 (full 5):
 PSYoungGen      total 521216K, used 447486K [0x00000000d5580000, 0x0000000100000000, 0x0000000100000000)
  eden space 394752K, 100% used [0x00000000d5580000,0x00000000ed700000,0x00000000ed700000)
  from space 126464K, 41% used [0x00000000ed700000,0x00000000f0a7f938,0x00000000f5280000)
  to   space 123904K, 0% used [0x00000000f8700000,0x00000000f8700000,0x0000000100000000)
 ParOldGen       total 487424K, used 331820K [0x0000000080000000, 0x000000009dc00000, 0x00000000d5580000)
  object space 487424K, 68% used [0x0000000080000000,0x000000009440b270,0x000000009dc00000)
 Metaspace       used 6581K, capacity 7320K, committed 7680K, reserved 1056768K
  class space    used 615K, capacity 656K, committed 768K, reserved 1048576K
Event: 35.372 GC heap after
Heap after GC invocations=25 (full 5):
 PSYoungGen      total 565760K, used 60861K [0x00000000d5580000, 0x00000000ff980000, 0x0000000100000000)
  eden space 448512K, 0% used [0x00000000d5580000,0x00000000d5580000,0x00000000f0b80000)
  from space 117248K, 51% used [0x00000000f8700000,0x00000000fc26f6a8,0x00000000ff980000)
  to   space 121856K, 0% used [0x00000000f0b80000,0x00000000f0b80000,0x00000000f8280000)
 ParOldGen       total 487424K, used 382223K [0x0000000080000000, 0x000000009dc00000, 0x00000000d5580000)
  object space 487424K, 78% used [0x0000000080000000,0x0000000097543e50,0x000000009dc00000)
 Metaspace       used 6581K, capacity 7320K, committed 7680K, reserved 1056768K
  class space    used 615K, capacity 656K, committed 768K, reserved 1048576K
}
Event: 37.313 GC heap before
{Heap before GC invocations=26 (full 5):
 PSYoungGen      total 565760K, used 509373K [0x00000000d5580000, 0x00000000ff980000, 0x0000000100000000)
  eden space 448512K, 100% used [0x00000000d5580000,0x00000000f0b80000,0x00000000f0b80000)
  from space 117248K, 51% used [0x00000000f8700000,0x00000000fc26f6a8,0x00000000ff980000)
  to   space 121856K, 0% used [0x00000000f0b80000,0x00000000f0b80000,0x00000000f8280000)
 ParOldGen       total 487424K, used 382223K [0x0000000080000000, 0x000000009dc00000, 0x00000000d5580000)
  object space 487424K, 78% used [0x0000000080000000,0x0000000097543e50,0x000000009dc00000)
 Metaspace       used 6583K, capacity 7320K, committed 7680K, reserved 1056768K
  class space    used 616K, capacity 656K, committed 768K, reserved 1048576K
Event: 37.997 GC heap after
Heap after GC invocations=26 (full 5):
 PSYoungGen      total 570368K, used 71468K [0x00000000d5580000, 0x0000000100000000, 0x0000000100000000)
  eden space 448512K, 0% used [0x00000000d5580000,0x00000000d5580000,0x00000000f0b80000)
  from space 121856K, 58% used [0x00000000f0b80000,0x00000000f514b138,0x00000000f8280000)
  to   space 123392K, 0% used [0x00000000f8780000,0x00000000f8780000,0x0000000100000000)
 ParOldGen       total 487424K, used 440704K [0x0000000080000000, 0x000000009dc00000, 0x00000000d5580000)
  object space 487424K, 90% used [0x0000000080000000,0x000000009ae600b8,0x000000009dc00000)
 Metaspace       used 6583K, capacity 7320K, committed 7680K, reserved 1056768K
  class space    used 616K, capacity 656K, committed 768K, reserved 1048576K
}
Event: 37.997 GC heap before
{Heap before GC invocations=27 (full 6):
 PSYoungGen      total 570368K, used 71468K [0x00000000d5580000, 0x0000000100000000, 0x0000000100000000)
  eden space 448512K, 0% used [0x00000000d5580000,0x00000000d5580000,0x00000000f0b80000)
  from space 121856K, 58% used [0x00000000f0b80000,0x00000000f514b138,0x00000000f8280000)
  to   space 123392K, 0% used [0x00000000f8780000,0x00000000f8780000,0x0000000100000000)
 ParOldGen       total 487424K, used 440704K [0x0000000080000000, 0x000000009dc00000, 0x00000000d5580000)
  object space 487424K, 90% used [0x0000000080000000,0x000000009ae600b8,0x000000009dc00000)
 Metaspace       used 6583K, capacity 7320K, committed 7680K, reserved 1056768K
  class space    used 616K, capacity 656K, committed 768K, reserved 1048576K

