# JRE version: Java(TM) SE Runtime Environment (8.0_73-b02) (build 1.8.0_73-b02)
# Java VM: Java HotSpot(TM) 64-Bit Server VM (25.73-b02 mixed mode linux-amd64 compressed oops)
Heap:
 PSYoungGen      total 465920K, used 0K [0x00000000d5580000, 0x0000000100000000, 0x0000000100000000)
  eden space 232960K, 0% used [0x00000000d5580000,0x00000000d5580000,0x00000000e3900000)
  from space 232960K, 0% used [0x00000000e3900000,0x00000000e3900000,0x00000000f1c80000)
  to   space 232960K, 0% used [0x00000000f1c80000,0x00000000f1c80000,0x0000000100000000)
 ParOldGen       total 912896K, used 880488K [0x0000000080000000, 0x00000000b7b80000, 0x00000000d5580000)
  object space 912896K, 96% used [0x0000000080000000,0x00000000b5bda270,0x00000000b7b80000)
 Metaspace       used 6957K, capacity 7672K, committed 7936K, reserved 1056768K
  class space    used 635K, capacity 688K, committed 768K, reserved 1048576K
GC Heap History (10 events):
Event: 68.979 GC heap after
Heap after GC invocations=34 (full 7):
 PSYoungGen      total 461312K, used 113799K [0x00000000d5580000, 0x00000000ff080000, 0x0000000100000000)
  eden space 251392K, 0% used [0x00000000d5580000,0x00000000d5580000,0x00000000e4b00000)
  from space 209920K, 54% used [0x00000000e4b00000,0x00000000eba21f98,0x00000000f1800000)
  to   space 207872K, 0% used [0x00000000f2580000,0x00000000f2580000,0x00000000ff080000)
 ParOldGen       total 912896K, used 672983K [0x0000000080000000, 0x00000000b7b80000, 0x00000000d5580000)
  object space 912896K, 73% used [0x0000000080000000,0x00000000a9135f60,0x00000000b7b80000)
 Metaspace       used 6664K, capacity 7384K, committed 7680K, reserved 1056768K
  class space    used 620K, capacity 656K, committed 768K, reserved 1048576K
}
Event: 69.614 GC heap before
{Heap before GC invocations=35 (full 7):
 PSYoungGen      total 461312K, used 365191K [0x00000000d5580000, 0x00000000ff080000, 0x0000000100000000)
  eden space 251392K, 100% used [0x00000000d5580000,0x00000000e4b00000,0x00000000e4b00000)
  from space 209920K, 54% used [0x00000000e4b00000,0x00000000eba21f98,0x00000000f1800000)
  to   space 207872K, 0% used [0x00000000f2580000,0x00000000f2580000,0x00000000ff080000)
 ParOldGen       total 912896K, used 672983K [0x0000000080000000, 0x00000000b7b80000, 0x00000000d5580000)
  object space 912896K, 73% used [0x0000000080000000,0x00000000a9135f60,0x00000000b7b80000)
 Metaspace       used 6705K, capacity 7384K, committed 7680K, reserved 1056768K
  class space    used 622K, capacity 656K, committed 768K, reserved 1048576K
Event: 69.842 GC heap after
Heap after GC invocations=35 (full 7):
 PSYoungGen      total 463872K, used 151708K [0x00000000d5580000, 0x0000000100000000, 0x0000000100000000)
  eden space 256000K, 0% used [0x00000000d5580000,0x00000000d5580000,0x00000000e4f80000)
  from space 207872K, 72% used [0x00000000f2580000,0x00000000fb9a7088,0x00000000ff080000)
  to   space 219136K, 0% used [0x00000000e4f80000,0x00000000e4f80000,0x00000000f2580000)
 ParOldGen       total 912896K, used 672983K [0x0000000080000000, 0x00000000b7b80000, 0x00000000d5580000)
  object space 912896K, 73% used [0x0000000080000000,0x00000000a9135f60,0x00000000b7b80000)
 Metaspace       used 6705K, capacity 7384K, committed 7680K, reserved 1056768K
  class space    used 622K, capacity 656K, committed 768K, reserved 1048576K
}
Event: 70.603 GC heap before
{Heap before GC invocations=36 (full 7):
 PSYoungGen      total 463872K, used 407708K [0x00000000d5580000, 0x0000000100000000, 0x0000000100000000)
  eden space 256000K, 100% used [0x00000000d5580000,0x00000000e4f80000,0x00000000e4f80000)
  from space 207872K, 72% used [0x00000000f2580000,0x00000000fb9a7088,0x00000000ff080000)
  to   space 219136K, 0% used [0x00000000e4f80000,0x00000000e4f80000,0x00000000f2580000)
 ParOldGen       total 912896K, used 675559K [0x0000000080000000, 0x00000000b7b80000, 0x00000000d5580000)
  object space 912896K, 74% used [0x0000000080000000,0x00000000a93b9e60,0x00000000b7b80000)
 Metaspace       used 6705K, capacity 7384K, committed 7680K, reserved 1056768K
  class space    used 622K, capacity 656K, committed 768K, reserved 1048576K
Event: 70.895 GC heap after
Heap after GC invocations=36 (full 7):
 PSYoungGen      total 448000K, used 191965K [0x00000000d5580000, 0x0000000100000000, 0x0000000100000000)
  eden space 256000K, 0% used [0x00000000d5580000,0x00000000d5580000,0x00000000e4f80000)
  from space 192000K, 99% used [0x00000000e4f80000,0x00000000f0af74a0,0x00000000f0b00000)
  to   space 232960K, 0% used [0x00000000f1c80000,0x00000000f1c80000,0x0000000100000000)
 ParOldGen       total 912896K, used 675559K [0x0000000080000000, 0x00000000b7b80000, 0x00000000d5580000)
  object space 912896K, 74% used [0x0000000080000000,0x00000000a93b9e60,0x00000000b7b80000)
 Metaspace       used 6705K, capacity 7384K, committed 7680K, reserved 1056768K
  class space    used 622K, capacity 656K, committed 768K, reserved 1048576K
}
Event: 72.730 GC heap before
{Heap before GC invocations=37 (full 7):
 PSYoungGen      total 448000K, used 447965K [0x00000000d5580000, 0x0000000100000000, 0x0000000100000000)
  eden space 256000K, 100% used [0x00000000d5580000,0x00000000e4f80000,0x00000000e4f80000)
  from space 192000K, 99% used [0x00000000e4f80000,0x00000000f0af74a0,0x00000000f0b00000)
  to   space 232960K, 0% used [0x00000000f1c80000,0x00000000f1c80000,0x0000000100000000)
 ParOldGen       total 912896K, used 675561K [0x0000000080000000, 0x00000000b7b80000, 0x00000000d5580000)
  object space 912896K, 74% used [0x0000000080000000,0x00000000a93ba728,0x00000000b7b80000)
 Metaspace       used 6944K, capacity 7608K, committed 7936K, reserved 1056768K
  class space    used 635K, capacity 688K, committed 768K, reserved 1048576K
Event: 73.092 GC heap after
Heap after GC invocations=37 (full 7):
 PSYoungGen      total 465920K, used 166647K [0x00000000d5580000, 0x0000000100000000, 0x0000000100000000)
  eden space 232960K, 0% used [0x00000000d5580000,0x00000000d5580000,0x00000000e3900000)
  from space 232960K, 71% used [0x00000000f1c80000,0x00000000fbf3dd78,0x0000000100000000)
  to   space 232960K, 0% used [0x00000000e3900000,0x00000000e3900000,0x00000000f1c80000)
 ParOldGen       total 912896K, used 749132K [0x0000000080000000, 0x00000000b7b80000, 0x00000000d5580000)
  object space 912896K, 82% used [0x0000000080000000,0x00000000adb93240,0x00000000b7b80000)
 Metaspace       used 6944K, capacity 7608K, committed 7936K, reserved 1056768K
  class space    used 635K, capacity 688K, committed 768K, reserved 1048576K
}
Event: 73.637 GC heap before
{Heap before GC invocations=38 (full 7):
 PSYoungGen      total 465920K, used 399607K [0x00000000d5580000, 0x0000000100000000, 0x0000000100000000)
  eden space 232960K, 100% used [0x00000000d5580000,0x00000000e3900000,0x00000000e3900000)
  from space 232960K, 71% used [0x00000000f1c80000,0x00000000fbf3dd78,0x0000000100000000)
  to   space 232960K, 0% used [0x00000000e3900000,0x00000000e3900000,0x00000000f1c80000)
 ParOldGen       total 912896K, used 749132K [0x0000000080000000, 0x00000000b7b80000, 0x00000000d5580000)
  object space 912896K, 82% used [0x0000000080000000,0x00000000adb93240,0x00000000b7b80000)
 Metaspace       used 6957K, capacity 7672K, committed 7936K, reserved 1056768K
  class space    used 635K, capacity 688K, committed 768K, reserved 1048576K
Event: 74.796 GC heap after
Heap after GC invocations=38 (full 7):
 PSYoungGen      total 465920K, used 129410K [0x00000000d5580000, 0x0000000100000000, 0x0000000100000000)
  eden space 232960K, 0% used [0x00000000d5580000,0x00000000d5580000,0x00000000e3900000)
  from space 232960K, 55% used [0x00000000e3900000,0x00000000eb760b00,0x00000000f1c80000)
  to   space 232960K, 0% used [0x00000000f1c80000,0x00000000f1c80000,0x0000000100000000)
 ParOldGen       total 912896K, used 826308K [0x0000000080000000, 0x00000000b7b80000, 0x00000000d5580000)
  object space 912896K, 90% used [0x0000000080000000,0x00000000b26f11b0,0x00000000b7b80000)
 Metaspace       used 6957K, capacity 7672K, committed 7936K, reserved 1056768K
  class space    used 635K, capacity 688K, committed 768K, reserved 1048576K
}
Event: 74.796 GC heap before
{Heap before GC invocations=39 (full 8):
 PSYoungGen      total 465920K, used 129410K [0x00000000d5580000, 0x0000000100000000, 0x0000000100000000)
  eden space 232960K, 0% used [0x00000000d5580000,0x00000000d5580000,0x00000000e3900000)
  from space 232960K, 55% used [0x00000000e3900000,0x00000000eb760b00,0x00000000f1c80000)
  to   space 232960K, 0% used [0x00000000f1c80000,0x00000000f1c80000,0x0000000100000000)
 ParOldGen       total 912896K, used 826308K [0x0000000080000000, 0x00000000b7b80000, 0x00000000d5580000)
  object space 912896K, 90% used [0x0000000080000000,0x00000000b26f11b0,0x00000000b7b80000)
 Metaspace       used 6957K, capacity 7672K, committed 7936K, reserved 1056768K
  class space    used 635K, capacity 688K, committed 768K, reserved 1048576K

