# JRE version: Java(TM) SE Runtime Environment (8.0_73-b02) (build 1.8.0_73-b02)
# Java VM: Java HotSpot(TM) 64-Bit Server VM (25.73-b02 mixed mode linux-amd64 compressed oops)
Heap:
 PSYoungGen      total 502784K, used 64829K [0x00000000d5580000, 0x0000000100000000, 0x0000000100000000)
  eden space 384512K, 0% used [0x00000000d5580000,0x00000000d5580000,0x00000000ecd00000)
  from space 118272K, 54% used [0x00000000f8c80000,0x00000000fcbcf698,0x0000000100000000)
  to   space 157184K, 0% used [0x00000000ecd00000,0x00000000ecd00000,0x00000000f6680000)
 ParOldGen       total 663040K, used 662733K [0x0000000080000000, 0x00000000a8780000, 0x00000000d5580000)
  object space 663040K, 99% used [0x0000000080000000,0x00000000a8733480,0x00000000a8780000)
 Metaspace       used 6574K, capacity 7320K, committed 7680K, reserved 1056768K
  class space    used 617K, capacity 656K, committed 768K, reserved 1048576K
GC Heap History (10 events):
Event: 60.237 GC heap after
Heap after GC invocations=26 (full 5):
 PSYoungGen      total 551936K, used 77677K [0x00000000d5580000, 0x0000000100000000, 0x0000000100000000)
  eden space 463872K, 0% used [0x00000000d5580000,0x00000000d5580000,0x00000000f1a80000)
  from space 88064K, 88% used [0x00000000f1a80000,0x00000000f665b630,0x00000000f7080000)
  to   space 98816K, 0% used [0x00000000f9f80000,0x00000000f9f80000,0x0000000100000000)
 ParOldGen       total 479232K, used 415626K [0x0000000080000000, 0x000000009d400000, 0x00000000d5580000)
  object space 479232K, 86% used [0x0000000080000000,0x00000000995e28f8,0x000000009d400000)
 Metaspace       used 6563K, capacity 7320K, committed 7680K, reserved 1056768K
  class space    used 616K, capacity 656K, committed 768K, reserved 1048576K
}
Event: 64.750 GC heap before
{Heap before GC invocations=27 (full 5):
 PSYoungGen      total 551936K, used 541549K [0x00000000d5580000, 0x0000000100000000, 0x0000000100000000)
  eden space 463872K, 100% used [0x00000000d5580000,0x00000000f1a80000,0x00000000f1a80000)
  from space 88064K, 88% used [0x00000000f1a80000,0x00000000f665b630,0x00000000f7080000)
  to   space 98816K, 0% used [0x00000000f9f80000,0x00000000f9f80000,0x0000000100000000)
 ParOldGen       total 479232K, used 415626K [0x0000000080000000, 0x000000009d400000, 0x00000000d5580000)
  object space 479232K, 86% used [0x0000000080000000,0x00000000995e28f8,0x000000009d400000)
 Metaspace       used 6574K, capacity 7320K, committed 7680K, reserved 1056768K
  class space    used 617K, capacity 656K, committed 768K, reserved 1048576K
Event: 68.908 GC heap after
Heap after GC invocations=27 (full 5):
 PSYoungGen      total 585728K, used 75457K [0x00000000d5580000, 0x0000000100000000, 0x0000000100000000)
  eden space 486912K, 0% used [0x00000000d5580000,0x00000000d5580000,0x00000000f3100000)
  from space 98816K, 76% used [0x00000000f9f80000,0x00000000fe930600,0x0000000100000000)
  to   space 105984K, 0% used [0x00000000f3100000,0x00000000f3100000,0x00000000f9880000)
 ParOldGen       total 489984K, used 489877K [0x0000000080000000, 0x000000009de80000, 0x00000000d5580000)
  object space 489984K, 99% used [0x0000000080000000,0x000000009de654c0,0x000000009de80000)
 Metaspace       used 6574K, capacity 7320K, committed 7680K, reserved 1056768K
  class space    used 617K, capacity 656K, committed 768K, reserved 1048576K
}
Event: 68.908 GC heap before
{Heap before GC invocations=28 (full 6):
 PSYoungGen      total 585728K, used 75457K [0x00000000d5580000, 0x0000000100000000, 0x0000000100000000)
  eden space 486912K, 0% used [0x00000000d5580000,0x00000000d5580000,0x00000000f3100000)
  from space 98816K, 76% used [0x00000000f9f80000,0x00000000fe930600,0x0000000100000000)
  to   space 105984K, 0% used [0x00000000f3100000,0x00000000f3100000,0x00000000f9880000)
 ParOldGen       total 489984K, used 489877K [0x0000000080000000, 0x000000009de80000, 0x00000000d5580000)
  object space 489984K, 99% used [0x0000000080000000,0x000000009de654c0,0x000000009de80000)
 Metaspace       used 6574K, capacity 7320K, committed 7680K, reserved 1056768K
  class space    used 617K, capacity 656K, committed 768K, reserved 1048576K
Event: 72.287 GC heap after
Heap after GC invocations=28 (full 6):
 PSYoungGen      total 585728K, used 73521K [0x00000000d5580000, 0x0000000100000000, 0x0000000100000000)
  eden space 486912K, 0% used [0x00000000d5580000,0x00000000d5580000,0x00000000f3100000)
  from space 98816K, 74% used [0x00000000f9f80000,0x00000000fe74c568,0x0000000100000000)
  to   space 105984K, 0% used [0x00000000f3100000,0x00000000f3100000,0x00000000f9880000)
 ParOldGen       total 663040K, used 489507K [0x0000000080000000, 0x00000000a8780000, 0x00000000d5580000)
  object space 663040K, 73% used [0x0000000080000000,0x000000009de08d30,0x00000000a8780000)
 Metaspace       used 6574K, capacity 7320K, committed 7680K, reserved 1056768K
  class space    used 617K, capacity 656K, committed 768K, reserved 1048576K
}
Event: 74.150 GC heap before
{Heap before GC invocations=29 (full 6):
 PSYoungGen      total 585728K, used 560433K [0x00000000d5580000, 0x0000000100000000, 0x0000000100000000)
  eden space 486912K, 100% used [0x00000000d5580000,0x00000000f3100000,0x00000000f3100000)
  from space 98816K, 74% used [0x00000000f9f80000,0x00000000fe74c568,0x0000000100000000)
  to   space 105984K, 0% used [0x00000000f3100000,0x00000000f3100000,0x00000000f9880000)
 ParOldGen       total 663040K, used 489507K [0x0000000080000000, 0x00000000a8780000, 0x00000000d5580000)
  object space 663040K, 73% used [0x0000000080000000,0x000000009de08d30,0x00000000a8780000)
 Metaspace       used 6574K, capacity 7320K, committed 7680K, reserved 1056768K
  class space    used 617K, capacity 656K, committed 768K, reserved 1048576K
Event: 75.646 GC heap after
Heap after GC invocations=29 (full 6):
 PSYoungGen      total 580608K, used 93193K [0x00000000d5580000, 0x0000000100000000, 0x0000000100000000)
  eden space 486912K, 0% used [0x00000000d5580000,0x00000000d5580000,0x00000000f3100000)
  from space 93696K, 99% used [0x00000000f3100000,0x00000000f8c027e0,0x00000000f8c80000)
  to   space 118272K, 0% used [0x00000000f8c80000,0x00000000f8c80000,0x0000000100000000)
 ParOldGen       total 663040K, used 560035K [0x0000000080000000, 0x00000000a8780000, 0x00000000d5580000)
  object space 663040K, 84% used [0x0000000080000000,0x00000000a22e8c98,0x00000000a8780000)
 Metaspace       used 6574K, capacity 7320K, committed 7680K, reserved 1056768K
  class space    used 617K, capacity 656K, committed 768K, reserved 1048576K
}
Event: 76.896 GC heap before
{Heap before GC invocations=30 (full 6):
 PSYoungGen      total 580608K, used 580105K [0x00000000d5580000, 0x0000000100000000, 0x0000000100000000)
  eden space 486912K, 100% used [0x00000000d5580000,0x00000000f3100000,0x00000000f3100000)
  from space 93696K, 99% used [0x00000000f3100000,0x00000000f8c027e0,0x00000000f8c80000)
  to   space 118272K, 0% used [0x00000000f8c80000,0x00000000f8c80000,0x0000000100000000)
 ParOldGen       total 663040K, used 560035K [0x0000000080000000, 0x00000000a8780000, 0x00000000d5580000)
  object space 663040K, 84% used [0x0000000080000000,0x00000000a22e8c98,0x00000000a8780000)
 Metaspace       used 6574K, capacity 7320K, committed 7680K, reserved 1056768K
  class space    used 617K, capacity 656K, committed 768K, reserved 1048576K
Event: 80.905 GC heap after
Heap after GC invocations=30 (full 6):
 PSYoungGen      total 502784K, used 118267K [0x00000000d5580000, 0x0000000100000000, 0x0000000100000000)
  eden space 384512K, 0% used [0x00000000d5580000,0x00000000d5580000,0x00000000ecd00000)
  from space 118272K, 99% used [0x00000000f8c80000,0x00000000ffffee38,0x0000000100000000)
  to   space 157184K, 0% used [0x00000000ecd00000,0x00000000ecd00000,0x00000000f6680000)
 ParOldGen       total 663040K, used 613559K [0x0000000080000000, 0x00000000a8780000, 0x00000000d5580000)
  object space 663040K, 92% used [0x0000000080000000,0x00000000a572de48,0x00000000a8780000)
 Metaspace       used 6574K, capacity 7320K, committed 7680K, reserved 1056768K
  class space    used 617K, capacity 656K, committed 768K, reserved 1048576K
}
Event: 80.905 GC heap before
{Heap before GC invocations=31 (full 7):
 PSYoungGen      total 502784K, used 118267K [0x00000000d5580000, 0x0000000100000000, 0x0000000100000000)
  eden space 384512K, 0% used [0x00000000d5580000,0x00000000d5580000,0x00000000ecd00000)
  from space 118272K, 99% used [0x00000000f8c80000,0x00000000ffffee38,0x0000000100000000)
  to   space 157184K, 0% used [0x00000000ecd00000,0x00000000ecd00000,0x00000000f6680000)
 ParOldGen       total 663040K, used 613559K [0x0000000080000000, 0x00000000a8780000, 0x00000000d5580000)
  object space 663040K, 92% used [0x0000000080000000,0x00000000a572de48,0x00000000a8780000)
 Metaspace       used 6574K, capacity 7320K, committed 7680K, reserved 1056768K
  class space    used 617K, capacity 656K, committed 768K, reserved 1048576K

