# JRE version: Java(TM) SE Runtime Environment (8.0_73-b02) (build 1.8.0_73-b02)
# Java VM: Java HotSpot(TM) 64-Bit Server VM (25.73-b02 mixed mode linux-amd64 compressed oops)
Heap:
 PSYoungGen      total 454656K, used 12487K [0x00000000d5580000, 0x0000000100000000, 0x0000000100000000)
  eden space 232960K, 0% used [0x00000000d5580000,0x00000000d5580000,0x00000000e3900000)
  from space 221696K, 5% used [0x00000000f2780000,0x00000000f33b1db0,0x0000000100000000)
  to   space 232960K, 0% used [0x00000000e3900000,0x00000000e3900000,0x00000000f1c80000)
 ParOldGen       total 860160K, used 859966K [0x0000000080000000, 0x00000000b4800000, 0x00000000d5580000)
  object space 860160K, 99% used [0x0000000080000000,0x00000000b47cf8f8,0x00000000b4800000)
 Metaspace       used 6711K, capacity 7384K, committed 7680K, reserved 1056768K
  class space    used 622K, capacity 656K, committed 768K, reserved 1048576K
GC Heap History (10 events):
Event: 66.662 GC heap after
Heap after GC invocations=30 (full 6):
 PSYoungGen      total 462848K, used 46546K [0x00000000d5580000, 0x00000000fed80000, 0x0000000100000000)
  eden space 269312K, 0% used [0x00000000d5580000,0x00000000d5580000,0x00000000e5c80000)
  from space 193536K, 24% used [0x00000000f3080000,0x00000000f5df49a8,0x00000000fed80000)
  to   space 205312K, 0% used [0x00000000e5c80000,0x00000000e5c80000,0x00000000f2500000)
 ParOldGen       total 860160K, used 725307K [0x0000000080000000, 0x00000000b4800000, 0x00000000d5580000)
  object space 860160K, 84% used [0x0000000080000000,0x00000000ac44ed20,0x00000000b4800000)
 Metaspace       used 6602K, capacity 7320K, committed 7680K, reserved 1056768K
  class space    used 616K, capacity 656K, committed 768K, reserved 1048576K
}
Event: 68.134 GC heap before
{Heap before GC invocations=31 (full 6):
 PSYoungGen      total 462848K, used 315858K [0x00000000d5580000, 0x00000000fed80000, 0x0000000100000000)
  eden space 269312K, 100% used [0x00000000d5580000,0x00000000e5c80000,0x00000000e5c80000)
  from space 193536K, 24% used [0x00000000f3080000,0x00000000f5df49a8,0x00000000fed80000)
  to   space 205312K, 0% used [0x00000000e5c80000,0x00000000e5c80000,0x00000000f2500000)
 ParOldGen       total 860160K, used 725307K [0x0000000080000000, 0x00000000b4800000, 0x00000000d5580000)
  object space 860160K, 84% used [0x0000000080000000,0x00000000ac44ed20,0x00000000b4800000)
 Metaspace       used 6603K, capacity 7320K, committed 7680K, reserved 1056768K
  class space    used 616K, capacity 656K, committed 768K, reserved 1048576K
Event: 68.351 GC heap after
Heap after GC invocations=31 (full 6):
 PSYoungGen      total 474624K, used 85057K [0x00000000d5580000, 0x00000000ff880000, 0x0000000100000000)
  eden space 269312K, 0% used [0x00000000d5580000,0x00000000d5580000,0x00000000e5c80000)
  from space 205312K, 41% used [0x00000000e5c80000,0x00000000eaf90588,0x00000000f2500000)
  to   space 195584K, 0% used [0x00000000f3980000,0x00000000f3980000,0x00000000ff880000)
 ParOldGen       total 860160K, used 725307K [0x0000000080000000, 0x00000000b4800000, 0x00000000d5580000)
  object space 860160K, 84% used [0x0000000080000000,0x00000000ac44ed20,0x00000000b4800000)
 Metaspace       used 6603K, capacity 7320K, committed 7680K, reserved 1056768K
  class space    used 616K, capacity 656K, committed 768K, reserved 1048576K
}
Event: 69.482 GC heap before
{Heap before GC invocations=32 (full 6):
 PSYoungGen      total 474624K, used 354369K [0x00000000d5580000, 0x00000000ff880000, 0x0000000100000000)
  eden space 269312K, 100% used [0x00000000d5580000,0x00000000e5c80000,0x00000000e5c80000)
  from space 205312K, 41% used [0x00000000e5c80000,0x00000000eaf90588,0x00000000f2500000)
  to   space 195584K, 0% used [0x00000000f3980000,0x00000000f3980000,0x00000000ff880000)
 ParOldGen       total 860160K, used 725307K [0x0000000080000000, 0x00000000b4800000, 0x00000000d5580000)
  object space 860160K, 84% used [0x0000000080000000,0x00000000ac44ed20,0x00000000b4800000)
 Metaspace       used 6678K, capacity 7320K, committed 7680K, reserved 1056768K
  class space    used 620K, capacity 656K, committed 768K, reserved 1048576K
Event: 69.736 GC heap after
Heap after GC invocations=32 (full 6):
 PSYoungGen      total 489984K, used 126039K [0x00000000d5580000, 0x0000000100000000, 0x0000000100000000)
  eden space 294400K, 0% used [0x00000000d5580000,0x00000000d5580000,0x00000000e7500000)
  from space 195584K, 64% used [0x00000000f3980000,0x00000000fb495d18,0x00000000ff880000)
  to   space 201216K, 0% used [0x00000000e7500000,0x00000000e7500000,0x00000000f3980000)
 ParOldGen       total 860160K, used 725315K [0x0000000080000000, 0x00000000b4800000, 0x00000000d5580000)
  object space 860160K, 84% used [0x0000000080000000,0x00000000ac450d20,0x00000000b4800000)
 Metaspace       used 6678K, capacity 7320K, committed 7680K, reserved 1056768K
  class space    used 620K, capacity 656K, committed 768K, reserved 1048576K
}
Event: 70.651 GC heap before
{Heap before GC invocations=33 (full 6):
 PSYoungGen      total 489984K, used 420439K [0x00000000d5580000, 0x0000000100000000, 0x0000000100000000)
  eden space 294400K, 100% used [0x00000000d5580000,0x00000000e7500000,0x00000000e7500000)
  from space 195584K, 64% used [0x00000000f3980000,0x00000000fb495d18,0x00000000ff880000)
  to   space 201216K, 0% used [0x00000000e7500000,0x00000000e7500000,0x00000000f3980000)
 ParOldGen       total 860160K, used 725315K [0x0000000080000000, 0x00000000b4800000, 0x00000000d5580000)
  object space 860160K, 84% used [0x0000000080000000,0x00000000ac450d20,0x00000000b4800000)
 Metaspace       used 6710K, capacity 7384K, committed 7680K, reserved 1056768K
  class space    used 622K, capacity 656K, committed 768K, reserved 1048576K
Event: 71.029 GC heap after
Heap after GC invocations=33 (full 6):
 PSYoungGen      total 464896K, used 170360K [0x00000000d5580000, 0x0000000100000000, 0x0000000100000000)
  eden space 294400K, 0% used [0x00000000d5580000,0x00000000d5580000,0x00000000e7500000)
  from space 170496K, 99% used [0x00000000e7500000,0x00000000f1b5e318,0x00000000f1b80000)
  to   space 221696K, 0% used [0x00000000f2780000,0x00000000f2780000,0x0000000100000000)
 ParOldGen       total 860160K, used 725315K [0x0000000080000000, 0x00000000b4800000, 0x00000000d5580000)
  object space 860160K, 84% used [0x0000000080000000,0x00000000ac450d20,0x00000000b4800000)
 Metaspace       used 6710K, capacity 7384K, committed 7680K, reserved 1056768K
  class space    used 622K, capacity 656K, committed 768K, reserved 1048576K
}
Event: 72.045 GC heap before
{Heap before GC invocations=34 (full 6):
 PSYoungGen      total 464896K, used 464760K [0x00000000d5580000, 0x0000000100000000, 0x0000000100000000)
  eden space 294400K, 100% used [0x00000000d5580000,0x00000000e7500000,0x00000000e7500000)
  from space 170496K, 99% used [0x00000000e7500000,0x00000000f1b5e318,0x00000000f1b80000)
  to   space 221696K, 0% used [0x00000000f2780000,0x00000000f2780000,0x0000000100000000)
 ParOldGen       total 860160K, used 725315K [0x0000000080000000, 0x00000000b4800000, 0x00000000d5580000)
  object space 860160K, 84% used [0x0000000080000000,0x00000000ac450d20,0x00000000b4800000)
 Metaspace       used 6711K, capacity 7384K, committed 7680K, reserved 1056768K
  class space    used 622K, capacity 656K, committed 768K, reserved 1048576K
Event: 73.583 GC heap after
Heap after GC invocations=34 (full 6):
 PSYoungGen      total 454656K, used 171512K [0x00000000d5580000, 0x0000000100000000, 0x0000000100000000)
  eden space 232960K, 0% used [0x00000000d5580000,0x00000000d5580000,0x00000000e3900000)
  from space 221696K, 77% used [0x00000000f2780000,0x00000000fcefe2c8,0x0000000100000000)
  to   space 232960K, 0% used [0x00000000e3900000,0x00000000e3900000,0x00000000f1c80000)
 ParOldGen       total 860160K, used 769741K [0x0000000080000000, 0x00000000b4800000, 0x00000000d5580000)
  object space 860160K, 89% used [0x0000000080000000,0x00000000aefb3750,0x00000000b4800000)
 Metaspace       used 6711K, capacity 7384K, committed 7680K, reserved 1056768K
  class space    used 622K, capacity 656K, committed 768K, reserved 1048576K
}
Event: 73.583 GC heap before
{Heap before GC invocations=35 (full 7):
 PSYoungGen      total 454656K, used 171512K [0x00000000d5580000, 0x0000000100000000, 0x0000000100000000)
  eden space 232960K, 0% used [0x00000000d5580000,0x00000000d5580000,0x00000000e3900000)
  from space 221696K, 77% used [0x00000000f2780000,0x00000000fcefe2c8,0x0000000100000000)
  to   space 232960K, 0% used [0x00000000e3900000,0x00000000e3900000,0x00000000f1c80000)
 ParOldGen       total 860160K, used 769741K [0x0000000080000000, 0x00000000b4800000, 0x00000000d5580000)
  object space 860160K, 89% used [0x0000000080000000,0x00000000aefb3750,0x00000000b4800000)
 Metaspace       used 6711K, capacity 7384K, committed 7680K, reserved 1056768K
  class space    used 622K, capacity 656K, committed 768K, reserved 1048576K

