# JRE version: Java(TM) SE Runtime Environment (8.0_73-b02) (build 1.8.0_73-b02)
# Java VM: Java HotSpot(TM) 64-Bit Server VM (25.73-b02 mixed mode linux-amd64 compressed oops)
Heap:
 PSYoungGen      total 465920K, used 18105K [0x00000000d5580000, 0x0000000100000000, 0x0000000100000000)
  eden space 232960K, 0% used [0x00000000d5580000,0x00000000d5580000,0x00000000e3900000)
  from space 232960K, 7% used [0x00000000e3900000,0x00000000e4aae5a8,0x00000000f1c80000)
  to   space 232960K, 0% used [0x00000000f1c80000,0x00000000f1c80000,0x0000000100000000)
 ParOldGen       total 869888K, used 869752K [0x0000000080000000, 0x00000000b5180000, 0x00000000d5580000)
  object space 869888K, 99% used [0x0000000080000000,0x00000000b515e0e8,0x00000000b5180000)
 Metaspace       used 6956K, capacity 7608K, committed 7936K, reserved 1056768K
  class space    used 635K, capacity 688K, committed 768K, reserved 1048576K
GC Heap History (10 events):
Event: 53.502 GC heap after
Heap after GC invocations=33 (full 6):
 PSYoungGen      total 316416K, used 83158K [0x00000000d5580000, 0x00000000fef00000, 0x0000000100000000)
  eden space 232960K, 0% used [0x00000000d5580000,0x00000000d5580000,0x00000000e3900000)
  from space 83456K, 99% used [0x00000000e3900000,0x00000000e8a35b20,0x00000000e8a80000)
  to   space 224256K, 0% used [0x00000000f1400000,0x00000000f1400000,0x00000000fef00000)
 ParOldGen       total 869888K, used 711669K [0x0000000080000000, 0x00000000b5180000, 0x00000000d5580000)
  object space 869888K, 81% used [0x0000000080000000,0x00000000ab6fd7b8,0x00000000b5180000)
 Metaspace       used 6652K, capacity 7320K, committed 7680K, reserved 1056768K
  class space    used 620K, capacity 656K, committed 768K, reserved 1048576K
}
Event: 54.384 GC heap before
{Heap before GC invocations=34 (full 6):
 PSYoungGen      total 316416K, used 316118K [0x00000000d5580000, 0x00000000fef00000, 0x0000000100000000)
  eden space 232960K, 100% used [0x00000000d5580000,0x00000000e3900000,0x00000000e3900000)
  from space 83456K, 99% used [0x00000000e3900000,0x00000000e8a35b20,0x00000000e8a80000)
  to   space 224256K, 0% used [0x00000000f1400000,0x00000000f1400000,0x00000000fef00000)
 ParOldGen       total 869888K, used 711669K [0x0000000080000000, 0x00000000b5180000, 0x00000000d5580000)
  object space 869888K, 81% used [0x0000000080000000,0x00000000ab6fd7b8,0x00000000b5180000)
 Metaspace       used 6682K, capacity 7384K, committed 7680K, reserved 1056768K
  class space    used 622K, capacity 656K, committed 768K, reserved 1048576K
Event: 54.646 GC heap after
Heap after GC invocations=34 (full 6):
 PSYoungGen      total 462848K, used 118328K [0x00000000d5580000, 0x0000000100000000, 0x0000000100000000)
  eden space 238592K, 0% used [0x00000000d5580000,0x00000000d5580000,0x00000000e3e80000)
  from space 224256K, 52% used [0x00000000f1400000,0x00000000f878e208,0x00000000fef00000)
  to   space 218624K, 0% used [0x00000000e3e80000,0x00000000e3e80000,0x00000000f1400000)
 ParOldGen       total 869888K, used 711669K [0x0000000080000000, 0x00000000b5180000, 0x00000000d5580000)
  object space 869888K, 81% used [0x0000000080000000,0x00000000ab6fd7b8,0x00000000b5180000)
 Metaspace       used 6682K, capacity 7384K, committed 7680K, reserved 1056768K
  class space    used 622K, capacity 656K, committed 768K, reserved 1048576K
}
Event: 55.371 GC heap before
{Heap before GC invocations=35 (full 6):
 PSYoungGen      total 462848K, used 356920K [0x00000000d5580000, 0x0000000100000000, 0x0000000100000000)
  eden space 238592K, 100% used [0x00000000d5580000,0x00000000e3e80000,0x00000000e3e80000)
  from space 224256K, 52% used [0x00000000f1400000,0x00000000f878e208,0x00000000fef00000)
  to   space 218624K, 0% used [0x00000000e3e80000,0x00000000e3e80000,0x00000000f1400000)
 ParOldGen       total 869888K, used 711669K [0x0000000080000000, 0x00000000b5180000, 0x00000000d5580000)
  object space 869888K, 81% used [0x0000000080000000,0x00000000ab6fd7b8,0x00000000b5180000)
 Metaspace       used 6683K, capacity 7384K, committed 7680K, reserved 1056768K
  class space    used 622K, capacity 656K, committed 768K, reserved 1048576K
Event: 55.698 GC heap after
Heap after GC invocations=35 (full 6):
 PSYoungGen      total 457216K, used 154770K [0x00000000d5580000, 0x0000000100000000, 0x0000000100000000)
  eden space 238592K, 0% used [0x00000000d5580000,0x00000000d5580000,0x00000000e3e80000)
  from space 218624K, 70% used [0x00000000e3e80000,0x00000000ed5a4b60,0x00000000f1400000)
  to   space 226304K, 0% used [0x00000000f2300000,0x00000000f2300000,0x0000000100000000)
 ParOldGen       total 869888K, used 711669K [0x0000000080000000, 0x00000000b5180000, 0x00000000d5580000)
  object space 869888K, 81% used [0x0000000080000000,0x00000000ab6fd7b8,0x00000000b5180000)
 Metaspace       used 6683K, capacity 7384K, committed 7680K, reserved 1056768K
  class space    used 622K, capacity 656K, committed 768K, reserved 1048576K
}
Event: 57.452 GC heap before
{Heap before GC invocations=36 (full 6):
 PSYoungGen      total 457216K, used 393362K [0x00000000d5580000, 0x0000000100000000, 0x0000000100000000)
  eden space 238592K, 100% used [0x00000000d5580000,0x00000000e3e80000,0x00000000e3e80000)
  from space 218624K, 70% used [0x00000000e3e80000,0x00000000ed5a4b60,0x00000000f1400000)
  to   space 226304K, 0% used [0x00000000f2300000,0x00000000f2300000,0x0000000100000000)
 ParOldGen       total 869888K, used 711669K [0x0000000080000000, 0x00000000b5180000, 0x00000000d5580000)
  object space 869888K, 81% used [0x0000000080000000,0x00000000ab6fd7b8,0x00000000b5180000)
 Metaspace       used 6943K, capacity 7608K, committed 7936K, reserved 1056768K
  class space    used 635K, capacity 688K, committed 768K, reserved 1048576K
Event: 57.894 GC heap after
Heap after GC invocations=36 (full 6):
 PSYoungGen      total 459264K, used 185189K [0x00000000d5580000, 0x0000000100000000, 0x0000000100000000)
  eden space 232960K, 0% used [0x00000000d5580000,0x00000000d5580000,0x00000000e3900000)
  from space 226304K, 81% used [0x00000000f2300000,0x00000000fd7d9790,0x0000000100000000)
  to   space 232960K, 0% used [0x00000000e3900000,0x00000000e3900000,0x00000000f1c80000)
 ParOldGen       total 869888K, used 724662K [0x0000000080000000, 0x00000000b5180000, 0x00000000d5580000)
  object space 869888K, 83% used [0x0000000080000000,0x00000000ac3ada08,0x00000000b5180000)
 Metaspace       used 6943K, capacity 7608K, committed 7936K, reserved 1056768K
  class space    used 635K, capacity 688K, committed 768K, reserved 1048576K
}
Event: 58.607 GC heap before
{Heap before GC invocations=37 (full 6):
 PSYoungGen      total 459264K, used 418149K [0x00000000d5580000, 0x0000000100000000, 0x0000000100000000)
  eden space 232960K, 100% used [0x00000000d5580000,0x00000000e3900000,0x00000000e3900000)
  from space 226304K, 81% used [0x00000000f2300000,0x00000000fd7d9790,0x0000000100000000)
  to   space 232960K, 0% used [0x00000000e3900000,0x00000000e3900000,0x00000000f1c80000)
 ParOldGen       total 869888K, used 724662K [0x0000000080000000, 0x00000000b5180000, 0x00000000d5580000)
  object space 869888K, 83% used [0x0000000080000000,0x00000000ac3ada08,0x00000000b5180000)
 Metaspace       used 6956K, capacity 7608K, committed 7936K, reserved 1056768K
  class space    used 635K, capacity 688K, committed 768K, reserved 1048576K
Event: 59.490 GC heap after
Heap after GC invocations=37 (full 6):
 PSYoungGen      total 465920K, used 155873K [0x00000000d5580000, 0x0000000100000000, 0x0000000100000000)
  eden space 232960K, 0% used [0x00000000d5580000,0x00000000d5580000,0x00000000e3900000)
  from space 232960K, 66% used [0x00000000e3900000,0x00000000ed138708,0x00000000f1c80000)
  to   space 232960K, 0% used [0x00000000f1c80000,0x00000000f1c80000,0x0000000100000000)
 ParOldGen       total 869888K, used 792466K [0x0000000080000000, 0x00000000b5180000, 0x00000000d5580000)
  object space 869888K, 91% used [0x0000000080000000,0x00000000b05e48f0,0x00000000b5180000)
 Metaspace       used 6956K, capacity 7608K, committed 7936K, reserved 1056768K
  class space    used 635K, capacity 688K, committed 768K, reserved 1048576K
}
Event: 59.491 GC heap before
{Heap before GC invocations=38 (full 7):
 PSYoungGen      total 465920K, used 155873K [0x00000000d5580000, 0x0000000100000000, 0x0000000100000000)
  eden space 232960K, 0% used [0x00000000d5580000,0x00000000d5580000,0x00000000e3900000)
  from space 232960K, 66% used [0x00000000e3900000,0x00000000ed138708,0x00000000f1c80000)
  to   space 232960K, 0% used [0x00000000f1c80000,0x00000000f1c80000,0x0000000100000000)
 ParOldGen       total 869888K, used 792466K [0x0000000080000000, 0x00000000b5180000, 0x00000000d5580000)
  object space 869888K, 91% used [0x0000000080000000,0x00000000b05e48f0,0x00000000b5180000)
 Metaspace       used 6956K, capacity 7608K, committed 7936K, reserved 1056768K
  class space    used 635K, capacity 688K, committed 768K, reserved 1048576K

