# JRE version: Java(TM) SE Runtime Environment (8.0_73-b02) (build 1.8.0_73-b02)
# Java VM: Java HotSpot(TM) 64-Bit Server VM (25.73-b02 mixed mode linux-amd64 compressed oops)
Heap:
 PSYoungGen      total 465920K, used 39363K [0x00000000d5580000, 0x0000000100000000, 0x0000000100000000)
  eden space 232960K, 0% used [0x00000000d5580000,0x00000000d5580000,0x00000000e3900000)
  from space 232960K, 16% used [0x00000000e3900000,0x00000000e5f70fb0,0x00000000f1c80000)
  to   space 232960K, 0% used [0x00000000f1c80000,0x00000000f1c80000,0x0000000100000000)
 ParOldGen       total 771072K, used 770770K [0x0000000080000000, 0x00000000af100000, 0x00000000d5580000)
  object space 771072K, 99% used [0x0000000080000000,0x00000000af0b4a00,0x00000000af100000)
 Metaspace       used 6706K, capacity 7384K, committed 7680K, reserved 1056768K
  class space    used 622K, capacity 656K, committed 768K, reserved 1048576K
GC Heap History (10 events):
Event: 68.256 GC heap after
Heap after GC invocations=29 (full 6):
 PSYoungGen      total 468480K, used 102484K [0x00000000d5580000, 0x0000000100000000, 0x0000000100000000)
  eden space 238080K, 0% used [0x00000000d5580000,0x00000000d5580000,0x00000000e3e00000)
  from space 230400K, 44% used [0x00000000e3e00000,0x00000000ea215268,0x00000000f1f00000)
  to   space 220672K, 0% used [0x00000000f2880000,0x00000000f2880000,0x0000000100000000)
 ParOldGen       total 771072K, used 609510K [0x0000000080000000, 0x00000000af100000, 0x00000000d5580000)
  object space 771072K, 79% used [0x0000000080000000,0x00000000a5339978,0x00000000af100000)
 Metaspace       used 6599K, capacity 7320K, committed 7680K, reserved 1056768K
  class space    used 616K, capacity 656K, committed 768K, reserved 1048576K
}
Event: 69.952 GC heap before
{Heap before GC invocations=30 (full 6):
 PSYoungGen      total 468480K, used 340564K [0x00000000d5580000, 0x0000000100000000, 0x0000000100000000)
  eden space 238080K, 100% used [0x00000000d5580000,0x00000000e3e00000,0x00000000e3e00000)
  from space 230400K, 44% used [0x00000000e3e00000,0x00000000ea215268,0x00000000f1f00000)
  to   space 220672K, 0% used [0x00000000f2880000,0x00000000f2880000,0x0000000100000000)
 ParOldGen       total 771072K, used 609510K [0x0000000080000000, 0x00000000af100000, 0x00000000d5580000)
  object space 771072K, 79% used [0x0000000080000000,0x00000000a5339978,0x00000000af100000)
 Metaspace       used 6602K, capacity 7320K, committed 7680K, reserved 1056768K
  class space    used 616K, capacity 656K, committed 768K, reserved 1048576K
Event: 70.169 GC heap after
Heap after GC invocations=30 (full 6):
 PSYoungGen      total 465920K, used 143780K [0x00000000d5580000, 0x0000000100000000, 0x0000000100000000)
  eden space 245248K, 0% used [0x00000000d5580000,0x00000000d5580000,0x00000000e4500000)
  from space 220672K, 65% used [0x00000000f2880000,0x00000000fb4e9398,0x0000000100000000)
  to   space 226816K, 0% used [0x00000000e4500000,0x00000000e4500000,0x00000000f2280000)
 ParOldGen       total 771072K, used 609510K [0x0000000080000000, 0x00000000af100000, 0x00000000d5580000)
  object space 771072K, 79% used [0x0000000080000000,0x00000000a5339978,0x00000000af100000)
 Metaspace       used 6602K, capacity 7320K, committed 7680K, reserved 1056768K
  class space    used 616K, capacity 656K, committed 768K, reserved 1048576K
}
Event: 70.912 GC heap before
{Heap before GC invocations=31 (full 6):
 PSYoungGen      total 465920K, used 389028K [0x00000000d5580000, 0x0000000100000000, 0x0000000100000000)
  eden space 245248K, 100% used [0x00000000d5580000,0x00000000e4500000,0x00000000e4500000)
  from space 220672K, 65% used [0x00000000f2880000,0x00000000fb4e9398,0x0000000100000000)
  to   space 226816K, 0% used [0x00000000e4500000,0x00000000e4500000,0x00000000f2280000)
 ParOldGen       total 771072K, used 609510K [0x0000000080000000, 0x00000000af100000, 0x00000000d5580000)
  object space 771072K, 79% used [0x0000000080000000,0x00000000a5339978,0x00000000af100000)
 Metaspace       used 6602K, capacity 7320K, committed 7680K, reserved 1056768K
  class space    used 616K, capacity 656K, committed 768K, reserved 1048576K
Event: 71.169 GC heap after
Heap after GC invocations=31 (full 6):
 PSYoungGen      total 424448K, used 178771K [0x00000000d5580000, 0x0000000100000000, 0x0000000100000000)
  eden space 245248K, 0% used [0x00000000d5580000,0x00000000d5580000,0x00000000e4500000)
  from space 179200K, 99% used [0x00000000e4500000,0x00000000ef394f78,0x00000000ef400000)
  to   space 232960K, 0% used [0x00000000f1c80000,0x00000000f1c80000,0x0000000100000000)
 ParOldGen       total 771072K, used 609510K [0x0000000080000000, 0x00000000af100000, 0x00000000d5580000)
  object space 771072K, 79% used [0x0000000080000000,0x00000000a5339978,0x00000000af100000)
 Metaspace       used 6602K, capacity 7320K, committed 7680K, reserved 1056768K
  class space    used 616K, capacity 656K, committed 768K, reserved 1048576K
}
Event: 73.518 GC heap before
{Heap before GC invocations=32 (full 6):
 PSYoungGen      total 424448K, used 424019K [0x00000000d5580000, 0x0000000100000000, 0x0000000100000000)
  eden space 245248K, 100% used [0x00000000d5580000,0x00000000e4500000,0x00000000e4500000)
  from space 179200K, 99% used [0x00000000e4500000,0x00000000ef394f78,0x00000000ef400000)
  to   space 232960K, 0% used [0x00000000f1c80000,0x00000000f1c80000,0x0000000100000000)
 ParOldGen       total 771072K, used 609510K [0x0000000080000000, 0x00000000af100000, 0x00000000d5580000)
  object space 771072K, 79% used [0x0000000080000000,0x00000000a5339978,0x00000000af100000)
 Metaspace       used 6632K, capacity 7320K, committed 7680K, reserved 1056768K
  class space    used 620K, capacity 656K, committed 768K, reserved 1048576K
Event: 73.855 GC heap after
Heap after GC invocations=32 (full 6):
 PSYoungGen      total 465920K, used 165349K [0x00000000d5580000, 0x0000000100000000, 0x0000000100000000)
  eden space 232960K, 0% used [0x00000000d5580000,0x00000000d5580000,0x00000000e3900000)
  from space 232960K, 70% used [0x00000000f1c80000,0x00000000fbdf9480,0x0000000100000000)
  to   space 232960K, 0% used [0x00000000e3900000,0x00000000e3900000,0x00000000f1c80000)
 ParOldGen       total 771072K, used 660246K [0x0000000080000000, 0x00000000af100000, 0x00000000d5580000)
  object space 771072K, 85% used [0x0000000080000000,0x00000000a84c5ac8,0x00000000af100000)
 Metaspace       used 6632K, capacity 7320K, committed 7680K, reserved 1056768K
  class space    used 620K, capacity 656K, committed 768K, reserved 1048576K
}
Event: 74.767 GC heap before
{Heap before GC invocations=33 (full 6):
 PSYoungGen      total 465920K, used 398309K [0x00000000d5580000, 0x0000000100000000, 0x0000000100000000)
  eden space 232960K, 100% used [0x00000000d5580000,0x00000000e3900000,0x00000000e3900000)
  from space 232960K, 70% used [0x00000000f1c80000,0x00000000fbdf9480,0x0000000100000000)
  to   space 232960K, 0% used [0x00000000e3900000,0x00000000e3900000,0x00000000f1c80000)
 ParOldGen       total 771072K, used 660246K [0x0000000080000000, 0x00000000af100000, 0x00000000d5580000)
  object space 771072K, 85% used [0x0000000080000000,0x00000000a84c5ac8,0x00000000af100000)
 Metaspace       used 6706K, capacity 7384K, committed 7680K, reserved 1056768K
  class space    used 622K, capacity 656K, committed 768K, reserved 1048576K
Event: 76.102 GC heap after
Heap after GC invocations=33 (full 6):
 PSYoungGen      total 465920K, used 149836K [0x00000000d5580000, 0x0000000100000000, 0x0000000100000000)
  eden space 232960K, 0% used [0x00000000d5580000,0x00000000d5580000,0x00000000e3900000)
  from space 232960K, 64% used [0x00000000e3900000,0x00000000ecb53310,0x00000000f1c80000)
  to   space 232960K, 0% used [0x00000000f1c80000,0x00000000f1c80000,0x0000000100000000)
 ParOldGen       total 771072K, used 710666K [0x0000000080000000, 0x00000000af100000, 0x00000000d5580000)
  object space 771072K, 92% used [0x0000000080000000,0x00000000ab602bb0,0x00000000af100000)
 Metaspace       used 6706K, capacity 7384K, committed 7680K, reserved 1056768K
  class space    used 622K, capacity 656K, committed 768K, reserved 1048576K
}
Event: 76.102 GC heap before
{Heap before GC invocations=34 (full 7):
 PSYoungGen      total 465920K, used 149836K [0x00000000d5580000, 0x0000000100000000, 0x0000000100000000)
  eden space 232960K, 0% used [0x00000000d5580000,0x00000000d5580000,0x00000000e3900000)
  from space 232960K, 64% used [0x00000000e3900000,0x00000000ecb53310,0x00000000f1c80000)
  to   space 232960K, 0% used [0x00000000f1c80000,0x00000000f1c80000,0x0000000100000000)
 ParOldGen       total 771072K, used 710666K [0x0000000080000000, 0x00000000af100000, 0x00000000d5580000)
  object space 771072K, 92% used [0x0000000080000000,0x00000000ab602bb0,0x00000000af100000)
 Metaspace       used 6706K, capacity 7384K, committed 7680K, reserved 1056768K
  class space    used 622K, capacity 656K, committed 768K, reserved 1048576K

