# JRE version: Java(TM) SE Runtime Environment (8.0_73-b02) (build 1.8.0_73-b02)
# Java VM: Java HotSpot(TM) 64-Bit Server VM (25.73-b02 mixed mode linux-amd64 compressed oops)
Heap:
 PSYoungGen      total 413696K, used 8240K [0x00000000d5580000, 0x0000000100000000, 0x0000000100000000)
  eden space 283136K, 0% used [0x00000000d5580000,0x00000000d5580000,0x00000000e6a00000)
  from space 130560K, 6% used [0x00000000e6a00000,0x00000000e720c1b8,0x00000000ee980000)
  to   space 214016K, 0% used [0x00000000f2f00000,0x00000000f2f00000,0x0000000100000000)
 ParOldGen       total 752128K, used 752049K [0x0000000080000000, 0x00000000ade80000, 0x00000000d5580000)
  object space 752128K, 99% used [0x0000000080000000,0x00000000ade6c490,0x00000000ade80000)
 Metaspace       used 6586K, capacity 7320K, committed 7680K, reserved 1056768K
  class space    used 617K, capacity 656K, committed 768K, reserved 1048576K
GC Heap History (10 events):
Event: 47.430 GC heap after
Heap after GC invocations=23 (full 5):
 PSYoungGen      total 507392K, used 133116K [0x00000000d5580000, 0x0000000100000000, 0x0000000100000000)
  eden space 374272K, 0% used [0x00000000d5580000,0x00000000d5580000,0x00000000ec300000)
  from space 133120K, 99% used [0x00000000f7e00000,0x00000000fffff0d8,0x0000000100000000)
  to   space 162304K, 0% used [0x00000000ec300000,0x00000000ec300000,0x00000000f6180000)
 ParOldGen       total 562688K, used 417309K [0x0000000080000000, 0x00000000a2580000, 0x00000000d5580000)
  object space 562688K, 74% used [0x0000000080000000,0x00000000997874e8,0x00000000a2580000)
 Metaspace       used 6586K, capacity 7320K, committed 7680K, reserved 1056768K
  class space    used 617K, capacity 656K, committed 768K, reserved 1048576K
}
Event: 49.944 GC heap before
{Heap before GC invocations=24 (full 5):
 PSYoungGen      total 507392K, used 507388K [0x00000000d5580000, 0x0000000100000000, 0x0000000100000000)
  eden space 374272K, 100% used [0x00000000d5580000,0x00000000ec300000,0x00000000ec300000)
  from space 133120K, 99% used [0x00000000f7e00000,0x00000000fffff0d8,0x0000000100000000)
  to   space 162304K, 0% used [0x00000000ec300000,0x00000000ec300000,0x00000000f6180000)
 ParOldGen       total 562688K, used 417309K [0x0000000080000000, 0x00000000a2580000, 0x00000000d5580000)
  object space 562688K, 74% used [0x0000000080000000,0x00000000997874e8,0x00000000a2580000)
 Metaspace       used 6586K, capacity 7320K, committed 7680K, reserved 1056768K
  class space    used 617K, capacity 656K, committed 768K, reserved 1048576K
Event: 53.786 GC heap after
Heap after GC invocations=24 (full 5):
 PSYoungGen      total 536576K, used 162294K [0x00000000d5580000, 0x0000000100000000, 0x0000000100000000)
  eden space 374272K, 0% used [0x00000000d5580000,0x00000000d5580000,0x00000000ec300000)
  from space 162304K, 99% used [0x00000000ec300000,0x00000000f617d868,0x00000000f6180000)
  to   space 162304K, 0% used [0x00000000f6180000,0x00000000f6180000,0x0000000100000000)
 ParOldGen       total 562688K, used 497891K [0x0000000080000000, 0x00000000a2580000, 0x00000000d5580000)
  object space 562688K, 88% used [0x0000000080000000,0x000000009e638ec0,0x00000000a2580000)
 Metaspace       used 6586K, capacity 7320K, committed 7680K, reserved 1056768K
  class space    used 617K, capacity 656K, committed 768K, reserved 1048576K
}
Event: 53.786 GC heap before
{Heap before GC invocations=25 (full 6):
 PSYoungGen      total 536576K, used 162294K [0x00000000d5580000, 0x0000000100000000, 0x0000000100000000)
  eden space 374272K, 0% used [0x00000000d5580000,0x00000000d5580000,0x00000000ec300000)
  from space 162304K, 99% used [0x00000000ec300000,0x00000000f617d868,0x00000000f6180000)
  to   space 162304K, 0% used [0x00000000f6180000,0x00000000f6180000,0x0000000100000000)
 ParOldGen       total 562688K, used 497891K [0x0000000080000000, 0x00000000a2580000, 0x00000000d5580000)
  object space 562688K, 88% used [0x0000000080000000,0x000000009e638ec0,0x00000000a2580000)
 Metaspace       used 6586K, capacity 7320K, committed 7680K, reserved 1056768K
  class space    used 617K, capacity 656K, committed 768K, reserved 1048576K
Event: 56.615 GC heap after
Heap after GC invocations=25 (full 6):
 PSYoungGen      total 536576K, used 91533K [0x00000000d5580000, 0x0000000100000000, 0x0000000100000000)
  eden space 374272K, 0% used [0x00000000d5580000,0x00000000d5580000,0x00000000ec300000)
  from space 162304K, 56% used [0x00000000ec300000,0x00000000f1c63508,0x00000000f6180000)
  to   space 162304K, 0% used [0x00000000f6180000,0x00000000f6180000,0x0000000100000000)
 ParOldGen       total 752128K, used 562542K [0x0000000080000000, 0x00000000ade80000, 0x00000000d5580000)
  object space 752128K, 74% used [0x0000000080000000,0x00000000a255b840,0x00000000ade80000)
 Metaspace       used 6586K, capacity 7320K, committed 7680K, reserved 1056768K
  class space    used 617K, capacity 656K, committed 768K, reserved 1048576K
}
Event: 58.530 GC heap before
{Heap before GC invocations=26 (full 6):
 PSYoungGen      total 536576K, used 465805K [0x00000000d5580000, 0x0000000100000000, 0x0000000100000000)
  eden space 374272K, 100% used [0x00000000d5580000,0x00000000ec300000,0x00000000ec300000)
  from space 162304K, 56% used [0x00000000ec300000,0x00000000f1c63508,0x00000000f6180000)
  to   space 162304K, 0% used [0x00000000f6180000,0x00000000f6180000,0x0000000100000000)
 ParOldGen       total 752128K, used 562542K [0x0000000080000000, 0x00000000ade80000, 0x00000000d5580000)
  object space 752128K, 74% used [0x0000000080000000,0x00000000a255b840,0x00000000ade80000)
 Metaspace       used 6586K, capacity 7320K, committed 7680K, reserved 1056768K
  class space    used 617K, capacity 656K, committed 768K, reserved 1048576K
Event: 60.290 GC heap after
Heap after GC invocations=26 (full 6):
 PSYoungGen      total 445440K, used 84499K [0x00000000d5580000, 0x0000000100000000, 0x0000000100000000)
  eden space 283136K, 0% used [0x00000000d5580000,0x00000000d5580000,0x00000000e6a00000)
  from space 162304K, 52% used [0x00000000f6180000,0x00000000fb404f28,0x0000000100000000)
  to   space 207872K, 0% used [0x00000000e6a00000,0x00000000e6a00000,0x00000000f3500000)
 ParOldGen       total 752128K, used 594293K [0x0000000080000000, 0x00000000ade80000, 0x00000000d5580000)
  object space 752128K, 79% used [0x0000000080000000,0x00000000a445d7e0,0x00000000ade80000)
 Metaspace       used 6586K, capacity 7320K, committed 7680K, reserved 1056768K
  class space    used 617K, capacity 656K, committed 768K, reserved 1048576K
}
Event: 60.910 GC heap before
{Heap before GC invocations=27 (full 6):
 PSYoungGen      total 445440K, used 367635K [0x00000000d5580000, 0x0000000100000000, 0x0000000100000000)
  eden space 283136K, 100% used [0x00000000d5580000,0x00000000e6a00000,0x00000000e6a00000)
  from space 162304K, 52% used [0x00000000f6180000,0x00000000fb404f28,0x0000000100000000)
  to   space 207872K, 0% used [0x00000000e6a00000,0x00000000e6a00000,0x00000000f3500000)
 ParOldGen       total 752128K, used 594293K [0x0000000080000000, 0x00000000ade80000, 0x00000000d5580000)
  object space 752128K, 79% used [0x0000000080000000,0x00000000a445d7e0,0x00000000ade80000)
 Metaspace       used 6586K, capacity 7320K, committed 7680K, reserved 1056768K
  class space    used 617K, capacity 656K, committed 768K, reserved 1048576K
Event: 66.536 GC heap after
Heap after GC invocations=27 (full 6):
 PSYoungGen      total 413696K, used 130160K [0x00000000d5580000, 0x0000000100000000, 0x0000000100000000)
  eden space 283136K, 0% used [0x00000000d5580000,0x00000000d5580000,0x00000000e6a00000)
  from space 130560K, 99% used [0x00000000e6a00000,0x00000000ee91c0e8,0x00000000ee980000)
  to   space 214016K, 0% used [0x00000000f2f00000,0x00000000f2f00000,0x0000000100000000)
 ParOldGen       total 752128K, used 674729K [0x0000000080000000, 0x00000000ade80000, 0x00000000d5580000)
  object space 752128K, 89% used [0x0000000080000000,0x00000000a92ea6c0,0x00000000ade80000)
 Metaspace       used 6586K, capacity 7320K, committed 7680K, reserved 1056768K
  class space    used 617K, capacity 656K, committed 768K, reserved 1048576K
}
Event: 66.536 GC heap before
{Heap before GC invocations=28 (full 7):
 PSYoungGen      total 413696K, used 130160K [0x00000000d5580000, 0x0000000100000000, 0x0000000100000000)
  eden space 283136K, 0% used [0x00000000d5580000,0x00000000d5580000,0x00000000e6a00000)
  from space 130560K, 99% used [0x00000000e6a00000,0x00000000ee91c0e8,0x00000000ee980000)
  to   space 214016K, 0% used [0x00000000f2f00000,0x00000000f2f00000,0x0000000100000000)
 ParOldGen       total 752128K, used 674729K [0x0000000080000000, 0x00000000ade80000, 0x00000000d5580000)
  object space 752128K, 89% used [0x0000000080000000,0x00000000a92ea6c0,0x00000000ade80000)
 Metaspace       used 6586K, capacity 7320K, committed 7680K, reserved 1056768K
  class space    used 617K, capacity 656K, committed 768K, reserved 1048576K

