# JRE version: Java(TM) SE Runtime Environment (8.0_73-b02) (build 1.8.0_73-b02)
# Java VM: Java HotSpot(TM) 64-Bit Server VM (25.73-b02 mixed mode linux-amd64 compressed oops)
Heap:
 PSYoungGen      total 465920K, used 0K [0x00000000d5580000, 0x0000000100000000, 0x0000000100000000)
  eden space 232960K, 0% used [0x00000000d5580000,0x00000000d5580000,0x00000000e3900000)
  from space 232960K, 0% used [0x00000000e3900000,0x00000000e3900000,0x00000000f1c80000)
  to   space 232960K, 0% used [0x00000000f1c80000,0x00000000f1c80000,0x0000000100000000)
 ParOldGen       total 851968K, used 846706K [0x0000000080000000, 0x00000000b4000000, 0x00000000d5580000)
  object space 851968K, 99% used [0x0000000080000000,0x00000000b3adc8c8,0x00000000b4000000)
 Metaspace       used 6676K, capacity 7384K, committed 7680K, reserved 1056768K
  class space    used 622K, capacity 656K, committed 768K, reserved 1048576K
GC Heap History (10 events):
Event: 49.798 GC heap after
Heap after GC invocations=31 (full 6):
 PSYoungGen      total 460800K, used 119391K [0x00000000d5580000, 0x00000000ffc00000, 0x0000000100000000)
  eden space 232960K, 0% used [0x00000000d5580000,0x00000000d5580000,0x00000000e3900000)
  from space 227840K, 52% used [0x00000000e3900000,0x00000000ead97ca8,0x00000000f1780000)
  to   space 223232K, 0% used [0x00000000f2200000,0x00000000f2200000,0x00000000ffc00000)
 ParOldGen       total 851968K, used 676553K [0x0000000080000000, 0x00000000b4000000, 0x00000000d5580000)
  object space 851968K, 79% used [0x0000000080000000,0x00000000a94b24d0,0x00000000b4000000)
 Metaspace       used 6567K, capacity 7320K, committed 7680K, reserved 1056768K
  class space    used 617K, capacity 656K, committed 768K, reserved 1048576K
}
Event: 50.605 GC heap before
{Heap before GC invocations=32 (full 6):
 PSYoungGen      total 460800K, used 352351K [0x00000000d5580000, 0x00000000ffc00000, 0x0000000100000000)
  eden space 232960K, 100% used [0x00000000d5580000,0x00000000e3900000,0x00000000e3900000)
  from space 227840K, 52% used [0x00000000e3900000,0x00000000ead97ca8,0x00000000f1780000)
  to   space 223232K, 0% used [0x00000000f2200000,0x00000000f2200000,0x00000000ffc00000)
 ParOldGen       total 851968K, used 676553K [0x0000000080000000, 0x00000000b4000000, 0x00000000d5580000)
  object space 851968K, 79% used [0x0000000080000000,0x00000000a94b24d0,0x00000000b4000000)
 Metaspace       used 6567K, capacity 7320K, committed 7680K, reserved 1056768K
  class space    used 617K, capacity 656K, committed 768K, reserved 1048576K
Event: 50.802 GC heap after
Heap after GC invocations=32 (full 6):
 PSYoungGen      total 459264K, used 152183K [0x00000000d5580000, 0x0000000100000000, 0x0000000100000000)
  eden space 236032K, 0% used [0x00000000d5580000,0x00000000d5580000,0x00000000e3c00000)
  from space 223232K, 68% used [0x00000000f2200000,0x00000000fb69ddc8,0x00000000ffc00000)
  to   space 231424K, 0% used [0x00000000e3c00000,0x00000000e3c00000,0x00000000f1e00000)
 ParOldGen       total 851968K, used 676553K [0x0000000080000000, 0x00000000b4000000, 0x00000000d5580000)
  object space 851968K, 79% used [0x0000000080000000,0x00000000a94b24d0,0x00000000b4000000)
 Metaspace       used 6567K, capacity 7320K, committed 7680K, reserved 1056768K
  class space    used 617K, capacity 656K, committed 768K, reserved 1048576K
}
Event: 51.721 GC heap before
{Heap before GC invocations=33 (full 6):
 PSYoungGen      total 459264K, used 388215K [0x00000000d5580000, 0x0000000100000000, 0x0000000100000000)
  eden space 236032K, 100% used [0x00000000d5580000,0x00000000e3c00000,0x00000000e3c00000)
  from space 223232K, 68% used [0x00000000f2200000,0x00000000fb69ddc8,0x00000000ffc00000)
  to   space 231424K, 0% used [0x00000000e3c00000,0x00000000e3c00000,0x00000000f1e00000)
 ParOldGen       total 851968K, used 676553K [0x0000000080000000, 0x00000000b4000000, 0x00000000d5580000)
  object space 851968K, 79% used [0x0000000080000000,0x00000000a94b24d0,0x00000000b4000000)
 Metaspace       used 6590K, capacity 7320K, committed 7680K, reserved 1056768K
  class space    used 619K, capacity 656K, committed 768K, reserved 1048576K
Event: 51.970 GC heap after
Heap after GC invocations=33 (full 6):
 PSYoungGen      total 422400K, used 185993K [0x00000000d5580000, 0x0000000100000000, 0x0000000100000000)
  eden space 236032K, 0% used [0x00000000d5580000,0x00000000d5580000,0x00000000e3c00000)
  from space 186368K, 99% used [0x00000000e3c00000,0x00000000ef1a2738,0x00000000ef200000)
  to   space 232960K, 0% used [0x00000000f1c80000,0x00000000f1c80000,0x0000000100000000)
 ParOldGen       total 851968K, used 676553K [0x0000000080000000, 0x00000000b4000000, 0x00000000d5580000)
  object space 851968K, 79% used [0x0000000080000000,0x00000000a94b24d0,0x00000000b4000000)
 Metaspace       used 6590K, capacity 7320K, committed 7680K, reserved 1056768K
  class space    used 619K, capacity 656K, committed 768K, reserved 1048576K
}
Event: 52.849 GC heap before
{Heap before GC invocations=34 (full 6):
 PSYoungGen      total 422400K, used 422025K [0x00000000d5580000, 0x0000000100000000, 0x0000000100000000)
  eden space 236032K, 100% used [0x00000000d5580000,0x00000000e3c00000,0x00000000e3c00000)
  from space 186368K, 99% used [0x00000000e3c00000,0x00000000ef1a2738,0x00000000ef200000)
  to   space 232960K, 0% used [0x00000000f1c80000,0x00000000f1c80000,0x0000000100000000)
 ParOldGen       total 851968K, used 676553K [0x0000000080000000, 0x00000000b4000000, 0x00000000d5580000)
  object space 851968K, 79% used [0x0000000080000000,0x00000000a94b24d0,0x00000000b4000000)
 Metaspace       used 6655K, capacity 7320K, committed 7680K, reserved 1056768K
  class space    used 622K, capacity 656K, committed 768K, reserved 1048576K
Event: 53.720 GC heap after
Heap after GC invocations=34 (full 6):
 PSYoungGen      total 465920K, used 142319K [0x00000000d5580000, 0x0000000100000000, 0x0000000100000000)
  eden space 232960K, 0% used [0x00000000d5580000,0x00000000d5580000,0x00000000e3900000)
  from space 232960K, 61% used [0x00000000f1c80000,0x00000000fa77bfc0,0x0000000100000000)
  to   space 232960K, 0% used [0x00000000e3900000,0x00000000e3900000,0x00000000f1c80000)
 ParOldGen       total 851968K, used 756723K [0x0000000080000000, 0x00000000b4000000, 0x00000000d5580000)
  object space 851968K, 88% used [0x0000000080000000,0x00000000ae2fce10,0x00000000b4000000)
 Metaspace       used 6655K, capacity 7320K, committed 7680K, reserved 1056768K
  class space    used 622K, capacity 656K, committed 768K, reserved 1048576K
}
Event: 54.635 GC heap before
{Heap before GC invocations=35 (full 6):
 PSYoungGen      total 465920K, used 375279K [0x00000000d5580000, 0x0000000100000000, 0x0000000100000000)
  eden space 232960K, 100% used [0x00000000d5580000,0x00000000e3900000,0x00000000e3900000)
  from space 232960K, 61% used [0x00000000f1c80000,0x00000000fa77bfc0,0x0000000100000000)
  to   space 232960K, 0% used [0x00000000e3900000,0x00000000e3900000,0x00000000f1c80000)
 ParOldGen       total 851968K, used 756723K [0x0000000080000000, 0x00000000b4000000, 0x00000000d5580000)
  object space 851968K, 88% used [0x0000000080000000,0x00000000ae2fce10,0x00000000b4000000)
 Metaspace       used 6676K, capacity 7384K, committed 7680K, reserved 1056768K
  class space    used 622K, capacity 656K, committed 768K, reserved 1048576K
Event: 55.597 GC heap after
Heap after GC invocations=35 (full 6):
 PSYoungGen      total 465920K, used 107428K [0x00000000d5580000, 0x0000000100000000, 0x0000000100000000)
  eden space 232960K, 0% used [0x00000000d5580000,0x00000000d5580000,0x00000000e3900000)
  from space 232960K, 46% used [0x00000000e3900000,0x00000000ea1e9050,0x00000000f1c80000)
  to   space 232960K, 0% used [0x00000000f1c80000,0x00000000f1c80000,0x0000000100000000)
 ParOldGen       total 851968K, used 827284K [0x0000000080000000, 0x00000000b4000000, 0x00000000d5580000)
  object space 851968K, 97% used [0x0000000080000000,0x00000000b27e50d0,0x00000000b4000000)
 Metaspace       used 6676K, capacity 7384K, committed 7680K, reserved 1056768K
  class space    used 622K, capacity 656K, committed 768K, reserved 1048576K
}
Event: 55.597 GC heap before
{Heap before GC invocations=36 (full 7):
 PSYoungGen      total 465920K, used 107428K [0x00000000d5580000, 0x0000000100000000, 0x0000000100000000)
  eden space 232960K, 0% used [0x00000000d5580000,0x00000000d5580000,0x00000000e3900000)
  from space 232960K, 46% used [0x00000000e3900000,0x00000000ea1e9050,0x00000000f1c80000)
  to   space 232960K, 0% used [0x00000000f1c80000,0x00000000f1c80000,0x0000000100000000)
 ParOldGen       total 851968K, used 827284K [0x0000000080000000, 0x00000000b4000000, 0x00000000d5580000)
  object space 851968K, 97% used [0x0000000080000000,0x00000000b27e50d0,0x00000000b4000000)
 Metaspace       used 6676K, capacity 7384K, committed 7680K, reserved 1056768K
  class space    used 622K, capacity 656K, committed 768K, reserved 1048576K

