# JRE version: Java(TM) SE Runtime Environment (8.0_73-b02) (build 1.8.0_73-b02)
# Java VM: Java HotSpot(TM) 64-Bit Server VM (25.73-b02 mixed mode linux-amd64 compressed oops)
Heap:
 PSYoungGen      total 400384K, used 0K [0x00000000d5580000, 0x0000000100000000, 0x0000000100000000)
  eden space 276992K, 0% used [0x00000000d5580000,0x00000000d5580000,0x00000000e6400000)
  from space 123392K, 0% used [0x00000000e6400000,0x00000000e6400000,0x00000000edc80000)
  to   space 214528K, 0% used [0x00000000f2e80000,0x00000000f2e80000,0x0000000100000000)
 ParOldGen       total 825344K, used 734326K [0x0000000080000000, 0x00000000b2600000, 0x00000000d5580000)
  object space 825344K, 88% used [0x0000000080000000,0x00000000acd1da50,0x00000000b2600000)
 Metaspace       used 6596K, capacity 7320K, committed 7680K, reserved 1056768K
  class space    used 616K, capacity 656K, committed 768K, reserved 1048576K
GC Heap History (10 events):
Event: 55.715 GC heap after
Heap after GC invocations=28 (full 6):
 PSYoungGen      total 563712K, used 93007K [0x00000000d5580000, 0x0000000100000000, 0x0000000100000000)
  eden space 450048K, 0% used [0x00000000d5580000,0x00000000d5580000,0x00000000f0d00000)
  from space 113664K, 81% used [0x00000000f9100000,0x00000000febd3d28,0x0000000100000000)
  to   space 124416K, 0% used [0x00000000f0d00000,0x00000000f0d00000,0x00000000f8680000)
 ParOldGen       total 632832K, used 493939K [0x0000000080000000, 0x00000000a6a00000, 0x00000000d5580000)
  object space 632832K, 78% used [0x0000000080000000,0x000000009e25ce30,0x00000000a6a00000)
 Metaspace       used 6596K, capacity 7320K, committed 7680K, reserved 1056768K
  class space    used 616K, capacity 656K, committed 768K, reserved 1048576K
}
Event: 57.447 GC heap before
{Heap before GC invocations=29 (full 6):
 PSYoungGen      total 563712K, used 543055K [0x00000000d5580000, 0x0000000100000000, 0x0000000100000000)
  eden space 450048K, 100% used [0x00000000d5580000,0x00000000f0d00000,0x00000000f0d00000)
  from space 113664K, 81% used [0x00000000f9100000,0x00000000febd3d28,0x0000000100000000)
  to   space 124416K, 0% used [0x00000000f0d00000,0x00000000f0d00000,0x00000000f8680000)
 ParOldGen       total 632832K, used 493939K [0x0000000080000000, 0x00000000a6a00000, 0x00000000d5580000)
  object space 632832K, 78% used [0x0000000080000000,0x000000009e25ce30,0x00000000a6a00000)
 Metaspace       used 6596K, capacity 7320K, committed 7680K, reserved 1056768K
  class space    used 616K, capacity 656K, committed 768K, reserved 1048576K
Event: 60.790 GC heap after
Heap after GC invocations=29 (full 6):
 PSYoungGen      total 574464K, used 124391K [0x00000000d5580000, 0x0000000100000000, 0x0000000100000000)
  eden space 450048K, 0% used [0x00000000d5580000,0x00000000d5580000,0x00000000f0d00000)
  from space 124416K, 99% used [0x00000000f0d00000,0x00000000f8679cf0,0x00000000f8680000)
  to   space 124416K, 0% used [0x00000000f8680000,0x00000000f8680000,0x0000000100000000)
 ParOldGen       total 632832K, used 575895K [0x0000000080000000, 0x00000000a6a00000, 0x00000000d5580000)
  object space 632832K, 91% used [0x0000000080000000,0x00000000a3265d38,0x00000000a6a00000)
 Metaspace       used 6596K, capacity 7320K, committed 7680K, reserved 1056768K
  class space    used 616K, capacity 656K, committed 768K, reserved 1048576K
}
Event: 60.790 GC heap before
{Heap before GC invocations=30 (full 7):
 PSYoungGen      total 574464K, used 124391K [0x00000000d5580000, 0x0000000100000000, 0x0000000100000000)
  eden space 450048K, 0% used [0x00000000d5580000,0x00000000d5580000,0x00000000f0d00000)
  from space 124416K, 99% used [0x00000000f0d00000,0x00000000f8679cf0,0x00000000f8680000)
  to   space 124416K, 0% used [0x00000000f8680000,0x00000000f8680000,0x0000000100000000)
 ParOldGen       total 632832K, used 575895K [0x0000000080000000, 0x00000000a6a00000, 0x00000000d5580000)
  object space 632832K, 91% used [0x0000000080000000,0x00000000a3265d38,0x00000000a6a00000)
 Metaspace       used 6596K, capacity 7320K, committed 7680K, reserved 1056768K
  class space    used 616K, capacity 656K, committed 768K, reserved 1048576K
Event: 64.189 GC heap after
Heap after GC invocations=30 (full 7):
 PSYoungGen      total 574464K, used 64208K [0x00000000d5580000, 0x0000000100000000, 0x0000000100000000)
  eden space 450048K, 0% used [0x00000000d5580000,0x00000000d5580000,0x00000000f0d00000)
  from space 124416K, 51% used [0x00000000f0d00000,0x00000000f4bb41b0,0x00000000f8680000)
  to   space 124416K, 0% used [0x00000000f8680000,0x00000000f8680000,0x0000000100000000)
 ParOldGen       total 825344K, used 632519K [0x0000000080000000, 0x00000000b2600000, 0x00000000d5580000)
  object space 825344K, 76% used [0x0000000080000000,0x00000000a69b1ca0,0x00000000b2600000)
 Metaspace       used 6596K, capacity 7320K, committed 7680K, reserved 1056768K
  class space    used 616K, capacity 656K, committed 768K, reserved 1048576K
}
Event: 65.538 GC heap before
{Heap before GC invocations=31 (full 7):
 PSYoungGen      total 574464K, used 514256K [0x00000000d5580000, 0x0000000100000000, 0x0000000100000000)
  eden space 450048K, 100% used [0x00000000d5580000,0x00000000f0d00000,0x00000000f0d00000)
  from space 124416K, 51% used [0x00000000f0d00000,0x00000000f4bb41b0,0x00000000f8680000)
  to   space 124416K, 0% used [0x00000000f8680000,0x00000000f8680000,0x0000000100000000)
 ParOldGen       total 825344K, used 632519K [0x0000000080000000, 0x00000000b2600000, 0x00000000d5580000)
  object space 825344K, 76% used [0x0000000080000000,0x00000000a69b1ca0,0x00000000b2600000)
 Metaspace       used 6596K, capacity 7320K, committed 7680K, reserved 1056768K
  class space    used 616K, capacity 656K, committed 768K, reserved 1048576K
Event: 66.414 GC heap after
Heap after GC invocations=31 (full 7):
 PSYoungGen      total 401408K, used 124387K [0x00000000d5580000, 0x0000000100000000, 0x0000000100000000)
  eden space 276992K, 0% used [0x00000000d5580000,0x00000000d5580000,0x00000000e6400000)
  from space 124416K, 99% used [0x00000000f8680000,0x00000000ffff8de0,0x0000000100000000)
  to   space 210944K, 0% used [0x00000000e6400000,0x00000000e6400000,0x00000000f3200000)
 ParOldGen       total 825344K, used 701597K [0x0000000080000000, 0x00000000b2600000, 0x00000000d5580000)
  object space 825344K, 85% used [0x0000000080000000,0x00000000aad27560,0x00000000b2600000)
 Metaspace       used 6596K, capacity 7320K, committed 7680K, reserved 1056768K
  class space    used 616K, capacity 656K, committed 768K, reserved 1048576K
}
Event: 67.239 GC heap before
{Heap before GC invocations=32 (full 7):
 PSYoungGen      total 401408K, used 401379K [0x00000000d5580000, 0x0000000100000000, 0x0000000100000000)
  eden space 276992K, 100% used [0x00000000d5580000,0x00000000e6400000,0x00000000e6400000)
  from space 124416K, 99% used [0x00000000f8680000,0x00000000ffff8de0,0x0000000100000000)
  to   space 210944K, 0% used [0x00000000e6400000,0x00000000e6400000,0x00000000f3200000)
 ParOldGen       total 825344K, used 701597K [0x0000000080000000, 0x00000000b2600000, 0x00000000d5580000)
  object space 825344K, 85% used [0x0000000080000000,0x00000000aad27560,0x00000000b2600000)
 Metaspace       used 6596K, capacity 7320K, committed 7680K, reserved 1056768K
  class space    used 616K, capacity 656K, committed 768K, reserved 1048576K
Event: 70.285 GC heap after
Heap after GC invocations=32 (full 7):
 PSYoungGen      total 400384K, used 123034K [0x00000000d5580000, 0x0000000100000000, 0x0000000100000000)
  eden space 276992K, 0% used [0x00000000d5580000,0x00000000d5580000,0x00000000e6400000)
  from space 123392K, 99% used [0x00000000e6400000,0x00000000edc26840,0x00000000edc80000)
  to   space 214528K, 0% used [0x00000000f2e80000,0x00000000f2e80000,0x0000000100000000)
 ParOldGen       total 825344K, used 819540K [0x0000000080000000, 0x00000000b2600000, 0x00000000d5580000)
  object space 825344K, 99% used [0x0000000080000000,0x00000000b2055198,0x00000000b2600000)
 Metaspace       used 6596K, capacity 7320K, committed 7680K, reserved 1056768K
  class space    used 616K, capacity 656K, committed 768K, reserved 1048576K
}
Event: 70.285 GC heap before
{Heap before GC invocations=33 (full 8):
 PSYoungGen      total 400384K, used 123034K [0x00000000d5580000, 0x0000000100000000, 0x0000000100000000)
  eden space 276992K, 0% used [0x00000000d5580000,0x00000000d5580000,0x00000000e6400000)
  from space 123392K, 99% used [0x00000000e6400000,0x00000000edc26840,0x00000000edc80000)
  to   space 214528K, 0% used [0x00000000f2e80000,0x00000000f2e80000,0x0000000100000000)
 ParOldGen       total 825344K, used 819540K [0x0000000080000000, 0x00000000b2600000, 0x00000000d5580000)
  object space 825344K, 99% used [0x0000000080000000,0x00000000b2055198,0x00000000b2600000)
 Metaspace       used 6596K, capacity 7320K, committed 7680K, reserved 1056768K
  class space    used 616K, capacity 656K, committed 768K, reserved 1048576K

