# JRE version: Java(TM) SE Runtime Environment (8.0_73-b02) (build 1.8.0_73-b02)
# Java VM: Java HotSpot(TM) 64-Bit Server VM (25.73-b02 mixed mode linux-amd64 compressed oops)
Heap:
 PSYoungGen      total 465920K, used 0K [0x00000000d5580000, 0x0000000100000000, 0x0000000100000000)
  eden space 232960K, 0% used [0x00000000d5580000,0x00000000d5580000,0x00000000e3900000)
  from space 232960K, 0% used [0x00000000e3900000,0x00000000e3900000,0x00000000f1c80000)
  to   space 232960K, 0% used [0x00000000f1c80000,0x00000000f1c80000,0x0000000100000000)
 ParOldGen       total 919552K, used 836296K [0x0000000080000000, 0x00000000b8200000, 0x00000000d5580000)
  object space 919552K, 90% used [0x0000000080000000,0x00000000b30b2190,0x00000000b8200000)
 Metaspace       used 6695K, capacity 7384K, committed 7680K, reserved 1056768K
  class space    used 622K, capacity 656K, committed 768K, reserved 1048576K
GC Heap History (10 events):
Event: 62.721 GC heap after
Heap after GC invocations=30 (full 7):
 PSYoungGen      total 482304K, used 113183K [0x00000000d5580000, 0x0000000100000000, 0x0000000100000000)
  eden space 265728K, 0% used [0x00000000d5580000,0x00000000d5580000,0x00000000e5900000)
  from space 216576K, 52% used [0x00000000e5900000,0x00000000ec787fc8,0x00000000f2c80000)
  to   space 213504K, 0% used [0x00000000f2f80000,0x00000000f2f80000,0x0000000100000000)
 ParOldGen       total 919552K, used 706047K [0x0000000080000000, 0x00000000b8200000, 0x00000000d5580000)
  object space 919552K, 76% used [0x0000000080000000,0x00000000ab17fdb0,0x00000000b8200000)
 Metaspace       used 6585K, capacity 7320K, committed 7680K, reserved 1056768K
  class space    used 616K, capacity 656K, committed 768K, reserved 1048576K
}
Event: 63.506 GC heap before
{Heap before GC invocations=31 (full 7):
 PSYoungGen      total 482304K, used 378911K [0x00000000d5580000, 0x0000000100000000, 0x0000000100000000)
  eden space 265728K, 100% used [0x00000000d5580000,0x00000000e5900000,0x00000000e5900000)
  from space 216576K, 52% used [0x00000000e5900000,0x00000000ec787fc8,0x00000000f2c80000)
  to   space 213504K, 0% used [0x00000000f2f80000,0x00000000f2f80000,0x0000000100000000)
 ParOldGen       total 919552K, used 706047K [0x0000000080000000, 0x00000000b8200000, 0x00000000d5580000)
  object space 919552K, 76% used [0x0000000080000000,0x00000000ab17fdb0,0x00000000b8200000)
 Metaspace       used 6587K, capacity 7320K, committed 7680K, reserved 1056768K
  class space    used 616K, capacity 656K, committed 768K, reserved 1048576K
Event: 63.710 GC heap after
Heap after GC invocations=31 (full 7):
 PSYoungGen      total 463872K, used 152024K [0x00000000d5580000, 0x0000000100000000, 0x0000000100000000)
  eden space 250368K, 0% used [0x00000000d5580000,0x00000000d5580000,0x00000000e4a00000)
  from space 213504K, 71% used [0x00000000f2f80000,0x00000000fc3f6350,0x0000000100000000)
  to   space 224256K, 0% used [0x00000000e4a00000,0x00000000e4a00000,0x00000000f2500000)
 ParOldGen       total 919552K, used 706047K [0x0000000080000000, 0x00000000b8200000, 0x00000000d5580000)
  object space 919552K, 76% used [0x0000000080000000,0x00000000ab17fdb0,0x00000000b8200000)
 Metaspace       used 6587K, capacity 7320K, committed 7680K, reserved 1056768K
  class space    used 616K, capacity 656K, committed 768K, reserved 1048576K
}
Event: 64.420 GC heap before
{Heap before GC invocations=32 (full 7):
 PSYoungGen      total 463872K, used 402392K [0x00000000d5580000, 0x0000000100000000, 0x0000000100000000)
  eden space 250368K, 100% used [0x00000000d5580000,0x00000000e4a00000,0x00000000e4a00000)
  from space 213504K, 71% used [0x00000000f2f80000,0x00000000fc3f6350,0x0000000100000000)
  to   space 224256K, 0% used [0x00000000e4a00000,0x00000000e4a00000,0x00000000f2500000)
 ParOldGen       total 919552K, used 706047K [0x0000000080000000, 0x00000000b8200000, 0x00000000d5580000)
  object space 919552K, 76% used [0x0000000080000000,0x00000000ab17fdb0,0x00000000b8200000)
 Metaspace       used 6587K, capacity 7320K, committed 7680K, reserved 1056768K
  class space    used 616K, capacity 656K, committed 768K, reserved 1048576K
Event: 64.676 GC heap after
Heap after GC invocations=32 (full 7):
 PSYoungGen      total 438272K, used 187412K [0x00000000d5580000, 0x0000000100000000, 0x0000000100000000)
  eden space 250368K, 0% used [0x00000000d5580000,0x00000000d5580000,0x00000000e4a00000)
  from space 187904K, 99% used [0x00000000e4a00000,0x00000000f01051e8,0x00000000f0180000)
  to   space 232960K, 0% used [0x00000000f1c80000,0x00000000f1c80000,0x0000000100000000)
 ParOldGen       total 919552K, used 706047K [0x0000000080000000, 0x00000000b8200000, 0x00000000d5580000)
  object space 919552K, 76% used [0x0000000080000000,0x00000000ab17fdb0,0x00000000b8200000)
 Metaspace       used 6587K, capacity 7320K, committed 7680K, reserved 1056768K
  class space    used 616K, capacity 656K, committed 768K, reserved 1048576K
}
Event: 65.460 GC heap before
{Heap before GC invocations=33 (full 7):
 PSYoungGen      total 438272K, used 437780K [0x00000000d5580000, 0x0000000100000000, 0x0000000100000000)
  eden space 250368K, 100% used [0x00000000d5580000,0x00000000e4a00000,0x00000000e4a00000)
  from space 187904K, 99% used [0x00000000e4a00000,0x00000000f01051e8,0x00000000f0180000)
  to   space 232960K, 0% used [0x00000000f1c80000,0x00000000f1c80000,0x0000000100000000)
 ParOldGen       total 919552K, used 706047K [0x0000000080000000, 0x00000000b8200000, 0x00000000d5580000)
  object space 919552K, 76% used [0x0000000080000000,0x00000000ab17fdb0,0x00000000b8200000)
 Metaspace       used 6678K, capacity 7384K, committed 7680K, reserved 1056768K
  class space    used 622K, capacity 656K, committed 768K, reserved 1048576K
Event: 66.326 GC heap after
Heap after GC invocations=33 (full 7):
 PSYoungGen      total 465920K, used 168894K [0x00000000d5580000, 0x0000000100000000, 0x0000000100000000)
  eden space 232960K, 0% used [0x00000000d5580000,0x00000000d5580000,0x00000000e3900000)
  from space 232960K, 72% used [0x00000000f1c80000,0x00000000fc16faa8,0x0000000100000000)
  to   space 232960K, 0% used [0x00000000e3900000,0x00000000e3900000,0x00000000f1c80000)
 ParOldGen       total 919552K, used 762735K [0x0000000080000000, 0x00000000b8200000, 0x00000000d5580000)
  object space 919552K, 82% used [0x0000000080000000,0x00000000ae8dbef0,0x00000000b8200000)
 Metaspace       used 6678K, capacity 7384K, committed 7680K, reserved 1056768K
  class space    used 622K, capacity 656K, committed 768K, reserved 1048576K
}
Event: 67.259 GC heap before
{Heap before GC invocations=34 (full 7):
 PSYoungGen      total 465920K, used 401854K [0x00000000d5580000, 0x0000000100000000, 0x0000000100000000)
  eden space 232960K, 100% used [0x00000000d5580000,0x00000000e3900000,0x00000000e3900000)
  from space 232960K, 72% used [0x00000000f1c80000,0x00000000fc16faa8,0x0000000100000000)
  to   space 232960K, 0% used [0x00000000e3900000,0x00000000e3900000,0x00000000f1c80000)
 ParOldGen       total 919552K, used 762735K [0x0000000080000000, 0x00000000b8200000, 0x00000000d5580000)
  object space 919552K, 82% used [0x0000000080000000,0x00000000ae8dbef0,0x00000000b8200000)
 Metaspace       used 6695K, capacity 7384K, committed 7680K, reserved 1056768K
  class space    used 622K, capacity 656K, committed 768K, reserved 1048576K
Event: 68.153 GC heap after
Heap after GC invocations=34 (full 7):
 PSYoungGen      total 465920K, used 110808K [0x00000000d5580000, 0x0000000100000000, 0x0000000100000000)
  eden space 232960K, 0% used [0x00000000d5580000,0x00000000d5580000,0x00000000e3900000)
  from space 232960K, 47% used [0x00000000e3900000,0x00000000ea536130,0x00000000f1c80000)
  to   space 232960K, 0% used [0x00000000f1c80000,0x00000000f1c80000,0x0000000100000000)
 ParOldGen       total 919552K, used 855597K [0x0000000080000000, 0x00000000b8200000, 0x00000000d5580000)
  object space 919552K, 93% used [0x0000000080000000,0x00000000b438b4c0,0x00000000b8200000)
 Metaspace       used 6695K, capacity 7384K, committed 7680K, reserved 1056768K
  class space    used 622K, capacity 656K, committed 768K, reserved 1048576K
}
Event: 68.153 GC heap before
{Heap before GC invocations=35 (full 8):
 PSYoungGen      total 465920K, used 110808K [0x00000000d5580000, 0x0000000100000000, 0x0000000100000000)
  eden space 232960K, 0% used [0x00000000d5580000,0x00000000d5580000,0x00000000e3900000)
  from space 232960K, 47% used [0x00000000e3900000,0x00000000ea536130,0x00000000f1c80000)
  to   space 232960K, 0% used [0x00000000f1c80000,0x00000000f1c80000,0x0000000100000000)
 ParOldGen       total 919552K, used 855597K [0x0000000080000000, 0x00000000b8200000, 0x00000000d5580000)
  object space 919552K, 93% used [0x0000000080000000,0x00000000b438b4c0,0x00000000b8200000)
 Metaspace       used 6695K, capacity 7384K, committed 7680K, reserved 1056768K
  class space    used 622K, capacity 656K, committed 768K, reserved 1048576K

