# JRE version: Java(TM) SE Runtime Environment (8.0_73-b02) (build 1.8.0_73-b02)
# Java VM: Java HotSpot(TM) 64-Bit Server VM (25.73-b02 mixed mode linux-amd64 compressed oops)
Heap:
 PSYoungGen      total 465920K, used 399K [0x00000000d5580000, 0x0000000100000000, 0x0000000100000000)
  eden space 232960K, 0% used [0x00000000d5580000,0x00000000d5580000,0x00000000e3900000)
  from space 232960K, 0% used [0x00000000f1c80000,0x00000000f1ce3d88,0x0000000100000000)
  to   space 232960K, 0% used [0x00000000e3900000,0x00000000e3900000,0x00000000f1c80000)
 ParOldGen       total 854528K, used 854477K [0x0000000080000000, 0x00000000b4280000, 0x00000000d5580000)
  object space 854528K, 99% used [0x0000000080000000,0x00000000b4273700,0x00000000b4280000)
 Metaspace       used 6748K, capacity 7448K, committed 7680K, reserved 1056768K
  class space    used 624K, capacity 656K, committed 768K, reserved 1048576K
GC Heap History (10 events):
Event: 61.961 GC heap after
Heap after GC invocations=30 (full 6):
 PSYoungGen      total 480768K, used 129621K [0x00000000d5580000, 0x00000000ffd80000, 0x0000000100000000)
  eden space 280576K, 0% used [0x00000000d5580000,0x00000000d5580000,0x00000000e6780000)
  from space 200192K, 64% used [0x00000000f3a00000,0x00000000fb8955d0,0x00000000ffd80000)
  to   space 207872K, 0% used [0x00000000e6780000,0x00000000e6780000,0x00000000f3280000)
 ParOldGen       total 854528K, used 632736K [0x0000000080000000, 0x00000000b4280000, 0x00000000d5580000)
  object space 854528K, 74% used [0x0000000080000000,0x00000000a69e8330,0x00000000b4280000)
 Metaspace       used 6604K, capacity 7320K, committed 7680K, reserved 1056768K
  class space    used 616K, capacity 656K, committed 768K, reserved 1048576K
}
Event: 63.711 GC heap before
{Heap before GC invocations=31 (full 6):
 PSYoungGen      total 480768K, used 410197K [0x00000000d5580000, 0x00000000ffd80000, 0x0000000100000000)
  eden space 280576K, 100% used [0x00000000d5580000,0x00000000e6780000,0x00000000e6780000)
  from space 200192K, 64% used [0x00000000f3a00000,0x00000000fb8955d0,0x00000000ffd80000)
  to   space 207872K, 0% used [0x00000000e6780000,0x00000000e6780000,0x00000000f3280000)
 ParOldGen       total 854528K, used 632736K [0x0000000080000000, 0x00000000b4280000, 0x00000000d5580000)
  object space 854528K, 74% used [0x0000000080000000,0x00000000a69e8330,0x00000000b4280000)
 Metaspace       used 6606K, capacity 7320K, committed 7680K, reserved 1056768K
  class space    used 616K, capacity 656K, committed 768K, reserved 1048576K
Event: 64.105 GC heap after
Heap after GC invocations=31 (full 6):
 PSYoungGen      total 450560K, used 169883K [0x00000000d5580000, 0x0000000100000000, 0x0000000100000000)
  eden space 280576K, 0% used [0x00000000d5580000,0x00000000d5580000,0x00000000e6780000)
  from space 169984K, 99% used [0x00000000e6780000,0x00000000f0d66f48,0x00000000f0d80000)
  to   space 225792K, 0% used [0x00000000f2380000,0x00000000f2380000,0x0000000100000000)
 ParOldGen       total 854528K, used 632736K [0x0000000080000000, 0x00000000b4280000, 0x00000000d5580000)
  object space 854528K, 74% used [0x0000000080000000,0x00000000a69e8330,0x00000000b4280000)
 Metaspace       used 6606K, capacity 7320K, committed 7680K, reserved 1056768K
  class space    used 616K, capacity 656K, committed 768K, reserved 1048576K
}
Event: 66.607 GC heap before
{Heap before GC invocations=32 (full 6):
 PSYoungGen      total 450560K, used 450459K [0x00000000d5580000, 0x0000000100000000, 0x0000000100000000)
  eden space 280576K, 100% used [0x00000000d5580000,0x00000000e6780000,0x00000000e6780000)
  from space 169984K, 99% used [0x00000000e6780000,0x00000000f0d66f48,0x00000000f0d80000)
  to   space 225792K, 0% used [0x00000000f2380000,0x00000000f2380000,0x0000000100000000)
 ParOldGen       total 854528K, used 632736K [0x0000000080000000, 0x00000000b4280000, 0x00000000d5580000)
  object space 854528K, 74% used [0x0000000080000000,0x00000000a69e8330,0x00000000b4280000)
 Metaspace       used 6675K, capacity 7384K, committed 7680K, reserved 1056768K
  class space    used 620K, capacity 656K, committed 768K, reserved 1048576K
Event: 66.942 GC heap after
Heap after GC invocations=32 (full 6):
 PSYoungGen      total 458752K, used 212642K [0x00000000d5580000, 0x0000000100000000, 0x0000000100000000)
  eden space 232960K, 0% used [0x00000000d5580000,0x00000000d5580000,0x00000000e3900000)
  from space 225792K, 94% used [0x00000000f2380000,0x00000000ff328838,0x0000000100000000)
  to   space 232960K, 0% used [0x00000000e3900000,0x00000000e3900000,0x00000000f1c80000)
 ParOldGen       total 854528K, used 632744K [0x0000000080000000, 0x00000000b4280000, 0x00000000d5580000)
  object space 854528K, 74% used [0x0000000080000000,0x00000000a69ea330,0x00000000b4280000)
 Metaspace       used 6675K, capacity 7384K, committed 7680K, reserved 1056768K
  class space    used 620K, capacity 656K, committed 768K, reserved 1048576K
}
Event: 68.278 GC heap before
{Heap before GC invocations=33 (full 6):
 PSYoungGen      total 458752K, used 445602K [0x00000000d5580000, 0x0000000100000000, 0x0000000100000000)
  eden space 232960K, 100% used [0x00000000d5580000,0x00000000e3900000,0x00000000e3900000)
  from space 225792K, 94% used [0x00000000f2380000,0x00000000ff328838,0x0000000100000000)
  to   space 232960K, 0% used [0x00000000e3900000,0x00000000e3900000,0x00000000f1c80000)
 ParOldGen       total 854528K, used 632744K [0x0000000080000000, 0x00000000b4280000, 0x00000000d5580000)
  object space 854528K, 74% used [0x0000000080000000,0x00000000a69ea330,0x00000000b4280000)
 Metaspace       used 6719K, capacity 7384K, committed 7680K, reserved 1056768K
  class space    used 622K, capacity 656K, committed 768K, reserved 1048576K
Event: 69.862 GC heap after
Heap after GC invocations=33 (full 6):
 PSYoungGen      total 465920K, used 197072K [0x00000000d5580000, 0x0000000100000000, 0x0000000100000000)
  eden space 232960K, 0% used [0x00000000d5580000,0x00000000d5580000,0x00000000e3900000)
  from space 232960K, 84% used [0x00000000e3900000,0x00000000ef974150,0x00000000f1c80000)
  to   space 232960K, 0% used [0x00000000f1c80000,0x00000000f1c80000,0x0000000100000000)
 ParOldGen       total 854528K, used 680702K [0x0000000080000000, 0x00000000b4280000, 0x00000000d5580000)
  object space 854528K, 79% used [0x0000000080000000,0x00000000a98bf878,0x00000000b4280000)
 Metaspace       used 6719K, capacity 7384K, committed 7680K, reserved 1056768K
  class space    used 622K, capacity 656K, committed 768K, reserved 1048576K
}
Event: 70.852 GC heap before
{Heap before GC invocations=34 (full 6):
 PSYoungGen      total 465920K, used 430032K [0x00000000d5580000, 0x0000000100000000, 0x0000000100000000)
  eden space 232960K, 100% used [0x00000000d5580000,0x00000000e3900000,0x00000000e3900000)
  from space 232960K, 84% used [0x00000000e3900000,0x00000000ef974150,0x00000000f1c80000)
  to   space 232960K, 0% used [0x00000000f1c80000,0x00000000f1c80000,0x0000000100000000)
 ParOldGen       total 854528K, used 680702K [0x0000000080000000, 0x00000000b4280000, 0x00000000d5580000)
  object space 854528K, 79% used [0x0000000080000000,0x00000000a98bf878,0x00000000b4280000)
 Metaspace       used 6748K, capacity 7448K, committed 7680K, reserved 1056768K
  class space    used 624K, capacity 656K, committed 768K, reserved 1048576K
Event: 74.021 GC heap after
Heap after GC invocations=34 (full 6):
 PSYoungGen      total 465920K, used 161708K [0x00000000d5580000, 0x0000000100000000, 0x0000000100000000)
  eden space 232960K, 0% used [0x00000000d5580000,0x00000000d5580000,0x00000000e3900000)
  from space 232960K, 69% used [0x00000000f1c80000,0x00000000fba6b240,0x0000000100000000)
  to   space 232960K, 0% used [0x00000000e3900000,0x00000000e3900000,0x00000000f1c80000)
 ParOldGen       total 854528K, used 759952K [0x0000000080000000, 0x00000000b4280000, 0x00000000d5580000)
  object space 854528K, 88% used [0x0000000080000000,0x00000000ae624140,0x00000000b4280000)
 Metaspace       used 6748K, capacity 7448K, committed 7680K, reserved 1056768K
  class space    used 624K, capacity 656K, committed 768K, reserved 1048576K
}
Event: 74.057 GC heap before
{Heap before GC invocations=35 (full 7):
 PSYoungGen      total 465920K, used 161708K [0x00000000d5580000, 0x0000000100000000, 0x0000000100000000)
  eden space 232960K, 0% used [0x00000000d5580000,0x00000000d5580000,0x00000000e3900000)
  from space 232960K, 69% used [0x00000000f1c80000,0x00000000fba6b240,0x0000000100000000)
  to   space 232960K, 0% used [0x00000000e3900000,0x00000000e3900000,0x00000000f1c80000)
 ParOldGen       total 854528K, used 759952K [0x0000000080000000, 0x00000000b4280000, 0x00000000d5580000)
  object space 854528K, 88% used [0x0000000080000000,0x00000000ae624140,0x00000000b4280000)
 Metaspace       used 6748K, capacity 7448K, committed 7680K, reserved 1056768K
  class space    used 624K, capacity 656K, committed 768K, reserved 1048576K

