# JRE version: Java(TM) SE Runtime Environment (8.0_73-b02) (build 1.8.0_73-b02)
# Java VM: Java HotSpot(TM) 64-Bit Server VM (25.73-b02 mixed mode linux-amd64 compressed oops)
Heap:
 PSYoungGen      total 465920K, used 65770K [0x00000000d5580000, 0x0000000100000000, 0x0000000100000000)
  eden space 232960K, 0% used [0x00000000d5580000,0x00000000d5580000,0x00000000e3900000)
  from space 232960K, 28% used [0x00000000e3900000,0x00000000e793aa40,0x00000000f1c80000)
  to   space 232960K, 0% used [0x00000000f1c80000,0x00000000f1c80000,0x0000000100000000)
 ParOldGen       total 755200K, used 754723K [0x0000000080000000, 0x00000000ae180000, 0x00000000d5580000)
  object space 755200K, 99% used [0x0000000080000000,0x00000000ae108d58,0x00000000ae180000)
 Metaspace       used 6705K, capacity 7384K, committed 7680K, reserved 1056768K
  class space    used 622K, capacity 656K, committed 768K, reserved 1048576K
GC Heap History (10 events):
Event: 56.697 GC heap after
Heap after GC invocations=29 (full 6):
 PSYoungGen      total 442880K, used 117362K [0x00000000d5580000, 0x0000000100000000, 0x0000000100000000)
  eden space 325120K, 0% used [0x00000000d5580000,0x00000000d5580000,0x00000000e9300000)
  from space 117760K, 99% used [0x00000000e9300000,0x00000000f059c8c0,0x00000000f0600000)
  to   space 191488K, 0% used [0x00000000f4500000,0x00000000f4500000,0x0000000100000000)
 ParOldGen       total 750592K, used 587890K [0x0000000080000000, 0x00000000add00000, 0x00000000d5580000)
  object space 750592K, 78% used [0x0000000080000000,0x00000000a3e1cab0,0x00000000add00000)
 Metaspace       used 6593K, capacity 7320K, committed 7680K, reserved 1056768K
  class space    used 616K, capacity 656K, committed 768K, reserved 1048576K
}
Event: 57.680 GC heap before
{Heap before GC invocations=30 (full 6):
 PSYoungGen      total 442880K, used 442482K [0x00000000d5580000, 0x0000000100000000, 0x0000000100000000)
  eden space 325120K, 100% used [0x00000000d5580000,0x00000000e9300000,0x00000000e9300000)
  from space 117760K, 99% used [0x00000000e9300000,0x00000000f059c8c0,0x00000000f0600000)
  to   space 191488K, 0% used [0x00000000f4500000,0x00000000f4500000,0x0000000100000000)
 ParOldGen       total 750592K, used 587890K [0x0000000080000000, 0x00000000add00000, 0x00000000d5580000)
  object space 750592K, 78% used [0x0000000080000000,0x00000000a3e1cab0,0x00000000add00000)
 Metaspace       used 6597K, capacity 7320K, committed 7680K, reserved 1056768K
  class space    used 616K, capacity 656K, committed 768K, reserved 1048576K
Event: 58.044 GC heap after
Heap after GC invocations=30 (full 6):
 PSYoungGen      total 463360K, used 169441K [0x00000000d5580000, 0x0000000100000000, 0x0000000100000000)
  eden space 271872K, 0% used [0x00000000d5580000,0x00000000d5580000,0x00000000e5f00000)
  from space 191488K, 88% used [0x00000000f4500000,0x00000000fea784b0,0x0000000100000000)
  to   space 213504K, 0% used [0x00000000e5f00000,0x00000000e5f00000,0x00000000f2f80000)
 ParOldGen       total 750592K, used 587890K [0x0000000080000000, 0x00000000add00000, 0x00000000d5580000)
  object space 750592K, 78% used [0x0000000080000000,0x00000000a3e1cab0,0x00000000add00000)
 Metaspace       used 6597K, capacity 7320K, committed 7680K, reserved 1056768K
  class space    used 616K, capacity 656K, committed 768K, reserved 1048576K
}
Event: 58.841 GC heap before
{Heap before GC invocations=31 (full 6):
 PSYoungGen      total 463360K, used 441313K [0x00000000d5580000, 0x0000000100000000, 0x0000000100000000)
  eden space 271872K, 100% used [0x00000000d5580000,0x00000000e5f00000,0x00000000e5f00000)
  from space 191488K, 88% used [0x00000000f4500000,0x00000000fea784b0,0x0000000100000000)
  to   space 213504K, 0% used [0x00000000e5f00000,0x00000000e5f00000,0x00000000f2f80000)
 ParOldGen       total 750592K, used 587890K [0x0000000080000000, 0x00000000add00000, 0x00000000d5580000)
  object space 750592K, 78% used [0x0000000080000000,0x00000000a3e1cab0,0x00000000add00000)
 Metaspace       used 6598K, capacity 7320K, committed 7680K, reserved 1056768K
  class space    used 616K, capacity 656K, committed 768K, reserved 1048576K
Event: 59.230 GC heap after
Heap after GC invocations=31 (full 6):
 PSYoungGen      total 480256K, used 207881K [0x00000000d5580000, 0x0000000100000000, 0x0000000100000000)
  eden space 271872K, 0% used [0x00000000d5580000,0x00000000d5580000,0x00000000e5f00000)
  from space 208384K, 99% used [0x00000000e5f00000,0x00000000f2a024d0,0x00000000f2a80000)
  to   space 218624K, 0% used [0x00000000f2a80000,0x00000000f2a80000,0x0000000100000000)
 ParOldGen       total 750592K, used 587890K [0x0000000080000000, 0x00000000add00000, 0x00000000d5580000)
  object space 750592K, 78% used [0x0000000080000000,0x00000000a3e1cab0,0x00000000add00000)
 Metaspace       used 6598K, capacity 7320K, committed 7680K, reserved 1056768K
  class space    used 616K, capacity 656K, committed 768K, reserved 1048576K
}
Event: 60.150 GC heap before
{Heap before GC invocations=32 (full 6):
 PSYoungGen      total 480256K, used 479753K [0x00000000d5580000, 0x0000000100000000, 0x0000000100000000)
  eden space 271872K, 100% used [0x00000000d5580000,0x00000000e5f00000,0x00000000e5f00000)
  from space 208384K, 99% used [0x00000000e5f00000,0x00000000f2a024d0,0x00000000f2a80000)
  to   space 218624K, 0% used [0x00000000f2a80000,0x00000000f2a80000,0x0000000100000000)
 ParOldGen       total 750592K, used 587890K [0x0000000080000000, 0x00000000add00000, 0x00000000d5580000)
  object space 750592K, 78% used [0x0000000080000000,0x00000000a3e1cab0,0x00000000add00000)
 Metaspace       used 6703K, capacity 7384K, committed 7680K, reserved 1056768K
  class space    used 622K, capacity 656K, committed 768K, reserved 1048576K
Event: 60.621 GC heap after
Heap after GC invocations=32 (full 6):
 PSYoungGen      total 451584K, used 182280K [0x00000000d5580000, 0x0000000100000000, 0x0000000100000000)
  eden space 232960K, 0% used [0x00000000d5580000,0x00000000d5580000,0x00000000e3900000)
  from space 218624K, 83% used [0x00000000f2a80000,0x00000000fdc82100,0x0000000100000000)
  to   space 232960K, 0% used [0x00000000e3900000,0x00000000e3900000,0x00000000f1c80000)
 ParOldGen       total 750592K, used 653772K [0x0000000080000000, 0x00000000add00000, 0x00000000d5580000)
  object space 750592K, 87% used [0x0000000080000000,0x00000000a7e73068,0x00000000add00000)
 Metaspace       used 6703K, capacity 7384K, committed 7680K, reserved 1056768K
  class space    used 622K, capacity 656K, committed 768K, reserved 1048576K
}
Event: 61.398 GC heap before
{Heap before GC invocations=33 (full 6):
 PSYoungGen      total 451584K, used 415240K [0x00000000d5580000, 0x0000000100000000, 0x0000000100000000)
  eden space 232960K, 100% used [0x00000000d5580000,0x00000000e3900000,0x00000000e3900000)
  from space 218624K, 83% used [0x00000000f2a80000,0x00000000fdc82100,0x0000000100000000)
  to   space 232960K, 0% used [0x00000000e3900000,0x00000000e3900000,0x00000000f1c80000)
 ParOldGen       total 750592K, used 653772K [0x0000000080000000, 0x00000000add00000, 0x00000000d5580000)
  object space 750592K, 87% used [0x0000000080000000,0x00000000a7e73068,0x00000000add00000)
 Metaspace       used 6705K, capacity 7384K, committed 7680K, reserved 1056768K
  class space    used 622K, capacity 656K, committed 768K, reserved 1048576K
Event: 64.812 GC heap after
Heap after GC invocations=33 (full 6):
 PSYoungGen      total 465920K, used 120590K [0x00000000d5580000, 0x0000000100000000, 0x0000000100000000)
  eden space 232960K, 0% used [0x00000000d5580000,0x00000000d5580000,0x00000000e3900000)
  from space 232960K, 51% used [0x00000000e3900000,0x00000000eaec3ac8,0x00000000f1c80000)
  to   space 232960K, 0% used [0x00000000f1c80000,0x00000000f1c80000,0x0000000100000000)
 ParOldGen       total 755200K, used 753025K [0x0000000080000000, 0x00000000ae180000, 0x00000000d5580000)
  object space 755200K, 99% used [0x0000000080000000,0x00000000adf60440,0x00000000ae180000)
 Metaspace       used 6705K, capacity 7384K, committed 7680K, reserved 1056768K
  class space    used 622K, capacity 656K, committed 768K, reserved 1048576K
}
Event: 64.812 GC heap before
{Heap before GC invocations=34 (full 7):
 PSYoungGen      total 465920K, used 120590K [0x00000000d5580000, 0x0000000100000000, 0x0000000100000000)
  eden space 232960K, 0% used [0x00000000d5580000,0x00000000d5580000,0x00000000e3900000)
  from space 232960K, 51% used [0x00000000e3900000,0x00000000eaec3ac8,0x00000000f1c80000)
  to   space 232960K, 0% used [0x00000000f1c80000,0x00000000f1c80000,0x0000000100000000)
 ParOldGen       total 755200K, used 753025K [0x0000000080000000, 0x00000000ae180000, 0x00000000d5580000)
  object space 755200K, 99% used [0x0000000080000000,0x00000000adf60440,0x00000000ae180000)
 Metaspace       used 6705K, capacity 7384K, committed 7680K, reserved 1056768K
  class space    used 622K, capacity 656K, committed 768K, reserved 1048576K

