# JRE version: Java(TM) SE Runtime Environment (8.0_73-b02) (build 1.8.0_73-b02)
# Java VM: Java HotSpot(TM) 64-Bit Server VM (25.73-b02 mixed mode linux-amd64 compressed oops)
Heap:
 PSYoungGen      total 453632K, used 0K [0x00000000d5580000, 0x00000000ff400000, 0x0000000100000000)
  eden space 232960K, 0% used [0x00000000d5580000,0x00000000d5580000,0x00000000e3900000)
  from space 220672K, 0% used [0x00000000f1c80000,0x00000000f1c80000,0x00000000ff400000)
  to   space 226816K, 0% used [0x00000000e3900000,0x00000000e3900000,0x00000000f1680000)
 ParOldGen       total 1075200K, used 927045K [0x0000000080000000, 0x00000000c1a00000, 0x00000000d5580000)
  object space 1075200K, 86% used [0x0000000080000000,0x00000000b8951518,0x00000000c1a00000)
 Metaspace       used 6988K, capacity 7672K, committed 7936K, reserved 1056768K
  class space    used 635K, capacity 688K, committed 768K, reserved 1048576K
GC Heap History (10 events):
Event: 71.700 GC heap after
Heap after GC invocations=35 (full 7):
 PSYoungGen      total 465920K, used 0K [0x00000000d5580000, 0x0000000100000000, 0x0000000100000000)
  eden space 232960K, 0% used [0x00000000d5580000,0x00000000d5580000,0x00000000e3900000)
  from space 232960K, 0% used [0x00000000f1c80000,0x00000000f1c80000,0x0000000100000000)
  to   space 232960K, 0% used [0x00000000e3900000,0x00000000e3900000,0x00000000f1c80000)
 ParOldGen       total 1075200K, used 820143K [0x0000000080000000, 0x00000000c1a00000, 0x00000000d5580000)
  object space 1075200K, 76% used [0x0000000080000000,0x00000000b20ebe20,0x00000000c1a00000)
 Metaspace       used 6714K, capacity 7384K, committed 7680K, reserved 1056768K
  class space    used 622K, capacity 656K, committed 768K, reserved 1048576K
}
Event: 72.303 GC heap before
{Heap before GC invocations=36 (full 7):
 PSYoungGen      total 465920K, used 232960K [0x00000000d5580000, 0x0000000100000000, 0x0000000100000000)
  eden space 232960K, 100% used [0x00000000d5580000,0x00000000e3900000,0x00000000e3900000)
  from space 232960K, 0% used [0x00000000f1c80000,0x00000000f1c80000,0x0000000100000000)
  to   space 232960K, 0% used [0x00000000e3900000,0x00000000e3900000,0x00000000f1c80000)
 ParOldGen       total 1075200K, used 820143K [0x0000000080000000, 0x00000000c1a00000, 0x00000000d5580000)
  object space 1075200K, 76% used [0x0000000080000000,0x00000000b20ebe20,0x00000000c1a00000)
 Metaspace       used 6718K, capacity 7384K, committed 7680K, reserved 1056768K
  class space    used 622K, capacity 656K, committed 768K, reserved 1048576K
Event: 72.402 GC heap after
Heap after GC invocations=36 (full 7):
 PSYoungGen      total 465920K, used 36323K [0x00000000d5580000, 0x0000000100000000, 0x0000000100000000)
  eden space 232960K, 0% used [0x00000000d5580000,0x00000000d5580000,0x00000000e3900000)
  from space 232960K, 15% used [0x00000000e3900000,0x00000000e5c78c28,0x00000000f1c80000)
  to   space 232960K, 0% used [0x00000000f1c80000,0x00000000f1c80000,0x0000000100000000)
 ParOldGen       total 1075200K, used 820143K [0x0000000080000000, 0x00000000c1a00000, 0x00000000d5580000)
  object space 1075200K, 76% used [0x0000000080000000,0x00000000b20ebe20,0x00000000c1a00000)
 Metaspace       used 6718K, capacity 7384K, committed 7680K, reserved 1056768K
  class space    used 622K, capacity 656K, committed 768K, reserved 1048576K
}
Event: 73.048 GC heap before
{Heap before GC invocations=37 (full 7):
 PSYoungGen      total 465920K, used 269283K [0x00000000d5580000, 0x0000000100000000, 0x0000000100000000)
  eden space 232960K, 100% used [0x00000000d5580000,0x00000000e3900000,0x00000000e3900000)
  from space 232960K, 15% used [0x00000000e3900000,0x00000000e5c78c28,0x00000000f1c80000)
  to   space 232960K, 0% used [0x00000000f1c80000,0x00000000f1c80000,0x0000000100000000)
 ParOldGen       total 1075200K, used 820143K [0x0000000080000000, 0x00000000c1a00000, 0x00000000d5580000)
  object space 1075200K, 76% used [0x0000000080000000,0x00000000b20ebe20,0x00000000c1a00000)
 Metaspace       used 6720K, capacity 7384K, committed 7680K, reserved 1056768K
  class space    used 622K, capacity 656K, committed 768K, reserved 1048576K
Event: 73.167 GC heap after
Heap after GC invocations=37 (full 7):
 PSYoungGen      total 465920K, used 69595K [0x00000000d5580000, 0x0000000100000000, 0x0000000100000000)
  eden space 232960K, 0% used [0x00000000d5580000,0x00000000d5580000,0x00000000e3900000)
  from space 232960K, 29% used [0x00000000f1c80000,0x00000000f6076c88,0x0000000100000000)
  to   space 232960K, 0% used [0x00000000e3900000,0x00000000e3900000,0x00000000f1c80000)
 ParOldGen       total 1075200K, used 820143K [0x0000000080000000, 0x00000000c1a00000, 0x00000000d5580000)
  object space 1075200K, 76% used [0x0000000080000000,0x00000000b20ebe20,0x00000000c1a00000)
 Metaspace       used 6720K, capacity 7384K, committed 7680K, reserved 1056768K
  class space    used 622K, capacity 656K, committed 768K, reserved 1048576K
}
Event: 74.721 GC heap before
{Heap before GC invocations=38 (full 7):
 PSYoungGen      total 465920K, used 302555K [0x00000000d5580000, 0x0000000100000000, 0x0000000100000000)
  eden space 232960K, 100% used [0x00000000d5580000,0x00000000e3900000,0x00000000e3900000)
  from space 232960K, 29% used [0x00000000f1c80000,0x00000000f6076c88,0x0000000100000000)
  to   space 232960K, 0% used [0x00000000e3900000,0x00000000e3900000,0x00000000f1c80000)
 ParOldGen       total 1075200K, used 820143K [0x0000000080000000, 0x00000000c1a00000, 0x00000000d5580000)
  object space 1075200K, 76% used [0x0000000080000000,0x00000000b20ebe20,0x00000000c1a00000)
 Metaspace       used 6975K, capacity 7608K, committed 7936K, reserved 1056768K
  class space    used 635K, capacity 688K, committed 768K, reserved 1048576K
Event: 77.435 GC heap after
Heap after GC invocations=38 (full 7):
 PSYoungGen      total 465920K, used 97456K [0x00000000d5580000, 0x0000000100000000, 0x0000000100000000)
  eden space 232960K, 0% used [0x00000000d5580000,0x00000000d5580000,0x00000000e3900000)
  from space 232960K, 41% used [0x00000000e3900000,0x00000000e982c350,0x00000000f1c80000)
  to   space 232960K, 0% used [0x00000000f1c80000,0x00000000f1c80000,0x0000000100000000)
 ParOldGen       total 1075200K, used 888535K [0x0000000080000000, 0x00000000c1a00000, 0x00000000d5580000)
  object space 1075200K, 82% used [0x0000000080000000,0x00000000b63b5ee8,0x00000000c1a00000)
 Metaspace       used 6975K, capacity 7608K, committed 7936K, reserved 1056768K
  class space    used 635K, capacity 688K, committed 768K, reserved 1048576K
}
Event: 78.274 GC heap before
{Heap before GC invocations=39 (full 7):
 PSYoungGen      total 465920K, used 330416K [0x00000000d5580000, 0x0000000100000000, 0x0000000100000000)
  eden space 232960K, 100% used [0x00000000d5580000,0x00000000e3900000,0x00000000e3900000)
  from space 232960K, 41% used [0x00000000e3900000,0x00000000e982c350,0x00000000f1c80000)
  to   space 232960K, 0% used [0x00000000f1c80000,0x00000000f1c80000,0x0000000100000000)
 ParOldGen       total 1075200K, used 888535K [0x0000000080000000, 0x00000000c1a00000, 0x00000000d5580000)
  object space 1075200K, 82% used [0x0000000080000000,0x00000000b63b5ee8,0x00000000c1a00000)
 Metaspace       used 6988K, capacity 7672K, committed 7936K, reserved 1056768K
  class space    used 635K, capacity 688K, committed 768K, reserved 1048576K
Event: 80.639 GC heap after
Heap after GC invocations=39 (full 7):
 PSYoungGen      total 453632K, used 68380K [0x00000000d5580000, 0x00000000ff400000, 0x0000000100000000)
  eden space 232960K, 0% used [0x00000000d5580000,0x00000000d5580000,0x00000000e3900000)
  from space 220672K, 30% used [0x00000000f1c80000,0x00000000f5f472f0,0x00000000ff400000)
  to   space 226816K, 0% used [0x00000000e3900000,0x00000000e3900000,0x00000000f1680000)
 ParOldGen       total 1075200K, used 985921K [0x0000000080000000, 0x00000000c1a00000, 0x00000000d5580000)
  object space 1075200K, 91% used [0x0000000080000000,0x00000000bc2d0480,0x00000000c1a00000)
 Metaspace       used 6988K, capacity 7672K, committed 7936K, reserved 1056768K
  class space    used 635K, capacity 688K, committed 768K, reserved 1048576K
}
Event: 80.639 GC heap before
{Heap before GC invocations=40 (full 8):
 PSYoungGen      total 453632K, used 68380K [0x00000000d5580000, 0x00000000ff400000, 0x0000000100000000)
  eden space 232960K, 0% used [0x00000000d5580000,0x00000000d5580000,0x00000000e3900000)
  from space 220672K, 30% used [0x00000000f1c80000,0x00000000f5f472f0,0x00000000ff400000)
  to   space 226816K, 0% used [0x00000000e3900000,0x00000000e3900000,0x00000000f1680000)
 ParOldGen       total 1075200K, used 985921K [0x0000000080000000, 0x00000000c1a00000, 0x00000000d5580000)
  object space 1075200K, 91% used [0x0000000080000000,0x00000000bc2d0480,0x00000000c1a00000)
 Metaspace       used 6988K, capacity 7672K, committed 7936K, reserved 1056768K
  class space    used 635K, capacity 688K, committed 768K, reserved 1048576K

