# JRE version: Java(TM) SE Runtime Environment (8.0_73-b02) (build 1.8.0_73-b02)
# Java VM: Java HotSpot(TM) 64-Bit Server VM (25.73-b02 mixed mode linux-amd64 compressed oops)
Heap:
 PSYoungGen      total 549888K, used 0K [0x00000000d5580000, 0x0000000100000000, 0x0000000100000000)
  eden space 481792K, 0% used [0x00000000d5580000,0x00000000d5580000,0x00000000f2c00000)
  from space 68096K, 0% used [0x00000000f2c00000,0x00000000f2c00000,0x00000000f6e80000)
  to   space 111616K, 0% used [0x00000000f9300000,0x00000000f9300000,0x0000000100000000)
 ParOldGen       total 586240K, used 575160K [0x0000000080000000, 0x00000000a3c80000, 0x00000000d5580000)
  object space 586240K, 98% used [0x0000000080000000,0x00000000a31ae268,0x00000000a3c80000)
 Metaspace       used 6591K, capacity 7320K, committed 7680K, reserved 1056768K
  class space    used 617K, capacity 656K, committed 768K, reserved 1048576K
GC Heap History (10 events):
Event: 54.614 GC heap after
Heap after GC invocations=23 (full 5):
 PSYoungGen      total 583168K, used 45341K [0x00000000d5580000, 0x00000000ff880000, 0x0000000100000000)
  eden space 508416K, 0% used [0x00000000d5580000,0x00000000d5580000,0x00000000f4600000)
  from space 74752K, 60% used [0x00000000f9780000,0x00000000fc3c7728,0x00000000fe080000)
  to   space 83456K, 0% used [0x00000000f4600000,0x00000000f4600000,0x00000000f9780000)
 ParOldGen       total 434176K, used 311883K [0x0000000080000000, 0x000000009a800000, 0x00000000d5580000)
  object space 434176K, 71% used [0x0000000080000000,0x0000000093092c68,0x000000009a800000)
 Metaspace       used 6579K, capacity 7320K, committed 7680K, reserved 1056768K
  class space    used 615K, capacity 656K, committed 768K, reserved 1048576K
}
Event: 59.920 GC heap before
{Heap before GC invocations=24 (full 5):
 PSYoungGen      total 583168K, used 553757K [0x00000000d5580000, 0x00000000ff880000, 0x0000000100000000)
  eden space 508416K, 100% used [0x00000000d5580000,0x00000000f4600000,0x00000000f4600000)
  from space 74752K, 60% used [0x00000000f9780000,0x00000000fc3c7728,0x00000000fe080000)
  to   space 83456K, 0% used [0x00000000f4600000,0x00000000f4600000,0x00000000f9780000)
 ParOldGen       total 434176K, used 311884K [0x0000000080000000, 0x000000009a800000, 0x00000000d5580000)
  object space 434176K, 71% used [0x0000000080000000,0x00000000930933d0,0x000000009a800000)
 Metaspace       used 6579K, capacity 7320K, committed 7680K, reserved 1056768K
  class space    used 615K, capacity 656K, committed 768K, reserved 1048576K
Event: 61.681 GC heap after
Heap after GC invocations=24 (full 5):
 PSYoungGen      total 591872K, used 80986K [0x00000000d5580000, 0x0000000100000000, 0x0000000100000000)
  eden space 508416K, 0% used [0x00000000d5580000,0x00000000d5580000,0x00000000f4600000)
  from space 83456K, 97% used [0x00000000f4600000,0x00000000f9516a48,0x00000000f9780000)
  to   space 96768K, 0% used [0x00000000fa180000,0x00000000fa180000,0x0000000100000000)
 ParOldGen       total 434176K, used 354931K [0x0000000080000000, 0x000000009a800000, 0x00000000d5580000)
  object space 434176K, 81% used [0x0000000080000000,0x0000000095a9cce0,0x000000009a800000)
 Metaspace       used 6579K, capacity 7320K, committed 7680K, reserved 1056768K
  class space    used 615K, capacity 656K, committed 768K, reserved 1048576K
}
Event: 64.191 GC heap before
{Heap before GC invocations=25 (full 5):
 PSYoungGen      total 591872K, used 589402K [0x00000000d5580000, 0x0000000100000000, 0x0000000100000000)
  eden space 508416K, 100% used [0x00000000d5580000,0x00000000f4600000,0x00000000f4600000)
  from space 83456K, 97% used [0x00000000f4600000,0x00000000f9516a48,0x00000000f9780000)
  to   space 96768K, 0% used [0x00000000fa180000,0x00000000fa180000,0x0000000100000000)
 ParOldGen       total 434176K, used 354931K [0x0000000080000000, 0x000000009a800000, 0x00000000d5580000)
  object space 434176K, 81% used [0x0000000080000000,0x0000000095a9cce0,0x000000009a800000)
 Metaspace       used 6581K, capacity 7320K, committed 7680K, reserved 1056768K
  class space    used 615K, capacity 656K, committed 768K, reserved 1048576K
Event: 64.951 GC heap after
Heap after GC invocations=25 (full 5):
 PSYoungGen      total 578560K, used 84254K [0x00000000d5580000, 0x0000000100000000, 0x0000000100000000)
  eden space 481792K, 0% used [0x00000000d5580000,0x00000000d5580000,0x00000000f2c00000)
  from space 96768K, 87% used [0x00000000fa180000,0x00000000ff3c7b50,0x0000000100000000)
  to   space 108544K, 0% used [0x00000000f2c00000,0x00000000f2c00000,0x00000000f9600000)
 ParOldGen       total 434176K, used 432436K [0x0000000080000000, 0x000000009a800000, 0x00000000d5580000)
  object space 434176K, 99% used [0x0000000080000000,0x000000009a64d158,0x000000009a800000)
 Metaspace       used 6581K, capacity 7320K, committed 7680K, reserved 1056768K
  class space    used 615K, capacity 656K, committed 768K, reserved 1048576K
}
Event: 64.951 GC heap before
{Heap before GC invocations=26 (full 6):
 PSYoungGen      total 578560K, used 84254K [0x00000000d5580000, 0x0000000100000000, 0x0000000100000000)
  eden space 481792K, 0% used [0x00000000d5580000,0x00000000d5580000,0x00000000f2c00000)
  from space 96768K, 87% used [0x00000000fa180000,0x00000000ff3c7b50,0x0000000100000000)
  to   space 108544K, 0% used [0x00000000f2c00000,0x00000000f2c00000,0x00000000f9600000)
 ParOldGen       total 434176K, used 432436K [0x0000000080000000, 0x000000009a800000, 0x00000000d5580000)
  object space 434176K, 99% used [0x0000000080000000,0x000000009a64d158,0x000000009a800000)
 Metaspace       used 6581K, capacity 7320K, committed 7680K, reserved 1056768K
  class space    used 615K, capacity 656K, committed 768K, reserved 1048576K
Event: 67.793 GC heap after
Heap after GC invocations=26 (full 6):
 PSYoungGen      total 578560K, used 78226K [0x00000000d5580000, 0x0000000100000000, 0x0000000100000000)
  eden space 481792K, 0% used [0x00000000d5580000,0x00000000d5580000,0x00000000f2c00000)
  from space 96768K, 80% used [0x00000000fa180000,0x00000000fede4ba8,0x0000000100000000)
  to   space 108544K, 0% used [0x00000000f2c00000,0x00000000f2c00000,0x00000000f9600000)
 ParOldGen       total 586240K, used 433750K [0x0000000080000000, 0x00000000a3c80000, 0x00000000d5580000)
  object space 586240K, 73% used [0x0000000080000000,0x000000009a795b88,0x00000000a3c80000)
 Metaspace       used 6581K, capacity 7320K, committed 7680K, reserved 1056768K
  class space    used 615K, capacity 656K, committed 768K, reserved 1048576K
}
Event: 69.309 GC heap before
{Heap before GC invocations=27 (full 6):
 PSYoungGen      total 578560K, used 560018K [0x00000000d5580000, 0x0000000100000000, 0x0000000100000000)
  eden space 481792K, 100% used [0x00000000d5580000,0x00000000f2c00000,0x00000000f2c00000)
  from space 96768K, 80% used [0x00000000fa180000,0x00000000fede4ba8,0x0000000100000000)
  to   space 108544K, 0% used [0x00000000f2c00000,0x00000000f2c00000,0x00000000f9600000)
 ParOldGen       total 586240K, used 433750K [0x0000000080000000, 0x00000000a3c80000, 0x00000000d5580000)
  object space 586240K, 73% used [0x0000000080000000,0x000000009a795b88,0x00000000a3c80000)
 Metaspace       used 6591K, capacity 7320K, committed 7680K, reserved 1056768K
  class space    used 617K, capacity 656K, committed 768K, reserved 1048576K
Event: 70.366 GC heap after
Heap after GC invocations=27 (full 6):
 PSYoungGen      total 549888K, used 67644K [0x00000000d5580000, 0x0000000100000000, 0x0000000100000000)
  eden space 481792K, 0% used [0x00000000d5580000,0x00000000d5580000,0x00000000f2c00000)
  from space 68096K, 99% used [0x00000000f2c00000,0x00000000f6e0f1b8,0x00000000f6e80000)
  to   space 111616K, 0% used [0x00000000f9300000,0x00000000f9300000,0x0000000100000000)
 ParOldGen       total 586240K, used 508977K [0x0000000080000000, 0x00000000a3c80000, 0x00000000d5580000)
  object space 586240K, 86% used [0x0000000080000000,0x000000009f10c400,0x00000000a3c80000)
 Metaspace       used 6591K, capacity 7320K, committed 7680K, reserved 1056768K
  class space    used 617K, capacity 656K, committed 768K, reserved 1048576K
}
Event: 70.366 GC heap before
{Heap before GC invocations=28 (full 7):
 PSYoungGen      total 549888K, used 67644K [0x00000000d5580000, 0x0000000100000000, 0x0000000100000000)
  eden space 481792K, 0% used [0x00000000d5580000,0x00000000d5580000,0x00000000f2c00000)
  from space 68096K, 99% used [0x00000000f2c00000,0x00000000f6e0f1b8,0x00000000f6e80000)
  to   space 111616K, 0% used [0x00000000f9300000,0x00000000f9300000,0x0000000100000000)
 ParOldGen       total 586240K, used 508977K [0x0000000080000000, 0x00000000a3c80000, 0x00000000d5580000)
  object space 586240K, 86% used [0x0000000080000000,0x000000009f10c400,0x00000000a3c80000)
 Metaspace       used 6591K, capacity 7320K, committed 7680K, reserved 1056768K
  class space    used 617K, capacity 656K, committed 768K, reserved 1048576K

