# JRE version: Java(TM) SE Runtime Environment (8.0_73-b02) (build 1.8.0_73-b02)
# Java VM: Java HotSpot(TM) 64-Bit Server VM (25.73-b02 mixed mode linux-amd64 compressed oops)
Heap:
 PSYoungGen      total 465920K, used 0K [0x00000000d5580000, 0x0000000100000000, 0x0000000100000000)
  eden space 232960K, 0% used [0x00000000d5580000,0x00000000d5580000,0x00000000e3900000)
  from space 232960K, 0% used [0x00000000e3900000,0x00000000e3900000,0x00000000f1c80000)
  to   space 232960K, 0% used [0x00000000f1c80000,0x00000000f1c80000,0x0000000100000000)
 ParOldGen       total 896512K, used 840289K [0x0000000080000000, 0x00000000b6b80000, 0x00000000d5580000)
  object space 896512K, 93% used [0x0000000080000000,0x00000000b3498550,0x00000000b6b80000)
 Metaspace       used 6699K, capacity 7384K, committed 7680K, reserved 1056768K
  class space    used 621K, capacity 656K, committed 768K, reserved 1048576K
GC Heap History (10 events):
Event: 46.820 GC heap after
Heap after GC invocations=31 (full 6):
 PSYoungGen      total 455168K, used 121974K [0x00000000d5580000, 0x00000000ff900000, 0x0000000100000000)
  eden space 244736K, 0% used [0x00000000d5580000,0x00000000d5580000,0x00000000e4480000)
  from space 210432K, 57% used [0x00000000e4480000,0x00000000ebb9d8a0,0x00000000f1200000)
  to   space 210944K, 0% used [0x00000000f2b00000,0x00000000f2b00000,0x00000000ff900000)
 ParOldGen       total 896512K, used 706516K [0x0000000080000000, 0x00000000b6b80000, 0x00000000d5580000)
  object space 896512K, 78% used [0x0000000080000000,0x00000000ab1f5370,0x00000000b6b80000)
 Metaspace       used 6587K, capacity 7320K, committed 7680K, reserved 1056768K
  class space    used 616K, capacity 656K, committed 768K, reserved 1048576K
}
Event: 47.948 GC heap before
{Heap before GC invocations=32 (full 6):
 PSYoungGen      total 455168K, used 366710K [0x00000000d5580000, 0x00000000ff900000, 0x0000000100000000)
  eden space 244736K, 100% used [0x00000000d5580000,0x00000000e4480000,0x00000000e4480000)
  from space 210432K, 57% used [0x00000000e4480000,0x00000000ebb9d8a0,0x00000000f1200000)
  to   space 210944K, 0% used [0x00000000f2b00000,0x00000000f2b00000,0x00000000ff900000)
 ParOldGen       total 896512K, used 706516K [0x0000000080000000, 0x00000000b6b80000, 0x00000000d5580000)
  object space 896512K, 78% used [0x0000000080000000,0x00000000ab1f5370,0x00000000b6b80000)
 Metaspace       used 6590K, capacity 7320K, committed 7680K, reserved 1056768K
  class space    used 616K, capacity 656K, committed 768K, reserved 1048576K
Event: 48.350 GC heap after
Heap after GC invocations=32 (full 6):
 PSYoungGen      total 461312K, used 159104K [0x00000000d5580000, 0x0000000100000000, 0x0000000100000000)
  eden space 250368K, 0% used [0x00000000d5580000,0x00000000d5580000,0x00000000e4a00000)
  from space 210944K, 75% used [0x00000000f2b00000,0x00000000fc6602f0,0x00000000ff900000)
  to   space 224256K, 0% used [0x00000000e4a00000,0x00000000e4a00000,0x00000000f2500000)
 ParOldGen       total 896512K, used 706516K [0x0000000080000000, 0x00000000b6b80000, 0x00000000d5580000)
  object space 896512K, 78% used [0x0000000080000000,0x00000000ab1f5370,0x00000000b6b80000)
 Metaspace       used 6590K, capacity 7320K, committed 7680K, reserved 1056768K
  class space    used 616K, capacity 656K, committed 768K, reserved 1048576K
}
Event: 49.961 GC heap before
{Heap before GC invocations=33 (full 6):
 PSYoungGen      total 461312K, used 409472K [0x00000000d5580000, 0x0000000100000000, 0x0000000100000000)
  eden space 250368K, 100% used [0x00000000d5580000,0x00000000e4a00000,0x00000000e4a00000)
  from space 210944K, 75% used [0x00000000f2b00000,0x00000000fc6602f0,0x00000000ff900000)
  to   space 224256K, 0% used [0x00000000e4a00000,0x00000000e4a00000,0x00000000f2500000)
 ParOldGen       total 896512K, used 706516K [0x0000000080000000, 0x00000000b6b80000, 0x00000000d5580000)
  object space 896512K, 78% used [0x0000000080000000,0x00000000ab1f5370,0x00000000b6b80000)
 Metaspace       used 6595K, capacity 7320K, committed 7680K, reserved 1056768K
  class space    used 616K, capacity 656K, committed 768K, reserved 1048576K
Event: 50.661 GC heap after
Heap after GC invocations=33 (full 6):
 PSYoungGen      total 446976K, used 196459K [0x00000000d5580000, 0x0000000100000000, 0x0000000100000000)
  eden space 250368K, 0% used [0x00000000d5580000,0x00000000d5580000,0x00000000e4a00000)
  from space 196608K, 99% used [0x00000000e4a00000,0x00000000f09dafd8,0x00000000f0a00000)
  to   space 232960K, 0% used [0x00000000f1c80000,0x00000000f1c80000,0x0000000100000000)
 ParOldGen       total 896512K, used 706516K [0x0000000080000000, 0x00000000b6b80000, 0x00000000d5580000)
  object space 896512K, 78% used [0x0000000080000000,0x00000000ab1f5370,0x00000000b6b80000)
 Metaspace       used 6595K, capacity 7320K, committed 7680K, reserved 1056768K
  class space    used 616K, capacity 656K, committed 768K, reserved 1048576K
}
Event: 51.696 GC heap before
{Heap before GC invocations=34 (full 6):
 PSYoungGen      total 446976K, used 446827K [0x00000000d5580000, 0x0000000100000000, 0x0000000100000000)
  eden space 250368K, 100% used [0x00000000d5580000,0x00000000e4a00000,0x00000000e4a00000)
  from space 196608K, 99% used [0x00000000e4a00000,0x00000000f09dafd8,0x00000000f0a00000)
  to   space 232960K, 0% used [0x00000000f1c80000,0x00000000f1c80000,0x0000000100000000)
 ParOldGen       total 896512K, used 706516K [0x0000000080000000, 0x00000000b6b80000, 0x00000000d5580000)
  object space 896512K, 78% used [0x0000000080000000,0x00000000ab1f5370,0x00000000b6b80000)
 Metaspace       used 6696K, capacity 7384K, committed 7680K, reserved 1056768K
  class space    used 621K, capacity 656K, committed 768K, reserved 1048576K
Event: 52.135 GC heap after
Heap after GC invocations=34 (full 6):
 PSYoungGen      total 465920K, used 183295K [0x00000000d5580000, 0x0000000100000000, 0x0000000100000000)
  eden space 232960K, 0% used [0x00000000d5580000,0x00000000d5580000,0x00000000e3900000)
  from space 232960K, 78% used [0x00000000f1c80000,0x00000000fcf7fef8,0x0000000100000000)
  to   space 232960K, 0% used [0x00000000e3900000,0x00000000e3900000,0x00000000f1c80000)
 ParOldGen       total 896512K, used 755488K [0x0000000080000000, 0x00000000b6b80000, 0x00000000d5580000)
  object space 896512K, 84% used [0x0000000080000000,0x00000000ae1c8138,0x00000000b6b80000)
 Metaspace       used 6696K, capacity 7384K, committed 7680K, reserved 1056768K
  class space    used 621K, capacity 656K, committed 768K, reserved 1048576K
}
Event: 53.722 GC heap before
{Heap before GC invocations=35 (full 6):
 PSYoungGen      total 465920K, used 416255K [0x00000000d5580000, 0x0000000100000000, 0x0000000100000000)
  eden space 232960K, 100% used [0x00000000d5580000,0x00000000e3900000,0x00000000e3900000)
  from space 232960K, 78% used [0x00000000f1c80000,0x00000000fcf7fef8,0x0000000100000000)
  to   space 232960K, 0% used [0x00000000e3900000,0x00000000e3900000,0x00000000f1c80000)
 ParOldGen       total 896512K, used 755488K [0x0000000080000000, 0x00000000b6b80000, 0x00000000d5580000)
  object space 896512K, 84% used [0x0000000080000000,0x00000000ae1c8138,0x00000000b6b80000)
 Metaspace       used 6699K, capacity 7384K, committed 7680K, reserved 1056768K
  class space    used 621K, capacity 656K, committed 768K, reserved 1048576K
Event: 54.125 GC heap after
Heap after GC invocations=35 (full 6):
 PSYoungGen      total 465920K, used 147715K [0x00000000d5580000, 0x0000000100000000, 0x0000000100000000)
  eden space 232960K, 0% used [0x00000000d5580000,0x00000000d5580000,0x00000000e3900000)
  from space 232960K, 63% used [0x00000000e3900000,0x00000000ec940d60,0x00000000f1c80000)
  to   space 232960K, 0% used [0x00000000f1c80000,0x00000000f1c80000,0x0000000100000000)
 ParOldGen       total 896512K, used 825951K [0x0000000080000000, 0x00000000b6b80000, 0x00000000d5580000)
  object space 896512K, 92% used [0x0000000080000000,0x00000000b2697d50,0x00000000b6b80000)
 Metaspace       used 6699K, capacity 7384K, committed 7680K, reserved 1056768K
  class space    used 621K, capacity 656K, committed 768K, reserved 1048576K
}
Event: 54.197 GC heap before
{Heap before GC invocations=36 (full 7):
 PSYoungGen      total 465920K, used 147715K [0x00000000d5580000, 0x0000000100000000, 0x0000000100000000)
  eden space 232960K, 0% used [0x00000000d5580000,0x00000000d5580000,0x00000000e3900000)
  from space 232960K, 63% used [0x00000000e3900000,0x00000000ec940d60,0x00000000f1c80000)
  to   space 232960K, 0% used [0x00000000f1c80000,0x00000000f1c80000,0x0000000100000000)
 ParOldGen       total 896512K, used 825951K [0x0000000080000000, 0x00000000b6b80000, 0x00000000d5580000)
  object space 896512K, 92% used [0x0000000080000000,0x00000000b2697d50,0x00000000b6b80000)
 Metaspace       used 6699K, capacity 7384K, committed 7680K, reserved 1056768K
  class space    used 621K, capacity 656K, committed 768K, reserved 1048576K

