# JRE version: Java(TM) SE Runtime Environment (8.0_73-b02) (build 1.8.0_73-b02)
# Java VM: Java HotSpot(TM) 64-Bit Server VM (25.73-b02 mixed mode linux-amd64 compressed oops)
Heap:
 PSYoungGen      total 584704K, used 80751K [0x00000000d5580000, 0x0000000100000000, 0x0000000100000000)
  eden space 470528K, 0% used [0x00000000d5580000,0x00000000d5580000,0x00000000f2100000)
  from space 114176K, 70% used [0x00000000f2100000,0x00000000f6fdbc30,0x00000000f9080000)
  to   space 114176K, 0% used [0x00000000f9080000,0x00000000f9080000,0x0000000100000000)
 ParOldGen       total 590848K, used 590744K [0x0000000080000000, 0x00000000a4100000, 0x00000000d5580000)
  object space 590848K, 99% used [0x0000000080000000,0x00000000a40e60a8,0x00000000a4100000)
 Metaspace       used 6573K, capacity 7320K, committed 7680K, reserved 1056768K
  class space    used 616K, capacity 656K, committed 768K, reserved 1048576K
GC Heap History (10 events):
Event: 58.243 GC heap after
Heap after GC invocations=20 (full 4):
 PSYoungGen      total 598528K, used 63250K [0x00000000d5580000, 0x0000000100000000, 0x0000000100000000)
  eden space 510464K, 0% used [0x00000000d5580000,0x00000000d5580000,0x00000000f4800000)
  from space 88064K, 71% used [0x00000000faa00000,0x00000000fe7c49c0,0x0000000100000000)
  to   space 94208K, 0% used [0x00000000f4800000,0x00000000f4800000,0x00000000fa400000)
 ParOldGen       total 431104K, used 308721K [0x0000000080000000, 0x000000009a500000, 0x00000000d5580000)
  object space 431104K, 71% used [0x0000000080000000,0x0000000092d7c4d0,0x000000009a500000)
 Metaspace       used 6561K, capacity 7320K, committed 7680K, reserved 1056768K
  class space    used 615K, capacity 656K, committed 768K, reserved 1048576K
}
Event: 63.746 GC heap before
{Heap before GC invocations=21 (full 4):
 PSYoungGen      total 598528K, used 573714K [0x00000000d5580000, 0x0000000100000000, 0x0000000100000000)
  eden space 510464K, 100% used [0x00000000d5580000,0x00000000f4800000,0x00000000f4800000)
  from space 88064K, 71% used [0x00000000faa00000,0x00000000fe7c49c0,0x0000000100000000)
  to   space 94208K, 0% used [0x00000000f4800000,0x00000000f4800000,0x00000000fa400000)
 ParOldGen       total 431104K, used 308721K [0x0000000080000000, 0x000000009a500000, 0x00000000d5580000)
  object space 431104K, 71% used [0x0000000080000000,0x0000000092d7c4d0,0x000000009a500000)
 Metaspace       used 6565K, capacity 7320K, committed 7680K, reserved 1056768K
  class space    used 615K, capacity 656K, committed 768K, reserved 1048576K
Event: 67.298 GC heap after
Heap after GC invocations=21 (full 4):
 PSYoungGen      total 589824K, used 79012K [0x00000000d5580000, 0x0000000100000000, 0x0000000100000000)
  eden space 510464K, 0% used [0x00000000d5580000,0x00000000d5580000,0x00000000f4800000)
  from space 79360K, 99% used [0x00000000f4800000,0x00000000f95293e0,0x00000000f9580000)
  to   space 103936K, 0% used [0x00000000f9a80000,0x00000000f9a80000,0x0000000100000000)
 ParOldGen       total 431104K, used 369268K [0x0000000080000000, 0x000000009a500000, 0x00000000d5580000)
  object space 431104K, 85% used [0x0000000080000000,0x000000009689d118,0x000000009a500000)
 Metaspace       used 6565K, capacity 7320K, committed 7680K, reserved 1056768K
  class space    used 615K, capacity 656K, committed 768K, reserved 1048576K
}
Event: 67.298 GC heap before
{Heap before GC invocations=22 (full 5):
 PSYoungGen      total 589824K, used 79012K [0x00000000d5580000, 0x0000000100000000, 0x0000000100000000)
  eden space 510464K, 0% used [0x00000000d5580000,0x00000000d5580000,0x00000000f4800000)
  from space 79360K, 99% used [0x00000000f4800000,0x00000000f95293e0,0x00000000f9580000)
  to   space 103936K, 0% used [0x00000000f9a80000,0x00000000f9a80000,0x0000000100000000)
 ParOldGen       total 431104K, used 369268K [0x0000000080000000, 0x000000009a500000, 0x00000000d5580000)
  object space 431104K, 85% used [0x0000000080000000,0x000000009689d118,0x000000009a500000)
 Metaspace       used 6565K, capacity 7320K, committed 7680K, reserved 1056768K
  class space    used 615K, capacity 656K, committed 768K, reserved 1048576K
Event: 76.555 GC heap after
Heap after GC invocations=22 (full 5):
 PSYoungGen      total 589824K, used 15851K [0x00000000d5580000, 0x0000000100000000, 0x0000000100000000)
  eden space 510464K, 0% used [0x00000000d5580000,0x00000000d5580000,0x00000000f4800000)
  from space 79360K, 19% used [0x00000000f4800000,0x00000000f577ada0,0x00000000f9580000)
  to   space 103936K, 0% used [0x00000000f9a80000,0x00000000f9a80000,0x0000000100000000)
 ParOldGen       total 590848K, used 431077K [0x0000000080000000, 0x00000000a4100000, 0x00000000d5580000)
  object space 590848K, 72% used [0x0000000080000000,0x000000009a4f9580,0x00000000a4100000)
 Metaspace       used 6565K, capacity 7320K, committed 7680K, reserved 1056768K
  class space    used 615K, capacity 656K, committed 768K, reserved 1048576K
}
Event: 82.443 GC heap before
{Heap before GC invocations=23 (full 5):
 PSYoungGen      total 589824K, used 526315K [0x00000000d5580000, 0x0000000100000000, 0x0000000100000000)
  eden space 510464K, 100% used [0x00000000d5580000,0x00000000f4800000,0x00000000f4800000)
  from space 79360K, 19% used [0x00000000f4800000,0x00000000f577ada0,0x00000000f9580000)
  to   space 103936K, 0% used [0x00000000f9a80000,0x00000000f9a80000,0x0000000100000000)
 ParOldGen       total 590848K, used 431077K [0x0000000080000000, 0x00000000a4100000, 0x00000000d5580000)
  object space 590848K, 72% used [0x0000000080000000,0x000000009a4f9580,0x00000000a4100000)
 Metaspace       used 6565K, capacity 7320K, committed 7680K, reserved 1056768K
  class space    used 615K, capacity 656K, committed 768K, reserved 1048576K
Event: 88.560 GC heap after
Heap after GC invocations=23 (full 5):
 PSYoungGen      total 574464K, used 84590K [0x00000000d5580000, 0x0000000100000000, 0x0000000100000000)
  eden space 470528K, 0% used [0x00000000d5580000,0x00000000d5580000,0x00000000f2100000)
  from space 103936K, 81% used [0x00000000f9a80000,0x00000000fed1bb20,0x0000000100000000)
  to   space 114176K, 0% used [0x00000000f2100000,0x00000000f2100000,0x00000000f9080000)
 ParOldGen       total 590848K, used 443489K [0x0000000080000000, 0x00000000a4100000, 0x00000000d5580000)
  object space 590848K, 75% used [0x0000000080000000,0x000000009b118780,0x00000000a4100000)
 Metaspace       used 6565K, capacity 7320K, committed 7680K, reserved 1056768K
  class space    used 615K, capacity 656K, committed 768K, reserved 1048576K
}
Event: 150.922 GC heap before
{Heap before GC invocations=24 (full 5):
 PSYoungGen      total 574464K, used 555118K [0x00000000d5580000, 0x0000000100000000, 0x0000000100000000)
  eden space 470528K, 100% used [0x00000000d5580000,0x00000000f2100000,0x00000000f2100000)
  from space 103936K, 81% used [0x00000000f9a80000,0x00000000fed1bb20,0x0000000100000000)
  to   space 114176K, 0% used [0x00000000f2100000,0x00000000f2100000,0x00000000f9080000)
 ParOldGen       total 590848K, used 443489K [0x0000000080000000, 0x00000000a4100000, 0x00000000d5580000)
  object space 590848K, 75% used [0x0000000080000000,0x000000009b118780,0x00000000a4100000)
 Metaspace       used 6573K, capacity 7320K, committed 7680K, reserved 1056768K
  class space    used 616K, capacity 656K, committed 768K, reserved 1048576K
Event: 161.870 GC heap after
Heap after GC invocations=24 (full 5):
 PSYoungGen      total 584704K, used 114156K [0x00000000d5580000, 0x0000000100000000, 0x0000000100000000)
  eden space 470528K, 0% used [0x00000000d5580000,0x00000000d5580000,0x00000000f2100000)
  from space 114176K, 99% used [0x00000000f2100000,0x00000000f907b058,0x00000000f9080000)
  to   space 114176K, 0% used [0x00000000f9080000,0x00000000f9080000,0x0000000100000000)
 ParOldGen       total 590848K, used 560153K [0x0000000080000000, 0x00000000a4100000, 0x00000000d5580000)
  object space 590848K, 94% used [0x0000000080000000,0x00000000a2306788,0x00000000a4100000)
 Metaspace       used 6573K, capacity 7320K, committed 7680K, reserved 1056768K
  class space    used 616K, capacity 656K, committed 768K, reserved 1048576K
}
Event: 162.277 GC heap before
{Heap before GC invocations=25 (full 6):
 PSYoungGen      total 584704K, used 114156K [0x00000000d5580000, 0x0000000100000000, 0x0000000100000000)
  eden space 470528K, 0% used [0x00000000d5580000,0x00000000d5580000,0x00000000f2100000)
  from space 114176K, 99% used [0x00000000f2100000,0x00000000f907b058,0x00000000f9080000)
  to   space 114176K, 0% used [0x00000000f9080000,0x00000000f9080000,0x0000000100000000)
 ParOldGen       total 590848K, used 560153K [0x0000000080000000, 0x00000000a4100000, 0x00000000d5580000)
  object space 590848K, 94% used [0x0000000080000000,0x00000000a2306788,0x00000000a4100000)
 Metaspace       used 6573K, capacity 7320K, committed 7680K, reserved 1056768K
  class space    used 616K, capacity 656K, committed 768K, reserved 1048576K

