# JRE version: Java(TM) SE Runtime Environment (8.0_73-b02) (build 1.8.0_73-b02)
# Java VM: Java HotSpot(TM) 64-Bit Server VM (25.73-b02 mixed mode linux-amd64 compressed oops)
Heap:
 PSYoungGen      total 509440K, used 49524K [0x00000000d5580000, 0x0000000100000000, 0x0000000100000000)
  eden space 320000K, 0% used [0x00000000d5580000,0x00000000d5580000,0x00000000e8e00000)
  from space 189440K, 26% used [0x00000000e8e00000,0x00000000ebe5d0c0,0x00000000f4700000)
  to   space 189440K, 0% used [0x00000000f4700000,0x00000000f4700000,0x0000000100000000)
 ParOldGen       total 941056K, used 940697K [0x0000000080000000, 0x00000000b9700000, 0x00000000d5580000)
  object space 941056K, 99% used [0x0000000080000000,0x00000000b96a6710,0x00000000b9700000)
 Metaspace       used 6954K, capacity 7608K, committed 7936K, reserved 1056768K
  class space    used 636K, capacity 688K, committed 768K, reserved 1048576K
GC Heap History (10 events):
Event: 84.851 GC heap after
Heap after GC invocations=31 (full 8):
 PSYoungGen      total 502272K, used 0K [0x00000000d5580000, 0x00000000ff900000, 0x0000000100000000)
  eden space 327680K, 0% used [0x00000000d5580000,0x00000000d5580000,0x00000000e9580000)
  from space 174592K, 0% used [0x00000000e9580000,0x00000000e9580000,0x00000000f4000000)
  to   space 165376K, 0% used [0x00000000f5780000,0x00000000f5780000,0x00000000ff900000)
 ParOldGen       total 941056K, used 731476K [0x0000000080000000, 0x00000000b9700000, 0x00000000d5580000)
  object space 941056K, 77% used [0x0000000080000000,0x00000000aca55270,0x00000000b9700000)
 Metaspace       used 6606K, capacity 7320K, committed 7680K, reserved 1056768K
  class space    used 616K, capacity 656K, committed 768K, reserved 1048576K
}
Event: 87.049 GC heap before
{Heap before GC invocations=32 (full 8):
 PSYoungGen      total 502272K, used 327680K [0x00000000d5580000, 0x00000000ff900000, 0x0000000100000000)
  eden space 327680K, 100% used [0x00000000d5580000,0x00000000e9580000,0x00000000e9580000)
  from space 174592K, 0% used [0x00000000e9580000,0x00000000e9580000,0x00000000f4000000)
  to   space 165376K, 0% used [0x00000000f5780000,0x00000000f5780000,0x00000000ff900000)
 ParOldGen       total 941056K, used 731476K [0x0000000080000000, 0x00000000b9700000, 0x00000000d5580000)
  object space 941056K, 77% used [0x0000000080000000,0x00000000aca55270,0x00000000b9700000)
 Metaspace       used 6629K, capacity 7320K, committed 7680K, reserved 1056768K
  class space    used 619K, capacity 656K, committed 768K, reserved 1048576K
Event: 87.252 GC heap after
Heap after GC invocations=32 (full 8):
 PSYoungGen      total 506880K, used 51774K [0x00000000d5580000, 0x00000000fe800000, 0x0000000100000000)
  eden space 358912K, 0% used [0x00000000d5580000,0x00000000d5580000,0x00000000eb400000)
  from space 147968K, 34% used [0x00000000f5780000,0x00000000f8a0f9b8,0x00000000fe800000)
  to   space 157696K, 0% used [0x00000000eb400000,0x00000000eb400000,0x00000000f4e00000)
 ParOldGen       total 941056K, used 731476K [0x0000000080000000, 0x00000000b9700000, 0x00000000d5580000)
  object space 941056K, 77% used [0x0000000080000000,0x00000000aca55270,0x00000000b9700000)
 Metaspace       used 6629K, capacity 7320K, committed 7680K, reserved 1056768K
  class space    used 619K, capacity 656K, committed 768K, reserved 1048576K
}
Event: 88.822 GC heap before
{Heap before GC invocations=33 (full 8):
 PSYoungGen      total 506880K, used 410686K [0x00000000d5580000, 0x00000000fe800000, 0x0000000100000000)
  eden space 358912K, 100% used [0x00000000d5580000,0x00000000eb400000,0x00000000eb400000)
  from space 147968K, 34% used [0x00000000f5780000,0x00000000f8a0f9b8,0x00000000fe800000)
  to   space 157696K, 0% used [0x00000000eb400000,0x00000000eb400000,0x00000000f4e00000)
 ParOldGen       total 941056K, used 731476K [0x0000000080000000, 0x00000000b9700000, 0x00000000d5580000)
  object space 941056K, 77% used [0x0000000080000000,0x00000000aca55270,0x00000000b9700000)
 Metaspace       used 6714K, capacity 7384K, committed 7680K, reserved 1056768K
  class space    used 622K, capacity 656K, committed 768K, reserved 1048576K
Event: 89.013 GC heap after
Heap after GC invocations=33 (full 8):
 PSYoungGen      total 516608K, used 109389K [0x00000000d5580000, 0x0000000100000000, 0x0000000100000000)
  eden space 358912K, 0% used [0x00000000d5580000,0x00000000d5580000,0x00000000eb400000)
  from space 157696K, 69% used [0x00000000eb400000,0x00000000f1ed3468,0x00000000f4e00000)
  to   space 165376K, 0% used [0x00000000f5e80000,0x00000000f5e80000,0x0000000100000000)
 ParOldGen       total 941056K, used 731476K [0x0000000080000000, 0x00000000b9700000, 0x00000000d5580000)
  object space 941056K, 77% used [0x0000000080000000,0x00000000aca55270,0x00000000b9700000)
 Metaspace       used 6714K, capacity 7384K, committed 7680K, reserved 1056768K
  class space    used 622K, capacity 656K, committed 768K, reserved 1048576K
}
Event: 90.092 GC heap before
{Heap before GC invocations=34 (full 8):
 PSYoungGen      total 516608K, used 468301K [0x00000000d5580000, 0x0000000100000000, 0x0000000100000000)
  eden space 358912K, 100% used [0x00000000d5580000,0x00000000eb400000,0x00000000eb400000)
  from space 157696K, 69% used [0x00000000eb400000,0x00000000f1ed3468,0x00000000f4e00000)
  to   space 165376K, 0% used [0x00000000f5e80000,0x00000000f5e80000,0x0000000100000000)
 ParOldGen       total 941056K, used 731476K [0x0000000080000000, 0x00000000b9700000, 0x00000000d5580000)
  object space 941056K, 77% used [0x0000000080000000,0x00000000aca55270,0x00000000b9700000)
 Metaspace       used 6716K, capacity 7384K, committed 7680K, reserved 1056768K
  class space    used 623K, capacity 656K, committed 768K, reserved 1048576K
Event: 90.359 GC heap after
Heap after GC invocations=34 (full 8):
 PSYoungGen      total 485376K, used 160365K [0x00000000d5580000, 0x0000000100000000, 0x0000000100000000)
  eden space 320000K, 0% used [0x00000000d5580000,0x00000000d5580000,0x00000000e8e00000)
  from space 165376K, 96% used [0x00000000f5e80000,0x00000000ffb1b428,0x0000000100000000)
  to   space 189440K, 0% used [0x00000000e8e00000,0x00000000e8e00000,0x00000000f4700000)
 ParOldGen       total 941056K, used 731476K [0x0000000080000000, 0x00000000b9700000, 0x00000000d5580000)
  object space 941056K, 77% used [0x0000000080000000,0x00000000aca55270,0x00000000b9700000)
 Metaspace       used 6716K, capacity 7384K, committed 7680K, reserved 1056768K
  class space    used 623K, capacity 656K, committed 768K, reserved 1048576K
}
Event: 91.847 GC heap before
{Heap before GC invocations=35 (full 8):
 PSYoungGen      total 485376K, used 480365K [0x00000000d5580000, 0x0000000100000000, 0x0000000100000000)
  eden space 320000K, 100% used [0x00000000d5580000,0x00000000e8e00000,0x00000000e8e00000)
  from space 165376K, 96% used [0x00000000f5e80000,0x00000000ffb1b428,0x0000000100000000)
  to   space 189440K, 0% used [0x00000000e8e00000,0x00000000e8e00000,0x00000000f4700000)
 ParOldGen       total 941056K, used 731476K [0x0000000080000000, 0x00000000b9700000, 0x00000000d5580000)
  object space 941056K, 77% used [0x0000000080000000,0x00000000aca55270,0x00000000b9700000)
 Metaspace       used 6954K, capacity 7608K, committed 7936K, reserved 1056768K
  class space    used 636K, capacity 688K, committed 768K, reserved 1048576K
Event: 92.264 GC heap after
Heap after GC invocations=35 (full 8):
 PSYoungGen      total 509440K, used 189434K [0x00000000d5580000, 0x0000000100000000, 0x0000000100000000)
  eden space 320000K, 0% used [0x00000000d5580000,0x00000000d5580000,0x00000000e8e00000)
  from space 189440K, 99% used [0x00000000e8e00000,0x00000000f46feae8,0x00000000f4700000)
  to   space 189440K, 0% used [0x00000000f4700000,0x00000000f4700000,0x0000000100000000)
 ParOldGen       total 941056K, used 838914K [0x0000000080000000, 0x00000000b9700000, 0x00000000d5580000)
  object space 941056K, 89% used [0x0000000080000000,0x00000000b33409b8,0x00000000b9700000)
 Metaspace       used 6954K, capacity 7608K, committed 7936K, reserved 1056768K
  class space    used 636K, capacity 688K, committed 768K, reserved 1048576K
}
Event: 92.264 GC heap before
{Heap before GC invocations=36 (full 9):
 PSYoungGen      total 509440K, used 189434K [0x00000000d5580000, 0x0000000100000000, 0x0000000100000000)
  eden space 320000K, 0% used [0x00000000d5580000,0x00000000d5580000,0x00000000e8e00000)
  from space 189440K, 99% used [0x00000000e8e00000,0x00000000f46feae8,0x00000000f4700000)
  to   space 189440K, 0% used [0x00000000f4700000,0x00000000f4700000,0x0000000100000000)
 ParOldGen       total 941056K, used 838914K [0x0000000080000000, 0x00000000b9700000, 0x00000000d5580000)
  object space 941056K, 89% used [0x0000000080000000,0x00000000b33409b8,0x00000000b9700000)
 Metaspace       used 6954K, capacity 7608K, committed 7936K, reserved 1056768K
  class space    used 636K, capacity 688K, committed 768K, reserved 1048576K

