# JRE version: Java(TM) SE Runtime Environment (8.0_73-b02) (build 1.8.0_73-b02)
# Java VM: Java HotSpot(TM) 64-Bit Server VM (25.73-b02 mixed mode linux-amd64 compressed oops)
Heap:
 PSYoungGen      total 528896K, used 0K [0x00000000d5580000, 0x0000000100000000, 0x0000000100000000)
  eden space 378368K, 0% used [0x00000000d5580000,0x00000000d5580000,0x00000000ec700000)
  from space 150528K, 0% used [0x00000000f5300000,0x00000000f5300000,0x00000000fe600000)
  to   space 143360K, 0% used [0x00000000ec700000,0x00000000ec700000,0x00000000f5300000)
 ParOldGen       total 835072K, used 785252K [0x0000000080000000, 0x00000000b2f80000, 0x00000000d5580000)
  object space 835072K, 94% used [0x0000000080000000,0x00000000afed9108,0x00000000b2f80000)
 Metaspace       used 6663K, capacity 7384K, committed 7680K, reserved 1056768K
  class space    used 620K, capacity 656K, committed 768K, reserved 1048576K
GC Heap History (10 events):
Event: 83.627 GC heap after
Heap after GC invocations=27 (full 7):
 PSYoungGen      total 500736K, used 0K [0x00000000d5580000, 0x0000000100000000, 0x0000000100000000)
  eden space 384512K, 0% used [0x00000000d5580000,0x00000000d5580000,0x00000000ecd00000)
  from space 116224K, 0% used [0x00000000f8e80000,0x00000000f8e80000,0x0000000100000000)
  to   space 157184K, 0% used [0x00000000ecd00000,0x00000000ecd00000,0x00000000f6680000)
 ParOldGen       total 835072K, used 641449K [0x0000000080000000, 0x00000000b2f80000, 0x00000000d5580000)
  object space 835072K, 76% used [0x0000000080000000,0x00000000a726a670,0x00000000b2f80000)
 Metaspace       used 6593K, capacity 7320K, committed 7680K, reserved 1056768K
  class space    used 616K, capacity 656K, committed 768K, reserved 1048576K
}
Event: 84.654 GC heap before
{Heap before GC invocations=28 (full 7):
 PSYoungGen      total 500736K, used 384512K [0x00000000d5580000, 0x0000000100000000, 0x0000000100000000)
  eden space 384512K, 100% used [0x00000000d5580000,0x00000000ecd00000,0x00000000ecd00000)
  from space 116224K, 0% used [0x00000000f8e80000,0x00000000f8e80000,0x0000000100000000)
  to   space 157184K, 0% used [0x00000000ecd00000,0x00000000ecd00000,0x00000000f6680000)
 ParOldGen       total 835072K, used 641449K [0x0000000080000000, 0x00000000b2f80000, 0x00000000d5580000)
  object space 835072K, 76% used [0x0000000080000000,0x00000000a726a670,0x00000000b2f80000)
 Metaspace       used 6593K, capacity 7320K, committed 7680K, reserved 1056768K
  class space    used 616K, capacity 656K, committed 768K, reserved 1048576K
Event: 84.750 GC heap after
Heap after GC invocations=28 (full 7):
 PSYoungGen      total 501760K, used 117004K [0x00000000d5580000, 0x0000000100000000, 0x0000000100000000)
  eden space 384512K, 0% used [0x00000000d5580000,0x00000000d5580000,0x00000000ecd00000)
  from space 117248K, 99% used [0x00000000ecd00000,0x00000000f3f43110,0x00000000f3f80000)
  to   space 168448K, 0% used [0x00000000f5b80000,0x00000000f5b80000,0x0000000100000000)
 ParOldGen       total 835072K, used 641449K [0x0000000080000000, 0x00000000b2f80000, 0x00000000d5580000)
  object space 835072K, 76% used [0x0000000080000000,0x00000000a726a670,0x00000000b2f80000)
 Metaspace       used 6593K, capacity 7320K, committed 7680K, reserved 1056768K
  class space    used 616K, capacity 656K, committed 768K, reserved 1048576K
}
Event: 85.564 GC heap before
{Heap before GC invocations=29 (full 7):
 PSYoungGen      total 501760K, used 501516K [0x00000000d5580000, 0x0000000100000000, 0x0000000100000000)
  eden space 384512K, 100% used [0x00000000d5580000,0x00000000ecd00000,0x00000000ecd00000)
  from space 117248K, 99% used [0x00000000ecd00000,0x00000000f3f43110,0x00000000f3f80000)
  to   space 168448K, 0% used [0x00000000f5b80000,0x00000000f5b80000,0x0000000100000000)
 ParOldGen       total 835072K, used 641449K [0x0000000080000000, 0x00000000b2f80000, 0x00000000d5580000)
  object space 835072K, 76% used [0x0000000080000000,0x00000000a726a670,0x00000000b2f80000)
 Metaspace       used 6595K, capacity 7320K, committed 7680K, reserved 1056768K
  class space    used 616K, capacity 656K, committed 768K, reserved 1048576K
Event: 85.711 GC heap after
Heap after GC invocations=29 (full 7):
 PSYoungGen      total 539648K, used 61333K [0x00000000d5580000, 0x0000000100000000, 0x0000000100000000)
  eden space 371200K, 0% used [0x00000000d5580000,0x00000000d5580000,0x00000000ec000000)
  from space 168448K, 36% used [0x00000000f5b80000,0x00000000f97656c8,0x0000000100000000)
  to   space 159232K, 0% used [0x00000000ec000000,0x00000000ec000000,0x00000000f5b80000)
 ParOldGen       total 835072K, used 665284K [0x0000000080000000, 0x00000000b2f80000, 0x00000000d5580000)
  object space 835072K, 79% used [0x0000000080000000,0x00000000a89b1290,0x00000000b2f80000)
 Metaspace       used 6595K, capacity 7320K, committed 7680K, reserved 1056768K
  class space    used 616K, capacity 656K, committed 768K, reserved 1048576K
}
Event: 87.078 GC heap before
{Heap before GC invocations=30 (full 7):
 PSYoungGen      total 539648K, used 432533K [0x00000000d5580000, 0x0000000100000000, 0x0000000100000000)
  eden space 371200K, 100% used [0x00000000d5580000,0x00000000ec000000,0x00000000ec000000)
  from space 168448K, 36% used [0x00000000f5b80000,0x00000000f97656c8,0x0000000100000000)
  to   space 159232K, 0% used [0x00000000ec000000,0x00000000ec000000,0x00000000f5b80000)
 ParOldGen       total 835072K, used 665284K [0x0000000080000000, 0x00000000b2f80000, 0x00000000d5580000)
  object space 835072K, 79% used [0x0000000080000000,0x00000000a89b1290,0x00000000b2f80000)
 Metaspace       used 6597K, capacity 7320K, committed 7680K, reserved 1056768K
  class space    used 616K, capacity 656K, committed 768K, reserved 1048576K
Event: 87.506 GC heap after
Heap after GC invocations=30 (full 7):
 PSYoungGen      total 432128K, used 60526K [0x00000000d5580000, 0x00000000fe600000, 0x0000000100000000)
  eden space 371200K, 0% used [0x00000000d5580000,0x00000000d5580000,0x00000000ec000000)
  from space 60928K, 99% used [0x00000000ec000000,0x00000000efb1bbf0,0x00000000efb80000)
  to   space 150528K, 0% used [0x00000000f5300000,0x00000000f5300000,0x00000000fe600000)
 ParOldGen       total 835072K, used 724832K [0x0000000080000000, 0x00000000b2f80000, 0x00000000d5580000)
  object space 835072K, 86% used [0x0000000080000000,0x00000000ac3d8208,0x00000000b2f80000)
 Metaspace       used 6597K, capacity 7320K, committed 7680K, reserved 1056768K
  class space    used 616K, capacity 656K, committed 768K, reserved 1048576K
}
Event: 88.999 GC heap before
{Heap before GC invocations=31 (full 7):
 PSYoungGen      total 432128K, used 431726K [0x00000000d5580000, 0x00000000fe600000, 0x0000000100000000)
  eden space 371200K, 100% used [0x00000000d5580000,0x00000000ec000000,0x00000000ec000000)
  from space 60928K, 99% used [0x00000000ec000000,0x00000000efb1bbf0,0x00000000efb80000)
  to   space 150528K, 0% used [0x00000000f5300000,0x00000000f5300000,0x00000000fe600000)
 ParOldGen       total 835072K, used 724832K [0x0000000080000000, 0x00000000b2f80000, 0x00000000d5580000)
  object space 835072K, 86% used [0x0000000080000000,0x00000000ac3d8208,0x00000000b2f80000)
 Metaspace       used 6663K, capacity 7384K, committed 7680K, reserved 1056768K
  class space    used 620K, capacity 656K, committed 768K, reserved 1048576K
Event: 91.184 GC heap after
Heap after GC invocations=31 (full 7):
 PSYoungGen      total 528896K, used 59550K [0x00000000d5580000, 0x0000000100000000, 0x0000000100000000)
  eden space 378368K, 0% used [0x00000000d5580000,0x00000000d5580000,0x00000000ec700000)
  from space 150528K, 39% used [0x00000000f5300000,0x00000000f8d279b0,0x00000000fe600000)
  to   space 143360K, 0% used [0x00000000ec700000,0x00000000ec700000,0x00000000f5300000)
 ParOldGen       total 835072K, used 783208K [0x0000000080000000, 0x00000000b2f80000, 0x00000000d5580000)
  object space 835072K, 93% used [0x0000000080000000,0x00000000afcda180,0x00000000b2f80000)
 Metaspace       used 6663K, capacity 7384K, committed 7680K, reserved 1056768K
  class space    used 620K, capacity 656K, committed 768K, reserved 1048576K
}
Event: 91.369 GC heap before
{Heap before GC invocations=32 (full 8):
 PSYoungGen      total 528896K, used 59550K [0x00000000d5580000, 0x0000000100000000, 0x0000000100000000)
  eden space 378368K, 0% used [0x00000000d5580000,0x00000000d5580000,0x00000000ec700000)
  from space 150528K, 39% used [0x00000000f5300000,0x00000000f8d279b0,0x00000000fe600000)
  to   space 143360K, 0% used [0x00000000ec700000,0x00000000ec700000,0x00000000f5300000)
 ParOldGen       total 835072K, used 783208K [0x0000000080000000, 0x00000000b2f80000, 0x00000000d5580000)
  object space 835072K, 93% used [0x0000000080000000,0x00000000afcda180,0x00000000b2f80000)
 Metaspace       used 6663K, capacity 7384K, committed 7680K, reserved 1056768K
  class space    used 620K, capacity 656K, committed 768K, reserved 1048576K

