# JRE version: Java(TM) SE Runtime Environment (8.0_73-b02) (build 1.8.0_73-b02)
# Java VM: Java HotSpot(TM) 64-Bit Server VM (25.73-b02 mixed mode linux-amd64 compressed oops)
Heap:
 PSYoungGen      total 547840K, used 12566K [0x00000000d5580000, 0x0000000100000000, 0x0000000100000000)
  eden space 396800K, 0% used [0x00000000d5580000,0x00000000d5580000,0x00000000ed900000)
  from space 151040K, 8% used [0x00000000ed900000,0x00000000ee545960,0x00000000f6c80000)
  to   space 143872K, 0% used [0x00000000f7380000,0x00000000f7380000,0x0000000100000000)
 ParOldGen       total 836608K, used 836247K [0x0000000080000000, 0x00000000b3100000, 0x00000000d5580000)
  object space 836608K, 99% used [0x0000000080000000,0x00000000b30a5ce0,0x00000000b3100000)
 Metaspace       used 6767K, capacity 7448K, committed 7680K, reserved 1056768K
  class space    used 625K, capacity 656K, committed 768K, reserved 1048576K
GC Heap History (10 events):
Event: 66.649 GC heap after
Heap after GC invocations=32 (full 7):
 PSYoungGen      total 557056K, used 0K [0x00000000d5580000, 0x0000000100000000, 0x0000000100000000)
  eden space 415232K, 0% used [0x00000000d5580000,0x00000000d5580000,0x00000000eeb00000)
  from space 141824K, 0% used [0x00000000eeb00000,0x00000000eeb00000,0x00000000f7580000)
  to   space 136704K, 0% used [0x00000000f7a80000,0x00000000f7a80000,0x0000000100000000)
 ParOldGen       total 836608K, used 640086K [0x0000000080000000, 0x00000000b3100000, 0x00000000d5580000)
  object space 836608K, 76% used [0x0000000080000000,0x00000000a7115858,0x00000000b3100000)
 Metaspace       used 6598K, capacity 7320K, committed 7680K, reserved 1056768K
  class space    used 615K, capacity 656K, committed 768K, reserved 1048576K
}
Event: 74.710 GC heap before
{Heap before GC invocations=33 (full 7):
 PSYoungGen      total 557056K, used 415232K [0x00000000d5580000, 0x0000000100000000, 0x0000000100000000)
  eden space 415232K, 100% used [0x00000000d5580000,0x00000000eeb00000,0x00000000eeb00000)
  from space 141824K, 0% used [0x00000000eeb00000,0x00000000eeb00000,0x00000000f7580000)
  to   space 136704K, 0% used [0x00000000f7a80000,0x00000000f7a80000,0x0000000100000000)
 ParOldGen       total 836608K, used 640086K [0x0000000080000000, 0x00000000b3100000, 0x00000000d5580000)
  object space 836608K, 76% used [0x0000000080000000,0x00000000a7115858,0x00000000b3100000)
 Metaspace       used 6598K, capacity 7320K, committed 7680K, reserved 1056768K
  class space    used 615K, capacity 656K, committed 768K, reserved 1048576K
Event: 74.776 GC heap after
Heap after GC invocations=33 (full 7):
 PSYoungGen      total 542720K, used 36925K [0x00000000d5580000, 0x00000000ff200000, 0x0000000100000000)
  eden space 420352K, 0% used [0x00000000d5580000,0x00000000d5580000,0x00000000ef000000)
  from space 122368K, 30% used [0x00000000f7a80000,0x00000000f9e8f6e0,0x00000000ff200000)
  to   space 132096K, 0% used [0x00000000ef000000,0x00000000ef000000,0x00000000f7100000)
 ParOldGen       total 836608K, used 640086K [0x0000000080000000, 0x00000000b3100000, 0x00000000d5580000)
  object space 836608K, 76% used [0x0000000080000000,0x00000000a7115858,0x00000000b3100000)
 Metaspace       used 6598K, capacity 7320K, committed 7680K, reserved 1056768K
  class space    used 615K, capacity 656K, committed 768K, reserved 1048576K
}
Event: 80.593 GC heap before
{Heap before GC invocations=34 (full 7):
 PSYoungGen      total 542720K, used 457277K [0x00000000d5580000, 0x00000000ff200000, 0x0000000100000000)
  eden space 420352K, 100% used [0x00000000d5580000,0x00000000ef000000,0x00000000ef000000)
  from space 122368K, 30% used [0x00000000f7a80000,0x00000000f9e8f6e0,0x00000000ff200000)
  to   space 132096K, 0% used [0x00000000ef000000,0x00000000ef000000,0x00000000f7100000)
 ParOldGen       total 836608K, used 640086K [0x0000000080000000, 0x00000000b3100000, 0x00000000d5580000)
  object space 836608K, 76% used [0x0000000080000000,0x00000000a7115858,0x00000000b3100000)
 Metaspace       used 6603K, capacity 7320K, committed 7680K, reserved 1056768K
  class space    used 616K, capacity 656K, committed 768K, reserved 1048576K
Event: 80.871 GC heap after
Heap after GC invocations=34 (full 7):
 PSYoungGen      total 552448K, used 71564K [0x00000000d5580000, 0x0000000100000000, 0x0000000100000000)
  eden space 420352K, 0% used [0x00000000d5580000,0x00000000d5580000,0x00000000ef000000)
  from space 132096K, 54% used [0x00000000ef000000,0x00000000f35e31b0,0x00000000f7100000)
  to   space 130560K, 0% used [0x00000000f8080000,0x00000000f8080000,0x0000000100000000)
 ParOldGen       total 836608K, used 676338K [0x0000000080000000, 0x00000000b3100000, 0x00000000d5580000)
  object space 836608K, 80% used [0x0000000080000000,0x00000000a947c8c8,0x00000000b3100000)
 Metaspace       used 6603K, capacity 7320K, committed 7680K, reserved 1056768K
  class space    used 616K, capacity 656K, committed 768K, reserved 1048576K
}
Event: 84.033 GC heap before
{Heap before GC invocations=35 (full 7):
 PSYoungGen      total 552448K, used 491916K [0x00000000d5580000, 0x0000000100000000, 0x0000000100000000)
  eden space 420352K, 100% used [0x00000000d5580000,0x00000000ef000000,0x00000000ef000000)
  from space 132096K, 54% used [0x00000000ef000000,0x00000000f35e31b0,0x00000000f7100000)
  to   space 130560K, 0% used [0x00000000f8080000,0x00000000f8080000,0x0000000100000000)
 ParOldGen       total 836608K, used 676338K [0x0000000080000000, 0x00000000b3100000, 0x00000000d5580000)
  object space 836608K, 80% used [0x0000000080000000,0x00000000a947c8c8,0x00000000b3100000)
 Metaspace       used 6681K, capacity 7384K, committed 7680K, reserved 1056768K
  class space    used 620K, capacity 656K, committed 768K, reserved 1048576K
Event: 88.717 GC heap after
Heap after GC invocations=35 (full 7):
 PSYoungGen      total 527360K, used 130542K [0x00000000d5580000, 0x0000000100000000, 0x0000000100000000)
  eden space 396800K, 0% used [0x00000000d5580000,0x00000000d5580000,0x00000000ed900000)
  from space 130560K, 99% used [0x00000000f8080000,0x00000000ffffba28,0x0000000100000000)
  to   space 151040K, 0% used [0x00000000ed900000,0x00000000ed900000,0x00000000f6c80000)
 ParOldGen       total 836608K, used 678786K [0x0000000080000000, 0x00000000b3100000, 0x00000000d5580000)
  object space 836608K, 81% used [0x0000000080000000,0x00000000a96e0a38,0x00000000b3100000)
 Metaspace       used 6681K, capacity 7384K, committed 7680K, reserved 1056768K
  class space    used 620K, capacity 656K, committed 768K, reserved 1048576K
}
Event: 91.146 GC heap before
{Heap before GC invocations=36 (full 7):
 PSYoungGen      total 527360K, used 527342K [0x00000000d5580000, 0x0000000100000000, 0x0000000100000000)
  eden space 396800K, 100% used [0x00000000d5580000,0x00000000ed900000,0x00000000ed900000)
  from space 130560K, 99% used [0x00000000f8080000,0x00000000ffffba28,0x0000000100000000)
  to   space 151040K, 0% used [0x00000000ed900000,0x00000000ed900000,0x00000000f6c80000)
 ParOldGen       total 836608K, used 678786K [0x0000000080000000, 0x00000000b3100000, 0x00000000d5580000)
  object space 836608K, 81% used [0x0000000080000000,0x00000000a96e0a38,0x00000000b3100000)
 Metaspace       used 6767K, capacity 7448K, committed 7680K, reserved 1056768K
  class space    used 625K, capacity 656K, committed 768K, reserved 1048576K
Event: 101.272 GC heap after
Heap after GC invocations=36 (full 7):
 PSYoungGen      total 547840K, used 68593K [0x00000000d5580000, 0x0000000100000000, 0x0000000100000000)
  eden space 396800K, 0% used [0x00000000d5580000,0x00000000d5580000,0x00000000ed900000)
  from space 151040K, 45% used [0x00000000ed900000,0x00000000f1bfc528,0x00000000f6c80000)
  to   space 143872K, 0% used [0x00000000f7380000,0x00000000f7380000,0x0000000100000000)
 ParOldGen       total 836608K, used 809840K [0x0000000080000000, 0x00000000b3100000, 0x00000000d5580000)
  object space 836608K, 96% used [0x0000000080000000,0x00000000b16dc158,0x00000000b3100000)
 Metaspace       used 6767K, capacity 7448K, committed 7680K, reserved 1056768K
  class space    used 625K, capacity 656K, committed 768K, reserved 1048576K
}
Event: 101.308 GC heap before
{Heap before GC invocations=37 (full 8):
 PSYoungGen      total 547840K, used 68593K [0x00000000d5580000, 0x0000000100000000, 0x0000000100000000)
  eden space 396800K, 0% used [0x00000000d5580000,0x00000000d5580000,0x00000000ed900000)
  from space 151040K, 45% used [0x00000000ed900000,0x00000000f1bfc528,0x00000000f6c80000)
  to   space 143872K, 0% used [0x00000000f7380000,0x00000000f7380000,0x0000000100000000)
 ParOldGen       total 836608K, used 809840K [0x0000000080000000, 0x00000000b3100000, 0x00000000d5580000)
  object space 836608K, 96% used [0x0000000080000000,0x00000000b16dc158,0x00000000b3100000)
 Metaspace       used 6767K, capacity 7448K, committed 7680K, reserved 1056768K
  class space    used 625K, capacity 656K, committed 768K, reserved 1048576K

