# JRE version: Java(TM) SE Runtime Environment (8.0_73-b02) (build 1.8.0_73-b02)
# Java VM: Java HotSpot(TM) 64-Bit Server VM (25.73-b02 mixed mode linux-amd64 compressed oops)
Heap:
 PSYoungGen      total 382976K, used 24820K [0x00000000d5580000, 0x0000000100000000, 0x0000000100000000)
  eden space 271872K, 0% used [0x00000000d5580000,0x00000000d5580000,0x00000000e5f00000)
  from space 111104K, 22% used [0x00000000f9380000,0x00000000fabbd380,0x0000000100000000)
  to   space 213504K, 0% used [0x00000000e5f00000,0x00000000e5f00000,0x00000000f2f80000)
 ParOldGen       total 701952K, used 701747K [0x0000000080000000, 0x00000000aad80000, 0x00000000d5580000)
  object space 701952K, 99% used [0x0000000080000000,0x00000000aad4cc18,0x00000000aad80000)
 Metaspace       used 6574K, capacity 7320K, committed 7680K, reserved 1056768K
  class space    used 616K, capacity 656K, committed 768K, reserved 1048576K
GC Heap History (10 events):
Event: 47.073 GC heap after
Heap after GC invocations=26 (full 5):
 PSYoungGen      total 538112K, used 71296K [0x00000000d5580000, 0x0000000100000000, 0x0000000100000000)
  eden space 436224K, 0% used [0x00000000d5580000,0x00000000d5580000,0x00000000eff80000)
  from space 101888K, 69% used [0x00000000eff80000,0x00000000f45200b8,0x00000000f6300000)
  to   space 107520K, 0% used [0x00000000f9700000,0x00000000f9700000,0x0000000100000000)
 ParOldGen       total 495104K, used 416090K [0x0000000080000000, 0x000000009e380000, 0x00000000d5580000)
  object space 495104K, 84% used [0x0000000080000000,0x0000000099656ac0,0x000000009e380000)
 Metaspace       used 6562K, capacity 7320K, committed 7680K, reserved 1056768K
  class space    used 615K, capacity 656K, committed 768K, reserved 1048576K
}
Event: 48.795 GC heap before
{Heap before GC invocations=27 (full 5):
 PSYoungGen      total 538112K, used 507520K [0x00000000d5580000, 0x0000000100000000, 0x0000000100000000)
  eden space 436224K, 100% used [0x00000000d5580000,0x00000000eff80000,0x00000000eff80000)
  from space 101888K, 69% used [0x00000000eff80000,0x00000000f45200b8,0x00000000f6300000)
  to   space 107520K, 0% used [0x00000000f9700000,0x00000000f9700000,0x0000000100000000)
 ParOldGen       total 495104K, used 416090K [0x0000000080000000, 0x000000009e380000, 0x00000000d5580000)
  object space 495104K, 84% used [0x0000000080000000,0x0000000099656ac0,0x000000009e380000)
 Metaspace       used 6572K, capacity 7320K, committed 7680K, reserved 1056768K
  class space    used 616K, capacity 656K, committed 768K, reserved 1048576K
Event: 52.223 GC heap after
Heap after GC invocations=27 (full 5):
 PSYoungGen      total 584192K, used 70007K [0x00000000d5580000, 0x0000000100000000, 0x0000000100000000)
  eden space 476672K, 0% used [0x00000000d5580000,0x00000000d5580000,0x00000000f2700000)
  from space 107520K, 65% used [0x00000000f9700000,0x00000000fdb5df30,0x0000000100000000)
  to   space 111104K, 0% used [0x00000000f2700000,0x00000000f2700000,0x00000000f9380000)
 ParOldGen       total 495104K, used 484442K [0x0000000080000000, 0x000000009e380000, 0x00000000d5580000)
  object space 495104K, 97% used [0x0000000080000000,0x000000009d916838,0x000000009e380000)
 Metaspace       used 6572K, capacity 7320K, committed 7680K, reserved 1056768K
  class space    used 616K, capacity 656K, committed 768K, reserved 1048576K
}
Event: 52.223 GC heap before
{Heap before GC invocations=28 (full 6):
 PSYoungGen      total 584192K, used 70007K [0x00000000d5580000, 0x0000000100000000, 0x0000000100000000)
  eden space 476672K, 0% used [0x00000000d5580000,0x00000000d5580000,0x00000000f2700000)
  from space 107520K, 65% used [0x00000000f9700000,0x00000000fdb5df30,0x0000000100000000)
  to   space 111104K, 0% used [0x00000000f2700000,0x00000000f2700000,0x00000000f9380000)
 ParOldGen       total 495104K, used 484442K [0x0000000080000000, 0x000000009e380000, 0x00000000d5580000)
  object space 495104K, 97% used [0x0000000080000000,0x000000009d916838,0x000000009e380000)
 Metaspace       used 6572K, capacity 7320K, committed 7680K, reserved 1056768K
  class space    used 616K, capacity 656K, committed 768K, reserved 1048576K
Event: 54.932 GC heap after
Heap after GC invocations=28 (full 6):
 PSYoungGen      total 584192K, used 57372K [0x00000000d5580000, 0x0000000100000000, 0x0000000100000000)
  eden space 476672K, 0% used [0x00000000d5580000,0x00000000d5580000,0x00000000f2700000)
  from space 107520K, 53% used [0x00000000f9700000,0x00000000fcf07120,0x0000000100000000)
  to   space 111104K, 0% used [0x00000000f2700000,0x00000000f2700000,0x00000000f9380000)
 ParOldGen       total 679936K, used 494731K [0x0000000080000000, 0x00000000a9800000, 0x00000000d5580000)
  object space 679936K, 72% used [0x0000000080000000,0x000000009e322c90,0x00000000a9800000)
 Metaspace       used 6572K, capacity 7320K, committed 7680K, reserved 1056768K
  class space    used 616K, capacity 656K, committed 768K, reserved 1048576K
}
Event: 57.078 GC heap before
{Heap before GC invocations=29 (full 6):
 PSYoungGen      total 584192K, used 534044K [0x00000000d5580000, 0x0000000100000000, 0x0000000100000000)
  eden space 476672K, 100% used [0x00000000d5580000,0x00000000f2700000,0x00000000f2700000)
  from space 107520K, 53% used [0x00000000f9700000,0x00000000fcf07120,0x0000000100000000)
  to   space 111104K, 0% used [0x00000000f2700000,0x00000000f2700000,0x00000000f9380000)
 ParOldGen       total 679936K, used 494731K [0x0000000080000000, 0x00000000a9800000, 0x00000000d5580000)
  object space 679936K, 72% used [0x0000000080000000,0x000000009e322c90,0x00000000a9800000)
 Metaspace       used 6574K, capacity 7320K, committed 7680K, reserved 1056768K
  class space    used 616K, capacity 656K, committed 768K, reserved 1048576K
Event: 59.698 GC heap after
Heap after GC invocations=29 (full 6):
 PSYoungGen      total 587776K, used 111081K [0x00000000d5580000, 0x0000000100000000, 0x0000000100000000)
  eden space 476672K, 0% used [0x00000000d5580000,0x00000000d5580000,0x00000000f2700000)
  from space 111104K, 99% used [0x00000000f2700000,0x00000000f937a4c0,0x00000000f9380000)
  to   space 111104K, 0% used [0x00000000f9380000,0x00000000f9380000,0x0000000100000000)
 ParOldGen       total 679936K, used 585118K [0x0000000080000000, 0x00000000a9800000, 0x00000000d5580000)
  object space 679936K, 86% used [0x0000000080000000,0x00000000a3b67840,0x00000000a9800000)
 Metaspace       used 6574K, capacity 7320K, committed 7680K, reserved 1056768K
  class space    used 616K, capacity 656K, committed 768K, reserved 1048576K
}
Event: 61.142 GC heap before
{Heap before GC invocations=30 (full 6):
 PSYoungGen      total 587776K, used 587753K [0x00000000d5580000, 0x0000000100000000, 0x0000000100000000)
  eden space 476672K, 100% used [0x00000000d5580000,0x00000000f2700000,0x00000000f2700000)
  from space 111104K, 99% used [0x00000000f2700000,0x00000000f937a4c0,0x00000000f9380000)
  to   space 111104K, 0% used [0x00000000f9380000,0x00000000f9380000,0x0000000100000000)
 ParOldGen       total 679936K, used 585118K [0x0000000080000000, 0x00000000a9800000, 0x00000000d5580000)
  object space 679936K, 86% used [0x0000000080000000,0x00000000a3b67840,0x00000000a9800000)
 Metaspace       used 6574K, capacity 7320K, committed 7680K, reserved 1056768K
  class space    used 616K, capacity 656K, committed 768K, reserved 1048576K
Event: 65.494 GC heap after
Heap after GC invocations=30 (full 6):
 PSYoungGen      total 382976K, used 111075K [0x00000000d5580000, 0x0000000100000000, 0x0000000100000000)
  eden space 271872K, 0% used [0x00000000d5580000,0x00000000d5580000,0x00000000e5f00000)
  from space 111104K, 99% used [0x00000000f9380000,0x00000000ffff8db0,0x0000000100000000)
  to   space 213504K, 0% used [0x00000000e5f00000,0x00000000e5f00000,0x00000000f2f80000)
 ParOldGen       total 701952K, used 701826K [0x0000000080000000, 0x00000000aad80000, 0x00000000d5580000)
  object space 701952K, 99% used [0x0000000080000000,0x00000000aad60b08,0x00000000aad80000)
 Metaspace       used 6574K, capacity 7320K, committed 7680K, reserved 1056768K
  class space    used 616K, capacity 656K, committed 768K, reserved 1048576K
}
Event: 65.494 GC heap before
{Heap before GC invocations=31 (full 7):
 PSYoungGen      total 382976K, used 111075K [0x00000000d5580000, 0x0000000100000000, 0x0000000100000000)
  eden space 271872K, 0% used [0x00000000d5580000,0x00000000d5580000,0x00000000e5f00000)
  from space 111104K, 99% used [0x00000000f9380000,0x00000000ffff8db0,0x0000000100000000)
  to   space 213504K, 0% used [0x00000000e5f00000,0x00000000e5f00000,0x00000000f2f80000)
 ParOldGen       total 701952K, used 701826K [0x0000000080000000, 0x00000000aad80000, 0x00000000d5580000)
  object space 701952K, 99% used [0x0000000080000000,0x00000000aad60b08,0x00000000aad80000)
 Metaspace       used 6574K, capacity 7320K, committed 7680K, reserved 1056768K
  class space    used 616K, capacity 656K, committed 768K, reserved 1048576K

