# JRE version: Java(TM) SE Runtime Environment (8.0_73-b02) (build 1.8.0_73-b02)
# Java VM: Java HotSpot(TM) 64-Bit Server VM (25.73-b02 mixed mode linux-amd64 compressed oops)
Heap:
 PSYoungGen      total 465920K, used 11931K [0x00000000d5580000, 0x0000000100000000, 0x0000000100000000)
  eden space 232960K, 0% used [0x00000000d5580000,0x00000000d5580000,0x00000000e3900000)
  from space 232960K, 5% used [0x00000000e3900000,0x00000000e44a6c90,0x00000000f1c80000)
  to   space 232960K, 0% used [0x00000000f1c80000,0x00000000f1c80000,0x0000000100000000)
 ParOldGen       total 872960K, used 872892K [0x0000000080000000, 0x00000000b5480000, 0x00000000d5580000)
  object space 872960K, 99% used [0x0000000080000000,0x00000000b546f010,0x00000000b5480000)
 Metaspace       used 6702K, capacity 7384K, committed 7680K, reserved 1056768K
  class space    used 622K, capacity 656K, committed 768K, reserved 1048576K
GC Heap History (10 events):
Event: 74.206 GC heap after
Heap after GC invocations=32 (full 7):
 PSYoungGen      total 462336K, used 119916K [0x00000000d5580000, 0x0000000100000000, 0x0000000100000000)
  eden space 258560K, 0% used [0x00000000d5580000,0x00000000d5580000,0x00000000e5200000)
  from space 203776K, 58% used [0x00000000e5200000,0x00000000ec71b2d0,0x00000000f1900000)
  to   space 205824K, 0% used [0x00000000f3700000,0x00000000f3700000,0x0000000100000000)
 ParOldGen       total 872960K, used 643303K [0x0000000080000000, 0x00000000b5480000, 0x00000000d5580000)
  object space 872960K, 73% used [0x0000000080000000,0x00000000a7439dd8,0x00000000b5480000)
 Metaspace       used 6589K, capacity 7320K, committed 7680K, reserved 1056768K
  class space    used 616K, capacity 656K, committed 768K, reserved 1048576K
}
Event: 75.019 GC heap before
{Heap before GC invocations=33 (full 7):
 PSYoungGen      total 462336K, used 378476K [0x00000000d5580000, 0x0000000100000000, 0x0000000100000000)
  eden space 258560K, 100% used [0x00000000d5580000,0x00000000e5200000,0x00000000e5200000)
  from space 203776K, 58% used [0x00000000e5200000,0x00000000ec71b2d0,0x00000000f1900000)
  to   space 205824K, 0% used [0x00000000f3700000,0x00000000f3700000,0x0000000100000000)
 ParOldGen       total 872960K, used 643303K [0x0000000080000000, 0x00000000b5480000, 0x00000000d5580000)
  object space 872960K, 73% used [0x0000000080000000,0x00000000a7439dd8,0x00000000b5480000)
 Metaspace       used 6647K, capacity 7320K, committed 7680K, reserved 1056768K
  class space    used 620K, capacity 656K, committed 768K, reserved 1048576K
Event: 75.234 GC heap after
Heap after GC invocations=33 (full 7):
 PSYoungGen      total 462336K, used 159039K [0x00000000d5580000, 0x0000000100000000, 0x0000000100000000)
  eden space 256512K, 0% used [0x00000000d5580000,0x00000000d5580000,0x00000000e5000000)
  from space 205824K, 77% used [0x00000000f3700000,0x00000000fd24fce8,0x0000000100000000)
  to   space 221184K, 0% used [0x00000000e5000000,0x00000000e5000000,0x00000000f2800000)
 ParOldGen       total 872960K, used 643311K [0x0000000080000000, 0x00000000b5480000, 0x00000000d5580000)
  object space 872960K, 73% used [0x0000000080000000,0x00000000a743bdd8,0x00000000b5480000)
 Metaspace       used 6647K, capacity 7320K, committed 7680K, reserved 1056768K
  class space    used 620K, capacity 656K, committed 768K, reserved 1048576K
}
Event: 76.087 GC heap before
{Heap before GC invocations=34 (full 7):
 PSYoungGen      total 462336K, used 415551K [0x00000000d5580000, 0x0000000100000000, 0x0000000100000000)
  eden space 256512K, 100% used [0x00000000d5580000,0x00000000e5000000,0x00000000e5000000)
  from space 205824K, 77% used [0x00000000f3700000,0x00000000fd24fce8,0x0000000100000000)
  to   space 221184K, 0% used [0x00000000e5000000,0x00000000e5000000,0x00000000f2800000)
 ParOldGen       total 872960K, used 643311K [0x0000000080000000, 0x00000000b5480000, 0x00000000d5580000)
  object space 872960K, 73% used [0x0000000080000000,0x00000000a743bdd8,0x00000000b5480000)
 Metaspace       used 6697K, capacity 7384K, committed 7680K, reserved 1056768K
  class space    used 622K, capacity 656K, committed 768K, reserved 1048576K
Event: 76.371 GC heap after
Heap after GC invocations=34 (full 7):
 PSYoungGen      total 454144K, used 197196K [0x00000000d5580000, 0x0000000100000000, 0x0000000100000000)
  eden space 256512K, 0% used [0x00000000d5580000,0x00000000d5580000,0x00000000e5000000)
  from space 197632K, 99% used [0x00000000e5000000,0x00000000f1093340,0x00000000f1100000)
  to   space 232960K, 0% used [0x00000000f1c80000,0x00000000f1c80000,0x0000000100000000)
 ParOldGen       total 872960K, used 643311K [0x0000000080000000, 0x00000000b5480000, 0x00000000d5580000)
  object space 872960K, 73% used [0x0000000080000000,0x00000000a743bdd8,0x00000000b5480000)
 Metaspace       used 6697K, capacity 7384K, committed 7680K, reserved 1056768K
  class space    used 622K, capacity 656K, committed 768K, reserved 1048576K
}
Event: 77.118 GC heap before
{Heap before GC invocations=35 (full 7):
 PSYoungGen      total 454144K, used 453708K [0x00000000d5580000, 0x0000000100000000, 0x0000000100000000)
  eden space 256512K, 100% used [0x00000000d5580000,0x00000000e5000000,0x00000000e5000000)
  from space 197632K, 99% used [0x00000000e5000000,0x00000000f1093340,0x00000000f1100000)
  to   space 232960K, 0% used [0x00000000f1c80000,0x00000000f1c80000,0x0000000100000000)
 ParOldGen       total 872960K, used 643311K [0x0000000080000000, 0x00000000b5480000, 0x00000000d5580000)
  object space 872960K, 73% used [0x0000000080000000,0x00000000a743bdd8,0x00000000b5480000)
 Metaspace       used 6697K, capacity 7384K, committed 7680K, reserved 1056768K
  class space    used 622K, capacity 656K, committed 768K, reserved 1048576K
Event: 77.456 GC heap after
Heap after GC invocations=35 (full 7):
 PSYoungGen      total 465920K, used 157183K [0x00000000d5580000, 0x0000000100000000, 0x0000000100000000)
  eden space 232960K, 0% used [0x00000000d5580000,0x00000000d5580000,0x00000000e3900000)
  from space 232960K, 67% used [0x00000000f1c80000,0x00000000fb5ffc88,0x0000000100000000)
  to   space 232960K, 0% used [0x00000000e3900000,0x00000000e3900000,0x00000000f1c80000)
 ParOldGen       total 872960K, used 723925K [0x0000000080000000, 0x00000000b5480000, 0x00000000d5580000)
  object space 872960K, 82% used [0x0000000080000000,0x00000000ac2f5628,0x00000000b5480000)
 Metaspace       used 6697K, capacity 7384K, committed 7680K, reserved 1056768K
  class space    used 622K, capacity 656K, committed 768K, reserved 1048576K
}
Event: 78.196 GC heap before
{Heap before GC invocations=36 (full 7):
 PSYoungGen      total 465920K, used 390143K [0x00000000d5580000, 0x0000000100000000, 0x0000000100000000)
  eden space 232960K, 100% used [0x00000000d5580000,0x00000000e3900000,0x00000000e3900000)
  from space 232960K, 67% used [0x00000000f1c80000,0x00000000fb5ffc88,0x0000000100000000)
  to   space 232960K, 0% used [0x00000000e3900000,0x00000000e3900000,0x00000000f1c80000)
 ParOldGen       total 872960K, used 723925K [0x0000000080000000, 0x00000000b5480000, 0x00000000d5580000)
  object space 872960K, 82% used [0x0000000080000000,0x00000000ac2f5628,0x00000000b5480000)
 Metaspace       used 6702K, capacity 7384K, committed 7680K, reserved 1056768K
  class space    used 622K, capacity 656K, committed 768K, reserved 1048576K
Event: 78.533 GC heap after
Heap after GC invocations=36 (full 7):
 PSYoungGen      total 465920K, used 115585K [0x00000000d5580000, 0x0000000100000000, 0x0000000100000000)
  eden space 232960K, 0% used [0x00000000d5580000,0x00000000d5580000,0x00000000e3900000)
  from space 232960K, 49% used [0x00000000e3900000,0x00000000ea9e04a8,0x00000000f1c80000)
  to   space 232960K, 0% used [0x00000000f1c80000,0x00000000f1c80000,0x0000000100000000)
 ParOldGen       total 872960K, used 799532K [0x0000000080000000, 0x00000000b5480000, 0x00000000d5580000)
  object space 872960K, 91% used [0x0000000080000000,0x00000000b0ccb008,0x00000000b5480000)
 Metaspace       used 6702K, capacity 7384K, committed 7680K, reserved 1056768K
  class space    used 622K, capacity 656K, committed 768K, reserved 1048576K
}
Event: 78.533 GC heap before
{Heap before GC invocations=37 (full 8):
 PSYoungGen      total 465920K, used 115585K [0x00000000d5580000, 0x0000000100000000, 0x0000000100000000)
  eden space 232960K, 0% used [0x00000000d5580000,0x00000000d5580000,0x00000000e3900000)
  from space 232960K, 49% used [0x00000000e3900000,0x00000000ea9e04a8,0x00000000f1c80000)
  to   space 232960K, 0% used [0x00000000f1c80000,0x00000000f1c80000,0x0000000100000000)
 ParOldGen       total 872960K, used 799532K [0x0000000080000000, 0x00000000b5480000, 0x00000000d5580000)
  object space 872960K, 91% used [0x0000000080000000,0x00000000b0ccb008,0x00000000b5480000)
 Metaspace       used 6702K, capacity 7384K, committed 7680K, reserved 1056768K
  class space    used 622K, capacity 656K, committed 768K, reserved 1048576K

