# JRE version: Java(TM) SE Runtime Environment (8.0_73-b02) (build 1.8.0_73-b02)
# Java VM: Java HotSpot(TM) 64-Bit Server VM (25.73-b02 mixed mode linux-amd64 compressed oops)
Heap:
 PSYoungGen      total 510464K, used 102227K [0x00000000d5580000, 0x0000000100000000, 0x0000000100000000)
  eden space 322048K, 0% used [0x00000000d5580000,0x00000000d5580000,0x00000000e9000000)
  from space 188416K, 54% used [0x00000000e9000000,0x00000000ef3d4e70,0x00000000f4800000)
  to   space 188416K, 0% used [0x00000000f4800000,0x00000000f4800000,0x0000000100000000)
 ParOldGen       total 666112K, used 665905K [0x0000000080000000, 0x00000000a8a80000, 0x00000000d5580000)
  object space 666112K, 99% used [0x0000000080000000,0x00000000a8a4c748,0x00000000a8a80000)
 Metaspace       used 6574K, capacity 7320K, committed 7680K, reserved 1056768K
  class space    used 616K, capacity 656K, committed 768K, reserved 1048576K
GC Heap History (10 events):
Event: 49.680 GC heap after
Heap after GC invocations=27 (full 6):
 PSYoungGen      total 476672K, used 0K [0x00000000d5580000, 0x00000000ffa80000, 0x0000000100000000)
  eden space 410112K, 0% used [0x00000000d5580000,0x00000000d5580000,0x00000000ee600000)
  from space 66560K, 0% used [0x00000000ee600000,0x00000000ee600000,0x00000000f2700000)
  to   space 140288K, 0% used [0x00000000f7180000,0x00000000f7180000,0x00000000ffa80000)
 ParOldGen       total 666112K, used 484670K [0x0000000080000000, 0x00000000a8a80000, 0x00000000d5580000)
  object space 666112K, 72% used [0x0000000080000000,0x000000009d94fbb0,0x00000000a8a80000)
 Metaspace       used 6561K, capacity 7320K, committed 7680K, reserved 1056768K
  class space    used 615K, capacity 656K, committed 768K, reserved 1048576K
}
Event: 52.698 GC heap before
{Heap before GC invocations=28 (full 6):
 PSYoungGen      total 476672K, used 410112K [0x00000000d5580000, 0x00000000ffa80000, 0x0000000100000000)
  eden space 410112K, 100% used [0x00000000d5580000,0x00000000ee600000,0x00000000ee600000)
  from space 66560K, 0% used [0x00000000ee600000,0x00000000ee600000,0x00000000f2700000)
  to   space 140288K, 0% used [0x00000000f7180000,0x00000000f7180000,0x00000000ffa80000)
 ParOldGen       total 666112K, used 484670K [0x0000000080000000, 0x00000000a8a80000, 0x00000000d5580000)
  object space 666112K, 72% used [0x0000000080000000,0x000000009d94fbb0,0x00000000a8a80000)
 Metaspace       used 6571K, capacity 7320K, committed 7680K, reserved 1056768K
  class space    used 616K, capacity 656K, committed 768K, reserved 1048576K
Event: 52.838 GC heap after
Heap after GC invocations=28 (full 6):
 PSYoungGen      total 557568K, used 65592K [0x00000000d5580000, 0x0000000100000000, 0x0000000100000000)
  eden space 417280K, 0% used [0x00000000d5580000,0x00000000d5580000,0x00000000eed00000)
  from space 140288K, 46% used [0x00000000f7180000,0x00000000fb18e210,0x00000000ffa80000)
  to   space 135680K, 0% used [0x00000000eed00000,0x00000000eed00000,0x00000000f7180000)
 ParOldGen       total 666112K, used 484670K [0x0000000080000000, 0x00000000a8a80000, 0x00000000d5580000)
  object space 666112K, 72% used [0x0000000080000000,0x000000009d94fbb0,0x00000000a8a80000)
 Metaspace       used 6571K, capacity 7320K, committed 7680K, reserved 1056768K
  class space    used 616K, capacity 656K, committed 768K, reserved 1048576K
}
Event: 54.447 GC heap before
{Heap before GC invocations=29 (full 6):
 PSYoungGen      total 557568K, used 482872K [0x00000000d5580000, 0x0000000100000000, 0x0000000100000000)
  eden space 417280K, 100% used [0x00000000d5580000,0x00000000eed00000,0x00000000eed00000)
  from space 140288K, 46% used [0x00000000f7180000,0x00000000fb18e210,0x00000000ffa80000)
  to   space 135680K, 0% used [0x00000000eed00000,0x00000000eed00000,0x00000000f7180000)
 ParOldGen       total 666112K, used 484670K [0x0000000080000000, 0x00000000a8a80000, 0x00000000d5580000)
  object space 666112K, 72% used [0x0000000080000000,0x000000009d94fbb0,0x00000000a8a80000)
 Metaspace       used 6574K, capacity 7320K, committed 7680K, reserved 1056768K
  class space    used 616K, capacity 656K, committed 768K, reserved 1048576K
Event: 54.659 GC heap after
Heap after GC invocations=29 (full 6):
 PSYoungGen      total 552448K, used 134989K [0x00000000d5580000, 0x0000000100000000, 0x0000000100000000)
  eden space 417280K, 0% used [0x00000000d5580000,0x00000000d5580000,0x00000000eed00000)
  from space 135168K, 99% used [0x00000000eed00000,0x00000000f70d3798,0x00000000f7100000)
  to   space 146432K, 0% used [0x00000000f7100000,0x00000000f7100000,0x0000000100000000)
 ParOldGen       total 666112K, used 484670K [0x0000000080000000, 0x00000000a8a80000, 0x00000000d5580000)
  object space 666112K, 72% used [0x0000000080000000,0x000000009d94fbb0,0x00000000a8a80000)
 Metaspace       used 6574K, capacity 7320K, committed 7680K, reserved 1056768K
  class space    used 616K, capacity 656K, committed 768K, reserved 1048576K
}
Event: 55.780 GC heap before
{Heap before GC invocations=30 (full 6):
 PSYoungGen      total 552448K, used 552269K [0x00000000d5580000, 0x0000000100000000, 0x0000000100000000)
  eden space 417280K, 100% used [0x00000000d5580000,0x00000000eed00000,0x00000000eed00000)
  from space 135168K, 99% used [0x00000000eed00000,0x00000000f70d3798,0x00000000f7100000)
  to   space 146432K, 0% used [0x00000000f7100000,0x00000000f7100000,0x0000000100000000)
 ParOldGen       total 666112K, used 484670K [0x0000000080000000, 0x00000000a8a80000, 0x00000000d5580000)
  object space 666112K, 72% used [0x0000000080000000,0x000000009d94fbb0,0x00000000a8a80000)
 Metaspace       used 6574K, capacity 7320K, committed 7680K, reserved 1056768K
  class space    used 616K, capacity 656K, committed 768K, reserved 1048576K
Event: 56.475 GC heap after
Heap after GC invocations=30 (full 6):
 PSYoungGen      total 468480K, used 146421K [0x00000000d5580000, 0x0000000100000000, 0x0000000100000000)
  eden space 322048K, 0% used [0x00000000d5580000,0x00000000d5580000,0x00000000e9000000)
  from space 146432K, 99% used [0x00000000f7100000,0x00000000ffffd448,0x0000000100000000)
  to   space 188416K, 0% used [0x00000000e9000000,0x00000000e9000000,0x00000000f4800000)
 ParOldGen       total 666112K, used 511517K [0x0000000080000000, 0x00000000a8a80000, 0x00000000d5580000)
  object space 666112K, 76% used [0x0000000080000000,0x000000009f387488,0x00000000a8a80000)
 Metaspace       used 6574K, capacity 7320K, committed 7680K, reserved 1056768K
  class space    used 616K, capacity 656K, committed 768K, reserved 1048576K
}
Event: 57.626 GC heap before
{Heap before GC invocations=31 (full 6):
 PSYoungGen      total 468480K, used 468469K [0x00000000d5580000, 0x0000000100000000, 0x0000000100000000)
  eden space 322048K, 100% used [0x00000000d5580000,0x00000000e9000000,0x00000000e9000000)
  from space 146432K, 99% used [0x00000000f7100000,0x00000000ffffd448,0x0000000100000000)
  to   space 188416K, 0% used [0x00000000e9000000,0x00000000e9000000,0x00000000f4800000)
 ParOldGen       total 666112K, used 511517K [0x0000000080000000, 0x00000000a8a80000, 0x00000000d5580000)
  object space 666112K, 76% used [0x0000000080000000,0x000000009f387488,0x00000000a8a80000)
 Metaspace       used 6574K, capacity 7320K, committed 7680K, reserved 1056768K
  class space    used 616K, capacity 656K, committed 768K, reserved 1048576K
Event: 59.129 GC heap after
Heap after GC invocations=31 (full 6):
 PSYoungGen      total 510464K, used 188397K [0x00000000d5580000, 0x0000000100000000, 0x0000000100000000)
  eden space 322048K, 0% used [0x00000000d5580000,0x00000000d5580000,0x00000000e9000000)
  from space 188416K, 99% used [0x00000000e9000000,0x00000000f47fb430,0x00000000f4800000)
  to   space 188416K, 0% used [0x00000000f4800000,0x00000000f4800000,0x0000000100000000)
 ParOldGen       total 666112K, used 626900K [0x0000000080000000, 0x00000000a8a80000, 0x00000000d5580000)
  object space 666112K, 94% used [0x0000000080000000,0x00000000a6435240,0x00000000a8a80000)
 Metaspace       used 6574K, capacity 7320K, committed 7680K, reserved 1056768K
  class space    used 616K, capacity 656K, committed 768K, reserved 1048576K
}
Event: 59.129 GC heap before
{Heap before GC invocations=32 (full 7):
 PSYoungGen      total 510464K, used 188397K [0x00000000d5580000, 0x0000000100000000, 0x0000000100000000)
  eden space 322048K, 0% used [0x00000000d5580000,0x00000000d5580000,0x00000000e9000000)
  from space 188416K, 99% used [0x00000000e9000000,0x00000000f47fb430,0x00000000f4800000)
  to   space 188416K, 0% used [0x00000000f4800000,0x00000000f4800000,0x0000000100000000)
 ParOldGen       total 666112K, used 626900K [0x0000000080000000, 0x00000000a8a80000, 0x00000000d5580000)
  object space 666112K, 94% used [0x0000000080000000,0x00000000a6435240,0x00000000a8a80000)
 Metaspace       used 6574K, capacity 7320K, committed 7680K, reserved 1056768K
  class space    used 616K, capacity 656K, committed 768K, reserved 1048576K

