# JRE version: Java(TM) SE Runtime Environment (8.0_73-b02) (build 1.8.0_73-b02)
# Java VM: Java HotSpot(TM) 64-Bit Server VM (25.73-b02 mixed mode linux-amd64 compressed oops)
Heap:
 PSYoungGen      total 465920K, used 2817K [0x00000000d5580000, 0x0000000100000000, 0x0000000100000000)
  eden space 232960K, 0% used [0x00000000d5580000,0x00000000d5580000,0x00000000e3900000)
  from space 232960K, 1% used [0x00000000f1c80000,0x00000000f1f404b0,0x0000000100000000)
  to   space 232960K, 0% used [0x00000000e3900000,0x00000000e3900000,0x00000000f1c80000)
 ParOldGen       total 855552K, used 855138K [0x0000000080000000, 0x00000000b4380000, 0x00000000d5580000)
  object space 855552K, 99% used [0x0000000080000000,0x00000000b4318a70,0x00000000b4380000)
 Metaspace       used 6741K, capacity 7448K, committed 7680K, reserved 1056768K
  class space    used 625K, capacity 656K, committed 768K, reserved 1048576K
GC Heap History (10 events):
Event: 67.635 GC heap after
Heap after GC invocations=30 (full 6):
 PSYoungGen      total 479232K, used 147982K [0x00000000d5580000, 0x0000000100000000, 0x0000000100000000)
  eden space 285184K, 0% used [0x00000000d5580000,0x00000000d5580000,0x00000000e6c00000)
  from space 194048K, 76% used [0x00000000f4280000,0x00000000fd3038a0,0x0000000100000000)
  to   space 206848K, 0% used [0x00000000e6c00000,0x00000000e6c00000,0x00000000f3600000)
 ParOldGen       total 855552K, used 654606K [0x0000000080000000, 0x00000000b4380000, 0x00000000d5580000)
  object space 855552K, 76% used [0x0000000080000000,0x00000000a7f43950,0x00000000b4380000)
 Metaspace       used 6577K, capacity 7320K, committed 7680K, reserved 1056768K
  class space    used 616K, capacity 656K, committed 768K, reserved 1048576K
}
Event: 68.521 GC heap before
{Heap before GC invocations=31 (full 6):
 PSYoungGen      total 479232K, used 433166K [0x00000000d5580000, 0x0000000100000000, 0x0000000100000000)
  eden space 285184K, 100% used [0x00000000d5580000,0x00000000e6c00000,0x00000000e6c00000)
  from space 194048K, 76% used [0x00000000f4280000,0x00000000fd3038a0,0x0000000100000000)
  to   space 206848K, 0% used [0x00000000e6c00000,0x00000000e6c00000,0x00000000f3600000)
 ParOldGen       total 855552K, used 654606K [0x0000000080000000, 0x00000000b4380000, 0x00000000d5580000)
  object space 855552K, 76% used [0x0000000080000000,0x00000000a7f43950,0x00000000b4380000)
 Metaspace       used 6578K, capacity 7320K, committed 7680K, reserved 1056768K
  class space    used 616K, capacity 656K, committed 768K, reserved 1048576K
Event: 68.794 GC heap after
Heap after GC invocations=31 (full 6):
 PSYoungGen      total 474112K, used 188583K [0x00000000d5580000, 0x0000000100000000, 0x0000000100000000)
  eden space 285184K, 0% used [0x00000000d5580000,0x00000000d5580000,0x00000000e6c00000)
  from space 188928K, 99% used [0x00000000e6c00000,0x00000000f2429f10,0x00000000f2480000)
  to   space 224768K, 0% used [0x00000000f2480000,0x00000000f2480000,0x0000000100000000)
 ParOldGen       total 855552K, used 654606K [0x0000000080000000, 0x00000000b4380000, 0x00000000d5580000)
  object space 855552K, 76% used [0x0000000080000000,0x00000000a7f43950,0x00000000b4380000)
 Metaspace       used 6578K, capacity 7320K, committed 7680K, reserved 1056768K
  class space    used 616K, capacity 656K, committed 768K, reserved 1048576K
}
Event: 69.950 GC heap before
{Heap before GC invocations=32 (full 6):
 PSYoungGen      total 474112K, used 473767K [0x00000000d5580000, 0x0000000100000000, 0x0000000100000000)
  eden space 285184K, 100% used [0x00000000d5580000,0x00000000e6c00000,0x00000000e6c00000)
  from space 188928K, 99% used [0x00000000e6c00000,0x00000000f2429f10,0x00000000f2480000)
  to   space 224768K, 0% used [0x00000000f2480000,0x00000000f2480000,0x0000000100000000)
 ParOldGen       total 855552K, used 654606K [0x0000000080000000, 0x00000000b4380000, 0x00000000d5580000)
  object space 855552K, 76% used [0x0000000080000000,0x00000000a7f43950,0x00000000b4380000)
 Metaspace       used 6653K, capacity 7320K, committed 7680K, reserved 1056768K
  class space    used 620K, capacity 656K, committed 768K, reserved 1048576K
Event: 70.289 GC heap after
Heap after GC invocations=32 (full 6):
 PSYoungGen      total 457728K, used 224767K [0x00000000d5580000, 0x0000000100000000, 0x0000000100000000)
  eden space 232960K, 0% used [0x00000000d5580000,0x00000000d5580000,0x00000000e3900000)
  from space 224768K, 99% used [0x00000000f2480000,0x00000000fffffe40,0x0000000100000000)
  to   space 232960K, 0% used [0x00000000e3900000,0x00000000e3900000,0x00000000f1c80000)
 ParOldGen       total 855552K, used 661241K [0x0000000080000000, 0x00000000b4380000, 0x00000000d5580000)
  object space 855552K, 77% used [0x0000000080000000,0x00000000a85be638,0x00000000b4380000)
 Metaspace       used 6653K, capacity 7320K, committed 7680K, reserved 1056768K
  class space    used 620K, capacity 656K, committed 768K, reserved 1048576K
}
Event: 71.245 GC heap before
{Heap before GC invocations=33 (full 6):
 PSYoungGen      total 457728K, used 457727K [0x00000000d5580000, 0x0000000100000000, 0x0000000100000000)
  eden space 232960K, 100% used [0x00000000d5580000,0x00000000e3900000,0x00000000e3900000)
  from space 224768K, 99% used [0x00000000f2480000,0x00000000fffffe40,0x0000000100000000)
  to   space 232960K, 0% used [0x00000000e3900000,0x00000000e3900000,0x00000000f1c80000)
 ParOldGen       total 855552K, used 661241K [0x0000000080000000, 0x00000000b4380000, 0x00000000d5580000)
  object space 855552K, 77% used [0x0000000080000000,0x00000000a85be638,0x00000000b4380000)
 Metaspace       used 6686K, capacity 7384K, committed 7680K, reserved 1056768K
  class space    used 622K, capacity 656K, committed 768K, reserved 1048576K
Event: 73.191 GC heap after
Heap after GC invocations=33 (full 6):
 PSYoungGen      total 465920K, used 213097K [0x00000000d5580000, 0x0000000100000000, 0x0000000100000000)
  eden space 232960K, 0% used [0x00000000d5580000,0x00000000d5580000,0x00000000e3900000)
  from space 232960K, 91% used [0x00000000e3900000,0x00000000f091a698,0x00000000f1c80000)
  to   space 232960K, 0% used [0x00000000f1c80000,0x00000000f1c80000,0x0000000100000000)
 ParOldGen       total 855552K, used 708893K [0x0000000080000000, 0x00000000b4380000, 0x00000000d5580000)
  object space 855552K, 82% used [0x0000000080000000,0x00000000ab447410,0x00000000b4380000)
 Metaspace       used 6686K, capacity 7384K, committed 7680K, reserved 1056768K
  class space    used 622K, capacity 656K, committed 768K, reserved 1048576K
}
Event: 75.027 GC heap before
{Heap before GC invocations=34 (full 6):
 PSYoungGen      total 465920K, used 446057K [0x00000000d5580000, 0x0000000100000000, 0x0000000100000000)
  eden space 232960K, 100% used [0x00000000d5580000,0x00000000e3900000,0x00000000e3900000)
  from space 232960K, 91% used [0x00000000e3900000,0x00000000f091a698,0x00000000f1c80000)
  to   space 232960K, 0% used [0x00000000f1c80000,0x00000000f1c80000,0x0000000100000000)
 ParOldGen       total 855552K, used 708893K [0x0000000080000000, 0x00000000b4380000, 0x00000000d5580000)
  object space 855552K, 82% used [0x0000000080000000,0x00000000ab447410,0x00000000b4380000)
 Metaspace       used 6741K, capacity 7448K, committed 7680K, reserved 1056768K
  class space    used 625K, capacity 656K, committed 768K, reserved 1048576K
Event: 77.527 GC heap after
Heap after GC invocations=34 (full 6):
 PSYoungGen      total 465920K, used 162735K [0x00000000d5580000, 0x0000000100000000, 0x0000000100000000)
  eden space 232960K, 0% used [0x00000000d5580000,0x00000000d5580000,0x00000000e3900000)
  from space 232960K, 69% used [0x00000000f1c80000,0x00000000fbb6bd48,0x0000000100000000)
  to   space 232960K, 0% used [0x00000000e3900000,0x00000000e3900000,0x00000000f1c80000)
 ParOldGen       total 855552K, used 800817K [0x0000000080000000, 0x00000000b4380000, 0x00000000d5580000)
  object space 855552K, 93% used [0x0000000080000000,0x00000000b0e0c468,0x00000000b4380000)
 Metaspace       used 6741K, capacity 7448K, committed 7680K, reserved 1056768K
  class space    used 625K, capacity 656K, committed 768K, reserved 1048576K
}
Event: 77.527 GC heap before
{Heap before GC invocations=35 (full 7):
 PSYoungGen      total 465920K, used 162735K [0x00000000d5580000, 0x0000000100000000, 0x0000000100000000)
  eden space 232960K, 0% used [0x00000000d5580000,0x00000000d5580000,0x00000000e3900000)
  from space 232960K, 69% used [0x00000000f1c80000,0x00000000fbb6bd48,0x0000000100000000)
  to   space 232960K, 0% used [0x00000000e3900000,0x00000000e3900000,0x00000000f1c80000)
 ParOldGen       total 855552K, used 800817K [0x0000000080000000, 0x00000000b4380000, 0x00000000d5580000)
  object space 855552K, 93% used [0x0000000080000000,0x00000000b0e0c468,0x00000000b4380000)
 Metaspace       used 6741K, capacity 7448K, committed 7680K, reserved 1056768K
  class space    used 625K, capacity 656K, committed 768K, reserved 1048576K

