# JRE version: Java(TM) SE Runtime Environment (8.0_73-b02) (build 1.8.0_73-b02)
# Java VM: Java HotSpot(TM) 64-Bit Server VM (25.73-b02 mixed mode linux-amd64 compressed oops)
Heap:
 PSYoungGen      total 519168K, used 0K [0x00000000d5580000, 0x00000000fea00000, 0x0000000100000000)
  eden space 384512K, 0% used [0x00000000d5580000,0x00000000d5580000,0x00000000ecd00000)
  from space 134656K, 0% used [0x00000000f6680000,0x00000000f6680000,0x00000000fea00000)
  to   space 145920K, 0% used [0x00000000ecd00000,0x00000000ecd00000,0x00000000f5b80000)
 ParOldGen       total 768000K, used 740189K [0x0000000080000000, 0x00000000aee00000, 0x00000000d5580000)
  object space 768000K, 96% used [0x0000000080000000,0x00000000ad2d7750,0x00000000aee00000)
 Metaspace       used 6586K, capacity 7320K, committed 7680K, reserved 1056768K
  class space    used 616K, capacity 656K, committed 768K, reserved 1048576K
GC Heap History (10 events):
Event: 81.629 GC heap after
Heap after GC invocations=29 (full 7):
 PSYoungGen      total 509440K, used 130475K [0x00000000d5580000, 0x0000000100000000, 0x0000000100000000)
  eden space 355840K, 0% used [0x00000000d5580000,0x00000000d5580000,0x00000000eb100000)
  from space 153600K, 84% used [0x00000000f6a00000,0x00000000fe96aca0,0x0000000100000000)
  to   space 171520K, 0% used [0x00000000eb100000,0x00000000eb100000,0x00000000f5880000)
 ParOldGen       total 768000K, used 604665K [0x0000000080000000, 0x00000000aee00000, 0x00000000d5580000)
  object space 768000K, 78% used [0x0000000080000000,0x00000000a4e7e730,0x00000000aee00000)
 Metaspace       used 6584K, capacity 7320K, committed 7680K, reserved 1056768K
  class space    used 616K, capacity 656K, committed 768K, reserved 1048576K
}
Event: 82.610 GC heap before
{Heap before GC invocations=30 (full 7):
 PSYoungGen      total 509440K, used 486315K [0x00000000d5580000, 0x0000000100000000, 0x0000000100000000)
  eden space 355840K, 100% used [0x00000000d5580000,0x00000000eb100000,0x00000000eb100000)
  from space 153600K, 84% used [0x00000000f6a00000,0x00000000fe96aca0,0x0000000100000000)
  to   space 171520K, 0% used [0x00000000eb100000,0x00000000eb100000,0x00000000f5880000)
 ParOldGen       total 768000K, used 604665K [0x0000000080000000, 0x00000000aee00000, 0x00000000d5580000)
  object space 768000K, 78% used [0x0000000080000000,0x00000000a4e7e730,0x00000000aee00000)
 Metaspace       used 6584K, capacity 7320K, committed 7680K, reserved 1056768K
  class space    used 616K, capacity 656K, committed 768K, reserved 1048576K
Event: 83.938 GC heap after
Heap after GC invocations=30 (full 7):
 PSYoungGen      total 527360K, used 88588K [0x00000000d5580000, 0x0000000100000000, 0x0000000100000000)
  eden space 355840K, 0% used [0x00000000d5580000,0x00000000d5580000,0x00000000eb100000)
  from space 171520K, 51% used [0x00000000eb100000,0x00000000f07831c0,0x00000000f5880000)
  to   space 169984K, 0% used [0x00000000f5a00000,0x00000000f5a00000,0x0000000100000000)
 ParOldGen       total 768000K, used 630584K [0x0000000080000000, 0x00000000aee00000, 0x00000000d5580000)
  object space 768000K, 82% used [0x0000000080000000,0x00000000a67ce290,0x00000000aee00000)
 Metaspace       used 6584K, capacity 7320K, committed 7680K, reserved 1056768K
  class space    used 616K, capacity 656K, committed 768K, reserved 1048576K
}
Event: 84.725 GC heap before
{Heap before GC invocations=31 (full 7):
 PSYoungGen      total 527360K, used 444428K [0x00000000d5580000, 0x0000000100000000, 0x0000000100000000)
  eden space 355840K, 100% used [0x00000000d5580000,0x00000000eb100000,0x00000000eb100000)
  from space 171520K, 51% used [0x00000000eb100000,0x00000000f07831c0,0x00000000f5880000)
  to   space 169984K, 0% used [0x00000000f5a00000,0x00000000f5a00000,0x0000000100000000)
 ParOldGen       total 768000K, used 630584K [0x0000000080000000, 0x00000000aee00000, 0x00000000d5580000)
  object space 768000K, 82% used [0x0000000080000000,0x00000000a67ce290,0x00000000aee00000)
 Metaspace       used 6584K, capacity 7320K, committed 7680K, reserved 1056768K
  class space    used 616K, capacity 656K, committed 768K, reserved 1048576K
Event: 85.698 GC heap after
Heap after GC invocations=31 (full 7):
 PSYoungGen      total 507392K, used 68347K [0x00000000d5580000, 0x00000000fec80000, 0x0000000100000000)
  eden space 357376K, 0% used [0x00000000d5580000,0x00000000d5580000,0x00000000eb280000)
  from space 150016K, 45% used [0x00000000f5a00000,0x00000000f9cbed90,0x00000000fec80000)
  to   space 160768K, 0% used [0x00000000eb280000,0x00000000eb280000,0x00000000f4f80000)
 ParOldGen       total 768000K, used 661083K [0x0000000080000000, 0x00000000aee00000, 0x00000000d5580000)
  object space 768000K, 86% used [0x0000000080000000,0x00000000a8596eb0,0x00000000aee00000)
 Metaspace       used 6584K, capacity 7320K, committed 7680K, reserved 1056768K
  class space    used 616K, capacity 656K, committed 768K, reserved 1048576K
}
Event: 90.438 GC heap before
{Heap before GC invocations=32 (full 7):
 PSYoungGen      total 507392K, used 425723K [0x00000000d5580000, 0x00000000fec80000, 0x0000000100000000)
  eden space 357376K, 100% used [0x00000000d5580000,0x00000000eb280000,0x00000000eb280000)
  from space 150016K, 45% used [0x00000000f5a00000,0x00000000f9cbed90,0x00000000fec80000)
  to   space 160768K, 0% used [0x00000000eb280000,0x00000000eb280000,0x00000000f4f80000)
 ParOldGen       total 768000K, used 661083K [0x0000000080000000, 0x00000000aee00000, 0x00000000d5580000)
  object space 768000K, 86% used [0x0000000080000000,0x00000000a8596eb0,0x00000000aee00000)
 Metaspace       used 6586K, capacity 7320K, committed 7680K, reserved 1056768K
  class space    used 616K, capacity 656K, committed 768K, reserved 1048576K
Event: 90.564 GC heap after
Heap after GC invocations=32 (full 7):
 PSYoungGen      total 518144K, used 51568K [0x00000000d5580000, 0x00000000ffc80000, 0x0000000100000000)
  eden space 357376K, 0% used [0x00000000d5580000,0x00000000d5580000,0x00000000eb280000)
  from space 160768K, 32% used [0x00000000eb280000,0x00000000ee4dc0a0,0x00000000f4f80000)
  to   space 153600K, 0% used [0x00000000f6680000,0x00000000f6680000,0x00000000ffc80000)
 ParOldGen       total 768000K, used 685190K [0x0000000080000000, 0x00000000aee00000, 0x00000000d5580000)
  object space 768000K, 89% used [0x0000000080000000,0x00000000a9d21b78,0x00000000aee00000)
 Metaspace       used 6586K, capacity 7320K, committed 7680K, reserved 1056768K
  class space    used 616K, capacity 656K, committed 768K, reserved 1048576K
}
Event: 94.376 GC heap before
{Heap before GC invocations=33 (full 7):
 PSYoungGen      total 518144K, used 408944K [0x00000000d5580000, 0x00000000ffc80000, 0x0000000100000000)
  eden space 357376K, 100% used [0x00000000d5580000,0x00000000eb280000,0x00000000eb280000)
  from space 160768K, 32% used [0x00000000eb280000,0x00000000ee4dc0a0,0x00000000f4f80000)
  to   space 153600K, 0% used [0x00000000f6680000,0x00000000f6680000,0x00000000ffc80000)
 ParOldGen       total 768000K, used 685190K [0x0000000080000000, 0x00000000aee00000, 0x00000000d5580000)
  object space 768000K, 89% used [0x0000000080000000,0x00000000a9d21b78,0x00000000aee00000)
 Metaspace       used 6586K, capacity 7320K, committed 7680K, reserved 1056768K
  class space    used 616K, capacity 656K, committed 768K, reserved 1048576K
Event: 95.394 GC heap after
Heap after GC invocations=33 (full 7):
 PSYoungGen      total 519168K, used 56620K [0x00000000d5580000, 0x00000000fea00000, 0x0000000100000000)
  eden space 384512K, 0% used [0x00000000d5580000,0x00000000d5580000,0x00000000ecd00000)
  from space 134656K, 42% used [0x00000000f6680000,0x00000000f9dcb1a0,0x00000000fea00000)
  to   space 145920K, 0% used [0x00000000ecd00000,0x00000000ecd00000,0x00000000f5b80000)
 ParOldGen       total 768000K, used 735429K [0x0000000080000000, 0x00000000aee00000, 0x00000000d5580000)
  object space 768000K, 95% used [0x0000000080000000,0x00000000ace315e8,0x00000000aee00000)
 Metaspace       used 6586K, capacity 7320K, committed 7680K, reserved 1056768K
  class space    used 616K, capacity 656K, committed 768K, reserved 1048576K
}
Event: 95.394 GC heap before
{Heap before GC invocations=34 (full 8):
 PSYoungGen      total 519168K, used 56620K [0x00000000d5580000, 0x00000000fea00000, 0x0000000100000000)
  eden space 384512K, 0% used [0x00000000d5580000,0x00000000d5580000,0x00000000ecd00000)
  from space 134656K, 42% used [0x00000000f6680000,0x00000000f9dcb1a0,0x00000000fea00000)
  to   space 145920K, 0% used [0x00000000ecd00000,0x00000000ecd00000,0x00000000f5b80000)
 ParOldGen       total 768000K, used 735429K [0x0000000080000000, 0x00000000aee00000, 0x00000000d5580000)
  object space 768000K, 95% used [0x0000000080000000,0x00000000ace315e8,0x00000000aee00000)
 Metaspace       used 6586K, capacity 7320K, committed 7680K, reserved 1056768K
  class space    used 616K, capacity 656K, committed 768K, reserved 1048576K

