# JRE version: Java(TM) SE Runtime Environment (8.0_73-b02) (build 1.8.0_73-b02)
# Java VM: Java HotSpot(TM) 64-Bit Server VM (25.73-b02 mixed mode linux-amd64 compressed oops)
Heap:
 PSYoungGen      total 465920K, used 22793K [0x00000000d5580000, 0x0000000100000000, 0x0000000100000000)
  eden space 232960K, 0% used [0x00000000d5580000,0x00000000d5580000,0x00000000e3900000)
  from space 232960K, 9% used [0x00000000e3900000,0x00000000e4f425d8,0x00000000f1c80000)
  to   space 232960K, 0% used [0x00000000f1c80000,0x00000000f1c80000,0x0000000100000000)
 ParOldGen       total 847872K, used 847846K [0x0000000080000000, 0x00000000b3c00000, 0x00000000d5580000)
  object space 847872K, 99% used [0x0000000080000000,0x00000000b3bf99e8,0x00000000b3c00000)
 Metaspace       used 6720K, capacity 7384K, committed 7680K, reserved 1056768K
  class space    used 624K, capacity 656K, committed 768K, reserved 1048576K
GC Heap History (10 events):
Event: 64.638 GC heap after
Heap after GC invocations=31 (full 6):
 PSYoungGen      total 471552K, used 171251K [0x00000000d5580000, 0x0000000100000000, 0x0000000100000000)
  eden space 264704K, 0% used [0x00000000d5580000,0x00000000d5580000,0x00000000e5800000)
  from space 206848K, 82% used [0x00000000e5800000,0x00000000eff3cde8,0x00000000f2200000)
  to   space 224768K, 0% used [0x00000000f2480000,0x00000000f2480000,0x0000000100000000)
 ParOldGen       total 847872K, used 620848K [0x0000000080000000, 0x00000000b3c00000, 0x00000000d5580000)
  object space 847872K, 73% used [0x0000000080000000,0x00000000a5e4c070,0x00000000b3c00000)
 Metaspace       used 6575K, capacity 7320K, committed 7680K, reserved 1056768K
  class space    used 616K, capacity 656K, committed 768K, reserved 1048576K
}
Event: 65.585 GC heap before
{Heap before GC invocations=32 (full 6):
 PSYoungGen      total 471552K, used 435955K [0x00000000d5580000, 0x0000000100000000, 0x0000000100000000)
  eden space 264704K, 100% used [0x00000000d5580000,0x00000000e5800000,0x00000000e5800000)
  from space 206848K, 82% used [0x00000000e5800000,0x00000000eff3cde8,0x00000000f2200000)
  to   space 224768K, 0% used [0x00000000f2480000,0x00000000f2480000,0x0000000100000000)
 ParOldGen       total 847872K, used 620848K [0x0000000080000000, 0x00000000b3c00000, 0x00000000d5580000)
  object space 847872K, 73% used [0x0000000080000000,0x00000000a5e4c070,0x00000000b3c00000)
 Metaspace       used 6577K, capacity 7320K, committed 7680K, reserved 1056768K
  class space    used 617K, capacity 656K, committed 768K, reserved 1048576K
Event: 65.948 GC heap after
Heap after GC invocations=32 (full 6):
 PSYoungGen      total 457728K, used 208083K [0x00000000d5580000, 0x0000000100000000, 0x0000000100000000)
  eden space 232960K, 0% used [0x00000000d5580000,0x00000000d5580000,0x00000000e3900000)
  from space 224768K, 92% used [0x00000000f2480000,0x00000000fefb4df8,0x0000000100000000)
  to   space 232960K, 0% used [0x00000000e3900000,0x00000000e3900000,0x00000000f1c80000)
 ParOldGen       total 847872K, used 620848K [0x0000000080000000, 0x00000000b3c00000, 0x00000000d5580000)
  object space 847872K, 73% used [0x0000000080000000,0x00000000a5e4c070,0x00000000b3c00000)
 Metaspace       used 6577K, capacity 7320K, committed 7680K, reserved 1056768K
  class space    used 617K, capacity 656K, committed 768K, reserved 1048576K
}
Event: 66.830 GC heap before
{Heap before GC invocations=33 (full 6):
 PSYoungGen      total 457728K, used 441043K [0x00000000d5580000, 0x0000000100000000, 0x0000000100000000)
  eden space 232960K, 100% used [0x00000000d5580000,0x00000000e3900000,0x00000000e3900000)
  from space 224768K, 92% used [0x00000000f2480000,0x00000000fefb4df8,0x0000000100000000)
  to   space 232960K, 0% used [0x00000000e3900000,0x00000000e3900000,0x00000000f1c80000)
 ParOldGen       total 847872K, used 620848K [0x0000000080000000, 0x00000000b3c00000, 0x00000000d5580000)
  object space 847872K, 73% used [0x0000000080000000,0x00000000a5e4c070,0x00000000b3c00000)
 Metaspace       used 6682K, capacity 7384K, committed 7680K, reserved 1056768K
  class space    used 622K, capacity 656K, committed 768K, reserved 1048576K
Event: 67.223 GC heap after
Heap after GC invocations=33 (full 6):
 PSYoungGen      total 465920K, used 206618K [0x00000000d5580000, 0x0000000100000000, 0x0000000100000000)
  eden space 232960K, 0% used [0x00000000d5580000,0x00000000d5580000,0x00000000e3900000)
  from space 232960K, 88% used [0x00000000e3900000,0x00000000f02c6820,0x00000000f1c80000)
  to   space 232960K, 0% used [0x00000000f1c80000,0x00000000f1c80000,0x0000000100000000)
 ParOldGen       total 847872K, used 656672K [0x0000000080000000, 0x00000000b3c00000, 0x00000000d5580000)
  object space 847872K, 77% used [0x0000000080000000,0x00000000a8148118,0x00000000b3c00000)
 Metaspace       used 6682K, capacity 7384K, committed 7680K, reserved 1056768K
  class space    used 622K, capacity 656K, committed 768K, reserved 1048576K
}
Event: 68.052 GC heap before
{Heap before GC invocations=34 (full 6):
 PSYoungGen      total 465920K, used 439578K [0x00000000d5580000, 0x0000000100000000, 0x0000000100000000)
  eden space 232960K, 100% used [0x00000000d5580000,0x00000000e3900000,0x00000000e3900000)
  from space 232960K, 88% used [0x00000000e3900000,0x00000000f02c6820,0x00000000f1c80000)
  to   space 232960K, 0% used [0x00000000f1c80000,0x00000000f1c80000,0x0000000100000000)
 ParOldGen       total 847872K, used 656672K [0x0000000080000000, 0x00000000b3c00000, 0x00000000d5580000)
  object space 847872K, 77% used [0x0000000080000000,0x00000000a8148118,0x00000000b3c00000)
 Metaspace       used 6686K, capacity 7384K, committed 7680K, reserved 1056768K
  class space    used 622K, capacity 656K, committed 768K, reserved 1048576K
Event: 69.454 GC heap after
Heap after GC invocations=34 (full 6):
 PSYoungGen      total 465920K, used 192884K [0x00000000d5580000, 0x0000000100000000, 0x0000000100000000)
  eden space 232960K, 0% used [0x00000000d5580000,0x00000000d5580000,0x00000000e3900000)
  from space 232960K, 82% used [0x00000000f1c80000,0x00000000fd8dd0e8,0x0000000100000000)
  to   space 232960K, 0% used [0x00000000e3900000,0x00000000e3900000,0x00000000f1c80000)
 ParOldGen       total 847872K, used 704577K [0x0000000080000000, 0x00000000b3c00000, 0x00000000d5580000)
  object space 847872K, 83% used [0x0000000080000000,0x00000000ab010580,0x00000000b3c00000)
 Metaspace       used 6686K, capacity 7384K, committed 7680K, reserved 1056768K
  class space    used 622K, capacity 656K, committed 768K, reserved 1048576K
}
Event: 70.915 GC heap before
{Heap before GC invocations=35 (full 6):
 PSYoungGen      total 465920K, used 425844K [0x00000000d5580000, 0x0000000100000000, 0x0000000100000000)
  eden space 232960K, 100% used [0x00000000d5580000,0x00000000e3900000,0x00000000e3900000)
  from space 232960K, 82% used [0x00000000f1c80000,0x00000000fd8dd0e8,0x0000000100000000)
  to   space 232960K, 0% used [0x00000000e3900000,0x00000000e3900000,0x00000000f1c80000)
 ParOldGen       total 847872K, used 704577K [0x0000000080000000, 0x00000000b3c00000, 0x00000000d5580000)
  object space 847872K, 83% used [0x0000000080000000,0x00000000ab010580,0x00000000b3c00000)
 Metaspace       used 6720K, capacity 7384K, committed 7680K, reserved 1056768K
  class space    used 624K, capacity 656K, committed 768K, reserved 1048576K
Event: 75.116 GC heap after
Heap after GC invocations=35 (full 6):
 PSYoungGen      total 465920K, used 151686K [0x00000000d5580000, 0x0000000100000000, 0x0000000100000000)
  eden space 232960K, 0% used [0x00000000d5580000,0x00000000d5580000,0x00000000e3900000)
  from space 232960K, 65% used [0x00000000e3900000,0x00000000ecd21978,0x00000000f1c80000)
  to   space 232960K, 0% used [0x00000000f1c80000,0x00000000f1c80000,0x0000000100000000)
 ParOldGen       total 847872K, used 789211K [0x0000000080000000, 0x00000000b3c00000, 0x00000000d5580000)
  object space 847872K, 93% used [0x0000000080000000,0x00000000b02b6e88,0x00000000b3c00000)
 Metaspace       used 6720K, capacity 7384K, committed 7680K, reserved 1056768K
  class space    used 624K, capacity 656K, committed 768K, reserved 1048576K
}
Event: 75.178 GC heap before
{Heap before GC invocations=36 (full 7):
 PSYoungGen      total 465920K, used 151686K [0x00000000d5580000, 0x0000000100000000, 0x0000000100000000)
  eden space 232960K, 0% used [0x00000000d5580000,0x00000000d5580000,0x00000000e3900000)
  from space 232960K, 65% used [0x00000000e3900000,0x00000000ecd21978,0x00000000f1c80000)
  to   space 232960K, 0% used [0x00000000f1c80000,0x00000000f1c80000,0x0000000100000000)
 ParOldGen       total 847872K, used 789211K [0x0000000080000000, 0x00000000b3c00000, 0x00000000d5580000)
  object space 847872K, 93% used [0x0000000080000000,0x00000000b02b6e88,0x00000000b3c00000)
 Metaspace       used 6720K, capacity 7384K, committed 7680K, reserved 1056768K
  class space    used 624K, capacity 656K, committed 768K, reserved 1048576K

