# JRE version: Java(TM) SE Runtime Environment (8.0_73-b02) (build 1.8.0_73-b02)
# Java VM: Java HotSpot(TM) 64-Bit Server VM (25.73-b02 mixed mode linux-amd64 compressed oops)
Heap:
 PSYoungGen      total 534528K, used 22256K [0x00000000d5580000, 0x0000000100000000, 0x0000000100000000)
  eden space 429568K, 0% used [0x00000000d5580000,0x00000000d5580000,0x00000000ef900000)
  from space 104960K, 21% used [0x00000000f9980000,0x00000000faf3c100,0x0000000100000000)
  to   space 134656K, 0% used [0x00000000ef900000,0x00000000ef900000,0x00000000f7c80000)
 ParOldGen       total 590848K, used 590350K [0x0000000080000000, 0x00000000a4100000, 0x00000000d5580000)
  object space 590848K, 99% used [0x0000000080000000,0x00000000a4083b98,0x00000000a4100000)
 Metaspace       used 6587K, capacity 7320K, committed 7680K, reserved 1056768K
  class space    used 616K, capacity 656K, committed 768K, reserved 1048576K
GC Heap History (10 events):
Event: 40.882 GC heap after
Heap after GC invocations=24 (full 5):
 PSYoungGen      total 574464K, used 75979K [0x00000000d5580000, 0x0000000100000000, 0x0000000100000000)
  eden space 492544K, 0% used [0x00000000d5580000,0x00000000d5580000,0x00000000f3680000)
  from space 81920K, 92% used [0x00000000f3680000,0x00000000f80b2c98,0x00000000f8680000)
  to   space 93696K, 0% used [0x00000000fa480000,0x00000000fa480000,0x0000000100000000)
 ParOldGen       total 438784K, used 344930K [0x0000000080000000, 0x000000009ac80000, 0x00000000d5580000)
  object space 438784K, 78% used [0x0000000080000000,0x00000000950d8ae0,0x000000009ac80000)
 Metaspace       used 6574K, capacity 7320K, committed 7680K, reserved 1056768K
  class space    used 615K, capacity 656K, committed 768K, reserved 1048576K
}
Event: 45.334 GC heap before
{Heap before GC invocations=25 (full 5):
 PSYoungGen      total 574464K, used 568523K [0x00000000d5580000, 0x0000000100000000, 0x0000000100000000)
  eden space 492544K, 100% used [0x00000000d5580000,0x00000000f3680000,0x00000000f3680000)
  from space 81920K, 92% used [0x00000000f3680000,0x00000000f80b2c98,0x00000000f8680000)
  to   space 93696K, 0% used [0x00000000fa480000,0x00000000fa480000,0x0000000100000000)
 ParOldGen       total 438784K, used 344930K [0x0000000080000000, 0x000000009ac80000, 0x00000000d5580000)
  object space 438784K, 78% used [0x0000000080000000,0x00000000950d8ae0,0x000000009ac80000)
 Metaspace       used 6575K, capacity 7320K, committed 7680K, reserved 1056768K
  class space    used 615K, capacity 656K, committed 768K, reserved 1048576K
Event: 50.797 GC heap after
Heap after GC invocations=25 (full 5):
 PSYoungGen      total 582656K, used 81102K [0x00000000d5580000, 0x0000000100000000, 0x0000000100000000)
  eden space 488960K, 0% used [0x00000000d5580000,0x00000000d5580000,0x00000000f3300000)
  from space 93696K, 86% used [0x00000000fa480000,0x00000000ff3b38c8,0x0000000100000000)
  to   space 104960K, 0% used [0x00000000f3300000,0x00000000f3300000,0x00000000f9980000)
 ParOldGen       total 438784K, used 417925K [0x0000000080000000, 0x000000009ac80000, 0x00000000d5580000)
  object space 438784K, 95% used [0x0000000080000000,0x0000000099821660,0x000000009ac80000)
 Metaspace       used 6575K, capacity 7320K, committed 7680K, reserved 1056768K
  class space    used 615K, capacity 656K, committed 768K, reserved 1048576K
}
Event: 50.837 GC heap before
{Heap before GC invocations=26 (full 6):
 PSYoungGen      total 582656K, used 81102K [0x00000000d5580000, 0x0000000100000000, 0x0000000100000000)
  eden space 488960K, 0% used [0x00000000d5580000,0x00000000d5580000,0x00000000f3300000)
  from space 93696K, 86% used [0x00000000fa480000,0x00000000ff3b38c8,0x0000000100000000)
  to   space 104960K, 0% used [0x00000000f3300000,0x00000000f3300000,0x00000000f9980000)
 ParOldGen       total 438784K, used 417925K [0x0000000080000000, 0x000000009ac80000, 0x00000000d5580000)
  object space 438784K, 95% used [0x0000000080000000,0x0000000099821660,0x000000009ac80000)
 Metaspace       used 6575K, capacity 7320K, committed 7680K, reserved 1056768K
  class space    used 615K, capacity 656K, committed 768K, reserved 1048576K
Event: 54.231 GC heap after
Heap after GC invocations=26 (full 6):
 PSYoungGen      total 582656K, used 58756K [0x00000000d5580000, 0x0000000100000000, 0x0000000100000000)
  eden space 488960K, 0% used [0x00000000d5580000,0x00000000d5580000,0x00000000f3300000)
  from space 93696K, 62% used [0x00000000fa480000,0x00000000fdde11a0,0x0000000100000000)
  to   space 104960K, 0% used [0x00000000f3300000,0x00000000f3300000,0x00000000f9980000)
 ParOldGen       total 590848K, used 438627K [0x0000000080000000, 0x00000000a4100000, 0x00000000d5580000)
  object space 590848K, 74% used [0x0000000080000000,0x000000009ac58e80,0x00000000a4100000)
 Metaspace       used 6575K, capacity 7320K, committed 7680K, reserved 1056768K
  class space    used 615K, capacity 656K, committed 768K, reserved 1048576K
}
Event: 59.371 GC heap before
{Heap before GC invocations=27 (full 6):
 PSYoungGen      total 582656K, used 547716K [0x00000000d5580000, 0x0000000100000000, 0x0000000100000000)
  eden space 488960K, 100% used [0x00000000d5580000,0x00000000f3300000,0x00000000f3300000)
  from space 93696K, 62% used [0x00000000fa480000,0x00000000fdde11a0,0x0000000100000000)
  to   space 104960K, 0% used [0x00000000f3300000,0x00000000f3300000,0x00000000f9980000)
 ParOldGen       total 590848K, used 438627K [0x0000000080000000, 0x00000000a4100000, 0x00000000d5580000)
  object space 590848K, 74% used [0x0000000080000000,0x000000009ac58e80,0x00000000a4100000)
 Metaspace       used 6587K, capacity 7320K, committed 7680K, reserved 1056768K
  class space    used 616K, capacity 656K, committed 768K, reserved 1048576K
Event: 62.487 GC heap after
Heap after GC invocations=27 (full 6):
 PSYoungGen      total 593920K, used 104939K [0x00000000d5580000, 0x0000000100000000, 0x0000000100000000)
  eden space 488960K, 0% used [0x00000000d5580000,0x00000000d5580000,0x00000000f3300000)
  from space 104960K, 99% used [0x00000000f3300000,0x00000000f997af58,0x00000000f9980000)
  to   space 104960K, 0% used [0x00000000f9980000,0x00000000f9980000,0x0000000100000000)
 ParOldGen       total 590848K, used 496517K [0x0000000080000000, 0x00000000a4100000, 0x00000000d5580000)
  object space 590848K, 84% used [0x0000000080000000,0x000000009e4e1638,0x00000000a4100000)
 Metaspace       used 6587K, capacity 7320K, committed 7680K, reserved 1056768K
  class space    used 616K, capacity 656K, committed 768K, reserved 1048576K
}
Event: 64.244 GC heap before
{Heap before GC invocations=28 (full 6):
 PSYoungGen      total 593920K, used 593899K [0x00000000d5580000, 0x0000000100000000, 0x0000000100000000)
  eden space 488960K, 100% used [0x00000000d5580000,0x00000000f3300000,0x00000000f3300000)
  from space 104960K, 99% used [0x00000000f3300000,0x00000000f997af58,0x00000000f9980000)
  to   space 104960K, 0% used [0x00000000f9980000,0x00000000f9980000,0x0000000100000000)
 ParOldGen       total 590848K, used 496517K [0x0000000080000000, 0x00000000a4100000, 0x00000000d5580000)
  object space 590848K, 84% used [0x0000000080000000,0x000000009e4e1638,0x00000000a4100000)
 Metaspace       used 6587K, capacity 7320K, committed 7680K, reserved 1056768K
  class space    used 616K, capacity 656K, committed 768K, reserved 1048576K
Event: 64.797 GC heap after
Heap after GC invocations=28 (full 6):
 PSYoungGen      total 534528K, used 51004K [0x00000000d5580000, 0x0000000100000000, 0x0000000100000000)
  eden space 429568K, 0% used [0x00000000d5580000,0x00000000d5580000,0x00000000ef900000)
  from space 104960K, 48% used [0x00000000f9980000,0x00000000fcb4f3f0,0x0000000100000000)
  to   space 134656K, 0% used [0x00000000ef900000,0x00000000ef900000,0x00000000f7c80000)
 ParOldGen       total 590848K, used 565211K [0x0000000080000000, 0x00000000a4100000, 0x00000000d5580000)
  object space 590848K, 95% used [0x0000000080000000,0x00000000a27f6d88,0x00000000a4100000)
 Metaspace       used 6587K, capacity 7320K, committed 7680K, reserved 1056768K
  class space    used 616K, capacity 656K, committed 768K, reserved 1048576K
}
Event: 64.797 GC heap before
{Heap before GC invocations=29 (full 7):
 PSYoungGen      total 534528K, used 51004K [0x00000000d5580000, 0x0000000100000000, 0x0000000100000000)
  eden space 429568K, 0% used [0x00000000d5580000,0x00000000d5580000,0x00000000ef900000)
  from space 104960K, 48% used [0x00000000f9980000,0x00000000fcb4f3f0,0x0000000100000000)
  to   space 134656K, 0% used [0x00000000ef900000,0x00000000ef900000,0x00000000f7c80000)
 ParOldGen       total 590848K, used 565211K [0x0000000080000000, 0x00000000a4100000, 0x00000000d5580000)
  object space 590848K, 95% used [0x0000000080000000,0x00000000a27f6d88,0x00000000a4100000)
 Metaspace       used 6587K, capacity 7320K, committed 7680K, reserved 1056768K
  class space    used 616K, capacity 656K, committed 768K, reserved 1048576K

