# JRE version: Java(TM) SE Runtime Environment (8.0_73-b02) (build 1.8.0_73-b02)
# Java VM: Java HotSpot(TM) 64-Bit Server VM (25.73-b02 mixed mode linux-amd64 compressed oops)
Heap:
 PSYoungGen      total 569344K, used 29827K [0x00000000d5580000, 0x0000000100000000, 0x0000000100000000)
  eden space 458240K, 0% used [0x00000000d5580000,0x00000000d5580000,0x00000000f1500000)
  from space 111104K, 26% used [0x00000000f9380000,0x00000000fb0a0f08,0x0000000100000000)
  to   space 120320K, 0% used [0x00000000f1500000,0x00000000f1500000,0x00000000f8a80000)
 ParOldGen       total 544256K, used 544181K [0x0000000080000000, 0x00000000a1380000, 0x00000000d5580000)
  object space 544256K, 99% used [0x0000000080000000,0x00000000a136d5d0,0x00000000a1380000)
 Metaspace       used 6589K, capacity 7320K, committed 7680K, reserved 1056768K
  class space    used 616K, capacity 656K, committed 768K, reserved 1048576K
GC Heap History (10 events):
Event: 26.393 GC heap after
Heap after GC invocations=19 (full 4):
 PSYoungGen      total 567296K, used 62649K [0x00000000d5580000, 0x0000000100000000, 0x0000000100000000)
  eden space 481792K, 0% used [0x00000000d5580000,0x00000000d5580000,0x00000000f2c00000)
  from space 85504K, 73% used [0x00000000f2c00000,0x00000000f692e6d8,0x00000000f7f80000)
  to   space 95232K, 0% used [0x00000000fa300000,0x00000000fa300000,0x0000000100000000)
 ParOldGen       total 403968K, used 286359K [0x0000000080000000, 0x0000000098a80000, 0x00000000d5580000)
  object space 403968K, 70% used [0x0000000080000000,0x00000000917a5cf8,0x0000000098a80000)
 Metaspace       used 6576K, capacity 7320K, committed 7680K, reserved 1056768K
  class space    used 614K, capacity 656K, committed 768K, reserved 1048576K
}
Event: 29.684 GC heap before
{Heap before GC invocations=20 (full 4):
 PSYoungGen      total 567296K, used 544441K [0x00000000d5580000, 0x0000000100000000, 0x0000000100000000)
  eden space 481792K, 100% used [0x00000000d5580000,0x00000000f2c00000,0x00000000f2c00000)
  from space 85504K, 73% used [0x00000000f2c00000,0x00000000f692e6d8,0x00000000f7f80000)
  to   space 95232K, 0% used [0x00000000fa300000,0x00000000fa300000,0x0000000100000000)
 ParOldGen       total 403968K, used 286359K [0x0000000080000000, 0x0000000098a80000, 0x00000000d5580000)
  object space 403968K, 70% used [0x0000000080000000,0x00000000917a5cf8,0x0000000098a80000)
 Metaspace       used 6576K, capacity 7320K, committed 7680K, reserved 1056768K
  class space    used 614K, capacity 656K, committed 768K, reserved 1048576K
Event: 34.025 GC heap after
Heap after GC invocations=20 (full 4):
 PSYoungGen      total 589312K, used 70290K [0x00000000d5580000, 0x0000000100000000, 0x0000000100000000)
  eden space 494080K, 0% used [0x00000000d5580000,0x00000000d5580000,0x00000000f3800000)
  from space 95232K, 73% used [0x00000000fa300000,0x00000000fe7a4b98,0x0000000100000000)
  to   space 102400K, 0% used [0x00000000f3800000,0x00000000f3800000,0x00000000f9c00000)
 ParOldGen       total 403968K, used 346676K [0x0000000080000000, 0x0000000098a80000, 0x00000000d5580000)
  object space 403968K, 85% used [0x0000000080000000,0x000000009528d018,0x0000000098a80000)
 Metaspace       used 6576K, capacity 7320K, committed 7680K, reserved 1056768K
  class space    used 614K, capacity 656K, committed 768K, reserved 1048576K
}
Event: 34.025 GC heap before
{Heap before GC invocations=21 (full 5):
 PSYoungGen      total 589312K, used 70290K [0x00000000d5580000, 0x0000000100000000, 0x0000000100000000)
  eden space 494080K, 0% used [0x00000000d5580000,0x00000000d5580000,0x00000000f3800000)
  from space 95232K, 73% used [0x00000000fa300000,0x00000000fe7a4b98,0x0000000100000000)
  to   space 102400K, 0% used [0x00000000f3800000,0x00000000f3800000,0x00000000f9c00000)
 ParOldGen       total 403968K, used 346676K [0x0000000080000000, 0x0000000098a80000, 0x00000000d5580000)
  object space 403968K, 85% used [0x0000000080000000,0x000000009528d018,0x0000000098a80000)
 Metaspace       used 6576K, capacity 7320K, committed 7680K, reserved 1056768K
  class space    used 614K, capacity 656K, committed 768K, reserved 1048576K
Event: 37.356 GC heap after
Heap after GC invocations=21 (full 5):
 PSYoungGen      total 589312K, used 12253K [0x00000000d5580000, 0x0000000100000000, 0x0000000100000000)
  eden space 494080K, 0% used [0x00000000d5580000,0x00000000d5580000,0x00000000f3800000)
  from space 95232K, 12% used [0x00000000fa300000,0x00000000faef74b8,0x0000000100000000)
  to   space 102400K, 0% used [0x00000000f3800000,0x00000000f3800000,0x00000000f9c00000)
 ParOldGen       total 544256K, used 403633K [0x0000000080000000, 0x00000000a1380000, 0x00000000d5580000)
  object space 544256K, 74% used [0x0000000080000000,0x0000000098a2c5c0,0x00000000a1380000)
 Metaspace       used 6576K, capacity 7320K, committed 7680K, reserved 1056768K
  class space    used 614K, capacity 656K, committed 768K, reserved 1048576K
}
Event: 41.306 GC heap before
{Heap before GC invocations=22 (full 5):
 PSYoungGen      total 589312K, used 506333K [0x00000000d5580000, 0x0000000100000000, 0x0000000100000000)
  eden space 494080K, 100% used [0x00000000d5580000,0x00000000f3800000,0x00000000f3800000)
  from space 95232K, 12% used [0x00000000fa300000,0x00000000faef74b8,0x0000000100000000)
  to   space 102400K, 0% used [0x00000000f3800000,0x00000000f3800000,0x00000000f9c00000)
 ParOldGen       total 544256K, used 403633K [0x0000000080000000, 0x00000000a1380000, 0x00000000d5580000)
  object space 544256K, 74% used [0x0000000080000000,0x0000000098a2c5c0,0x00000000a1380000)
 Metaspace       used 6578K, capacity 7320K, committed 7680K, reserved 1056768K
  class space    used 615K, capacity 656K, committed 768K, reserved 1048576K
Event: 41.598 GC heap after
Heap after GC invocations=22 (full 5):
 PSYoungGen      total 573952K, used 79831K [0x00000000d5580000, 0x0000000100000000, 0x0000000100000000)
  eden space 494080K, 0% used [0x00000000d5580000,0x00000000d5580000,0x00000000f3800000)
  from space 79872K, 99% used [0x00000000f3800000,0x00000000f85f5d18,0x00000000f8600000)
  to   space 111104K, 0% used [0x00000000f9380000,0x00000000f9380000,0x0000000100000000)
 ParOldGen       total 544256K, used 413255K [0x0000000080000000, 0x00000000a1380000, 0x00000000d5580000)
  object space 544256K, 75% used [0x0000000080000000,0x0000000099391e50,0x00000000a1380000)
 Metaspace       used 6578K, capacity 7320K, committed 7680K, reserved 1056768K
  class space    used 615K, capacity 656K, committed 768K, reserved 1048576K
}
Event: 44.751 GC heap before
{Heap before GC invocations=23 (full 5):
 PSYoungGen      total 573952K, used 573911K [0x00000000d5580000, 0x0000000100000000, 0x0000000100000000)
  eden space 494080K, 100% used [0x00000000d5580000,0x00000000f3800000,0x00000000f3800000)
  from space 79872K, 99% used [0x00000000f3800000,0x00000000f85f5d18,0x00000000f8600000)
  to   space 111104K, 0% used [0x00000000f9380000,0x00000000f9380000,0x0000000100000000)
 ParOldGen       total 544256K, used 413255K [0x0000000080000000, 0x00000000a1380000, 0x00000000d5580000)
  object space 544256K, 75% used [0x0000000080000000,0x0000000099391e50,0x00000000a1380000)
 Metaspace       used 6589K, capacity 7320K, committed 7680K, reserved 1056768K
  class space    used 616K, capacity 656K, committed 768K, reserved 1048576K
Event: 45.721 GC heap after
Heap after GC invocations=23 (full 5):
 PSYoungGen      total 569344K, used 85857K [0x00000000d5580000, 0x0000000100000000, 0x0000000100000000)
  eden space 458240K, 0% used [0x00000000d5580000,0x00000000d5580000,0x00000000f1500000)
  from space 111104K, 77% used [0x00000000f9380000,0x00000000fe758418,0x0000000100000000)
  to   space 120320K, 0% used [0x00000000f1500000,0x00000000f1500000,0x00000000f8a80000)
 ParOldGen       total 544256K, used 489980K [0x0000000080000000, 0x00000000a1380000, 0x00000000d5580000)
  object space 544256K, 90% used [0x0000000080000000,0x000000009de7f040,0x00000000a1380000)
 Metaspace       used 6589K, capacity 7320K, committed 7680K, reserved 1056768K
  class space    used 616K, capacity 656K, committed 768K, reserved 1048576K
}
Event: 45.721 GC heap before
{Heap before GC invocations=24 (full 6):
 PSYoungGen      total 569344K, used 85857K [0x00000000d5580000, 0x0000000100000000, 0x0000000100000000)
  eden space 458240K, 0% used [0x00000000d5580000,0x00000000d5580000,0x00000000f1500000)
  from space 111104K, 77% used [0x00000000f9380000,0x00000000fe758418,0x0000000100000000)
  to   space 120320K, 0% used [0x00000000f1500000,0x00000000f1500000,0x00000000f8a80000)
 ParOldGen       total 544256K, used 489980K [0x0000000080000000, 0x00000000a1380000, 0x00000000d5580000)
  object space 544256K, 90% used [0x0000000080000000,0x000000009de7f040,0x00000000a1380000)
 Metaspace       used 6589K, capacity 7320K, committed 7680K, reserved 1056768K
  class space    used 616K, capacity 656K, committed 768K, reserved 1048576K

