# JRE version: Java(TM) SE Runtime Environment (8.0_73-b02) (build 1.8.0_73-b02)
# Java VM: Java HotSpot(TM) 64-Bit Server VM (25.73-b02 mixed mode linux-amd64 compressed oops)
Heap:
 PSYoungGen      total 465920K, used 25006K [0x00000000d5580000, 0x0000000100000000, 0x0000000100000000)
  eden space 232960K, 0% used [0x00000000d5580000,0x00000000d5580000,0x00000000e3900000)
  from space 232960K, 10% used [0x00000000f1c80000,0x00000000f34eb870,0x0000000100000000)
  to   space 232960K, 0% used [0x00000000e3900000,0x00000000e3900000,0x00000000f1c80000)
 ParOldGen       total 881664K, used 881614K [0x0000000080000000, 0x00000000b5d00000, 0x00000000d5580000)
  object space 881664K, 99% used [0x0000000080000000,0x00000000b5cf3be0,0x00000000b5d00000)
 Metaspace       used 6956K, capacity 7672K, committed 7936K, reserved 1056768K
  class space    used 635K, capacity 688K, committed 768K, reserved 1048576K
GC Heap History (10 events):
Event: 52.725 GC heap after
Heap after GC invocations=34 (full 6):
 PSYoungGen      total 468992K, used 145068K [0x00000000d5580000, 0x0000000100000000, 0x0000000100000000)
  eden space 257536K, 0% used [0x00000000d5580000,0x00000000d5580000,0x00000000e5100000)
  from space 211456K, 68% used [0x00000000f2780000,0x00000000fb52b270,0x00000000ff600000)
  to   space 219648K, 0% used [0x00000000e5100000,0x00000000e5100000,0x00000000f2780000)
 ParOldGen       total 881664K, used 673352K [0x0000000080000000, 0x00000000b5d00000, 0x00000000d5580000)
  object space 881664K, 76% used [0x0000000080000000,0x00000000a9192210,0x00000000b5d00000)
 Metaspace       used 6703K, capacity 7384K, committed 7680K, reserved 1056768K
  class space    used 621K, capacity 656K, committed 768K, reserved 1048576K
}
Event: 53.491 GC heap before
{Heap before GC invocations=35 (full 6):
 PSYoungGen      total 468992K, used 402604K [0x00000000d5580000, 0x0000000100000000, 0x0000000100000000)
  eden space 257536K, 100% used [0x00000000d5580000,0x00000000e5100000,0x00000000e5100000)
  from space 211456K, 68% used [0x00000000f2780000,0x00000000fb52b270,0x00000000ff600000)
  to   space 219648K, 0% used [0x00000000e5100000,0x00000000e5100000,0x00000000f2780000)
 ParOldGen       total 881664K, used 673352K [0x0000000080000000, 0x00000000b5d00000, 0x00000000d5580000)
  object space 881664K, 76% used [0x0000000080000000,0x00000000a9192210,0x00000000b5d00000)
 Metaspace       used 6703K, capacity 7384K, committed 7680K, reserved 1056768K
  class space    used 621K, capacity 656K, committed 768K, reserved 1048576K
Event: 53.767 GC heap after
Heap after GC invocations=35 (full 6):
 PSYoungGen      total 442880K, used 184871K [0x00000000d5580000, 0x0000000100000000, 0x0000000100000000)
  eden space 257536K, 0% used [0x00000000d5580000,0x00000000d5580000,0x00000000e5100000)
  from space 185344K, 99% used [0x00000000e5100000,0x00000000f0589f68,0x00000000f0600000)
  to   space 232960K, 0% used [0x00000000f1c80000,0x00000000f1c80000,0x0000000100000000)
 ParOldGen       total 881664K, used 673352K [0x0000000080000000, 0x00000000b5d00000, 0x00000000d5580000)
  object space 881664K, 76% used [0x0000000080000000,0x00000000a9192210,0x00000000b5d00000)
 Metaspace       used 6703K, capacity 7384K, committed 7680K, reserved 1056768K
  class space    used 621K, capacity 656K, committed 768K, reserved 1048576K
}
Event: 54.726 GC heap before
{Heap before GC invocations=36 (full 6):
 PSYoungGen      total 442880K, used 442407K [0x00000000d5580000, 0x0000000100000000, 0x0000000100000000)
  eden space 257536K, 100% used [0x00000000d5580000,0x00000000e5100000,0x00000000e5100000)
  from space 185344K, 99% used [0x00000000e5100000,0x00000000f0589f68,0x00000000f0600000)
  to   space 232960K, 0% used [0x00000000f1c80000,0x00000000f1c80000,0x0000000100000000)
 ParOldGen       total 881664K, used 673352K [0x0000000080000000, 0x00000000b5d00000, 0x00000000d5580000)
  object space 881664K, 76% used [0x0000000080000000,0x00000000a9192210,0x00000000b5d00000)
 Metaspace       used 6724K, capacity 7384K, committed 7680K, reserved 1056768K
  class space    used 622K, capacity 656K, committed 768K, reserved 1048576K
Event: 55.056 GC heap after
Heap after GC invocations=36 (full 6):
 PSYoungGen      total 465920K, used 224379K [0x00000000d5580000, 0x0000000100000000, 0x0000000100000000)
  eden space 232960K, 0% used [0x00000000d5580000,0x00000000d5580000,0x00000000e3900000)
  from space 232960K, 96% used [0x00000000f1c80000,0x00000000ff79ed58,0x0000000100000000)
  to   space 232960K, 0% used [0x00000000e3900000,0x00000000e3900000,0x00000000f1c80000)
 ParOldGen       total 881664K, used 673352K [0x0000000080000000, 0x00000000b5d00000, 0x00000000d5580000)
  object space 881664K, 76% used [0x0000000080000000,0x00000000a9192210,0x00000000b5d00000)
 Metaspace       used 6724K, capacity 7384K, committed 7680K, reserved 1056768K
  class space    used 622K, capacity 656K, committed 768K, reserved 1048576K
}
Event: 56.860 GC heap before
{Heap before GC invocations=37 (full 6):
 PSYoungGen      total 465920K, used 457339K [0x00000000d5580000, 0x0000000100000000, 0x0000000100000000)
  eden space 232960K, 100% used [0x00000000d5580000,0x00000000e3900000,0x00000000e3900000)
  from space 232960K, 96% used [0x00000000f1c80000,0x00000000ff79ed58,0x0000000100000000)
  to   space 232960K, 0% used [0x00000000e3900000,0x00000000e3900000,0x00000000f1c80000)
 ParOldGen       total 881664K, used 673352K [0x0000000080000000, 0x00000000b5d00000, 0x00000000d5580000)
  object space 881664K, 76% used [0x0000000080000000,0x00000000a9192210,0x00000000b5d00000)
 Metaspace       used 6901K, capacity 7608K, committed 7936K, reserved 1056768K
  class space    used 635K, capacity 688K, committed 768K, reserved 1048576K
Event: 57.576 GC heap after
Heap after GC invocations=37 (full 6):
 PSYoungGen      total 465920K, used 226308K [0x00000000d5580000, 0x0000000100000000, 0x0000000100000000)
  eden space 232960K, 0% used [0x00000000d5580000,0x00000000d5580000,0x00000000e3900000)
  from space 232960K, 97% used [0x00000000e3900000,0x00000000f1601188,0x00000000f1c80000)
  to   space 232960K, 0% used [0x00000000f1c80000,0x00000000f1c80000,0x0000000100000000)
 ParOldGen       total 881664K, used 712007K [0x0000000080000000, 0x00000000b5d00000, 0x00000000d5580000)
  object space 881664K, 80% used [0x0000000080000000,0x00000000ab751ea0,0x00000000b5d00000)
 Metaspace       used 6901K, capacity 7608K, committed 7936K, reserved 1056768K
  class space    used 635K, capacity 688K, committed 768K, reserved 1048576K
}
Event: 58.938 GC heap before
{Heap before GC invocations=38 (full 6):
 PSYoungGen      total 465920K, used 459268K [0x00000000d5580000, 0x0000000100000000, 0x0000000100000000)
  eden space 232960K, 100% used [0x00000000d5580000,0x00000000e3900000,0x00000000e3900000)
  from space 232960K, 97% used [0x00000000e3900000,0x00000000f1601188,0x00000000f1c80000)
  to   space 232960K, 0% used [0x00000000f1c80000,0x00000000f1c80000,0x0000000100000000)
 ParOldGen       total 881664K, used 712007K [0x0000000080000000, 0x00000000b5d00000, 0x00000000d5580000)
  object space 881664K, 80% used [0x0000000080000000,0x00000000ab751ea0,0x00000000b5d00000)
 Metaspace       used 6956K, capacity 7672K, committed 7936K, reserved 1056768K
  class space    used 635K, capacity 688K, committed 768K, reserved 1048576K
Event: 63.353 GC heap after
Heap after GC invocations=38 (full 6):
 PSYoungGen      total 465920K, used 232929K [0x00000000d5580000, 0x0000000100000000, 0x0000000100000000)
  eden space 232960K, 0% used [0x00000000d5580000,0x00000000d5580000,0x00000000e3900000)
  from space 232960K, 99% used [0x00000000f1c80000,0x00000000ffff8698,0x0000000100000000)
  to   space 232960K, 0% used [0x00000000e3900000,0x00000000e3900000,0x00000000f1c80000)
 ParOldGen       total 881664K, used 806047K [0x0000000080000000, 0x00000000b5d00000, 0x00000000d5580000)
  object space 881664K, 91% used [0x0000000080000000,0x00000000b1327c90,0x00000000b5d00000)
 Metaspace       used 6956K, capacity 7672K, committed 7936K, reserved 1056768K
  class space    used 635K, capacity 688K, committed 768K, reserved 1048576K
}
Event: 63.353 GC heap before
{Heap before GC invocations=39 (full 7):
 PSYoungGen      total 465920K, used 232929K [0x00000000d5580000, 0x0000000100000000, 0x0000000100000000)
  eden space 232960K, 0% used [0x00000000d5580000,0x00000000d5580000,0x00000000e3900000)
  from space 232960K, 99% used [0x00000000f1c80000,0x00000000ffff8698,0x0000000100000000)
  to   space 232960K, 0% used [0x00000000e3900000,0x00000000e3900000,0x00000000f1c80000)
 ParOldGen       total 881664K, used 806047K [0x0000000080000000, 0x00000000b5d00000, 0x00000000d5580000)
  object space 881664K, 91% used [0x0000000080000000,0x00000000b1327c90,0x00000000b5d00000)
 Metaspace       used 6956K, capacity 7672K, committed 7936K, reserved 1056768K
  class space    used 635K, capacity 688K, committed 768K, reserved 1048576K

