# JRE version: Java(TM) SE Runtime Environment (8.0_73-b02) (build 1.8.0_73-b02)
# Java VM: Java HotSpot(TM) 64-Bit Server VM (25.73-b02 mixed mode linux-amd64 compressed oops)
Heap:
 PSYoungGen      total 525312K, used 0K [0x00000000d5580000, 0x0000000100000000, 0x0000000100000000)
  eden space 372224K, 0% used [0x00000000d5580000,0x00000000d5580000,0x00000000ec100000)
  from space 153088K, 0% used [0x00000000f5080000,0x00000000f5080000,0x00000000fe600000)
  to   space 146944K, 0% used [0x00000000ec100000,0x00000000ec100000,0x00000000f5080000)
 ParOldGen       total 771584K, used 759492K [0x0000000080000000, 0x00000000af180000, 0x00000000d5580000)
  object space 771584K, 98% used [0x0000000080000000,0x00000000ae5b13b8,0x00000000af180000)
 Metaspace       used 6600K, capacity 7320K, committed 7680K, reserved 1056768K
  class space    used 616K, capacity 656K, committed 768K, reserved 1048576K
GC Heap History (10 events):
Event: 68.872 GC heap after
Heap after GC invocations=26 (full 6):
 PSYoungGen      total 532480K, used 86431K [0x00000000d5580000, 0x0000000100000000, 0x0000000100000000)
  eden space 363520K, 0% used [0x00000000d5580000,0x00000000d5580000,0x00000000eb880000)
  from space 168960K, 51% used [0x00000000f5b00000,0x00000000faf67f90,0x0000000100000000)
  to   space 166400K, 0% used [0x00000000eb880000,0x00000000eb880000,0x00000000f5b00000)
 ParOldGen       total 771584K, used 602162K [0x0000000080000000, 0x00000000af180000, 0x00000000d5580000)
  object space 771584K, 78% used [0x0000000080000000,0x00000000a4c0c890,0x00000000af180000)
 Metaspace       used 6593K, capacity 7320K, committed 7680K, reserved 1056768K
  class space    used 616K, capacity 656K, committed 768K, reserved 1048576K
}
Event: 70.278 GC heap before
{Heap before GC invocations=27 (full 6):
 PSYoungGen      total 532480K, used 449951K [0x00000000d5580000, 0x0000000100000000, 0x0000000100000000)
  eden space 363520K, 100% used [0x00000000d5580000,0x00000000eb880000,0x00000000eb880000)
  from space 168960K, 51% used [0x00000000f5b00000,0x00000000faf67f90,0x0000000100000000)
  to   space 166400K, 0% used [0x00000000eb880000,0x00000000eb880000,0x00000000f5b00000)
 ParOldGen       total 771584K, used 602162K [0x0000000080000000, 0x00000000af180000, 0x00000000d5580000)
  object space 771584K, 78% used [0x0000000080000000,0x00000000a4c0c890,0x00000000af180000)
 Metaspace       used 6593K, capacity 7320K, committed 7680K, reserved 1056768K
  class space    used 616K, capacity 656K, committed 768K, reserved 1048576K
Event: 72.516 GC heap after
Heap after GC invocations=27 (full 6):
 PSYoungGen      total 468992K, used 105445K [0x00000000d5580000, 0x0000000100000000, 0x0000000100000000)
  eden space 363520K, 0% used [0x00000000d5580000,0x00000000d5580000,0x00000000eb880000)
  from space 105472K, 99% used [0x00000000eb880000,0x00000000f1f79510,0x00000000f1f80000)
  to   space 171008K, 0% used [0x00000000f5900000,0x00000000f5900000,0x0000000100000000)
 ParOldGen       total 771584K, used 638667K [0x0000000080000000, 0x00000000af180000, 0x00000000d5580000)
  object space 771584K, 82% used [0x0000000080000000,0x00000000a6fb2c20,0x00000000af180000)
 Metaspace       used 6593K, capacity 7320K, committed 7680K, reserved 1056768K
  class space    used 616K, capacity 656K, committed 768K, reserved 1048576K
}
Event: 73.462 GC heap before
{Heap before GC invocations=28 (full 6):
 PSYoungGen      total 468992K, used 468965K [0x00000000d5580000, 0x0000000100000000, 0x0000000100000000)
  eden space 363520K, 100% used [0x00000000d5580000,0x00000000eb880000,0x00000000eb880000)
  from space 105472K, 99% used [0x00000000eb880000,0x00000000f1f79510,0x00000000f1f80000)
  to   space 171008K, 0% used [0x00000000f5900000,0x00000000f5900000,0x0000000100000000)
 ParOldGen       total 771584K, used 638667K [0x0000000080000000, 0x00000000af180000, 0x00000000d5580000)
  object space 771584K, 82% used [0x0000000080000000,0x00000000a6fb2c20,0x00000000af180000)
 Metaspace       used 6593K, capacity 7320K, committed 7680K, reserved 1056768K
  class space    used 616K, capacity 656K, committed 768K, reserved 1048576K
Event: 74.137 GC heap after
Heap after GC invocations=28 (full 6):
 PSYoungGen      total 537088K, used 71608K [0x00000000d5580000, 0x0000000100000000, 0x0000000100000000)
  eden space 366080K, 0% used [0x00000000d5580000,0x00000000d5580000,0x00000000ebb00000)
  from space 171008K, 41% used [0x00000000f5900000,0x00000000f9eee140,0x0000000100000000)
  to   space 161792K, 0% used [0x00000000ebb00000,0x00000000ebb00000,0x00000000f5900000)
 ParOldGen       total 771584K, used 654673K [0x0000000080000000, 0x00000000af180000, 0x00000000d5580000)
  object space 771584K, 84% used [0x0000000080000000,0x00000000a7f54508,0x00000000af180000)
 Metaspace       used 6593K, capacity 7320K, committed 7680K, reserved 1056768K
  class space    used 616K, capacity 656K, committed 768K, reserved 1048576K
}
Event: 88.923 GC heap before
{Heap before GC invocations=29 (full 6):
 PSYoungGen      total 537088K, used 437688K [0x00000000d5580000, 0x0000000100000000, 0x0000000100000000)
  eden space 366080K, 100% used [0x00000000d5580000,0x00000000ebb00000,0x00000000ebb00000)
  from space 171008K, 41% used [0x00000000f5900000,0x00000000f9eee140,0x0000000100000000)
  to   space 161792K, 0% used [0x00000000ebb00000,0x00000000ebb00000,0x00000000f5900000)
 ParOldGen       total 771584K, used 654673K [0x0000000080000000, 0x00000000af180000, 0x00000000d5580000)
  object space 771584K, 84% used [0x0000000080000000,0x00000000a7f54508,0x00000000af180000)
 Metaspace       used 6600K, capacity 7320K, committed 7680K, reserved 1056768K
  class space    used 616K, capacity 656K, committed 768K, reserved 1048576K
Event: 89.800 GC heap after
Heap after GC invocations=29 (full 6):
 PSYoungGen      total 433152K, used 67070K [0x00000000d5580000, 0x00000000fe600000, 0x0000000100000000)
  eden space 366080K, 0% used [0x00000000d5580000,0x00000000d5580000,0x00000000ebb00000)
  from space 67072K, 99% used [0x00000000ebb00000,0x00000000efc7f8d8,0x00000000efc80000)
  to   space 153088K, 0% used [0x00000000f5080000,0x00000000f5080000,0x00000000fe600000)
 ParOldGen       total 771584K, used 684055K [0x0000000080000000, 0x00000000af180000, 0x00000000d5580000)
  object space 771584K, 88% used [0x0000000080000000,0x00000000a9c05e20,0x00000000af180000)
 Metaspace       used 6600K, capacity 7320K, committed 7680K, reserved 1056768K
  class space    used 616K, capacity 656K, committed 768K, reserved 1048576K
}
Event: 93.116 GC heap before
{Heap before GC invocations=30 (full 6):
 PSYoungGen      total 433152K, used 433150K [0x00000000d5580000, 0x00000000fe600000, 0x0000000100000000)
  eden space 366080K, 100% used [0x00000000d5580000,0x00000000ebb00000,0x00000000ebb00000)
  from space 67072K, 99% used [0x00000000ebb00000,0x00000000efc7f8d8,0x00000000efc80000)
  to   space 153088K, 0% used [0x00000000f5080000,0x00000000f5080000,0x00000000fe600000)
 ParOldGen       total 771584K, used 684055K [0x0000000080000000, 0x00000000af180000, 0x00000000d5580000)
  object space 771584K, 88% used [0x0000000080000000,0x00000000a9c05e20,0x00000000af180000)
 Metaspace       used 6600K, capacity 7320K, committed 7680K, reserved 1056768K
  class space    used 616K, capacity 656K, committed 768K, reserved 1048576K
Event: 94.843 GC heap after
Heap after GC invocations=30 (full 6):
 PSYoungGen      total 525312K, used 57598K [0x00000000d5580000, 0x0000000100000000, 0x0000000100000000)
  eden space 372224K, 0% used [0x00000000d5580000,0x00000000d5580000,0x00000000ec100000)
  from space 153088K, 37% used [0x00000000f5080000,0x00000000f88bfb48,0x00000000fe600000)
  to   space 146944K, 0% used [0x00000000ec100000,0x00000000ec100000,0x00000000f5080000)
 ParOldGen       total 771584K, used 748875K [0x0000000080000000, 0x00000000af180000, 0x00000000d5580000)
  object space 771584K, 97% used [0x0000000080000000,0x00000000adb52c58,0x00000000af180000)
 Metaspace       used 6600K, capacity 7320K, committed 7680K, reserved 1056768K
  class space    used 616K, capacity 656K, committed 768K, reserved 1048576K
}
Event: 94.872 GC heap before
{Heap before GC invocations=31 (full 7):
 PSYoungGen      total 525312K, used 57598K [0x00000000d5580000, 0x0000000100000000, 0x0000000100000000)
  eden space 372224K, 0% used [0x00000000d5580000,0x00000000d5580000,0x00000000ec100000)
  from space 153088K, 37% used [0x00000000f5080000,0x00000000f88bfb48,0x00000000fe600000)
  to   space 146944K, 0% used [0x00000000ec100000,0x00000000ec100000,0x00000000f5080000)
 ParOldGen       total 771584K, used 748875K [0x0000000080000000, 0x00000000af180000, 0x00000000d5580000)
  object space 771584K, 97% used [0x0000000080000000,0x00000000adb52c58,0x00000000af180000)
 Metaspace       used 6600K, capacity 7320K, committed 7680K, reserved 1056768K
  class space    used 616K, capacity 656K, committed 768K, reserved 1048576K

