# JRE version: Java(TM) SE Runtime Environment (8.0_73-b02) (build 1.8.0_73-b02)
# Java VM: Java HotSpot(TM) 64-Bit Server VM (25.73-b02 mixed mode linux-amd64 compressed oops)
Heap:
 PSYoungGen      total 563712K, used 43627K [0x00000000d5580000, 0x0000000100000000, 0x0000000100000000)
  eden space 432128K, 0% used [0x00000000d5580000,0x00000000d5580000,0x00000000efb80000)
  from space 131584K, 33% used [0x00000000efb80000,0x00000000f261acc0,0x00000000f7c00000)
  to   space 135168K, 0% used [0x00000000f7c00000,0x00000000f7c00000,0x0000000100000000)
 ParOldGen       total 673792K, used 673492K [0x0000000080000000, 0x00000000a9200000, 0x00000000d5580000)
  object space 673792K, 99% used [0x0000000080000000,0x00000000a91b52b8,0x00000000a9200000)
 Metaspace       used 6586K, capacity 7320K, committed 7680K, reserved 1056768K
  class space    used 616K, capacity 656K, committed 768K, reserved 1048576K
GC Heap History (10 events):
Event: 55.396 GC heap after
Heap after GC invocations=25 (full 5):
 PSYoungGen      total 548864K, used 74133K [0x00000000d5580000, 0x0000000100000000, 0x0000000100000000)
  eden space 424448K, 0% used [0x00000000d5580000,0x00000000d5580000,0x00000000ef400000)
  from space 124416K, 59% used [0x00000000f7680000,0x00000000fbee55b0,0x00000000ff000000)
  to   space 133632K, 0% used [0x00000000ef400000,0x00000000ef400000,0x00000000f7680000)
 ParOldGen       total 485376K, used 338660K [0x0000000080000000, 0x000000009da00000, 0x00000000d5580000)
  object space 485376K, 69% used [0x0000000080000000,0x0000000094ab9208,0x000000009da00000)
 Metaspace       used 6574K, capacity 7320K, committed 7680K, reserved 1056768K
  class space    used 615K, capacity 656K, committed 768K, reserved 1048576K
}
Event: 59.196 GC heap before
{Heap before GC invocations=26 (full 5):
 PSYoungGen      total 548864K, used 498581K [0x00000000d5580000, 0x0000000100000000, 0x0000000100000000)
  eden space 424448K, 100% used [0x00000000d5580000,0x00000000ef400000,0x00000000ef400000)
  from space 124416K, 59% used [0x00000000f7680000,0x00000000fbee55b0,0x00000000ff000000)
  to   space 133632K, 0% used [0x00000000ef400000,0x00000000ef400000,0x00000000f7680000)
 ParOldGen       total 485376K, used 338660K [0x0000000080000000, 0x000000009da00000, 0x00000000d5580000)
  object space 485376K, 69% used [0x0000000080000000,0x0000000094ab9208,0x000000009da00000)
 Metaspace       used 6575K, capacity 7320K, committed 7680K, reserved 1056768K
  class space    used 615K, capacity 656K, committed 768K, reserved 1048576K
Event: 60.492 GC heap after
Heap after GC invocations=26 (full 5):
 PSYoungGen      total 558080K, used 70288K [0x00000000d5580000, 0x0000000100000000, 0x0000000100000000)
  eden space 424448K, 0% used [0x00000000d5580000,0x00000000d5580000,0x00000000ef400000)
  from space 133632K, 52% used [0x00000000ef400000,0x00000000f38a40a0,0x00000000f7680000)
  to   space 133120K, 0% used [0x00000000f7e00000,0x00000000f7e00000,0x0000000100000000)
 ParOldGen       total 485376K, used 410700K [0x0000000080000000, 0x000000009da00000, 0x00000000d5580000)
  object space 485376K, 84% used [0x0000000080000000,0x00000000991132b0,0x000000009da00000)
 Metaspace       used 6575K, capacity 7320K, committed 7680K, reserved 1056768K
  class space    used 615K, capacity 656K, committed 768K, reserved 1048576K
}
Event: 63.252 GC heap before
{Heap before GC invocations=27 (full 5):
 PSYoungGen      total 558080K, used 494736K [0x00000000d5580000, 0x0000000100000000, 0x0000000100000000)
  eden space 424448K, 100% used [0x00000000d5580000,0x00000000ef400000,0x00000000ef400000)
  from space 133632K, 52% used [0x00000000ef400000,0x00000000f38a40a0,0x00000000f7680000)
  to   space 133120K, 0% used [0x00000000f7e00000,0x00000000f7e00000,0x0000000100000000)
 ParOldGen       total 485376K, used 410700K [0x0000000080000000, 0x000000009da00000, 0x00000000d5580000)
  object space 485376K, 84% used [0x0000000080000000,0x00000000991132b0,0x000000009da00000)
 Metaspace       used 6586K, capacity 7320K, committed 7680K, reserved 1056768K
  class space    used 616K, capacity 656K, committed 768K, reserved 1048576K
Event: 65.637 GC heap after
Heap after GC invocations=27 (full 5):
 PSYoungGen      total 561664K, used 68936K [0x00000000d5580000, 0x00000000ffc80000, 0x0000000100000000)
  eden space 432128K, 0% used [0x00000000d5580000,0x00000000d5580000,0x00000000efb80000)
  from space 129536K, 53% used [0x00000000f7e00000,0x00000000fc152258,0x00000000ffc80000)
  to   space 131584K, 0% used [0x00000000efb80000,0x00000000efb80000,0x00000000f7c00000)
 ParOldGen       total 485376K, used 478139K [0x0000000080000000, 0x000000009da00000, 0x00000000d5580000)
  object space 485376K, 98% used [0x0000000080000000,0x000000009d2eedf0,0x000000009da00000)
 Metaspace       used 6586K, capacity 7320K, committed 7680K, reserved 1056768K
  class space    used 616K, capacity 656K, committed 768K, reserved 1048576K
}
Event: 65.637 GC heap before
{Heap before GC invocations=28 (full 6):
 PSYoungGen      total 561664K, used 68936K [0x00000000d5580000, 0x00000000ffc80000, 0x0000000100000000)
  eden space 432128K, 0% used [0x00000000d5580000,0x00000000d5580000,0x00000000efb80000)
  from space 129536K, 53% used [0x00000000f7e00000,0x00000000fc152258,0x00000000ffc80000)
  to   space 131584K, 0% used [0x00000000efb80000,0x00000000efb80000,0x00000000f7c00000)
 ParOldGen       total 485376K, used 478139K [0x0000000080000000, 0x000000009da00000, 0x00000000d5580000)
  object space 485376K, 98% used [0x0000000080000000,0x000000009d2eedf0,0x000000009da00000)
 Metaspace       used 6586K, capacity 7320K, committed 7680K, reserved 1056768K
  class space    used 616K, capacity 656K, committed 768K, reserved 1048576K
Event: 68.836 GC heap after
Heap after GC invocations=28 (full 6):
 PSYoungGen      total 561664K, used 57822K [0x00000000d5580000, 0x00000000ffc80000, 0x0000000100000000)
  eden space 432128K, 0% used [0x00000000d5580000,0x00000000d5580000,0x00000000efb80000)
  from space 129536K, 44% used [0x00000000f7e00000,0x00000000fb677918,0x00000000ffc80000)
  to   space 131584K, 0% used [0x00000000efb80000,0x00000000efb80000,0x00000000f7c00000)
 ParOldGen       total 673792K, used 484935K [0x0000000080000000, 0x00000000a9200000, 0x00000000d5580000)
  object space 673792K, 71% used [0x0000000080000000,0x000000009d991fe0,0x00000000a9200000)
 Metaspace       used 6586K, capacity 7320K, committed 7680K, reserved 1056768K
  class space    used 616K, capacity 656K, committed 768K, reserved 1048576K
}
Event: 71.501 GC heap before
{Heap before GC invocations=29 (full 6):
 PSYoungGen      total 561664K, used 489950K [0x00000000d5580000, 0x00000000ffc80000, 0x0000000100000000)
  eden space 432128K, 100% used [0x00000000d5580000,0x00000000efb80000,0x00000000efb80000)
  from space 129536K, 44% used [0x00000000f7e00000,0x00000000fb677918,0x00000000ffc80000)
  to   space 131584K, 0% used [0x00000000efb80000,0x00000000efb80000,0x00000000f7c00000)
 ParOldGen       total 673792K, used 484935K [0x0000000080000000, 0x00000000a9200000, 0x00000000d5580000)
  object space 673792K, 71% used [0x0000000080000000,0x000000009d991fe0,0x00000000a9200000)
 Metaspace       used 6586K, capacity 7320K, committed 7680K, reserved 1056768K
  class space    used 616K, capacity 656K, committed 768K, reserved 1048576K
Event: 78.923 GC heap after
Heap after GC invocations=29 (full 6):
 PSYoungGen      total 563712K, used 131579K [0x00000000d5580000, 0x0000000100000000, 0x0000000100000000)
  eden space 432128K, 0% used [0x00000000d5580000,0x00000000d5580000,0x00000000efb80000)
  from space 131584K, 99% used [0x00000000efb80000,0x00000000f7bfee00,0x00000000f7c00000)
  to   space 135168K, 0% used [0x00000000f7c00000,0x00000000f7c00000,0x0000000100000000)
 ParOldGen       total 673792K, used 589709K [0x0000000080000000, 0x00000000a9200000, 0x00000000d5580000)
  object space 673792K, 87% used [0x0000000080000000,0x00000000a3fe3580,0x00000000a9200000)
 Metaspace       used 6586K, capacity 7320K, committed 7680K, reserved 1056768K
  class space    used 616K, capacity 656K, committed 768K, reserved 1048576K
}
Event: 78.923 GC heap before
{Heap before GC invocations=30 (full 7):
 PSYoungGen      total 563712K, used 131579K [0x00000000d5580000, 0x0000000100000000, 0x0000000100000000)
  eden space 432128K, 0% used [0x00000000d5580000,0x00000000d5580000,0x00000000efb80000)
  from space 131584K, 99% used [0x00000000efb80000,0x00000000f7bfee00,0x00000000f7c00000)
  to   space 135168K, 0% used [0x00000000f7c00000,0x00000000f7c00000,0x0000000100000000)
 ParOldGen       total 673792K, used 589709K [0x0000000080000000, 0x00000000a9200000, 0x00000000d5580000)
  object space 673792K, 87% used [0x0000000080000000,0x00000000a3fe3580,0x00000000a9200000)
 Metaspace       used 6586K, capacity 7320K, committed 7680K, reserved 1056768K
  class space    used 616K, capacity 656K, committed 768K, reserved 1048576K

