# JRE version: Java(TM) SE Runtime Environment (8.0_73-b02) (build 1.8.0_73-b02)
# Java VM: Java HotSpot(TM) 64-Bit Server VM (25.73-b02 mixed mode linux-amd64 compressed oops)
Heap:
 PSYoungGen      total 465920K, used 0K [0x00000000d5580000, 0x0000000100000000, 0x0000000100000000)
  eden space 232960K, 0% used [0x00000000d5580000,0x00000000d5580000,0x00000000e3900000)
  from space 232960K, 0% used [0x00000000f1c80000,0x00000000f1c80000,0x0000000100000000)
  to   space 232960K, 0% used [0x00000000e3900000,0x00000000e3900000,0x00000000f1c80000)
 ParOldGen       total 916480K, used 886154K [0x0000000080000000, 0x00000000b7f00000, 0x00000000d5580000)
  object space 916480K, 96% used [0x0000000080000000,0x00000000b61628b0,0x00000000b7f00000)
 Metaspace       used 6910K, capacity 7608K, committed 7936K, reserved 1056768K
  class space    used 635K, capacity 688K, committed 768K, reserved 1048576K
GC Heap History (10 events):
Event: 48.784 GC heap after
Heap after GC invocations=30 (full 7):
 PSYoungGen      total 469504K, used 154517K [0x00000000d5580000, 0x0000000100000000, 0x0000000100000000)
  eden space 271872K, 0% used [0x00000000d5580000,0x00000000d5580000,0x00000000e5f00000)
  from space 197632K, 78% used [0x00000000f3f00000,0x00000000fd5e55a0,0x0000000100000000)
  to   space 213504K, 0% used [0x00000000e5f00000,0x00000000e5f00000,0x00000000f2f80000)
 ParOldGen       total 916480K, used 711132K [0x0000000080000000, 0x00000000b7f00000, 0x00000000d5580000)
  object space 916480K, 77% used [0x0000000080000000,0x00000000ab6770e8,0x00000000b7f00000)
 Metaspace       used 6597K, capacity 7320K, committed 7680K, reserved 1056768K
  class space    used 616K, capacity 656K, committed 768K, reserved 1048576K
}
Event: 49.741 GC heap before
{Heap before GC invocations=31 (full 7):
 PSYoungGen      total 469504K, used 426389K [0x00000000d5580000, 0x0000000100000000, 0x0000000100000000)
  eden space 271872K, 100% used [0x00000000d5580000,0x00000000e5f00000,0x00000000e5f00000)
  from space 197632K, 78% used [0x00000000f3f00000,0x00000000fd5e55a0,0x0000000100000000)
  to   space 213504K, 0% used [0x00000000e5f00000,0x00000000e5f00000,0x00000000f2f80000)
 ParOldGen       total 916480K, used 711132K [0x0000000080000000, 0x00000000b7f00000, 0x00000000d5580000)
  object space 916480K, 77% used [0x0000000080000000,0x00000000ab6770e8,0x00000000b7f00000)
 Metaspace       used 6600K, capacity 7320K, committed 7680K, reserved 1056768K
  class space    used 616K, capacity 656K, committed 768K, reserved 1048576K
Event: 50.020 GC heap after
Heap after GC invocations=31 (full 7):
 PSYoungGen      total 464896K, used 192547K [0x00000000d5580000, 0x0000000100000000, 0x0000000100000000)
  eden space 271872K, 0% used [0x00000000d5580000,0x00000000d5580000,0x00000000e5f00000)
  from space 193024K, 99% used [0x00000000e5f00000,0x00000000f1b08dc0,0x00000000f1b80000)
  to   space 232960K, 0% used [0x00000000f1c80000,0x00000000f1c80000,0x0000000100000000)
 ParOldGen       total 916480K, used 711132K [0x0000000080000000, 0x00000000b7f00000, 0x00000000d5580000)
  object space 916480K, 77% used [0x0000000080000000,0x00000000ab6770e8,0x00000000b7f00000)
 Metaspace       used 6600K, capacity 7320K, committed 7680K, reserved 1056768K
  class space    used 616K, capacity 656K, committed 768K, reserved 1048576K
}
Event: 50.860 GC heap before
{Heap before GC invocations=32 (full 7):
 PSYoungGen      total 464896K, used 464419K [0x00000000d5580000, 0x0000000100000000, 0x0000000100000000)
  eden space 271872K, 100% used [0x00000000d5580000,0x00000000e5f00000,0x00000000e5f00000)
  from space 193024K, 99% used [0x00000000e5f00000,0x00000000f1b08dc0,0x00000000f1b80000)
  to   space 232960K, 0% used [0x00000000f1c80000,0x00000000f1c80000,0x0000000100000000)
 ParOldGen       total 916480K, used 711132K [0x0000000080000000, 0x00000000b7f00000, 0x00000000d5580000)
  object space 916480K, 77% used [0x0000000080000000,0x00000000ab6770e8,0x00000000b7f00000)
 Metaspace       used 6705K, capacity 7384K, committed 7680K, reserved 1056768K
  class space    used 622K, capacity 656K, committed 768K, reserved 1048576K
Event: 51.212 GC heap after
Heap after GC invocations=32 (full 7):
 PSYoungGen      total 465920K, used 195152K [0x00000000d5580000, 0x0000000100000000, 0x0000000100000000)
  eden space 232960K, 0% used [0x00000000d5580000,0x00000000d5580000,0x00000000e3900000)
  from space 232960K, 83% used [0x00000000f1c80000,0x00000000fdb14348,0x0000000100000000)
  to   space 232960K, 0% used [0x00000000e3900000,0x00000000e3900000,0x00000000f1c80000)
 ParOldGen       total 916480K, used 748604K [0x0000000080000000, 0x00000000b7f00000, 0x00000000d5580000)
  object space 916480K, 81% used [0x0000000080000000,0x00000000adb0f1f0,0x00000000b7f00000)
 Metaspace       used 6705K, capacity 7384K, committed 7680K, reserved 1056768K
  class space    used 622K, capacity 656K, committed 768K, reserved 1048576K
}
Event: 52.246 GC heap before
{Heap before GC invocations=33 (full 7):
 PSYoungGen      total 465920K, used 428112K [0x00000000d5580000, 0x0000000100000000, 0x0000000100000000)
  eden space 232960K, 100% used [0x00000000d5580000,0x00000000e3900000,0x00000000e3900000)
  from space 232960K, 83% used [0x00000000f1c80000,0x00000000fdb14348,0x0000000100000000)
  to   space 232960K, 0% used [0x00000000e3900000,0x00000000e3900000,0x00000000f1c80000)
 ParOldGen       total 916480K, used 748604K [0x0000000080000000, 0x00000000b7f00000, 0x00000000d5580000)
  object space 916480K, 81% used [0x0000000080000000,0x00000000adb0f1f0,0x00000000b7f00000)
 Metaspace       used 6705K, capacity 7384K, committed 7680K, reserved 1056768K
  class space    used 622K, capacity 656K, committed 768K, reserved 1048576K
Event: 53.421 GC heap after
Heap after GC invocations=33 (full 7):
 PSYoungGen      total 465920K, used 159377K [0x00000000d5580000, 0x0000000100000000, 0x0000000100000000)
  eden space 232960K, 0% used [0x00000000d5580000,0x00000000d5580000,0x00000000e3900000)
  from space 232960K, 68% used [0x00000000e3900000,0x00000000ed4a4490,0x00000000f1c80000)
  to   space 232960K, 0% used [0x00000000f1c80000,0x00000000f1c80000,0x0000000100000000)
 ParOldGen       total 916480K, used 819364K [0x0000000080000000, 0x00000000b7f00000, 0x00000000d5580000)
  object space 916480K, 89% used [0x0000000080000000,0x00000000b2029138,0x00000000b7f00000)
 Metaspace       used 6705K, capacity 7384K, committed 7680K, reserved 1056768K
  class space    used 622K, capacity 656K, committed 768K, reserved 1048576K
}
Event: 55.149 GC heap before
{Heap before GC invocations=34 (full 7):
 PSYoungGen      total 465920K, used 392337K [0x00000000d5580000, 0x0000000100000000, 0x0000000100000000)
  eden space 232960K, 100% used [0x00000000d5580000,0x00000000e3900000,0x00000000e3900000)
  from space 232960K, 68% used [0x00000000e3900000,0x00000000ed4a4490,0x00000000f1c80000)
  to   space 232960K, 0% used [0x00000000f1c80000,0x00000000f1c80000,0x0000000100000000)
 ParOldGen       total 916480K, used 819664K [0x0000000080000000, 0x00000000b7f00000, 0x00000000d5580000)
  object space 916480K, 89% used [0x0000000080000000,0x00000000b2074068,0x00000000b7f00000)
 Metaspace       used 6910K, capacity 7608K, committed 7936K, reserved 1056768K
  class space    used 635K, capacity 688K, committed 768K, reserved 1048576K
Event: 56.781 GC heap after
Heap after GC invocations=34 (full 7):
 PSYoungGen      total 465920K, used 119343K [0x00000000d5580000, 0x0000000100000000, 0x0000000100000000)
  eden space 232960K, 0% used [0x00000000d5580000,0x00000000d5580000,0x00000000e3900000)
  from space 232960K, 51% used [0x00000000f1c80000,0x00000000f910bcd8,0x0000000100000000)
  to   space 232960K, 0% used [0x00000000e3900000,0x00000000e3900000,0x00000000f1c80000)
 ParOldGen       total 916480K, used 900986K [0x0000000080000000, 0x00000000b7f00000, 0x00000000d5580000)
  object space 916480K, 98% used [0x0000000080000000,0x00000000b6fde910,0x00000000b7f00000)
 Metaspace       used 6910K, capacity 7608K, committed 7936K, reserved 1056768K
  class space    used 635K, capacity 688K, committed 768K, reserved 1048576K
}
Event: 56.781 GC heap before
{Heap before GC invocations=35 (full 8):
 PSYoungGen      total 465920K, used 119343K [0x00000000d5580000, 0x0000000100000000, 0x0000000100000000)
  eden space 232960K, 0% used [0x00000000d5580000,0x00000000d5580000,0x00000000e3900000)
  from space 232960K, 51% used [0x00000000f1c80000,0x00000000f910bcd8,0x0000000100000000)
  to   space 232960K, 0% used [0x00000000e3900000,0x00000000e3900000,0x00000000f1c80000)
 ParOldGen       total 916480K, used 900986K [0x0000000080000000, 0x00000000b7f00000, 0x00000000d5580000)
  object space 916480K, 98% used [0x0000000080000000,0x00000000b6fde910,0x00000000b7f00000)
 Metaspace       used 6910K, capacity 7608K, committed 7936K, reserved 1056768K
  class space    used 635K, capacity 688K, committed 768K, reserved 1048576K

