# JRE version: Java(TM) SE Runtime Environment (8.0_73-b02) (build 1.8.0_73-b02)
# Java VM: Java HotSpot(TM) 64-Bit Server VM (25.73-b02 mixed mode linux-amd64 compressed oops)
Heap:
 PSYoungGen      total 474112K, used 0K [0x00000000d5580000, 0x0000000100000000, 0x0000000100000000)
  eden space 245248K, 0% used [0x00000000d5580000,0x00000000d5580000,0x00000000e4500000)
  from space 228864K, 0% used [0x00000000f2080000,0x00000000f2080000,0x0000000100000000)
  to   space 224768K, 0% used [0x00000000e4500000,0x00000000e4500000,0x00000000f2080000)
 ParOldGen       total 953856K, used 910523K [0x0000000080000000, 0x00000000ba380000, 0x00000000d5580000)
  object space 953856K, 95% used [0x0000000080000000,0x00000000b792edf0,0x00000000ba380000)
 Metaspace       used 6704K, capacity 7384K, committed 7680K, reserved 1056768K
  class space    used 622K, capacity 656K, committed 768K, reserved 1048576K
GC Heap History (10 events):
Event: 71.500 GC heap after
Heap after GC invocations=33 (full 7):
 PSYoungGen      total 446976K, used 69523K [0x00000000d5580000, 0x00000000fe080000, 0x0000000100000000)
  eden space 250880K, 0% used [0x00000000d5580000,0x00000000d5580000,0x00000000e4a80000)
  from space 196096K, 35% used [0x00000000f2100000,0x00000000f64e4c10,0x00000000fe080000)
  to   space 207872K, 0% used [0x00000000e4a80000,0x00000000e4a80000,0x00000000f1580000)
 ParOldGen       total 953856K, used 782805K [0x0000000080000000, 0x00000000ba380000, 0x00000000d5580000)
  object space 953856K, 82% used [0x0000000080000000,0x00000000afc75420,0x00000000ba380000)
 Metaspace       used 6594K, capacity 7320K, committed 7680K, reserved 1056768K
  class space    used 616K, capacity 656K, committed 768K, reserved 1048576K
}
Event: 72.301 GC heap before
{Heap before GC invocations=34 (full 7):
 PSYoungGen      total 446976K, used 320403K [0x00000000d5580000, 0x00000000fe080000, 0x0000000100000000)
  eden space 250880K, 100% used [0x00000000d5580000,0x00000000e4a80000,0x00000000e4a80000)
  from space 196096K, 35% used [0x00000000f2100000,0x00000000f64e4c10,0x00000000fe080000)
  to   space 207872K, 0% used [0x00000000e4a80000,0x00000000e4a80000,0x00000000f1580000)
 ParOldGen       total 953856K, used 782805K [0x0000000080000000, 0x00000000ba380000, 0x00000000d5580000)
  object space 953856K, 82% used [0x0000000080000000,0x00000000afc75420,0x00000000ba380000)
 Metaspace       used 6669K, capacity 7384K, committed 7680K, reserved 1056768K
  class space    used 620K, capacity 656K, committed 768K, reserved 1048576K
Event: 72.543 GC heap after
Heap after GC invocations=34 (full 7):
 PSYoungGen      total 458752K, used 108296K [0x00000000d5580000, 0x00000000fff80000, 0x0000000100000000)
  eden space 250880K, 0% used [0x00000000d5580000,0x00000000d5580000,0x00000000e4a80000)
  from space 207872K, 52% used [0x00000000e4a80000,0x00000000eb442360,0x00000000f1580000)
  to   space 206336K, 0% used [0x00000000f3600000,0x00000000f3600000,0x00000000fff80000)
 ParOldGen       total 953856K, used 782805K [0x0000000080000000, 0x00000000ba380000, 0x00000000d5580000)
  object space 953856K, 82% used [0x0000000080000000,0x00000000afc75420,0x00000000ba380000)
 Metaspace       used 6669K, capacity 7384K, committed 7680K, reserved 1056768K
  class space    used 620K, capacity 656K, committed 768K, reserved 1048576K
}
Event: 73.262 GC heap before
{Heap before GC invocations=35 (full 7):
 PSYoungGen      total 458752K, used 359176K [0x00000000d5580000, 0x00000000fff80000, 0x0000000100000000)
  eden space 250880K, 100% used [0x00000000d5580000,0x00000000e4a80000,0x00000000e4a80000)
  from space 207872K, 52% used [0x00000000e4a80000,0x00000000eb442360,0x00000000f1580000)
  to   space 206336K, 0% used [0x00000000f3600000,0x00000000f3600000,0x00000000fff80000)
 ParOldGen       total 953856K, used 782805K [0x0000000080000000, 0x00000000ba380000, 0x00000000d5580000)
  object space 953856K, 82% used [0x0000000080000000,0x00000000afc75420,0x00000000ba380000)
 Metaspace       used 6702K, capacity 7384K, committed 7680K, reserved 1056768K
  class space    used 622K, capacity 656K, committed 768K, reserved 1048576K
Event: 73.635 GC heap after
Heap after GC invocations=35 (full 7):
 PSYoungGen      total 468992K, used 146423K [0x00000000d5580000, 0x0000000100000000, 0x0000000100000000)
  eden space 262656K, 0% used [0x00000000d5580000,0x00000000d5580000,0x00000000e5600000)
  from space 206336K, 70% used [0x00000000f3600000,0x00000000fc4fdf60,0x00000000fff80000)
  to   space 218112K, 0% used [0x00000000e5600000,0x00000000e5600000,0x00000000f2b00000)
 ParOldGen       total 953856K, used 782813K [0x0000000080000000, 0x00000000ba380000, 0x00000000d5580000)
  object space 953856K, 82% used [0x0000000080000000,0x00000000afc77420,0x00000000ba380000)
 Metaspace       used 6702K, capacity 7384K, committed 7680K, reserved 1056768K
  class space    used 622K, capacity 656K, committed 768K, reserved 1048576K
}
Event: 74.384 GC heap before
{Heap before GC invocations=36 (full 7):
 PSYoungGen      total 468992K, used 409079K [0x00000000d5580000, 0x0000000100000000, 0x0000000100000000)
  eden space 262656K, 100% used [0x00000000d5580000,0x00000000e5600000,0x00000000e5600000)
  from space 206336K, 70% used [0x00000000f3600000,0x00000000fc4fdf60,0x00000000fff80000)
  to   space 218112K, 0% used [0x00000000e5600000,0x00000000e5600000,0x00000000f2b00000)
 ParOldGen       total 953856K, used 782813K [0x0000000080000000, 0x00000000ba380000, 0x00000000d5580000)
  object space 953856K, 82% used [0x0000000080000000,0x00000000afc77420,0x00000000ba380000)
 Metaspace       used 6702K, capacity 7384K, committed 7680K, reserved 1056768K
  class space    used 622K, capacity 656K, committed 768K, reserved 1048576K
Event: 74.929 GC heap after
Heap after GC invocations=36 (full 7):
 PSYoungGen      total 414720K, used 152025K [0x00000000d5580000, 0x0000000100000000, 0x0000000100000000)
  eden space 262656K, 0% used [0x00000000d5580000,0x00000000d5580000,0x00000000e5600000)
  from space 152064K, 99% used [0x00000000e5600000,0x00000000eea76428,0x00000000eea80000)
  to   space 228864K, 0% used [0x00000000f2080000,0x00000000f2080000,0x0000000100000000)
 ParOldGen       total 953856K, used 817038K [0x0000000080000000, 0x00000000ba380000, 0x00000000d5580000)
  object space 953856K, 85% used [0x0000000080000000,0x00000000b1de3970,0x00000000ba380000)
 Metaspace       used 6702K, capacity 7384K, committed 7680K, reserved 1056768K
  class space    used 622K, capacity 656K, committed 768K, reserved 1048576K
}
Event: 75.634 GC heap before
{Heap before GC invocations=37 (full 7):
 PSYoungGen      total 414720K, used 414681K [0x00000000d5580000, 0x0000000100000000, 0x0000000100000000)
  eden space 262656K, 100% used [0x00000000d5580000,0x00000000e5600000,0x00000000e5600000)
  from space 152064K, 99% used [0x00000000e5600000,0x00000000eea76428,0x00000000eea80000)
  to   space 228864K, 0% used [0x00000000f2080000,0x00000000f2080000,0x0000000100000000)
 ParOldGen       total 953856K, used 817038K [0x0000000080000000, 0x00000000ba380000, 0x00000000d5580000)
  object space 953856K, 85% used [0x0000000080000000,0x00000000b1de3970,0x00000000ba380000)
 Metaspace       used 6704K, capacity 7384K, committed 7680K, reserved 1056768K
  class space    used 622K, capacity 656K, committed 768K, reserved 1048576K
Event: 76.276 GC heap after
Heap after GC invocations=37 (full 7):
 PSYoungGen      total 474112K, used 118625K [0x00000000d5580000, 0x0000000100000000, 0x0000000100000000)
  eden space 245248K, 0% used [0x00000000d5580000,0x00000000d5580000,0x00000000e4500000)
  from space 228864K, 51% used [0x00000000f2080000,0x00000000f94586a0,0x0000000100000000)
  to   space 224768K, 0% used [0x00000000e4500000,0x00000000e4500000,0x00000000f2080000)
 ParOldGen       total 953856K, used 888741K [0x0000000080000000, 0x00000000ba380000, 0x00000000d5580000)
  object space 953856K, 93% used [0x0000000080000000,0x00000000b63e96f0,0x00000000ba380000)
 Metaspace       used 6704K, capacity 7384K, committed 7680K, reserved 1056768K
  class space    used 622K, capacity 656K, committed 768K, reserved 1048576K
}
Event: 76.276 GC heap before
{Heap before GC invocations=38 (full 8):
 PSYoungGen      total 474112K, used 118625K [0x00000000d5580000, 0x0000000100000000, 0x0000000100000000)
  eden space 245248K, 0% used [0x00000000d5580000,0x00000000d5580000,0x00000000e4500000)
  from space 228864K, 51% used [0x00000000f2080000,0x00000000f94586a0,0x0000000100000000)
  to   space 224768K, 0% used [0x00000000e4500000,0x00000000e4500000,0x00000000f2080000)
 ParOldGen       total 953856K, used 888741K [0x0000000080000000, 0x00000000ba380000, 0x00000000d5580000)
  object space 953856K, 93% used [0x0000000080000000,0x00000000b63e96f0,0x00000000ba380000)
 Metaspace       used 6704K, capacity 7384K, committed 7680K, reserved 1056768K
  class space    used 622K, capacity 656K, committed 768K, reserved 1048576K

