# JRE version: Java(TM) SE Runtime Environment (8.0_73-b02) (build 1.8.0_73-b02)
# Java VM: Java HotSpot(TM) 64-Bit Server VM (25.73-b02 mixed mode linux-amd64 compressed oops)
Heap:
 PSYoungGen      total 465920K, used 0K [0x00000000d5580000, 0x0000000100000000, 0x0000000100000000)
  eden space 232960K, 0% used [0x00000000d5580000,0x00000000d5580000,0x00000000e3900000)
  from space 232960K, 0% used [0x00000000e3900000,0x00000000e3900000,0x00000000f1c80000)
  to   space 232960K, 0% used [0x00000000f1c80000,0x00000000f1c80000,0x0000000100000000)
 ParOldGen       total 929280K, used 877905K [0x0000000080000000, 0x00000000b8b80000, 0x00000000d5580000)
  object space 929280K, 94% used [0x0000000080000000,0x00000000b59547d0,0x00000000b8b80000)
 Metaspace       used 6716K, capacity 7384K, committed 7680K, reserved 1056768K
  class space    used 622K, capacity 656K, committed 768K, reserved 1048576K
GC Heap History (10 events):
Event: 58.735 GC heap after
Heap after GC invocations=32 (full 7):
 PSYoungGen      total 468480K, used 167228K [0x00000000d5580000, 0x0000000100000000, 0x0000000100000000)
  eden space 253952K, 0% used [0x00000000d5580000,0x00000000d5580000,0x00000000e4d80000)
  from space 214528K, 77% used [0x00000000e4d80000,0x00000000ef0cf348,0x00000000f1f00000)
  to   space 229376K, 0% used [0x00000000f2000000,0x00000000f2000000,0x0000000100000000)
 ParOldGen       total 929280K, used 667784K [0x0000000080000000, 0x00000000b8b80000, 0x00000000d5580000)
  object space 929280K, 71% used [0x0000000080000000,0x00000000a8c22228,0x00000000b8b80000)
 Metaspace       used 6584K, capacity 7320K, committed 7680K, reserved 1056768K
  class space    used 616K, capacity 656K, committed 768K, reserved 1048576K
}
Event: 59.639 GC heap before
{Heap before GC invocations=33 (full 7):
 PSYoungGen      total 468480K, used 421180K [0x00000000d5580000, 0x0000000100000000, 0x0000000100000000)
  eden space 253952K, 100% used [0x00000000d5580000,0x00000000e4d80000,0x00000000e4d80000)
  from space 214528K, 77% used [0x00000000e4d80000,0x00000000ef0cf348,0x00000000f1f00000)
  to   space 229376K, 0% used [0x00000000f2000000,0x00000000f2000000,0x0000000100000000)
 ParOldGen       total 929280K, used 668096K [0x0000000080000000, 0x00000000b8b80000, 0x00000000d5580000)
  object space 929280K, 71% used [0x0000000080000000,0x00000000a8c70238,0x00000000b8b80000)
 Metaspace       used 6612K, capacity 7320K, committed 7680K, reserved 1056768K
  class space    used 619K, capacity 656K, committed 768K, reserved 1048576K
Event: 59.907 GC heap after
Heap after GC invocations=33 (full 7):
 PSYoungGen      total 462336K, used 203346K [0x00000000d5580000, 0x0000000100000000, 0x0000000100000000)
  eden space 232960K, 0% used [0x00000000d5580000,0x00000000d5580000,0x00000000e3900000)
  from space 229376K, 88% used [0x00000000f2000000,0x00000000fe694850,0x0000000100000000)
  to   space 232960K, 0% used [0x00000000e3900000,0x00000000e3900000,0x00000000f1c80000)
 ParOldGen       total 929280K, used 668096K [0x0000000080000000, 0x00000000b8b80000, 0x00000000d5580000)
  object space 929280K, 71% used [0x0000000080000000,0x00000000a8c70238,0x00000000b8b80000)
 Metaspace       used 6612K, capacity 7320K, committed 7680K, reserved 1056768K
  class space    used 619K, capacity 656K, committed 768K, reserved 1048576K
}
Event: 60.692 GC heap before
{Heap before GC invocations=34 (full 7):
 PSYoungGen      total 462336K, used 436306K [0x00000000d5580000, 0x0000000100000000, 0x0000000100000000)
  eden space 232960K, 100% used [0x00000000d5580000,0x00000000e3900000,0x00000000e3900000)
  from space 229376K, 88% used [0x00000000f2000000,0x00000000fe694850,0x0000000100000000)
  to   space 232960K, 0% used [0x00000000e3900000,0x00000000e3900000,0x00000000f1c80000)
 ParOldGen       total 929280K, used 668098K [0x0000000080000000, 0x00000000b8b80000, 0x00000000d5580000)
  object space 929280K, 71% used [0x0000000080000000,0x00000000a8c709c8,0x00000000b8b80000)
 Metaspace       used 6663K, capacity 7384K, committed 7680K, reserved 1056768K
  class space    used 620K, capacity 656K, committed 768K, reserved 1048576K
Event: 61.031 GC heap after
Heap after GC invocations=34 (full 7):
 PSYoungGen      total 465920K, used 180476K [0x00000000d5580000, 0x0000000100000000, 0x0000000100000000)
  eden space 232960K, 0% used [0x00000000d5580000,0x00000000d5580000,0x00000000e3900000)
  from space 232960K, 77% used [0x00000000e3900000,0x00000000ee93f398,0x00000000f1c80000)
  to   space 232960K, 0% used [0x00000000f1c80000,0x00000000f1c80000,0x0000000100000000)
 ParOldGen       total 929280K, used 725663K [0x0000000080000000, 0x00000000b8b80000, 0x00000000d5580000)
  object space 929280K, 78% used [0x0000000080000000,0x00000000ac4a7de8,0x00000000b8b80000)
 Metaspace       used 6663K, capacity 7384K, committed 7680K, reserved 1056768K
  class space    used 620K, capacity 656K, committed 768K, reserved 1048576K
}
Event: 62.035 GC heap before
{Heap before GC invocations=35 (full 7):
 PSYoungGen      total 465920K, used 413436K [0x00000000d5580000, 0x0000000100000000, 0x0000000100000000)
  eden space 232960K, 100% used [0x00000000d5580000,0x00000000e3900000,0x00000000e3900000)
  from space 232960K, 77% used [0x00000000e3900000,0x00000000ee93f398,0x00000000f1c80000)
  to   space 232960K, 0% used [0x00000000f1c80000,0x00000000f1c80000,0x0000000100000000)
 ParOldGen       total 929280K, used 725663K [0x0000000080000000, 0x00000000b8b80000, 0x00000000d5580000)
  object space 929280K, 78% used [0x0000000080000000,0x00000000ac4a7de8,0x00000000b8b80000)
 Metaspace       used 6692K, capacity 7384K, committed 7680K, reserved 1056768K
  class space    used 622K, capacity 656K, committed 768K, reserved 1048576K
Event: 62.766 GC heap after
Heap after GC invocations=35 (full 7):
 PSYoungGen      total 465920K, used 145447K [0x00000000d5580000, 0x0000000100000000, 0x0000000100000000)
  eden space 232960K, 0% used [0x00000000d5580000,0x00000000d5580000,0x00000000e3900000)
  from space 232960K, 62% used [0x00000000f1c80000,0x00000000faa89da0,0x0000000100000000)
  to   space 232960K, 0% used [0x00000000e3900000,0x00000000e3900000,0x00000000f1c80000)
 ParOldGen       total 929280K, used 796049K [0x0000000080000000, 0x00000000b8b80000, 0x00000000d5580000)
  object space 929280K, 85% used [0x0000000080000000,0x00000000b09645d8,0x00000000b8b80000)
 Metaspace       used 6692K, capacity 7384K, committed 7680K, reserved 1056768K
  class space    used 622K, capacity 656K, committed 768K, reserved 1048576K
}
Event: 64.420 GC heap before
{Heap before GC invocations=36 (full 7):
 PSYoungGen      total 465920K, used 378407K [0x00000000d5580000, 0x0000000100000000, 0x0000000100000000)
  eden space 232960K, 100% used [0x00000000d5580000,0x00000000e3900000,0x00000000e3900000)
  from space 232960K, 62% used [0x00000000f1c80000,0x00000000faa89da0,0x0000000100000000)
  to   space 232960K, 0% used [0x00000000e3900000,0x00000000e3900000,0x00000000f1c80000)
 ParOldGen       total 929280K, used 796049K [0x0000000080000000, 0x00000000b8b80000, 0x00000000d5580000)
  object space 929280K, 85% used [0x0000000080000000,0x00000000b09645d8,0x00000000b8b80000)
 Metaspace       used 6716K, capacity 7384K, committed 7680K, reserved 1056768K
  class space    used 622K, capacity 656K, committed 768K, reserved 1048576K
Event: 65.152 GC heap after
Heap after GC invocations=36 (full 7):
 PSYoungGen      total 465920K, used 111631K [0x00000000d5580000, 0x0000000100000000, 0x0000000100000000)
  eden space 232960K, 0% used [0x00000000d5580000,0x00000000d5580000,0x00000000e3900000)
  from space 232960K, 47% used [0x00000000e3900000,0x00000000ea603cb8,0x00000000f1c80000)
  to   space 232960K, 0% used [0x00000000f1c80000,0x00000000f1c80000,0x0000000100000000)
 ParOldGen       total 929280K, used 868506K [0x0000000080000000, 0x00000000b8b80000, 0x00000000d5580000)
  object space 929280K, 93% used [0x0000000080000000,0x00000000b5026b10,0x00000000b8b80000)
 Metaspace       used 6716K, capacity 7384K, committed 7680K, reserved 1056768K
  class space    used 622K, capacity 656K, committed 768K, reserved 1048576K
}
Event: 65.152 GC heap before
{Heap before GC invocations=37 (full 8):
 PSYoungGen      total 465920K, used 111631K [0x00000000d5580000, 0x0000000100000000, 0x0000000100000000)
  eden space 232960K, 0% used [0x00000000d5580000,0x00000000d5580000,0x00000000e3900000)
  from space 232960K, 47% used [0x00000000e3900000,0x00000000ea603cb8,0x00000000f1c80000)
  to   space 232960K, 0% used [0x00000000f1c80000,0x00000000f1c80000,0x0000000100000000)
 ParOldGen       total 929280K, used 868506K [0x0000000080000000, 0x00000000b8b80000, 0x00000000d5580000)
  object space 929280K, 93% used [0x0000000080000000,0x00000000b5026b10,0x00000000b8b80000)
 Metaspace       used 6716K, capacity 7384K, committed 7680K, reserved 1056768K
  class space    used 622K, capacity 656K, committed 768K, reserved 1048576K

