# JRE version: Java(TM) SE Runtime Environment (8.0_73-b02) (build 1.8.0_73-b02)
# Java VM: Java HotSpot(TM) 64-Bit Server VM (25.73-b02 mixed mode linux-amd64 compressed oops)
Heap:
 PSYoungGen      total 492032K, used 0K [0x00000000d5580000, 0x0000000100000000, 0x0000000100000000)
  eden space 297472K, 0% used [0x00000000d5580000,0x00000000d5580000,0x00000000e7800000)
  from space 194560K, 0% used [0x00000000f3080000,0x00000000f3080000,0x00000000fee80000)
  to   space 188928K, 0% used [0x00000000e7800000,0x00000000e7800000,0x00000000f3080000)
 ParOldGen       total 898560K, used 774475K [0x0000000080000000, 0x00000000b6d80000, 0x00000000d5580000)
  object space 898560K, 86% used [0x0000000080000000,0x00000000af452da8,0x00000000b6d80000)
 Metaspace       used 6664K, capacity 7320K, committed 7680K, reserved 1056768K
  class space    used 620K, capacity 656K, committed 768K, reserved 1048576K
GC Heap History (10 events):
Event: 56.946 GC heap after
Heap after GC invocations=29 (full 7):
 PSYoungGen      total 497152K, used 115285K [0x00000000d5580000, 0x0000000100000000, 0x0000000100000000)
  eden space 300544K, 0% used [0x00000000d5580000,0x00000000d5580000,0x00000000e7b00000)
  from space 196608K, 58% used [0x00000000f4000000,0x00000000fb095750,0x0000000100000000)
  to   space 199168K, 0% used [0x00000000e7b00000,0x00000000e7b00000,0x00000000f3d80000)
 ParOldGen       total 898560K, used 673326K [0x0000000080000000, 0x00000000b6d80000, 0x00000000d5580000)
  object space 898560K, 74% used [0x0000000080000000,0x00000000a918b848,0x00000000b6d80000)
 Metaspace       used 6580K, capacity 7320K, committed 7680K, reserved 1056768K
  class space    used 616K, capacity 656K, committed 768K, reserved 1048576K
}
Event: 58.045 GC heap before
{Heap before GC invocations=30 (full 7):
 PSYoungGen      total 497152K, used 415829K [0x00000000d5580000, 0x0000000100000000, 0x0000000100000000)
  eden space 300544K, 100% used [0x00000000d5580000,0x00000000e7b00000,0x00000000e7b00000)
  from space 196608K, 58% used [0x00000000f4000000,0x00000000fb095750,0x0000000100000000)
  to   space 199168K, 0% used [0x00000000e7b00000,0x00000000e7b00000,0x00000000f3d80000)
 ParOldGen       total 898560K, used 673326K [0x0000000080000000, 0x00000000b6d80000, 0x00000000d5580000)
  object space 898560K, 74% used [0x0000000080000000,0x00000000a918b848,0x00000000b6d80000)
 Metaspace       used 6580K, capacity 7320K, committed 7680K, reserved 1056768K
  class space    used 616K, capacity 656K, committed 768K, reserved 1048576K
Event: 61.953 GC heap after
Heap after GC invocations=30 (full 7):
 PSYoungGen      total 436224K, used 135327K [0x00000000d5580000, 0x0000000100000000, 0x0000000100000000)
  eden space 300544K, 0% used [0x00000000d5580000,0x00000000d5580000,0x00000000e7b00000)
  from space 135680K, 99% used [0x00000000e7b00000,0x00000000eff27e08,0x00000000eff80000)
  to   space 207360K, 0% used [0x00000000f3580000,0x00000000f3580000,0x0000000100000000)
 ParOldGen       total 898560K, used 706767K [0x0000000080000000, 0x00000000b6d80000, 0x00000000d5580000)
  object space 898560K, 78% used [0x0000000080000000,0x00000000ab233f90,0x00000000b6d80000)
 Metaspace       used 6580K, capacity 7320K, committed 7680K, reserved 1056768K
  class space    used 616K, capacity 656K, committed 768K, reserved 1048576K
}
Event: 69.877 GC heap before
{Heap before GC invocations=31 (full 7):
 PSYoungGen      total 436224K, used 435871K [0x00000000d5580000, 0x0000000100000000, 0x0000000100000000)
  eden space 300544K, 100% used [0x00000000d5580000,0x00000000e7b00000,0x00000000e7b00000)
  from space 135680K, 99% used [0x00000000e7b00000,0x00000000eff27e08,0x00000000eff80000)
  to   space 207360K, 0% used [0x00000000f3580000,0x00000000f3580000,0x0000000100000000)
 ParOldGen       total 898560K, used 706767K [0x0000000080000000, 0x00000000b6d80000, 0x00000000d5580000)
  object space 898560K, 78% used [0x0000000080000000,0x00000000ab233f90,0x00000000b6d80000)
 Metaspace       used 6584K, capacity 7320K, committed 7680K, reserved 1056768K
  class space    used 616K, capacity 656K, committed 768K, reserved 1048576K
Event: 72.380 GC heap after
Heap after GC invocations=31 (full 7):
 PSYoungGen      total 499200K, used 59536K [0x00000000d5580000, 0x0000000100000000, 0x0000000100000000)
  eden space 291840K, 0% used [0x00000000d5580000,0x00000000d5580000,0x00000000e7280000)
  from space 207360K, 28% used [0x00000000f3580000,0x00000000f6fa4088,0x0000000100000000)
  to   space 199680K, 0% used [0x00000000e7280000,0x00000000e7280000,0x00000000f3580000)
 ParOldGen       total 898560K, used 722067K [0x0000000080000000, 0x00000000b6d80000, 0x00000000d5580000)
  object space 898560K, 80% used [0x0000000080000000,0x00000000ac124c70,0x00000000b6d80000)
 Metaspace       used 6584K, capacity 7320K, committed 7680K, reserved 1056768K
  class space    used 616K, capacity 656K, committed 768K, reserved 1048576K
}
Event: 75.234 GC heap before
{Heap before GC invocations=32 (full 7):
 PSYoungGen      total 499200K, used 351376K [0x00000000d5580000, 0x0000000100000000, 0x0000000100000000)
  eden space 291840K, 100% used [0x00000000d5580000,0x00000000e7280000,0x00000000e7280000)
  from space 207360K, 28% used [0x00000000f3580000,0x00000000f6fa4088,0x0000000100000000)
  to   space 199680K, 0% used [0x00000000e7280000,0x00000000e7280000,0x00000000f3580000)
 ParOldGen       total 898560K, used 722067K [0x0000000080000000, 0x00000000b6d80000, 0x00000000d5580000)
  object space 898560K, 80% used [0x0000000080000000,0x00000000ac124c70,0x00000000b6d80000)
 Metaspace       used 6587K, capacity 7320K, committed 7680K, reserved 1056768K
  class space    used 616K, capacity 656K, committed 768K, reserved 1048576K
Event: 76.582 GC heap after
Heap after GC invocations=32 (full 7):
 PSYoungGen      total 338944K, used 46742K [0x00000000d5580000, 0x00000000fee80000, 0x0000000100000000)
  eden space 291840K, 0% used [0x00000000d5580000,0x00000000d5580000,0x00000000e7280000)
  from space 47104K, 99% used [0x00000000e7280000,0x00000000ea0258d0,0x00000000ea080000)
  to   space 194560K, 0% used [0x00000000f3080000,0x00000000f3080000,0x00000000fee80000)
 ParOldGen       total 898560K, used 780202K [0x0000000080000000, 0x00000000b6d80000, 0x00000000d5580000)
  object space 898560K, 86% used [0x0000000080000000,0x00000000af9ea888,0x00000000b6d80000)
 Metaspace       used 6587K, capacity 7320K, committed 7680K, reserved 1056768K
  class space    used 616K, capacity 656K, committed 768K, reserved 1048576K
}
Event: 88.446 GC heap before
{Heap before GC invocations=33 (full 7):
 PSYoungGen      total 338944K, used 338582K [0x00000000d5580000, 0x00000000fee80000, 0x0000000100000000)
  eden space 291840K, 100% used [0x00000000d5580000,0x00000000e7280000,0x00000000e7280000)
  from space 47104K, 99% used [0x00000000e7280000,0x00000000ea0258d0,0x00000000ea080000)
  to   space 194560K, 0% used [0x00000000f3080000,0x00000000f3080000,0x00000000fee80000)
 ParOldGen       total 898560K, used 780202K [0x0000000080000000, 0x00000000b6d80000, 0x00000000d5580000)
  object space 898560K, 86% used [0x0000000080000000,0x00000000af9ea888,0x00000000b6d80000)
 Metaspace       used 6664K, capacity 7320K, committed 7680K, reserved 1056768K
  class space    used 620K, capacity 656K, committed 768K, reserved 1048576K
Event: 95.528 GC heap after
Heap after GC invocations=33 (full 7):
 PSYoungGen      total 492032K, used 45218K [0x00000000d5580000, 0x0000000100000000, 0x0000000100000000)
  eden space 297472K, 0% used [0x00000000d5580000,0x00000000d5580000,0x00000000e7800000)
  from space 194560K, 23% used [0x00000000f3080000,0x00000000f5ca8908,0x00000000fee80000)
  to   space 188928K, 0% used [0x00000000e7800000,0x00000000e7800000,0x00000000f3080000)
 ParOldGen       total 898560K, used 825014K [0x0000000080000000, 0x00000000b6d80000, 0x00000000d5580000)
  object space 898560K, 91% used [0x0000000080000000,0x00000000b25ad9a8,0x00000000b6d80000)
 Metaspace       used 6664K, capacity 7320K, committed 7680K, reserved 1056768K
  class space    used 620K, capacity 656K, committed 768K, reserved 1048576K
}
Event: 96.300 GC heap before
{Heap before GC invocations=34 (full 8):
 PSYoungGen      total 492032K, used 45218K [0x00000000d5580000, 0x0000000100000000, 0x0000000100000000)
  eden space 297472K, 0% used [0x00000000d5580000,0x00000000d5580000,0x00000000e7800000)
  from space 194560K, 23% used [0x00000000f3080000,0x00000000f5ca8908,0x00000000fee80000)
  to   space 188928K, 0% used [0x00000000e7800000,0x00000000e7800000,0x00000000f3080000)
 ParOldGen       total 898560K, used 825014K [0x0000000080000000, 0x00000000b6d80000, 0x00000000d5580000)
  object space 898560K, 91% used [0x0000000080000000,0x00000000b25ad9a8,0x00000000b6d80000)
 Metaspace       used 6664K, capacity 7320K, committed 7680K, reserved 1056768K
  class space    used 620K, capacity 656K, committed 768K, reserved 1048576K

