# JRE version: Java(TM) SE Runtime Environment (8.0_73-b02) (build 1.8.0_73-b02)
# Java VM: Java HotSpot(TM) 64-Bit Server VM (25.73-b02 mixed mode linux-amd64 compressed oops)
Heap:
 PSYoungGen      total 439296K, used 119630K [0x00000000d5580000, 0x0000000100000000, 0x0000000100000000)
  eden space 315904K, 0% used [0x00000000d5580000,0x00000000d5580000,0x00000000e8a00000)
  from space 123392K, 96% used [0x00000000f8780000,0x00000000ffc53a40,0x0000000100000000)
  to   space 191488K, 0% used [0x00000000e8a00000,0x00000000e8a00000,0x00000000f4500000)
 ParOldGen       total 591872K, used 591505K [0x0000000080000000, 0x00000000a4200000, 0x00000000d5580000)
  object space 591872K, 99% used [0x0000000080000000,0x00000000a41a4778,0x00000000a4200000)
 Metaspace       used 6597K, capacity 7320K, committed 7680K, reserved 1056768K
  class space    used 616K, capacity 656K, committed 768K, reserved 1048576K
GC Heap History (10 events):
Event: 57.673 GC heap after
Heap after GC invocations=20 (full 5):
 PSYoungGen      total 571392K, used 45400K [0x00000000d5580000, 0x0000000100000000, 0x0000000100000000)
  eden space 494080K, 0% used [0x00000000d5580000,0x00000000d5580000,0x00000000f3800000)
  from space 77312K, 58% used [0x00000000f3800000,0x00000000f6456008,0x00000000f8380000)
  to   space 111104K, 0% used [0x00000000f9380000,0x00000000f9380000,0x0000000100000000)
 ParOldGen       total 456704K, used 343420K [0x0000000080000000, 0x000000009be00000, 0x00000000d5580000)
  object space 456704K, 75% used [0x0000000080000000,0x0000000094f5f108,0x000000009be00000)
 Metaspace       used 6584K, capacity 7320K, committed 7680K, reserved 1056768K
  class space    used 615K, capacity 656K, committed 768K, reserved 1048576K
}
Event: 62.905 GC heap before
{Heap before GC invocations=21 (full 5):
 PSYoungGen      total 571392K, used 539480K [0x00000000d5580000, 0x0000000100000000, 0x0000000100000000)
  eden space 494080K, 100% used [0x00000000d5580000,0x00000000f3800000,0x00000000f3800000)
  from space 77312K, 58% used [0x00000000f3800000,0x00000000f6456008,0x00000000f8380000)
  to   space 111104K, 0% used [0x00000000f9380000,0x00000000f9380000,0x0000000100000000)
 ParOldGen       total 456704K, used 343420K [0x0000000080000000, 0x000000009be00000, 0x00000000d5580000)
  object space 456704K, 75% used [0x0000000080000000,0x0000000094f5f108,0x000000009be00000)
 Metaspace       used 6586K, capacity 7320K, committed 7680K, reserved 1056768K
  class space    used 615K, capacity 656K, committed 768K, reserved 1048576K
Event: 67.207 GC heap after
Heap after GC invocations=21 (full 5):
 PSYoungGen      total 571392K, used 80772K [0x00000000d5580000, 0x0000000100000000, 0x0000000100000000)
  eden space 460288K, 0% used [0x00000000d5580000,0x00000000d5580000,0x00000000f1700000)
  from space 111104K, 72% used [0x00000000f9380000,0x00000000fe261048,0x0000000100000000)
  to   space 119296K, 0% used [0x00000000f1700000,0x00000000f1700000,0x00000000f8b80000)
 ParOldGen       total 456704K, used 386013K [0x0000000080000000, 0x000000009be00000, 0x00000000d5580000)
  object space 456704K, 84% used [0x0000000080000000,0x00000000978f75a8,0x000000009be00000)
 Metaspace       used 6586K, capacity 7320K, committed 7680K, reserved 1056768K
  class space    used 615K, capacity 656K, committed 768K, reserved 1048576K
}
Event: 67.542 GC heap before
{Heap before GC invocations=22 (full 6):
 PSYoungGen      total 571392K, used 80772K [0x00000000d5580000, 0x0000000100000000, 0x0000000100000000)
  eden space 460288K, 0% used [0x00000000d5580000,0x00000000d5580000,0x00000000f1700000)
  from space 111104K, 72% used [0x00000000f9380000,0x00000000fe261048,0x0000000100000000)
  to   space 119296K, 0% used [0x00000000f1700000,0x00000000f1700000,0x00000000f8b80000)
 ParOldGen       total 456704K, used 386013K [0x0000000080000000, 0x000000009be00000, 0x00000000d5580000)
  object space 456704K, 84% used [0x0000000080000000,0x00000000978f75a8,0x000000009be00000)
 Metaspace       used 6586K, capacity 7320K, committed 7680K, reserved 1056768K
  class space    used 615K, capacity 656K, committed 768K, reserved 1048576K
Event: 80.217 GC heap after
Heap after GC invocations=22 (full 6):
 PSYoungGen      total 571392K, used 9438K [0x00000000d5580000, 0x0000000100000000, 0x0000000100000000)
  eden space 460288K, 0% used [0x00000000d5580000,0x00000000d5580000,0x00000000f1700000)
  from space 111104K, 8% used [0x00000000f9380000,0x00000000f9cb7940,0x0000000100000000)
  to   space 119296K, 0% used [0x00000000f1700000,0x00000000f1700000,0x00000000f8b80000)
 ParOldGen       total 580608K, used 456468K [0x0000000080000000, 0x00000000a3700000, 0x00000000d5580000)
  object space 580608K, 78% used [0x0000000080000000,0x000000009bdc50f8,0x00000000a3700000)
 Metaspace       used 6586K, capacity 7320K, committed 7680K, reserved 1056768K
  class space    used 615K, capacity 656K, committed 768K, reserved 1048576K
}
Event: 98.214 GC heap before
{Heap before GC invocations=23 (full 6):
 PSYoungGen      total 571392K, used 469726K [0x00000000d5580000, 0x0000000100000000, 0x0000000100000000)
  eden space 460288K, 100% used [0x00000000d5580000,0x00000000f1700000,0x00000000f1700000)
  from space 111104K, 8% used [0x00000000f9380000,0x00000000f9cb7940,0x0000000100000000)
  to   space 119296K, 0% used [0x00000000f1700000,0x00000000f1700000,0x00000000f8b80000)
 ParOldGen       total 580608K, used 456468K [0x0000000080000000, 0x00000000a3700000, 0x00000000d5580000)
  object space 580608K, 78% used [0x0000000080000000,0x000000009bdc50f8,0x00000000a3700000)
 Metaspace       used 6597K, capacity 7320K, committed 7680K, reserved 1056768K
  class space    used 616K, capacity 656K, committed 768K, reserved 1048576K
Event: 98.854 GC heap after
Heap after GC invocations=23 (full 6):
 PSYoungGen      total 535552K, used 74883K [0x00000000d5580000, 0x0000000100000000, 0x0000000100000000)
  eden space 460288K, 0% used [0x00000000d5580000,0x00000000d5580000,0x00000000f1700000)
  from space 75264K, 99% used [0x00000000f1700000,0x00000000f6020f38,0x00000000f6080000)
  to   space 123392K, 0% used [0x00000000f8780000,0x00000000f8780000,0x0000000100000000)
 ParOldGen       total 580608K, used 462591K [0x0000000080000000, 0x00000000a3700000, 0x00000000d5580000)
  object space 580608K, 79% used [0x0000000080000000,0x000000009c3bfe40,0x00000000a3700000)
 Metaspace       used 6597K, capacity 7320K, committed 7680K, reserved 1056768K
  class space    used 616K, capacity 656K, committed 768K, reserved 1048576K
}
Event: 102.310 GC heap before
{Heap before GC invocations=24 (full 6):
 PSYoungGen      total 535552K, used 535171K [0x00000000d5580000, 0x0000000100000000, 0x0000000100000000)
  eden space 460288K, 100% used [0x00000000d5580000,0x00000000f1700000,0x00000000f1700000)
  from space 75264K, 99% used [0x00000000f1700000,0x00000000f6020f38,0x00000000f6080000)
  to   space 123392K, 0% used [0x00000000f8780000,0x00000000f8780000,0x0000000100000000)
 ParOldGen       total 580608K, used 462591K [0x0000000080000000, 0x00000000a3700000, 0x00000000d5580000)
  object space 580608K, 79% used [0x0000000080000000,0x000000009c3bfe40,0x00000000a3700000)
 Metaspace       used 6597K, capacity 7320K, committed 7680K, reserved 1056768K
  class space    used 616K, capacity 656K, committed 768K, reserved 1048576K
Event: 112.378 GC heap after
Heap after GC invocations=24 (full 6):
 PSYoungGen      total 439296K, used 123388K [0x00000000d5580000, 0x0000000100000000, 0x0000000100000000)
  eden space 315904K, 0% used [0x00000000d5580000,0x00000000d5580000,0x00000000e8a00000)
  from space 123392K, 99% used [0x00000000f8780000,0x00000000fffff0d0,0x0000000100000000)
  to   space 191488K, 0% used [0x00000000e8a00000,0x00000000e8a00000,0x00000000f4500000)
 ParOldGen       total 591872K, used 591421K [0x0000000080000000, 0x00000000a4200000, 0x00000000d5580000)
  object space 591872K, 99% used [0x0000000080000000,0x00000000a418f4d0,0x00000000a4200000)
 Metaspace       used 6597K, capacity 7320K, committed 7680K, reserved 1056768K
  class space    used 616K, capacity 656K, committed 768K, reserved 1048576K
}
Event: 112.516 GC heap before
{Heap before GC invocations=25 (full 7):
 PSYoungGen      total 439296K, used 123388K [0x00000000d5580000, 0x0000000100000000, 0x0000000100000000)
  eden space 315904K, 0% used [0x00000000d5580000,0x00000000d5580000,0x00000000e8a00000)
  from space 123392K, 99% used [0x00000000f8780000,0x00000000fffff0d0,0x0000000100000000)
  to   space 191488K, 0% used [0x00000000e8a00000,0x00000000e8a00000,0x00000000f4500000)
 ParOldGen       total 591872K, used 591421K [0x0000000080000000, 0x00000000a4200000, 0x00000000d5580000)
  object space 591872K, 99% used [0x0000000080000000,0x00000000a418f4d0,0x00000000a4200000)
 Metaspace       used 6597K, capacity 7320K, committed 7680K, reserved 1056768K
  class space    used 616K, capacity 656K, committed 768K, reserved 1048576K

