# JRE version: Java(TM) SE Runtime Environment (8.0_73-b02) (build 1.8.0_73-b02)
# Java VM: Java HotSpot(TM) 64-Bit Server VM (25.73-b02 mixed mode linux-amd64 compressed oops)
Heap:
 PSYoungGen      total 581632K, used 51835K [0x00000000d5580000, 0x0000000100000000, 0x0000000100000000)
  eden space 486912K, 0% used [0x00000000d5580000,0x00000000d5580000,0x00000000f3100000)
  from space 94720K, 54% used [0x00000000fa380000,0x00000000fd61edd0,0x0000000100000000)
  to   space 105984K, 0% used [0x00000000f3100000,0x00000000f3100000,0x00000000f9880000)
 ParOldGen       total 447488K, used 447349K [0x0000000080000000, 0x000000009b500000, 0x00000000d5580000)
  object space 447488K, 99% used [0x0000000080000000,0x000000009b4dd548,0x000000009b500000)
 Metaspace       used 6567K, capacity 7320K, committed 7680K, reserved 1056768K
  class space    used 615K, capacity 656K, committed 768K, reserved 1048576K
GC Heap History (10 events):
Event: 30.938 GC heap after
Heap after GC invocations=21 (full 4):
 PSYoungGen      total 448512K, used 57846K [0x00000000d5580000, 0x00000000fc100000, 0x0000000100000000)
  eden space 390656K, 0% used [0x00000000d5580000,0x00000000d5580000,0x00000000ed300000)
  from space 57856K, 99% used [0x00000000ed300000,0x00000000f0b7da28,0x00000000f0b80000)
  to   space 76288K, 0% used [0x00000000f7680000,0x00000000f7680000,0x00000000fc100000)
 ParOldGen       total 317440K, used 236522K [0x0000000080000000, 0x0000000093600000, 0x00000000d5580000)
  object space 317440K, 74% used [0x0000000080000000,0x000000008e6fab60,0x0000000093600000)
 Metaspace       used 6555K, capacity 7320K, committed 7680K, reserved 1056768K
  class space    used 615K, capacity 656K, committed 768K, reserved 1048576K
}
Event: 34.632 GC heap before
{Heap before GC invocations=22 (full 4):
 PSYoungGen      total 448512K, used 448502K [0x00000000d5580000, 0x00000000fc100000, 0x0000000100000000)
  eden space 390656K, 100% used [0x00000000d5580000,0x00000000ed300000,0x00000000ed300000)
  from space 57856K, 99% used [0x00000000ed300000,0x00000000f0b7da28,0x00000000f0b80000)
  to   space 76288K, 0% used [0x00000000f7680000,0x00000000f7680000,0x00000000fc100000)
 ParOldGen       total 317440K, used 236522K [0x0000000080000000, 0x0000000093600000, 0x00000000d5580000)
  object space 317440K, 74% used [0x0000000080000000,0x000000008e6fab60,0x0000000093600000)
 Metaspace       used 6563K, capacity 7320K, committed 7680K, reserved 1056768K
  class space    used 615K, capacity 656K, committed 768K, reserved 1048576K
Event: 35.408 GC heap after
Heap after GC invocations=22 (full 4):
 PSYoungGen      total 550912K, used 60872K [0x00000000d5580000, 0x00000000fce00000, 0x0000000100000000)
  eden space 474624K, 0% used [0x00000000d5580000,0x00000000d5580000,0x00000000f2500000)
  from space 76288K, 79% used [0x00000000f7680000,0x00000000fb1f2338,0x00000000fc100000)
  to   space 83456K, 0% used [0x00000000f2500000,0x00000000f2500000,0x00000000f7680000)
 ParOldGen       total 317440K, used 294708K [0x0000000080000000, 0x0000000093600000, 0x00000000d5580000)
  object space 317440K, 92% used [0x0000000080000000,0x0000000091fcd118,0x0000000093600000)
 Metaspace       used 6563K, capacity 7320K, committed 7680K, reserved 1056768K
  class space    used 615K, capacity 656K, committed 768K, reserved 1048576K
}
Event: 35.408 GC heap before
{Heap before GC invocations=23 (full 5):
 PSYoungGen      total 550912K, used 60872K [0x00000000d5580000, 0x00000000fce00000, 0x0000000100000000)
  eden space 474624K, 0% used [0x00000000d5580000,0x00000000d5580000,0x00000000f2500000)
  from space 76288K, 79% used [0x00000000f7680000,0x00000000fb1f2338,0x00000000fc100000)
  to   space 83456K, 0% used [0x00000000f2500000,0x00000000f2500000,0x00000000f7680000)
 ParOldGen       total 317440K, used 294708K [0x0000000080000000, 0x0000000093600000, 0x00000000d5580000)
  object space 317440K, 92% used [0x0000000080000000,0x0000000091fcd118,0x0000000093600000)
 Metaspace       used 6563K, capacity 7320K, committed 7680K, reserved 1056768K
  class space    used 615K, capacity 656K, committed 768K, reserved 1048576K
Event: 37.470 GC heap after
Heap after GC invocations=23 (full 5):
 PSYoungGen      total 550912K, used 35530K [0x00000000d5580000, 0x00000000fce00000, 0x0000000100000000)
  eden space 474624K, 0% used [0x00000000d5580000,0x00000000d5580000,0x00000000f2500000)
  from space 76288K, 46% used [0x00000000f7680000,0x00000000f9932908,0x00000000fc100000)
  to   space 83456K, 0% used [0x00000000f2500000,0x00000000f2500000,0x00000000f7680000)
 ParOldGen       total 447488K, used 317331K [0x0000000080000000, 0x000000009b500000, 0x00000000d5580000)
  object space 447488K, 70% used [0x0000000080000000,0x00000000935e4f70,0x000000009b500000)
 Metaspace       used 6563K, capacity 7320K, committed 7680K, reserved 1056768K
  class space    used 615K, capacity 656K, committed 768K, reserved 1048576K
}
Event: 40.905 GC heap before
{Heap before GC invocations=24 (full 5):
 PSYoungGen      total 550912K, used 510154K [0x00000000d5580000, 0x00000000fce00000, 0x0000000100000000)
  eden space 474624K, 100% used [0x00000000d5580000,0x00000000f2500000,0x00000000f2500000)
  from space 76288K, 46% used [0x00000000f7680000,0x00000000f9932908,0x00000000fc100000)
  to   space 83456K, 0% used [0x00000000f2500000,0x00000000f2500000,0x00000000f7680000)
 ParOldGen       total 447488K, used 317331K [0x0000000080000000, 0x000000009b500000, 0x00000000d5580000)
  object space 447488K, 70% used [0x0000000080000000,0x00000000935e4f70,0x000000009b500000)
 Metaspace       used 6566K, capacity 7320K, committed 7680K, reserved 1056768K
  class space    used 615K, capacity 656K, committed 768K, reserved 1048576K
Event: 41.220 GC heap after
Heap after GC invocations=24 (full 5):
 PSYoungGen      total 558080K, used 74867K [0x00000000d5580000, 0x0000000100000000, 0x0000000100000000)
  eden space 474624K, 0% used [0x00000000d5580000,0x00000000d5580000,0x00000000f2500000)
  from space 83456K, 89% used [0x00000000f2500000,0x00000000f6e1cd20,0x00000000f7680000)
  to   space 94720K, 0% used [0x00000000fa380000,0x00000000fa380000,0x0000000100000000)
 ParOldGen       total 447488K, used 349072K [0x0000000080000000, 0x000000009b500000, 0x00000000d5580000)
  object space 447488K, 78% used [0x0000000080000000,0x00000000954e41c0,0x000000009b500000)
 Metaspace       used 6566K, capacity 7320K, committed 7680K, reserved 1056768K
  class space    used 615K, capacity 656K, committed 768K, reserved 1048576K
}
Event: 43.761 GC heap before
{Heap before GC invocations=25 (full 5):
 PSYoungGen      total 558080K, used 549491K [0x00000000d5580000, 0x0000000100000000, 0x0000000100000000)
  eden space 474624K, 100% used [0x00000000d5580000,0x00000000f2500000,0x00000000f2500000)
  from space 83456K, 89% used [0x00000000f2500000,0x00000000f6e1cd20,0x00000000f7680000)
  to   space 94720K, 0% used [0x00000000fa380000,0x00000000fa380000,0x0000000100000000)
 ParOldGen       total 447488K, used 349072K [0x0000000080000000, 0x000000009b500000, 0x00000000d5580000)
  object space 447488K, 78% used [0x0000000080000000,0x00000000954e41c0,0x000000009b500000)
 Metaspace       used 6567K, capacity 7320K, committed 7680K, reserved 1056768K
  class space    used 615K, capacity 656K, committed 768K, reserved 1048576K
Event: 46.203 GC heap after
Heap after GC invocations=25 (full 5):
 PSYoungGen      total 581632K, used 82380K [0x00000000d5580000, 0x0000000100000000, 0x0000000100000000)
  eden space 486912K, 0% used [0x00000000d5580000,0x00000000d5580000,0x00000000f3100000)
  from space 94720K, 86% used [0x00000000fa380000,0x00000000ff3f3170,0x0000000100000000)
  to   space 105984K, 0% used [0x00000000f3100000,0x00000000f3100000,0x00000000f9880000)
 ParOldGen       total 447488K, used 420996K [0x0000000080000000, 0x000000009b500000, 0x00000000d5580000)
  object space 447488K, 94% used [0x0000000080000000,0x0000000099b21050,0x000000009b500000)
 Metaspace       used 6567K, capacity 7320K, committed 7680K, reserved 1056768K
  class space    used 615K, capacity 656K, committed 768K, reserved 1048576K
}
Event: 46.203 GC heap before
{Heap before GC invocations=26 (full 6):
 PSYoungGen      total 581632K, used 82380K [0x00000000d5580000, 0x0000000100000000, 0x0000000100000000)
  eden space 486912K, 0% used [0x00000000d5580000,0x00000000d5580000,0x00000000f3100000)
  from space 94720K, 86% used [0x00000000fa380000,0x00000000ff3f3170,0x0000000100000000)
  to   space 105984K, 0% used [0x00000000f3100000,0x00000000f3100000,0x00000000f9880000)
 ParOldGen       total 447488K, used 420996K [0x0000000080000000, 0x000000009b500000, 0x00000000d5580000)
  object space 447488K, 94% used [0x0000000080000000,0x0000000099b21050,0x000000009b500000)
 Metaspace       used 6567K, capacity 7320K, committed 7680K, reserved 1056768K
  class space    used 615K, capacity 656K, committed 768K, reserved 1048576K

